running egg_info
writing ../../build/rtk/rtk.egg-info/PKG-INFO
writing dependency_links to ../../build/rtk/rtk.egg-info/dependency_links.txt
writing entry points to ../../build/rtk/rtk.egg-info/entry_points.txt
writing requirements to ../../build/rtk/rtk.egg-info/requires.txt
writing top-level names to ../../build/rtk/rtk.egg-info/top_level.txt
reading manifest file '../../build/rtk/rtk.egg-info/SOURCES.txt'
writing manifest file '../../build/rtk/rtk.egg-info/SOURCES.txt'
running build
running build_py
copying rtk/connectSignal.py -> /home/zj/cx/learnros2/ros2_ws/build/rtk/build/lib/rtk
running install
running install_lib
copying /home/zj/cx/learnros2/ros2_ws/build/rtk/build/lib/rtk/connectSignal.py -> /home/zj/cx/learnros2/ros2_ws/install/rtk/lib/python3.8/site-packages/rtk
byte-compiling /home/zj/cx/learnros2/ros2_ws/install/rtk/lib/python3.8/site-packages/rtk/connectSignal.py to connectSignal.cpython-38.pyc
running install_data
running install_egg_info
removing '/home/zj/cx/learnros2/ros2_ws/install/rtk/lib/python3.8/site-packages/rtk-0.0.0-py3.8.egg-info' (and everything under it)
Copying ../../build/rtk/rtk.egg-info to /home/zj/cx/learnros2/ros2_ws/install/rtk/lib/python3.8/site-packages/rtk-0.0.0-py3.8.egg-info
running install_scripts
Installing ntripClient script to /home/zj/cx/learnros2/ros2_ws/install/rtk/lib/rtk
Installing ntripServerByCors script to /home/zj/cx/learnros2/ros2_ws/install/rtk/lib/rtk
Installing test script to /home/zj/cx/learnros2/ros2_ws/install/rtk/lib/rtk
writing list of installed files to '/home/zj/cx/learnros2/ros2_ws/build/rtk/install.log'
