[2.156s] Invoking command in '/home/zj/cx/learnros2/ros2_ws/src/learning_pkg_python': PYTHONPATH=/home/zj/cx/learnros2/ros2_ws/build/learning_pkg_python/prefix_override:/home/zj/cx/learnros2/ros2_ws/install/learning_pkg_python/lib/python3.8/site-packages:${PYTHONPATH} /usr/bin/python3 setup.py egg_info --egg-base ../../build/learning_pkg_python build --build-base /home/zj/cx/learnros2/ros2_ws/build/learning_pkg_python/build install --record /home/zj/cx/learnros2/ros2_ws/build/learning_pkg_python/install.log --single-version-externally-managed
[2.280s] running egg_info
[2.280s] writing ../../build/learning_pkg_python/learning_pkg_python.egg-info/PKG-INFO
[2.288s] writing dependency_links to ../../build/learning_pkg_python/learning_pkg_python.egg-info/dependency_links.txt
[2.289s] writing entry points to ../../build/learning_pkg_python/learning_pkg_python.egg-info/entry_points.txt
[2.291s] writing requirements to ../../build/learning_pkg_python/learning_pkg_python.egg-info/requires.txt
[2.292s] writing top-level names to ../../build/learning_pkg_python/learning_pkg_python.egg-info/top_level.txt
[2.329s] reading manifest file '../../build/learning_pkg_python/learning_pkg_python.egg-info/SOURCES.txt'
[2.335s] writing manifest file '../../build/learning_pkg_python/learning_pkg_python.egg-info/SOURCES.txt'
[2.335s] running build
[2.336s] running build_py
[2.336s] running install
[2.336s] running install_lib
[2.338s] running install_data
[2.338s] running install_egg_info
[2.339s] removing '/home/zj/cx/learnros2/ros2_ws/install/learning_pkg_python/lib/python3.8/site-packages/learning_pkg_python-0.0.0-py3.8.egg-info' (and everything under it)
[2.340s] Copying ../../build/learning_pkg_python/learning_pkg_python.egg-info to /home/zj/cx/learnros2/ros2_ws/install/learning_pkg_python/lib/python3.8/site-packages/learning_pkg_python-0.0.0-py3.8.egg-info
[2.351s] running install_scripts
[2.368s] writing list of installed files to '/home/zj/cx/learnros2/ros2_ws/build/learning_pkg_python/install.log'
[2.464s] Invoked command in '/home/zj/cx/learnros2/ros2_ws/src/learning_pkg_python' returned '0': PYTHONPATH=/home/zj/cx/learnros2/ros2_ws/build/learning_pkg_python/prefix_override:/home/zj/cx/learnros2/ros2_ws/install/learning_pkg_python/lib/python3.8/site-packages:${PYTHONPATH} /usr/bin/python3 setup.py egg_info --egg-base ../../build/learning_pkg_python build --build-base /home/zj/cx/learnros2/ros2_ws/build/learning_pkg_python/build install --record /home/zj/cx/learnros2/ros2_ws/build/learning_pkg_python/install.log --single-version-externally-managed
