[2.318s] Invoking command in '/home/zj/cx/learnros2/ros2_ws/src/learning_parameter': PYTHONPATH=/home/zj/cx/learnros2/ros2_ws/build/learning_parameter/prefix_override:/home/zj/cx/learnros2/ros2_ws/install/learning_parameter/lib/python3.8/site-packages:${PYTHONPATH} /usr/bin/python3 setup.py egg_info --egg-base ../../build/learning_parameter build --build-base /home/zj/cx/learnros2/ros2_ws/build/learning_parameter/build install --record /home/zj/cx/learnros2/ros2_ws/build/learning_parameter/install.log --single-version-externally-managed
[2.456s] running egg_info
[2.456s] writing ../../build/learning_parameter/learning_parameter.egg-info/PKG-INFO
[2.457s] writing dependency_links to ../../build/learning_parameter/learning_parameter.egg-info/dependency_links.txt
[2.457s] writing entry points to ../../build/learning_parameter/learning_parameter.egg-info/entry_points.txt
[2.457s] writing requirements to ../../build/learning_parameter/learning_parameter.egg-info/requires.txt
[2.457s] writing top-level names to ../../build/learning_parameter/learning_parameter.egg-info/top_level.txt
[2.482s] reading manifest file '../../build/learning_parameter/learning_parameter.egg-info/SOURCES.txt'
[2.484s] writing manifest file '../../build/learning_parameter/learning_parameter.egg-info/SOURCES.txt'
[2.484s] running build
[2.484s] running build_py
[2.486s] running install
[2.487s] running install_lib
[2.500s] running install_data
[2.514s] running install_egg_info
[2.514s] removing '/home/zj/cx/learnros2/ros2_ws/install/learning_parameter/lib/python3.8/site-packages/learning_parameter-0.0.0-py3.8.egg-info' (and everything under it)
[2.514s] Copying ../../build/learning_parameter/learning_parameter.egg-info to /home/zj/cx/learnros2/ros2_ws/install/learning_parameter/lib/python3.8/site-packages/learning_parameter-0.0.0-py3.8.egg-info
[2.525s] running install_scripts
[2.535s] Installing param_declare script to /home/zj/cx/learnros2/ros2_ws/install/learning_parameter/lib/learning_parameter
[2.540s] Installing param_object_detect script to /home/zj/cx/learnros2/ros2_ws/install/learning_parameter/lib/learning_parameter
[2.540s] writing list of installed files to '/home/zj/cx/learnros2/ros2_ws/build/learning_parameter/install.log'
