[0.480s] Invoking command in '/home/zj/cx/learnros2/ros2_ws/build/learning_pkg_c': CMAKE_PREFIX_PATH=/opt/ros/foxy /usr/bin/cmake --build /home/zj/cx/learnros2/ros2_ws/build/learning_pkg_c -- -j20 -l20
[1.043s] Invoked command in '/home/zj/cx/learnros2/ros2_ws/build/learning_pkg_c' returned '0': CMAKE_PREFIX_PATH=/opt/ros/foxy /usr/bin/cmake --build /home/zj/cx/learnros2/ros2_ws/build/learning_pkg_c -- -j20 -l20
[1.077s] Invoking command in '/home/zj/cx/learnros2/ros2_ws/build/learning_pkg_c': CMAKE_PREFIX_PATH=/opt/ros/foxy /usr/bin/cmake --install /home/zj/cx/learnros2/ros2_ws/build/learning_pkg_c
[1.085s] -- Install configuration: ""
[1.085s] -- Up-to-date: /home/zj/cx/learnros2/ros2_ws/install/learning_pkg_c/share/ament_index/resource_index/package_run_dependencies/learning_pkg_c
[1.085s] -- Up-to-date: /home/zj/cx/learnros2/ros2_ws/install/learning_pkg_c/share/ament_index/resource_index/parent_prefix_path/learning_pkg_c
[1.085s] -- Up-to-date: /home/zj/cx/learnros2/ros2_ws/install/learning_pkg_c/share/learning_pkg_c/environment/ament_prefix_path.sh
[1.085s] -- Up-to-date: /home/zj/cx/learnros2/ros2_ws/install/learning_pkg_c/share/learning_pkg_c/environment/ament_prefix_path.dsv
[1.085s] -- Up-to-date: /home/zj/cx/learnros2/ros2_ws/install/learning_pkg_c/share/learning_pkg_c/environment/path.sh
[1.085s] -- Up-to-date: /home/zj/cx/learnros2/ros2_ws/install/learning_pkg_c/share/learning_pkg_c/environment/path.dsv
[1.085s] -- Up-to-date: /home/zj/cx/learnros2/ros2_ws/install/learning_pkg_c/share/learning_pkg_c/local_setup.bash
[1.085s] -- Up-to-date: /home/zj/cx/learnros2/ros2_ws/install/learning_pkg_c/share/learning_pkg_c/local_setup.sh
[1.085s] -- Up-to-date: /home/zj/cx/learnros2/ros2_ws/install/learning_pkg_c/share/learning_pkg_c/local_setup.zsh
[1.085s] -- Up-to-date: /home/zj/cx/learnros2/ros2_ws/install/learning_pkg_c/share/learning_pkg_c/local_setup.dsv
[1.085s] -- Installing: /home/zj/cx/learnros2/ros2_ws/install/learning_pkg_c/share/learning_pkg_c/package.dsv
[1.085s] -- Up-to-date: /home/zj/cx/learnros2/ros2_ws/install/learning_pkg_c/share/ament_index/resource_index/packages/learning_pkg_c
[1.086s] -- Up-to-date: /home/zj/cx/learnros2/ros2_ws/install/learning_pkg_c/share/learning_pkg_c/cmake/learning_pkg_cConfig.cmake
[1.086s] -- Up-to-date: /home/zj/cx/learnros2/ros2_ws/install/learning_pkg_c/share/learning_pkg_c/cmake/learning_pkg_cConfig-version.cmake
[1.086s] -- Up-to-date: /home/zj/cx/learnros2/ros2_ws/install/learning_pkg_c/share/learning_pkg_c/package.xml
[1.099s] Invoked command in '/home/zj/cx/learnros2/ros2_ws/build/learning_pkg_c' returned '0': CMAKE_PREFIX_PATH=/opt/ros/foxy /usr/bin/cmake --install /home/zj/cx/learnros2/ros2_ws/build/learning_pkg_c
