[1.929s] Invoking command in '/home/zj/cx/learnros2/ros2_ws/src/learning_tf': PYTHONPATH=/home/zj/cx/learnros2/ros2_ws/build/learning_tf/prefix_override:/home/zj/cx/learnros2/ros2_ws/install/learning_tf/lib/python3.8/site-packages:${PYTHONPATH} /usr/bin/python3 setup.py egg_info --egg-base ../../build/learning_tf build --build-base /home/zj/cx/learnros2/ros2_ws/build/learning_tf/build install --record /home/zj/cx/learnros2/ros2_ws/build/learning_tf/install.log --single-version-externally-managed
[2.055s] running egg_info
[2.056s] writing ../../build/learning_tf/learning_tf.egg-info/PKG-INFO
[2.056s] writing dependency_links to ../../build/learning_tf/learning_tf.egg-info/dependency_links.txt
[2.056s] writing entry points to ../../build/learning_tf/learning_tf.egg-info/entry_points.txt
[2.056s] writing requirements to ../../build/learning_tf/learning_tf.egg-info/requires.txt
[2.070s] writing top-level names to ../../build/learning_tf/learning_tf.egg-info/top_level.txt
[2.097s] reading manifest file '../../build/learning_tf/learning_tf.egg-info/SOURCES.txt'
[2.098s] writing manifest file '../../build/learning_tf/learning_tf.egg-info/SOURCES.txt'
[2.098s] running build
[2.098s] running build_py
[2.099s] running install
[2.099s] running install_lib
[2.101s] running install_data
[2.101s] running install_egg_info
[2.103s] removing '/home/zj/cx/learnros2/ros2_ws/install/learning_tf/lib/python3.8/site-packages/learning_tf-0.0.0-py3.8.egg-info' (and everything under it)
[2.103s] Copying ../../build/learning_tf/learning_tf.egg-info to /home/zj/cx/learnros2/ros2_ws/install/learning_tf/lib/python3.8/site-packages/learning_tf-0.0.0-py3.8.egg-info
[2.104s] running install_scripts
[2.120s] Installing static_tf_broadcaster script to /home/zj/cx/learnros2/ros2_ws/install/learning_tf/lib/learning_tf
[2.121s] Installing tf_listener script to /home/zj/cx/learnros2/ros2_ws/install/learning_tf/lib/learning_tf
[2.121s] Installing turtle_following script to /home/zj/cx/learnros2/ros2_ws/install/learning_tf/lib/learning_tf
[2.121s] Installing turtle_tf_broadcaster script to /home/zj/cx/learnros2/ros2_ws/install/learning_tf/lib/learning_tf
[2.121s] writing list of installed files to '/home/zj/cx/learnros2/ros2_ws/build/learning_tf/install.log'
[2.167s] Invoked command in '/home/zj/cx/learnros2/ros2_ws/src/learning_tf' returned '0': PYTHONPATH=/home/zj/cx/learnros2/ros2_ws/build/learning_tf/prefix_override:/home/zj/cx/learnros2/ros2_ws/install/learning_tf/lib/python3.8/site-packages:${PYTHONPATH} /usr/bin/python3 setup.py egg_info --egg-base ../../build/learning_tf build --build-base /home/zj/cx/learnros2/ros2_ws/build/learning_tf/build install --record /home/zj/cx/learnros2/ros2_ws/build/learning_tf/install.log --single-version-externally-managed
