[2.003s] Invoking command in '/home/zj/cx/learnros2/ros2_ws/src/learning_tf': PYTHONPATH=/home/zj/cx/learnros2/ros2_ws/build/learning_tf/prefix_override:/home/zj/cx/learnros2/ros2_ws/install/learning_tf/lib/python3.8/site-packages:${PYTHONPATH} /usr/bin/python3 setup.py egg_info --egg-base ../../build/learning_tf build --build-base /home/zj/cx/learnros2/ros2_ws/build/learning_tf/build install --record /home/zj/cx/learnros2/ros2_ws/build/learning_tf/install.log --single-version-externally-managed
[2.134s] running egg_info
[2.134s] writing ../../build/learning_tf/learning_tf.egg-info/PKG-INFO
[2.134s] writing dependency_links to ../../build/learning_tf/learning_tf.egg-info/dependency_links.txt
[2.134s] writing entry points to ../../build/learning_tf/learning_tf.egg-info/entry_points.txt
[2.134s] writing requirements to ../../build/learning_tf/learning_tf.egg-info/requires.txt
[2.134s] writing top-level names to ../../build/learning_tf/learning_tf.egg-info/top_level.txt
[2.152s] reading manifest file '../../build/learning_tf/learning_tf.egg-info/SOURCES.txt'
[2.153s] writing manifest file '../../build/learning_tf/learning_tf.egg-info/SOURCES.txt'
[2.153s] running build
[2.153s] running build_py
[2.153s] running install
[2.153s] running install_lib
[2.154s] running install_data
[2.154s] running install_egg_info
[2.155s] removing '/home/zj/cx/learnros2/ros2_ws/install/learning_tf/lib/python3.8/site-packages/learning_tf-0.0.0-py3.8.egg-info' (and everything under it)
[2.156s] Copying ../../build/learning_tf/learning_tf.egg-info to /home/zj/cx/learnros2/ros2_ws/install/learning_tf/lib/python3.8/site-packages/learning_tf-0.0.0-py3.8.egg-info
[2.156s] running install_scripts
[2.168s] Installing static_tf_broadcaster script to /home/zj/cx/learnros2/ros2_ws/install/learning_tf/lib/learning_tf
[2.168s] Installing tf_listener script to /home/zj/cx/learnros2/ros2_ws/install/learning_tf/lib/learning_tf
[2.168s] Installing turtle_following script to /home/zj/cx/learnros2/ros2_ws/install/learning_tf/lib/learning_tf
[2.169s] Installing turtle_tf_broadcaster script to /home/zj/cx/learnros2/ros2_ws/install/learning_tf/lib/learning_tf
[2.169s] writing list of installed files to '/home/zj/cx/learnros2/ros2_ws/build/learning_tf/install.log'
[2.192s] Invoked command in '/home/zj/cx/learnros2/ros2_ws/src/learning_tf' returned '0': PYTHONPATH=/home/zj/cx/learnros2/ros2_ws/build/learning_tf/prefix_override:/home/zj/cx/learnros2/ros2_ws/install/learning_tf/lib/python3.8/site-packages:${PYTHONPATH} /usr/bin/python3 setup.py egg_info --egg-base ../../build/learning_tf build --build-base /home/zj/cx/learnros2/ros2_ws/build/learning_tf/build install --record /home/zj/cx/learnros2/ros2_ws/build/learning_tf/install.log --single-version-externally-managed
