-- Found ament_cmake: 0.9.12 (/opt/ros/foxy/share/ament_cmake/cmake)
-- Using PYTHON_EXECUTABLE: /usr/bin/python3
-- Found ament_lint_auto: 0.9.8 (/opt/ros/foxy/share/ament_lint_auto/cmake)
-- Added test 'lint_cmake' to check CMake code style
-- Added test 'xmllint' to check XML markup files
-- Configuring done
-- Generating done
-- Build files have been written to: /home/zj/cx/learnros2/ros2_ws/build/learning_pkg_c
-- Install configuration: ""
-- Up-to-date: /home/zj/cx/learnros2/ros2_ws/install/learning_pkg_c/share/ament_index/resource_index/package_run_dependencies/learning_pkg_c
-- Up-to-date: /home/zj/cx/learnros2/ros2_ws/install/learning_pkg_c/share/ament_index/resource_index/parent_prefix_path/learning_pkg_c
-- Installing: /home/zj/cx/learnros2/ros2_ws/install/learning_pkg_c/share/learning_pkg_c/environment/ament_prefix_path.sh
-- Installing: /home/zj/cx/learnros2/ros2_ws/install/learning_pkg_c/share/learning_pkg_c/environment/ament_prefix_path.dsv
-- Installing: /home/zj/cx/learnros2/ros2_ws/install/learning_pkg_c/share/learning_pkg_c/environment/path.sh
-- Installing: /home/zj/cx/learnros2/ros2_ws/install/learning_pkg_c/share/learning_pkg_c/environment/path.dsv
-- Up-to-date: /home/zj/cx/learnros2/ros2_ws/install/learning_pkg_c/share/learning_pkg_c/local_setup.bash
-- Up-to-date: /home/zj/cx/learnros2/ros2_ws/install/learning_pkg_c/share/learning_pkg_c/local_setup.sh
-- Up-to-date: /home/zj/cx/learnros2/ros2_ws/install/learning_pkg_c/share/learning_pkg_c/local_setup.zsh
-- Installing: /home/zj/cx/learnros2/ros2_ws/install/learning_pkg_c/share/learning_pkg_c/local_setup.dsv
-- Installing: /home/zj/cx/learnros2/ros2_ws/install/learning_pkg_c/share/learning_pkg_c/package.dsv
-- Up-to-date: /home/zj/cx/learnros2/ros2_ws/install/learning_pkg_c/share/ament_index/resource_index/packages/learning_pkg_c
-- Up-to-date: /home/zj/cx/learnros2/ros2_ws/install/learning_pkg_c/share/learning_pkg_c/cmake/learning_pkg_cConfig.cmake
-- Up-to-date: /home/zj/cx/learnros2/ros2_ws/install/learning_pkg_c/share/learning_pkg_c/cmake/learning_pkg_cConfig-version.cmake
-- Up-to-date: /home/zj/cx/learnros2/ros2_ws/install/learning_pkg_c/share/learning_pkg_c/package.xml
