[2.131s] Invoking command in '/home/zj/cx/learnros2/ros2_ws/src/learning_urdf': PYTHONPATH=/home/zj/cx/learnros2/ros2_ws/build/learning_urdf/prefix_override:/home/zj/cx/learnros2/ros2_ws/install/learning_urdf/lib/python3.8/site-packages:${PYTHONPATH} /usr/bin/python3 setup.py egg_info --egg-base ../../build/learning_urdf build --build-base /home/zj/cx/learnros2/ros2_ws/build/learning_urdf/build install --record /home/zj/cx/learnros2/ros2_ws/build/learning_urdf/install.log --single-version-externally-managed
[2.253s] running egg_info
[2.253s] writing ../../build/learning_urdf/learning_urdf.egg-info/PKG-INFO
[2.253s] writing dependency_links to ../../build/learning_urdf/learning_urdf.egg-info/dependency_links.txt
[2.262s] writing entry points to ../../build/learning_urdf/learning_urdf.egg-info/entry_points.txt
[2.263s] writing requirements to ../../build/learning_urdf/learning_urdf.egg-info/requires.txt
[2.265s] writing top-level names to ../../build/learning_urdf/learning_urdf.egg-info/top_level.txt
[2.285s] reading manifest file '../../build/learning_urdf/learning_urdf.egg-info/SOURCES.txt'
[2.296s] writing manifest file '../../build/learning_urdf/learning_urdf.egg-info/SOURCES.txt'
[2.296s] running build
[2.296s] running build_py
[2.296s] running install
[2.297s] running install_lib
[2.298s] running install_data
[2.298s] running install_egg_info
[2.300s] removing '/home/zj/cx/learnros2/ros2_ws/install/learning_urdf/lib/python3.8/site-packages/learning_urdf-0.0.0-py3.8.egg-info' (and everything under it)
[2.300s] Copying ../../build/learning_urdf/learning_urdf.egg-info to /home/zj/cx/learnros2/ros2_ws/install/learning_urdf/lib/python3.8/site-packages/learning_urdf-0.0.0-py3.8.egg-info
[2.309s] running install_scripts
[2.325s] writing list of installed files to '/home/zj/cx/learnros2/ros2_ws/build/learning_urdf/install.log'
[2.369s] Invoked command in '/home/zj/cx/learnros2/ros2_ws/src/learning_urdf' returned '0': PYTHONPATH=/home/zj/cx/learnros2/ros2_ws/build/learning_urdf/prefix_override:/home/zj/cx/learnros2/ros2_ws/install/learning_urdf/lib/python3.8/site-packages:${PYTHONPATH} /usr/bin/python3 setup.py egg_info --egg-base ../../build/learning_urdf build --build-base /home/zj/cx/learnros2/ros2_ws/build/learning_urdf/build install --record /home/zj/cx/learnros2/ros2_ws/build/learning_urdf/install.log --single-version-externally-managed
