[1.863s] Invoking command in '/home/zj/cx/learnros2/ros2_ws/src/learning_node': PYTHONPATH=/home/zj/cx/learnros2/ros2_ws/build/learning_node/prefix_override:/home/zj/cx/learnros2/ros2_ws/install/learning_node/lib/python3.8/site-packages:${PYTHONPATH} /usr/bin/python3 setup.py egg_info --egg-base ../../build/learning_node build --build-base /home/zj/cx/learnros2/ros2_ws/build/learning_node/build install --record /home/zj/cx/learnros2/ros2_ws/build/learning_node/install.log --single-version-externally-managed
[1.988s] running egg_info
[1.989s] writing ../../build/learning_node/learning_node.egg-info/PKG-INFO
[1.989s] writing dependency_links to ../../build/learning_node/learning_node.egg-info/dependency_links.txt
[1.989s] writing entry points to ../../build/learning_node/learning_node.egg-info/entry_points.txt
[1.989s] writing requirements to ../../build/learning_node/learning_node.egg-info/requires.txt
[1.989s] writing top-level names to ../../build/learning_node/learning_node.egg-info/top_level.txt
[2.009s] reading manifest file '../../build/learning_node/learning_node.egg-info/SOURCES.txt'
[2.009s] writing manifest file '../../build/learning_node/learning_node.egg-info/SOURCES.txt'
[2.009s] running build
[2.009s] running build_py
[2.009s] running install
[2.010s] running install_lib
[2.012s] running install_data
[2.012s] running install_egg_info
[2.013s] removing '/home/zj/cx/learnros2/ros2_ws/install/learning_node/lib/python3.8/site-packages/learning_node-0.0.0-py3.8.egg-info' (and everything under it)
[2.024s] Copying ../../build/learning_node/learning_node.egg-info to /home/zj/cx/learnros2/ros2_ws/install/learning_node/lib/python3.8/site-packages/learning_node-0.0.0-py3.8.egg-info
[2.025s] running install_scripts
[2.041s] Installing node_helloworld script to /home/zj/cx/learnros2/ros2_ws/install/learning_node/lib/learning_node
[2.041s] Installing node_helloworld_class script to /home/zj/cx/learnros2/ros2_ws/install/learning_node/lib/learning_node
[2.042s] Installing node_object script to /home/zj/cx/learnros2/ros2_ws/install/learning_node/lib/learning_node
[2.042s] Installing node_object_webcam script to /home/zj/cx/learnros2/ros2_ws/install/learning_node/lib/learning_node
[2.042s] writing list of installed files to '/home/zj/cx/learnros2/ros2_ws/build/learning_node/install.log'
[2.076s] Invoked command in '/home/zj/cx/learnros2/ros2_ws/src/learning_node' returned '0': PYTHONPATH=/home/zj/cx/learnros2/ros2_ws/build/learning_node/prefix_override:/home/zj/cx/learnros2/ros2_ws/install/learning_node/lib/python3.8/site-packages:${PYTHONPATH} /usr/bin/python3 setup.py egg_info --egg-base ../../build/learning_node build --build-base /home/zj/cx/learnros2/ros2_ws/build/learning_node/build install --record /home/zj/cx/learnros2/ros2_ws/build/learning_node/install.log --single-version-externally-managed
