[0.490s] Invoking command in '/home/zj/cx/learnros2/ros2_ws/build/learning_pkg_c': CMAKE_PREFIX_PATH=/opt/ros/foxy /usr/bin/cmake /home/zj/cx/learnros2/ros2_ws/src/learning_pkg_c -DCMAKE_INSTALL_PREFIX=/home/zj/cx/learnros2/ros2_ws/install/learning_pkg_c
[0.917s] -- The C compiler identification is GNU 9.4.0
[1.518s] -- The CXX compiler identification is GNU 9.4.0
[1.575s] -- Check for working C compiler: /usr/bin/cc
[1.711s] -- Check for working C compiler: /usr/bin/cc -- works
[1.734s] -- Detecting C compiler ABI info
[1.836s] -- Detecting C compiler ABI info - done
[1.853s] -- Detecting C compile features
[1.853s] -- Detecting C compile features - done
[1.898s] -- Check for working CXX compiler: /usr/bin/c++
[1.973s] -- Check for working CXX compiler: /usr/bin/c++ -- works
[1.973s] -- Detecting CXX compiler ABI info
[2.049s] -- Detecting CXX compiler ABI info - done
[2.057s] -- Detecting CXX compile features
[2.057s] -- Detecting CXX compile features - done
[2.090s] -- Found ament_cmake: 0.9.12 (/opt/ros/foxy/share/ament_cmake/cmake)
[2.164s] -- Found PythonInterp: /usr/bin/python3 (found suitable version "3.8.10", minimum required is "3") 
[2.165s] -- Using PYTHON_EXECUTABLE: /usr/bin/python3
[2.552s] -- Found ament_lint_auto: 0.9.8 (/opt/ros/foxy/share/ament_lint_auto/cmake)
[2.714s] -- Added test 'lint_cmake' to check CMake code style
[2.726s] -- Added test 'xmllint' to check XML markup files
[2.740s] -- Configuring done
[2.743s] -- Generating done
[2.744s] -- Build files have been written to: /home/zj/cx/learnros2/ros2_ws/build/learning_pkg_c
[2.750s] Invoked command in '/home/zj/cx/learnros2/ros2_ws/build/learning_pkg_c' returned '0': CMAKE_PREFIX_PATH=/opt/ros/foxy /usr/bin/cmake /home/zj/cx/learnros2/ros2_ws/src/learning_pkg_c -DCMAKE_INSTALL_PREFIX=/home/zj/cx/learnros2/ros2_ws/install/learning_pkg_c
[2.755s] Invoking command in '/home/zj/cx/learnros2/ros2_ws/build/learning_pkg_c': CMAKE_PREFIX_PATH=/opt/ros/foxy /usr/bin/cmake --build /home/zj/cx/learnros2/ros2_ws/build/learning_pkg_c -- -j20 -l20
[2.797s] Invoked command in '/home/zj/cx/learnros2/ros2_ws/build/learning_pkg_c' returned '0': CMAKE_PREFIX_PATH=/opt/ros/foxy /usr/bin/cmake --build /home/zj/cx/learnros2/ros2_ws/build/learning_pkg_c -- -j20 -l20
[2.832s] Invoking command in '/home/zj/cx/learnros2/ros2_ws/build/learning_pkg_c': CMAKE_PREFIX_PATH=/opt/ros/foxy /usr/bin/cmake --install /home/zj/cx/learnros2/ros2_ws/build/learning_pkg_c
[2.843s] -- Install configuration: ""
[2.843s] -- Installing: /home/zj/cx/learnros2/ros2_ws/install/learning_pkg_c/share/ament_index/resource_index/package_run_dependencies/learning_pkg_c
[2.843s] -- Installing: /home/zj/cx/learnros2/ros2_ws/install/learning_pkg_c/share/ament_index/resource_index/parent_prefix_path/learning_pkg_c
[2.844s] -- Installing: /home/zj/cx/learnros2/ros2_ws/install/learning_pkg_c/share/learning_pkg_c/environment/ament_prefix_path.sh
[2.844s] -- Installing: /home/zj/cx/learnros2/ros2_ws/install/learning_pkg_c/share/learning_pkg_c/environment/ament_prefix_path.dsv
[2.844s] -- Installing: /home/zj/cx/learnros2/ros2_ws/install/learning_pkg_c/share/learning_pkg_c/environment/path.sh
[2.844s] -- Installing: /home/zj/cx/learnros2/ros2_ws/install/learning_pkg_c/share/learning_pkg_c/environment/path.dsv
[2.844s] -- Installing: /home/zj/cx/learnros2/ros2_ws/install/learning_pkg_c/share/learning_pkg_c/local_setup.bash
[2.844s] -- Installing: /home/zj/cx/learnros2/ros2_ws/install/learning_pkg_c/share/learning_pkg_c/local_setup.sh
[2.844s] -- Installing: /home/zj/cx/learnros2/ros2_ws/install/learning_pkg_c/share/learning_pkg_c/local_setup.zsh
[2.844s] -- Installing: /home/zj/cx/learnros2/ros2_ws/install/learning_pkg_c/share/learning_pkg_c/local_setup.dsv
[2.844s] -- Installing: /home/zj/cx/learnros2/ros2_ws/install/learning_pkg_c/share/learning_pkg_c/package.dsv
[2.845s] -- Installing: /home/zj/cx/learnros2/ros2_ws/install/learning_pkg_c/share/ament_index/resource_index/packages/learning_pkg_c
[2.845s] -- Installing: /home/zj/cx/learnros2/ros2_ws/install/learning_pkg_c/share/learning_pkg_c/cmake/learning_pkg_cConfig.cmake
[2.845s] -- Installing: /home/zj/cx/learnros2/ros2_ws/install/learning_pkg_c/share/learning_pkg_c/cmake/learning_pkg_cConfig-version.cmake
[2.845s] -- Installing: /home/zj/cx/learnros2/ros2_ws/install/learning_pkg_c/share/learning_pkg_c/package.xml
[2.849s] Invoked command in '/home/zj/cx/learnros2/ros2_ws/build/learning_pkg_c' returned '0': CMAKE_PREFIX_PATH=/opt/ros/foxy /usr/bin/cmake --install /home/zj/cx/learnros2/ros2_ws/build/learning_pkg_c
