[1.200s] Invoking command in '/home/zj/cx/learnros2/ros2_ws/src/learning_gazebo': PYTHONPATH=/home/zj/cx/learnros2/ros2_ws/build/learning_gazebo/prefix_override:/home/zj/cx/learnros2/ros2_ws/install/learning_gazebo/lib/python3.8/site-packages:${PYTHONPATH} /usr/bin/python3 setup.py egg_info --egg-base ../../build/learning_gazebo build --build-base /home/zj/cx/learnros2/ros2_ws/build/learning_gazebo/build install --record /home/zj/cx/learnros2/ros2_ws/build/learning_gazebo/install.log --single-version-externally-managed
[1.301s] running egg_info
[1.301s] writing ../../build/learning_gazebo/learning_gazebo.egg-info/PKG-INFO
[1.301s] writing dependency_links to ../../build/learning_gazebo/learning_gazebo.egg-info/dependency_links.txt
[1.301s] writing entry points to ../../build/learning_gazebo/learning_gazebo.egg-info/entry_points.txt
[1.301s] writing requirements to ../../build/learning_gazebo/learning_gazebo.egg-info/requires.txt
[1.301s] writing top-level names to ../../build/learning_gazebo/learning_gazebo.egg-info/top_level.txt
[1.319s] reading manifest file '../../build/learning_gazebo/learning_gazebo.egg-info/SOURCES.txt'
[1.319s] writing manifest file '../../build/learning_gazebo/learning_gazebo.egg-info/SOURCES.txt'
[1.319s] running build
[1.319s] running build_py
[1.319s] running install
[1.320s] running install_lib
[1.321s] running install_data
[1.321s] running install_egg_info
[1.322s] removing '/home/zj/cx/learnros2/ros2_ws/install/learning_gazebo/lib/python3.8/site-packages/learning_gazebo-0.0.0-py3.8.egg-info' (and everything under it)
[1.322s] Copying ../../build/learning_gazebo/learning_gazebo.egg-info to /home/zj/cx/learnros2/ros2_ws/install/learning_gazebo/lib/python3.8/site-packages/learning_gazebo-0.0.0-py3.8.egg-info
[1.322s] running install_scripts
[1.332s] writing list of installed files to '/home/zj/cx/learnros2/ros2_ws/build/learning_gazebo/install.log'
[1.593s] Invoked command in '/home/zj/cx/learnros2/ros2_ws/src/learning_gazebo' returned '0': PYTHONPATH=/home/zj/cx/learnros2/ros2_ws/build/learning_gazebo/prefix_override:/home/zj/cx/learnros2/ros2_ws/install/learning_gazebo/lib/python3.8/site-packages:${PYTHONPATH} /usr/bin/python3 setup.py egg_info --egg-base ../../build/learning_gazebo build --build-base /home/zj/cx/learnros2/ros2_ws/build/learning_gazebo/build install --record /home/zj/cx/learnros2/ros2_ws/build/learning_gazebo/install.log --single-version-externally-managed
