running egg_info
creating ../../build/tutorial_interfaces/tutorial_interfaces.egg-info
writing ../../build/tutorial_interfaces/tutorial_interfaces.egg-info/PKG-INFO
writing dependency_links to ../../build/tutorial_interfaces/tutorial_interfaces.egg-info/dependency_links.txt
writing entry points to ../../build/tutorial_interfaces/tutorial_interfaces.egg-info/entry_points.txt
writing requirements to ../../build/tutorial_interfaces/tutorial_interfaces.egg-info/requires.txt
writing top-level names to ../../build/tutorial_interfaces/tutorial_interfaces.egg-info/top_level.txt
writing manifest file '../../build/tutorial_interfaces/tutorial_interfaces.egg-info/SOURCES.txt'
reading manifest file '../../build/tutorial_interfaces/tutorial_interfaces.egg-info/SOURCES.txt'
writing manifest file '../../build/tutorial_interfaces/tutorial_interfaces.egg-info/SOURCES.txt'
running build
running build_py
creating /home/zj/cx/LearnRos2/ros2_ws/build/tutorial_interfaces/build
creating /home/zj/cx/LearnRos2/ros2_ws/build/tutorial_interfaces/build/lib
creating /home/zj/cx/LearnRos2/ros2_ws/build/tutorial_interfaces/build/lib/tutorial_interfaces
copying tutorial_interfaces/__init__.py -> /home/zj/cx/LearnRos2/ros2_ws/build/tutorial_interfaces/build/lib/tutorial_interfaces
running install
running install_lib
creating /home/zj/cx/LearnRos2/ros2_ws/install/tutorial_interfaces/lib/python3.8/site-packages/tutorial_interfaces
copying /home/zj/cx/LearnRos2/ros2_ws/build/tutorial_interfaces/build/lib/tutorial_interfaces/__init__.py -> /home/zj/cx/LearnRos2/ros2_ws/install/tutorial_interfaces/lib/python3.8/site-packages/tutorial_interfaces
byte-compiling /home/zj/cx/LearnRos2/ros2_ws/install/tutorial_interfaces/lib/python3.8/site-packages/tutorial_interfaces/__init__.py to __init__.cpython-38.pyc
running install_data
creating /home/zj/cx/LearnRos2/ros2_ws/install/tutorial_interfaces/share/ament_index
creating /home/zj/cx/LearnRos2/ros2_ws/install/tutorial_interfaces/share/ament_index/resource_index
creating /home/zj/cx/LearnRos2/ros2_ws/install/tutorial_interfaces/share/ament_index/resource_index/packages
copying resource/tutorial_interfaces -> /home/zj/cx/LearnRos2/ros2_ws/install/tutorial_interfaces/share/ament_index/resource_index/packages
copying package.xml -> /home/zj/cx/LearnRos2/ros2_ws/install/tutorial_interfaces/share/tutorial_interfaces
running install_egg_info
Copying ../../build/tutorial_interfaces/tutorial_interfaces.egg-info to /home/zj/cx/LearnRos2/ros2_ws/install/tutorial_interfaces/lib/python3.8/site-packages/tutorial_interfaces-0.0.0-py3.8.egg-info
running install_scripts
writing list of installed files to '/home/zj/cx/LearnRos2/ros2_ws/build/tutorial_interfaces/install.log'
