[1.535s] Invoking command in '/home/zj/cx/learnros2/ros2_ws/src/learning_parameter': PYTHONPATH=/home/zj/cx/learnros2/ros2_ws/build/learning_parameter/prefix_override:/home/zj/cx/learnros2/ros2_ws/install/learning_parameter/lib/python3.8/site-packages:${PYTHONPATH} /usr/bin/python3 setup.py egg_info --egg-base ../../build/learning_parameter build --build-base /home/zj/cx/learnros2/ros2_ws/build/learning_parameter/build install --record /home/zj/cx/learnros2/ros2_ws/build/learning_parameter/install.log --single-version-externally-managed
[1.668s] running egg_info
[1.668s] writing ../../build/learning_parameter/learning_parameter.egg-info/PKG-INFO
[1.668s] writing dependency_links to ../../build/learning_parameter/learning_parameter.egg-info/dependency_links.txt
[1.669s] writing entry points to ../../build/learning_parameter/learning_parameter.egg-info/entry_points.txt
[1.669s] writing requirements to ../../build/learning_parameter/learning_parameter.egg-info/requires.txt
[1.670s] writing top-level names to ../../build/learning_parameter/learning_parameter.egg-info/top_level.txt
[1.705s] reading manifest file '../../build/learning_parameter/learning_parameter.egg-info/SOURCES.txt'
[1.705s] writing manifest file '../../build/learning_parameter/learning_parameter.egg-info/SOURCES.txt'
[1.705s] running build
[1.705s] running build_py
[1.705s] running install
[1.706s] running install_lib
[1.707s] running install_data
[1.708s] running install_egg_info
[1.709s] removing '/home/zj/cx/learnros2/ros2_ws/install/learning_parameter/lib/python3.8/site-packages/learning_parameter-0.0.0-py3.8.egg-info' (and everything under it)
[1.709s] Copying ../../build/learning_parameter/learning_parameter.egg-info to /home/zj/cx/learnros2/ros2_ws/install/learning_parameter/lib/python3.8/site-packages/learning_parameter-0.0.0-py3.8.egg-info
[1.710s] running install_scripts
[1.724s] Installing param_declare script to /home/zj/cx/learnros2/ros2_ws/install/learning_parameter/lib/learning_parameter
[1.724s] Installing param_object_detect script to /home/zj/cx/learnros2/ros2_ws/install/learning_parameter/lib/learning_parameter
[1.725s] writing list of installed files to '/home/zj/cx/learnros2/ros2_ws/build/learning_parameter/install.log'
[2.009s] Invoked command in '/home/zj/cx/learnros2/ros2_ws/src/learning_parameter' returned '0': PYTHONPATH=/home/zj/cx/learnros2/ros2_ws/build/learning_parameter/prefix_override:/home/zj/cx/learnros2/ros2_ws/install/learning_parameter/lib/python3.8/site-packages:${PYTHONPATH} /usr/bin/python3 setup.py egg_info --egg-base ../../build/learning_parameter build --build-base /home/zj/cx/learnros2/ros2_ws/build/learning_parameter/build install --record /home/zj/cx/learnros2/ros2_ws/build/learning_parameter/install.log --single-version-externally-managed
