[1.164s] Invoking command in '/home/zj/cx/learnros2/ros2_ws/src/learning_parameter': PYTHONPATH=/home/zj/cx/learnros2/ros2_ws/build/learning_parameter/prefix_override:/home/zj/cx/learnros2/ros2_ws/install/learning_parameter/lib/python3.8/site-packages:${PYTHONPATH} /usr/bin/python3 setup.py egg_info --egg-base ../../build/learning_parameter build --build-base /home/zj/cx/learnros2/ros2_ws/build/learning_parameter/build install --record /home/zj/cx/learnros2/ros2_ws/build/learning_parameter/install.log --single-version-externally-managed
[1.266s] running egg_info
[1.266s] creating ../../build/learning_parameter/learning_parameter.egg-info
[1.266s] writing ../../build/learning_parameter/learning_parameter.egg-info/PKG-INFO
[1.266s] writing dependency_links to ../../build/learning_parameter/learning_parameter.egg-info/dependency_links.txt
[1.266s] writing entry points to ../../build/learning_parameter/learning_parameter.egg-info/entry_points.txt
[1.266s] writing requirements to ../../build/learning_parameter/learning_parameter.egg-info/requires.txt
[1.266s] writing top-level names to ../../build/learning_parameter/learning_parameter.egg-info/top_level.txt
[1.267s] writing manifest file '../../build/learning_parameter/learning_parameter.egg-info/SOURCES.txt'
[1.284s] reading manifest file '../../build/learning_parameter/learning_parameter.egg-info/SOURCES.txt'
[1.285s] writing manifest file '../../build/learning_parameter/learning_parameter.egg-info/SOURCES.txt'
[1.285s] running build
[1.285s] running build_py
[1.285s] creating /home/zj/cx/learnros2/ros2_ws/build/learning_parameter/build
[1.285s] creating /home/zj/cx/learnros2/ros2_ws/build/learning_parameter/build/lib
[1.285s] creating /home/zj/cx/learnros2/ros2_ws/build/learning_parameter/build/lib/learning_parameter
[1.285s] copying learning_parameter/param_object_detect.py -> /home/zj/cx/learnros2/ros2_ws/build/learning_parameter/build/lib/learning_parameter
[1.285s] copying learning_parameter/__init__.py -> /home/zj/cx/learnros2/ros2_ws/build/learning_parameter/build/lib/learning_parameter
[1.285s] copying learning_parameter/param_declare.py -> /home/zj/cx/learnros2/ros2_ws/build/learning_parameter/build/lib/learning_parameter
[1.285s] running install
[1.286s] running install_lib
[1.286s] creating /home/zj/cx/learnros2/ros2_ws/install/learning_parameter/lib/python3.8/site-packages/learning_parameter
[1.286s] copying /home/zj/cx/learnros2/ros2_ws/build/learning_parameter/build/lib/learning_parameter/param_object_detect.py -> /home/zj/cx/learnros2/ros2_ws/install/learning_parameter/lib/python3.8/site-packages/learning_parameter
[1.286s] copying /home/zj/cx/learnros2/ros2_ws/build/learning_parameter/build/lib/learning_parameter/__init__.py -> /home/zj/cx/learnros2/ros2_ws/install/learning_parameter/lib/python3.8/site-packages/learning_parameter
[1.286s] copying /home/zj/cx/learnros2/ros2_ws/build/learning_parameter/build/lib/learning_parameter/param_declare.py -> /home/zj/cx/learnros2/ros2_ws/install/learning_parameter/lib/python3.8/site-packages/learning_parameter
[1.286s] byte-compiling /home/zj/cx/learnros2/ros2_ws/install/learning_parameter/lib/python3.8/site-packages/learning_parameter/param_object_detect.py to param_object_detect.cpython-38.pyc
[1.287s] byte-compiling /home/zj/cx/learnros2/ros2_ws/install/learning_parameter/lib/python3.8/site-packages/learning_parameter/__init__.py to __init__.cpython-38.pyc
[1.288s] byte-compiling /home/zj/cx/learnros2/ros2_ws/install/learning_parameter/lib/python3.8/site-packages/learning_parameter/param_declare.py to param_declare.cpython-38.pyc
[1.288s] running install_data
[1.288s] creating /home/zj/cx/learnros2/ros2_ws/install/learning_parameter/share/ament_index
[1.288s] creating /home/zj/cx/learnros2/ros2_ws/install/learning_parameter/share/ament_index/resource_index
[1.288s] creating /home/zj/cx/learnros2/ros2_ws/install/learning_parameter/share/ament_index/resource_index/packages
[1.288s] copying resource/learning_parameter -> /home/zj/cx/learnros2/ros2_ws/install/learning_parameter/share/ament_index/resource_index/packages
[1.288s] copying package.xml -> /home/zj/cx/learnros2/ros2_ws/install/learning_parameter/share/learning_parameter
[1.288s] running install_egg_info
[1.289s] Copying ../../build/learning_parameter/learning_parameter.egg-info to /home/zj/cx/learnros2/ros2_ws/install/learning_parameter/lib/python3.8/site-packages/learning_parameter-0.0.0-py3.8.egg-info
[1.289s] running install_scripts
[1.308s] Installing param_declare script to /home/zj/cx/learnros2/ros2_ws/install/learning_parameter/lib/learning_parameter
[1.308s] Installing param_object_detect script to /home/zj/cx/learnros2/ros2_ws/install/learning_parameter/lib/learning_parameter
[1.308s] writing list of installed files to '/home/zj/cx/learnros2/ros2_ws/build/learning_parameter/install.log'
[1.342s] Invoked command in '/home/zj/cx/learnros2/ros2_ws/src/learning_parameter' returned '0': PYTHONPATH=/home/zj/cx/learnros2/ros2_ws/build/learning_parameter/prefix_override:/home/zj/cx/learnros2/ros2_ws/install/learning_parameter/lib/python3.8/site-packages:${PYTHONPATH} /usr/bin/python3 setup.py egg_info --egg-base ../../build/learning_parameter build --build-base /home/zj/cx/learnros2/ros2_ws/build/learning_parameter/build install --record /home/zj/cx/learnros2/ros2_ws/build/learning_parameter/install.log --single-version-externally-managed
