[0.497s] Invoking command in '/home/zj/cx/learnros2/ros2_ws/build/learning_interface': CMAKE_PREFIX_PATH=/opt/ros/foxy /usr/bin/cmake --build /home/zj/cx/learnros2/ros2_ws/build/learning_interface -- -j20 -l20
[1.677s] [  1%] Built target learning_interface__cpp
[1.678s] [ 12%] Built target learning_interface__rosidl_generator_c
[1.678s] [ 23%] Built target learning_interface__rosidl_typesupport_cpp
[1.678s] [ 34%] Built target learning_interface__rosidl_typesupport_c
[1.678s] [ 45%] Built target learning_interface__rosidl_typesupport_introspection_cpp
[1.678s] [ 56%] Built target learning_interface__rosidl_typesupport_introspection_c
[1.678s] [ 67%] Built target learning_interface__rosidl_typesupport_fastrtps_cpp
[1.678s] [ 78%] Built target learning_interface__rosidl_typesupport_fastrtps_c
[1.678s] [ 78%] Built target learning_interface
[1.678s] [ 80%] Built target learning_interface__py
[1.678s] [ 89%] Built target learning_interface__python
[1.678s] [ 96%] Built target learning_interface__rosidl_typesupport_introspection_c__pyext
[1.678s] [ 96%] Built target learning_interface__rosidl_typesupport_c__pyext
[1.678s] [100%] Built target learning_interface__rosidl_typesupport_fastrtps_c__pyext
[1.680s] Invoked command in '/home/zj/cx/learnros2/ros2_ws/build/learning_interface' returned '0': CMAKE_PREFIX_PATH=/opt/ros/foxy /usr/bin/cmake --build /home/zj/cx/learnros2/ros2_ws/build/learning_interface -- -j20 -l20
[1.822s] Invoking command in '/home/zj/cx/learnros2/ros2_ws/build/learning_interface': CMAKE_PREFIX_PATH=/opt/ros/foxy /usr/bin/cmake --install /home/zj/cx/learnros2/ros2_ws/build/learning_interface
[1.839s] -- Install configuration: ""
[1.842s] -- Up-to-date: /home/zj/cx/learnros2/ros2_ws/install/learning_interface/share/ament_index/resource_index/rosidl_interfaces/learning_interface
[1.843s] -- Up-to-date: /home/zj/cx/learnros2/ros2_ws/install/learning_interface/include/learning_interface
[1.843s] -- Up-to-date: /home/zj/cx/learnros2/ros2_ws/install/learning_interface/include/learning_interface/srv
[1.844s] -- Up-to-date: /home/zj/cx/learnros2/ros2_ws/install/learning_interface/include/learning_interface/srv/get_object_position.h
[1.844s] -- Up-to-date: /home/zj/cx/learnros2/ros2_ws/install/learning_interface/include/learning_interface/srv/detail
[1.844s] -- Up-to-date: /home/zj/cx/learnros2/ros2_ws/install/learning_interface/include/learning_interface/srv/detail/add_two_ints__type_support.h
[1.844s] -- Up-to-date: /home/zj/cx/learnros2/ros2_ws/install/learning_interface/include/learning_interface/srv/detail/get_object_position__functions.c
[1.844s] -- Up-to-date: /home/zj/cx/learnros2/ros2_ws/install/learning_interface/include/learning_interface/srv/detail/get_object_position__struct.h
[1.844s] -- Up-to-date: /home/zj/cx/learnros2/ros2_ws/install/learning_interface/include/learning_interface/srv/detail/add_two_ints__struct.h
[1.844s] -- Up-to-date: /home/zj/cx/learnros2/ros2_ws/install/learning_interface/include/learning_interface/srv/detail/add_two_ints__functions.h
[1.844s] -- Up-to-date: /home/zj/cx/learnros2/ros2_ws/install/learning_interface/include/learning_interface/srv/detail/add_two_ints__functions.c
[1.844s] -- Up-to-date: /home/zj/cx/learnros2/ros2_ws/install/learning_interface/include/learning_interface/srv/detail/get_object_position__type_support.h
[1.845s] -- Up-to-date: /home/zj/cx/learnros2/ros2_ws/install/learning_interface/include/learning_interface/srv/detail/get_object_position__functions.h
[1.845s] -- Up-to-date: /home/zj/cx/learnros2/ros2_ws/install/learning_interface/include/learning_interface/srv/add_two_ints.h
[1.845s] -- Up-to-date: /home/zj/cx/learnros2/ros2_ws/install/learning_interface/include/learning_interface/action
[1.845s] -- Up-to-date: /home/zj/cx/learnros2/ros2_ws/install/learning_interface/include/learning_interface/action/detail
[1.845s] -- Up-to-date: /home/zj/cx/learnros2/ros2_ws/install/learning_interface/include/learning_interface/action/detail/move_circle__struct.h
[1.845s] -- Up-to-date: /home/zj/cx/learnros2/ros2_ws/install/learning_interface/include/learning_interface/action/detail/move_circle__type_support.h
[1.845s] -- Up-to-date: /home/zj/cx/learnros2/ros2_ws/install/learning_interface/include/learning_interface/action/detail/move_circle__functions.h
[1.845s] -- Up-to-date: /home/zj/cx/learnros2/ros2_ws/install/learning_interface/include/learning_interface/action/detail/move_circle__functions.c
[1.845s] -- Up-to-date: /home/zj/cx/learnros2/ros2_ws/install/learning_interface/include/learning_interface/action/move_circle.h
[1.845s] -- Up-to-date: /home/zj/cx/learnros2/ros2_ws/install/learning_interface/include/learning_interface/msg
[1.846s] -- Up-to-date: /home/zj/cx/learnros2/ros2_ws/install/learning_interface/include/learning_interface/msg/object_position.h
[1.846s] -- Up-to-date: /home/zj/cx/learnros2/ros2_ws/install/learning_interface/include/learning_interface/msg/detail
[1.846s] -- Up-to-date: /home/zj/cx/learnros2/ros2_ws/install/learning_interface/include/learning_interface/msg/detail/object_position__functions.h
[1.846s] -- Up-to-date: /home/zj/cx/learnros2/ros2_ws/install/learning_interface/include/learning_interface/msg/detail/object_position__struct.h
[1.846s] -- Up-to-date: /home/zj/cx/learnros2/ros2_ws/install/learning_interface/include/learning_interface/msg/detail/object_position__functions.c
[1.846s] -- Up-to-date: /home/zj/cx/learnros2/ros2_ws/install/learning_interface/include/learning_interface/msg/detail/object_position__type_support.h
[1.846s] -- Up-to-date: /home/zj/cx/learnros2/ros2_ws/install/learning_interface/include/learning_interface/msg/rosidl_generator_c__visibility_control.h
[1.848s] -- Up-to-date: /home/zj/cx/learnros2/ros2_ws/install/learning_interface/share/learning_interface/environment/library_path.sh
[1.848s] -- Up-to-date: /home/zj/cx/learnros2/ros2_ws/install/learning_interface/share/learning_interface/environment/library_path.dsv
[1.850s] -- Up-to-date: /home/zj/cx/learnros2/ros2_ws/install/learning_interface/lib/liblearning_interface__rosidl_generator_c.so
[1.850s] -- Up-to-date: /home/zj/cx/learnros2/ros2_ws/install/learning_interface/include/learning_interface
[1.850s] -- Up-to-date: /home/zj/cx/learnros2/ros2_ws/install/learning_interface/include/learning_interface/srv
[1.850s] -- Up-to-date: /home/zj/cx/learnros2/ros2_ws/install/learning_interface/include/learning_interface/srv/detail
[1.850s] -- Up-to-date: /home/zj/cx/learnros2/ros2_ws/install/learning_interface/include/learning_interface/srv/detail/add_two_ints__rosidl_typesupport_fastrtps_c.h
[1.850s] -- Up-to-date: /home/zj/cx/learnros2/ros2_ws/install/learning_interface/include/learning_interface/srv/detail/get_object_position__rosidl_typesupport_fastrtps_c.h
[1.851s] -- Up-to-date: /home/zj/cx/learnros2/ros2_ws/install/learning_interface/include/learning_interface/action
[1.851s] -- Up-to-date: /home/zj/cx/learnros2/ros2_ws/install/learning_interface/include/learning_interface/action/detail
[1.851s] -- Up-to-date: /home/zj/cx/learnros2/ros2_ws/install/learning_interface/include/learning_interface/action/detail/move_circle__rosidl_typesupport_fastrtps_c.h
[1.851s] -- Up-to-date: /home/zj/cx/learnros2/ros2_ws/install/learning_interface/include/learning_interface/msg
[1.851s] -- Up-to-date: /home/zj/cx/learnros2/ros2_ws/install/learning_interface/include/learning_interface/msg/detail
[1.851s] -- Up-to-date: /home/zj/cx/learnros2/ros2_ws/install/learning_interface/include/learning_interface/msg/detail/object_position__rosidl_typesupport_fastrtps_c.h
[1.851s] -- Up-to-date: /home/zj/cx/learnros2/ros2_ws/install/learning_interface/include/learning_interface/msg/rosidl_typesupport_fastrtps_c__visibility_control.h
[1.852s] -- Up-to-date: /home/zj/cx/learnros2/ros2_ws/install/learning_interface/lib/liblearning_interface__rosidl_typesupport_fastrtps_c.so
[1.853s] -- Up-to-date: /home/zj/cx/learnros2/ros2_ws/install/learning_interface/include/learning_interface
[1.853s] -- Up-to-date: /home/zj/cx/learnros2/ros2_ws/install/learning_interface/include/learning_interface/srv
[1.853s] -- Up-to-date: /home/zj/cx/learnros2/ros2_ws/install/learning_interface/include/learning_interface/srv/detail
[1.853s] -- Up-to-date: /home/zj/cx/learnros2/ros2_ws/install/learning_interface/include/learning_interface/srv/detail/add_two_ints__rosidl_typesupport_fastrtps_cpp.hpp
[1.853s] -- Up-to-date: /home/zj/cx/learnros2/ros2_ws/install/learning_interface/include/learning_interface/srv/detail/get_object_position__rosidl_typesupport_fastrtps_cpp.hpp
[1.853s] -- Up-to-date: /home/zj/cx/learnros2/ros2_ws/install/learning_interface/include/learning_interface/srv/detail/dds_fastrtps
[1.853s] -- Up-to-date: /home/zj/cx/learnros2/ros2_ws/install/learning_interface/include/learning_interface/action
[1.853s] -- Up-to-date: /home/zj/cx/learnros2/ros2_ws/install/learning_interface/include/learning_interface/action/detail
[1.853s] -- Up-to-date: /home/zj/cx/learnros2/ros2_ws/install/learning_interface/include/learning_interface/action/detail/move_circle__rosidl_typesupport_fastrtps_cpp.hpp
[1.853s] -- Up-to-date: /home/zj/cx/learnros2/ros2_ws/install/learning_interface/include/learning_interface/action/detail/dds_fastrtps
[1.853s] -- Up-to-date: /home/zj/cx/learnros2/ros2_ws/install/learning_interface/include/learning_interface/msg
[1.853s] -- Up-to-date: /home/zj/cx/learnros2/ros2_ws/install/learning_interface/include/learning_interface/msg/detail
[1.853s] -- Up-to-date: /home/zj/cx/learnros2/ros2_ws/install/learning_interface/include/learning_interface/msg/detail/dds_fastrtps
[1.854s] -- Up-to-date: /home/zj/cx/learnros2/ros2_ws/install/learning_interface/include/learning_interface/msg/detail/object_position__rosidl_typesupport_fastrtps_cpp.hpp
[1.854s] -- Up-to-date: /home/zj/cx/learnros2/ros2_ws/install/learning_interface/include/learning_interface/msg/rosidl_typesupport_fastrtps_cpp__visibility_control.h
[1.855s] -- Up-to-date: /home/zj/cx/learnros2/ros2_ws/install/learning_interface/lib/liblearning_interface__rosidl_typesupport_fastrtps_cpp.so
[1.855s] -- Up-to-date: /home/zj/cx/learnros2/ros2_ws/install/learning_interface/include/learning_interface
[1.855s] -- Up-to-date: /home/zj/cx/learnros2/ros2_ws/install/learning_interface/include/learning_interface/srv
[1.855s] -- Up-to-date: /home/zj/cx/learnros2/ros2_ws/install/learning_interface/include/learning_interface/srv/detail
[1.855s] -- Up-to-date: /home/zj/cx/learnros2/ros2_ws/install/learning_interface/include/learning_interface/srv/detail/add_two_ints__type_support.c
[1.855s] -- Up-to-date: /home/zj/cx/learnros2/ros2_ws/install/learning_interface/include/learning_interface/srv/detail/get_object_position__rosidl_typesupport_introspection_c.h
[1.855s] -- Up-to-date: /home/zj/cx/learnros2/ros2_ws/install/learning_interface/include/learning_interface/srv/detail/add_two_ints__rosidl_typesupport_introspection_c.h
[1.856s] -- Up-to-date: /home/zj/cx/learnros2/ros2_ws/install/learning_interface/include/learning_interface/srv/detail/get_object_position__type_support.c
[1.856s] -- Up-to-date: /home/zj/cx/learnros2/ros2_ws/install/learning_interface/include/learning_interface/action
[1.856s] -- Up-to-date: /home/zj/cx/learnros2/ros2_ws/install/learning_interface/include/learning_interface/action/detail
[1.856s] -- Up-to-date: /home/zj/cx/learnros2/ros2_ws/install/learning_interface/include/learning_interface/action/detail/move_circle__rosidl_typesupport_introspection_c.h
[1.856s] -- Up-to-date: /home/zj/cx/learnros2/ros2_ws/install/learning_interface/include/learning_interface/action/detail/move_circle__type_support.c
[1.856s] -- Up-to-date: /home/zj/cx/learnros2/ros2_ws/install/learning_interface/include/learning_interface/msg
[1.856s] -- Up-to-date: /home/zj/cx/learnros2/ros2_ws/install/learning_interface/include/learning_interface/msg/detail
[1.856s] -- Up-to-date: /home/zj/cx/learnros2/ros2_ws/install/learning_interface/include/learning_interface/msg/detail/object_position__rosidl_typesupport_introspection_c.h
[1.856s] -- Up-to-date: /home/zj/cx/learnros2/ros2_ws/install/learning_interface/include/learning_interface/msg/detail/object_position__type_support.c
[1.856s] -- Up-to-date: /home/zj/cx/learnros2/ros2_ws/install/learning_interface/include/learning_interface/msg/rosidl_typesupport_introspection_c__visibility_control.h
[1.857s] -- Up-to-date: /home/zj/cx/learnros2/ros2_ws/install/learning_interface/lib/liblearning_interface__rosidl_typesupport_introspection_c.so
[1.860s] -- Up-to-date: /home/zj/cx/learnros2/ros2_ws/install/learning_interface/lib/liblearning_interface__rosidl_typesupport_c.so
[1.860s] -- Up-to-date: /home/zj/cx/learnros2/ros2_ws/install/learning_interface/include/learning_interface
[1.860s] -- Up-to-date: /home/zj/cx/learnros2/ros2_ws/install/learning_interface/include/learning_interface/srv
[1.860s] -- Up-to-date: /home/zj/cx/learnros2/ros2_ws/install/learning_interface/include/learning_interface/srv/add_two_ints.hpp
[1.861s] -- Up-to-date: /home/zj/cx/learnros2/ros2_ws/install/learning_interface/include/learning_interface/srv/detail
[1.861s] -- Up-to-date: /home/zj/cx/learnros2/ros2_ws/install/learning_interface/include/learning_interface/srv/detail/add_two_ints__type_support.hpp
[1.861s] -- Up-to-date: /home/zj/cx/learnros2/ros2_ws/install/learning_interface/include/learning_interface/srv/detail/add_two_ints__builder.hpp
[1.861s] -- Up-to-date: /home/zj/cx/learnros2/ros2_ws/install/learning_interface/include/learning_interface/srv/detail/get_object_position__builder.hpp
[1.861s] -- Up-to-date: /home/zj/cx/learnros2/ros2_ws/install/learning_interface/include/learning_interface/srv/detail/get_object_position__struct.hpp
[1.861s] -- Up-to-date: /home/zj/cx/learnros2/ros2_ws/install/learning_interface/include/learning_interface/srv/detail/get_object_position__type_support.hpp
[1.861s] -- Up-to-date: /home/zj/cx/learnros2/ros2_ws/install/learning_interface/include/learning_interface/srv/detail/get_object_position__traits.hpp
[1.861s] -- Up-to-date: /home/zj/cx/learnros2/ros2_ws/install/learning_interface/include/learning_interface/srv/detail/add_two_ints__struct.hpp
[1.861s] -- Up-to-date: /home/zj/cx/learnros2/ros2_ws/install/learning_interface/include/learning_interface/srv/detail/add_two_ints__traits.hpp
[1.861s] -- Up-to-date: /home/zj/cx/learnros2/ros2_ws/install/learning_interface/include/learning_interface/srv/get_object_position.hpp
[1.862s] -- Up-to-date: /home/zj/cx/learnros2/ros2_ws/install/learning_interface/include/learning_interface/action
[1.862s] -- Up-to-date: /home/zj/cx/learnros2/ros2_ws/install/learning_interface/include/learning_interface/action/detail
[1.862s] -- Up-to-date: /home/zj/cx/learnros2/ros2_ws/install/learning_interface/include/learning_interface/action/detail/move_circle__builder.hpp
[1.862s] -- Up-to-date: /home/zj/cx/learnros2/ros2_ws/install/learning_interface/include/learning_interface/action/detail/move_circle__type_support.hpp
[1.862s] -- Up-to-date: /home/zj/cx/learnros2/ros2_ws/install/learning_interface/include/learning_interface/action/detail/move_circle__traits.hpp
[1.862s] -- Up-to-date: /home/zj/cx/learnros2/ros2_ws/install/learning_interface/include/learning_interface/action/detail/move_circle__struct.hpp
[1.862s] -- Up-to-date: /home/zj/cx/learnros2/ros2_ws/install/learning_interface/include/learning_interface/action/move_circle.hpp
[1.862s] -- Up-to-date: /home/zj/cx/learnros2/ros2_ws/install/learning_interface/include/learning_interface/msg
[1.862s] -- Up-to-date: /home/zj/cx/learnros2/ros2_ws/install/learning_interface/include/learning_interface/msg/object_position.hpp
[1.863s] -- Up-to-date: /home/zj/cx/learnros2/ros2_ws/install/learning_interface/include/learning_interface/msg/detail
[1.863s] -- Up-to-date: /home/zj/cx/learnros2/ros2_ws/install/learning_interface/include/learning_interface/msg/detail/object_position__builder.hpp
[1.863s] -- Up-to-date: /home/zj/cx/learnros2/ros2_ws/install/learning_interface/include/learning_interface/msg/detail/object_position__traits.hpp
[1.863s] -- Up-to-date: /home/zj/cx/learnros2/ros2_ws/install/learning_interface/include/learning_interface/msg/detail/object_position__struct.hpp
[1.863s] -- Up-to-date: /home/zj/cx/learnros2/ros2_ws/install/learning_interface/include/learning_interface/msg/detail/object_position__type_support.hpp
[1.863s] -- Up-to-date: /home/zj/cx/learnros2/ros2_ws/install/learning_interface/include/learning_interface/msg/rosidl_generator_cpp__visibility_control.hpp
[1.863s] -- Up-to-date: /home/zj/cx/learnros2/ros2_ws/install/learning_interface/include/learning_interface
[1.863s] -- Up-to-date: /home/zj/cx/learnros2/ros2_ws/install/learning_interface/include/learning_interface/srv
[1.863s] -- Up-to-date: /home/zj/cx/learnros2/ros2_ws/install/learning_interface/include/learning_interface/srv/detail
[1.863s] -- Up-to-date: /home/zj/cx/learnros2/ros2_ws/install/learning_interface/include/learning_interface/srv/detail/add_two_ints__rosidl_typesupport_introspection_cpp.hpp
[1.863s] -- Up-to-date: /home/zj/cx/learnros2/ros2_ws/install/learning_interface/include/learning_interface/srv/detail/add_two_ints__type_support.cpp
[1.863s] -- Up-to-date: /home/zj/cx/learnros2/ros2_ws/install/learning_interface/include/learning_interface/srv/detail/get_object_position__type_support.cpp
[1.863s] -- Up-to-date: /home/zj/cx/learnros2/ros2_ws/install/learning_interface/include/learning_interface/srv/detail/get_object_position__rosidl_typesupport_introspection_cpp.hpp
[1.863s] -- Up-to-date: /home/zj/cx/learnros2/ros2_ws/install/learning_interface/include/learning_interface/action
[1.863s] -- Up-to-date: /home/zj/cx/learnros2/ros2_ws/install/learning_interface/include/learning_interface/action/detail
[1.863s] -- Up-to-date: /home/zj/cx/learnros2/ros2_ws/install/learning_interface/include/learning_interface/action/detail/move_circle__type_support.cpp
[1.863s] -- Up-to-date: /home/zj/cx/learnros2/ros2_ws/install/learning_interface/include/learning_interface/action/detail/move_circle__rosidl_typesupport_introspection_cpp.hpp
[1.863s] -- Up-to-date: /home/zj/cx/learnros2/ros2_ws/install/learning_interface/include/learning_interface/msg
[1.863s] -- Up-to-date: /home/zj/cx/learnros2/ros2_ws/install/learning_interface/include/learning_interface/msg/detail
[1.863s] -- Up-to-date: /home/zj/cx/learnros2/ros2_ws/install/learning_interface/include/learning_interface/msg/detail/object_position__rosidl_typesupport_introspection_cpp.hpp
[1.863s] -- Up-to-date: /home/zj/cx/learnros2/ros2_ws/install/learning_interface/include/learning_interface/msg/detail/object_position__type_support.cpp
[1.863s] -- Up-to-date: /home/zj/cx/learnros2/ros2_ws/install/learning_interface/lib/liblearning_interface__rosidl_typesupport_introspection_cpp.so
[1.866s] -- Up-to-date: /home/zj/cx/learnros2/ros2_ws/install/learning_interface/lib/liblearning_interface__rosidl_typesupport_cpp.so
[1.866s] -- Up-to-date: /home/zj/cx/learnros2/ros2_ws/install/learning_interface/share/learning_interface/environment/pythonpath.sh
[1.866s] -- Up-to-date: /home/zj/cx/learnros2/ros2_ws/install/learning_interface/share/learning_interface/environment/pythonpath.dsv
[1.870s] -- Up-to-date: /home/zj/cx/learnros2/ros2_ws/install/learning_interface/lib/python3.8/site-packages/learning_interface/__init__.py
[1.894s] -- Up-to-date: /home/zj/cx/learnros2/ros2_ws/install/learning_interface/lib/python3.8/site-packages/learning_interface/msg
[1.905s] -- Up-to-date: /home/zj/cx/learnros2/ros2_ws/install/learning_interface/lib/python3.8/site-packages/learning_interface/msg/_object_position_s.c
[1.905s] -- Up-to-date: /home/zj/cx/learnros2/ros2_ws/install/learning_interface/lib/python3.8/site-packages/learning_interface/msg/_object_position.py
[1.905s] -- Up-to-date: /home/zj/cx/learnros2/ros2_ws/install/learning_interface/lib/python3.8/site-packages/learning_interface/msg/__init__.py
[1.905s] -- Up-to-date: /home/zj/cx/learnros2/ros2_ws/install/learning_interface/lib/python3.8/site-packages/learning_interface/srv
[1.906s] -- Up-to-date: /home/zj/cx/learnros2/ros2_ws/install/learning_interface/lib/python3.8/site-packages/learning_interface/srv/_get_object_position_s.c
[1.907s] -- Up-to-date: /home/zj/cx/learnros2/ros2_ws/install/learning_interface/lib/python3.8/site-packages/learning_interface/srv/_get_object_position.py
[1.907s] -- Up-to-date: /home/zj/cx/learnros2/ros2_ws/install/learning_interface/lib/python3.8/site-packages/learning_interface/srv/_add_two_ints.py
[1.907s] -- Up-to-date: /home/zj/cx/learnros2/ros2_ws/install/learning_interface/lib/python3.8/site-packages/learning_interface/srv/__init__.py
[1.907s] -- Up-to-date: /home/zj/cx/learnros2/ros2_ws/install/learning_interface/lib/python3.8/site-packages/learning_interface/srv/_add_two_ints_s.c
[1.907s] -- Up-to-date: /home/zj/cx/learnros2/ros2_ws/install/learning_interface/lib/python3.8/site-packages/learning_interface/action
[1.907s] -- Up-to-date: /home/zj/cx/learnros2/ros2_ws/install/learning_interface/lib/python3.8/site-packages/learning_interface/action/_move_circle.py
[1.907s] -- Up-to-date: /home/zj/cx/learnros2/ros2_ws/install/learning_interface/lib/python3.8/site-packages/learning_interface/action/__init__.py
[1.907s] -- Up-to-date: /home/zj/cx/learnros2/ros2_ws/install/learning_interface/lib/python3.8/site-packages/learning_interface/action/_move_circle_s.c
[1.907s] -- Up-to-date: /home/zj/cx/learnros2/ros2_ws/install/learning_interface/lib/python3.8/site-packages/learning_interface/learning_interface_s__rosidl_typesupport_fastrtps_c.cpython-38-x86_64-linux-gnu.so
[1.911s] -- Up-to-date: /home/zj/cx/learnros2/ros2_ws/install/learning_interface/lib/python3.8/site-packages/learning_interface/learning_interface_s__rosidl_typesupport_introspection_c.cpython-38-x86_64-linux-gnu.so
[1.914s] -- Up-to-date: /home/zj/cx/learnros2/ros2_ws/install/learning_interface/lib/python3.8/site-packages/learning_interface/learning_interface_s__rosidl_typesupport_c.cpython-38-x86_64-linux-gnu.so
[1.921s] -- Up-to-date: /home/zj/cx/learnros2/ros2_ws/install/learning_interface/lib/liblearning_interface__python.so
[1.922s] -- Up-to-date: /home/zj/cx/learnros2/ros2_ws/install/learning_interface/share/learning_interface/msg/ObjectPosition.idl
[1.922s] -- Up-to-date: /home/zj/cx/learnros2/ros2_ws/install/learning_interface/share/learning_interface/srv/AddTwoInts.idl
[1.923s] -- Up-to-date: /home/zj/cx/learnros2/ros2_ws/install/learning_interface/share/learning_interface/srv/GetObjectPosition.idl
[1.924s] -- Up-to-date: /home/zj/cx/learnros2/ros2_ws/install/learning_interface/share/learning_interface/action/MoveCircle.idl
[1.924s] -- Up-to-date: /home/zj/cx/learnros2/ros2_ws/install/learning_interface/share/learning_interface/msg/ObjectPosition.msg
[1.924s] -- Up-to-date: /home/zj/cx/learnros2/ros2_ws/install/learning_interface/share/learning_interface/srv/AddTwoInts.srv
[1.924s] -- Up-to-date: /home/zj/cx/learnros2/ros2_ws/install/learning_interface/share/learning_interface/srv/AddTwoInts_Request.msg
[1.924s] -- Up-to-date: /home/zj/cx/learnros2/ros2_ws/install/learning_interface/share/learning_interface/srv/AddTwoInts_Response.msg
[1.924s] -- Up-to-date: /home/zj/cx/learnros2/ros2_ws/install/learning_interface/share/learning_interface/srv/GetObjectPosition.srv
[1.924s] -- Up-to-date: /home/zj/cx/learnros2/ros2_ws/install/learning_interface/share/learning_interface/srv/GetObjectPosition_Request.msg
[1.924s] -- Up-to-date: /home/zj/cx/learnros2/ros2_ws/install/learning_interface/share/learning_interface/srv/GetObjectPosition_Response.msg
[1.924s] -- Up-to-date: /home/zj/cx/learnros2/ros2_ws/install/learning_interface/share/learning_interface/action/MoveCircle.action
[1.925s] -- Up-to-date: /home/zj/cx/learnros2/ros2_ws/install/learning_interface/share/ament_index/resource_index/package_run_dependencies/learning_interface
[1.925s] -- Up-to-date: /home/zj/cx/learnros2/ros2_ws/install/learning_interface/share/ament_index/resource_index/parent_prefix_path/learning_interface
[1.925s] -- Up-to-date: /home/zj/cx/learnros2/ros2_ws/install/learning_interface/share/learning_interface/environment/ament_prefix_path.sh
[1.925s] -- Up-to-date: /home/zj/cx/learnros2/ros2_ws/install/learning_interface/share/learning_interface/environment/ament_prefix_path.dsv
[1.925s] -- Up-to-date: /home/zj/cx/learnros2/ros2_ws/install/learning_interface/share/learning_interface/environment/path.sh
[1.926s] -- Up-to-date: /home/zj/cx/learnros2/ros2_ws/install/learning_interface/share/learning_interface/environment/path.dsv
[1.926s] -- Up-to-date: /home/zj/cx/learnros2/ros2_ws/install/learning_interface/share/learning_interface/local_setup.bash
[1.926s] -- Up-to-date: /home/zj/cx/learnros2/ros2_ws/install/learning_interface/share/learning_interface/local_setup.sh
[1.926s] -- Up-to-date: /home/zj/cx/learnros2/ros2_ws/install/learning_interface/share/learning_interface/local_setup.zsh
[1.926s] -- Up-to-date: /home/zj/cx/learnros2/ros2_ws/install/learning_interface/share/learning_interface/local_setup.dsv
[1.926s] -- Installing: /home/zj/cx/learnros2/ros2_ws/install/learning_interface/share/learning_interface/package.dsv
[1.927s] -- Up-to-date: /home/zj/cx/learnros2/ros2_ws/install/learning_interface/share/ament_index/resource_index/packages/learning_interface
[1.934s] -- Up-to-date: /home/zj/cx/learnros2/ros2_ws/install/learning_interface/share/learning_interface/cmake/learning_interface__rosidl_generator_cExport.cmake
[1.934s] -- Up-to-date: /home/zj/cx/learnros2/ros2_ws/install/learning_interface/share/learning_interface/cmake/learning_interface__rosidl_generator_cExport-noconfig.cmake
[1.938s] -- Up-to-date: /home/zj/cx/learnros2/ros2_ws/install/learning_interface/share/learning_interface/cmake/learning_interface__rosidl_typesupport_introspection_cExport.cmake
[1.938s] -- Up-to-date: /home/zj/cx/learnros2/ros2_ws/install/learning_interface/share/learning_interface/cmake/learning_interface__rosidl_typesupport_introspection_cExport-noconfig.cmake
[1.941s] -- Up-to-date: /home/zj/cx/learnros2/ros2_ws/install/learning_interface/share/learning_interface/cmake/learning_interface__rosidl_typesupport_cExport.cmake
[1.941s] -- Up-to-date: /home/zj/cx/learnros2/ros2_ws/install/learning_interface/share/learning_interface/cmake/learning_interface__rosidl_typesupport_cExport-noconfig.cmake
[1.943s] -- Up-to-date: /home/zj/cx/learnros2/ros2_ws/install/learning_interface/share/learning_interface/cmake/learning_interface__rosidl_generator_cppExport.cmake
[1.944s] -- Up-to-date: /home/zj/cx/learnros2/ros2_ws/install/learning_interface/share/learning_interface/cmake/learning_interface__rosidl_typesupport_introspection_cppExport.cmake
[1.944s] -- Up-to-date: /home/zj/cx/learnros2/ros2_ws/install/learning_interface/share/learning_interface/cmake/learning_interface__rosidl_typesupport_introspection_cppExport-noconfig.cmake
[1.945s] -- Up-to-date: /home/zj/cx/learnros2/ros2_ws/install/learning_interface/share/learning_interface/cmake/learning_interface__rosidl_typesupport_cppExport.cmake
[1.945s] -- Up-to-date: /home/zj/cx/learnros2/ros2_ws/install/learning_interface/share/learning_interface/cmake/learning_interface__rosidl_typesupport_cppExport-noconfig.cmake
[1.945s] -- Up-to-date: /home/zj/cx/learnros2/ros2_ws/install/learning_interface/share/learning_interface/cmake/rosidl_cmake-extras.cmake
[1.945s] -- Up-to-date: /home/zj/cx/learnros2/ros2_ws/install/learning_interface/share/learning_interface/cmake/ament_cmake_export_dependencies-extras.cmake
[1.945s] -- Up-to-date: /home/zj/cx/learnros2/ros2_ws/install/learning_interface/share/learning_interface/cmake/ament_cmake_export_libraries-extras.cmake
[1.945s] -- Up-to-date: /home/zj/cx/learnros2/ros2_ws/install/learning_interface/share/learning_interface/cmake/ament_cmake_export_targets-extras.cmake
[1.945s] -- Up-to-date: /home/zj/cx/learnros2/ros2_ws/install/learning_interface/share/learning_interface/cmake/ament_cmake_export_include_directories-extras.cmake
[1.946s] -- Up-to-date: /home/zj/cx/learnros2/ros2_ws/install/learning_interface/share/learning_interface/cmake/rosidl_cmake_export_typesupport_libraries-extras.cmake
[1.946s] -- Up-to-date: /home/zj/cx/learnros2/ros2_ws/install/learning_interface/share/learning_interface/cmake/rosidl_cmake_export_typesupport_targets-extras.cmake
[1.946s] -- Up-to-date: /home/zj/cx/learnros2/ros2_ws/install/learning_interface/share/learning_interface/cmake/learning_interfaceConfig.cmake
[1.946s] -- Up-to-date: /home/zj/cx/learnros2/ros2_ws/install/learning_interface/share/learning_interface/cmake/learning_interfaceConfig-version.cmake
[1.946s] -- Up-to-date: /home/zj/cx/learnros2/ros2_ws/install/learning_interface/share/learning_interface/package.xml
[1.958s] Invoked command in '/home/zj/cx/learnros2/ros2_ws/build/learning_interface' returned '0': CMAKE_PREFIX_PATH=/opt/ros/foxy /usr/bin/cmake --install /home/zj/cx/learnros2/ros2_ws/build/learning_interface
