[1.471s] Invoking command in '/home/zj/cx/learnros2/ros2_ws/src/rtk': PYTHONPATH=/home/zj/cx/learnros2/ros2_ws/build/rtk/prefix_override:/home/zj/cx/learnros2/ros2_ws/install/rtk/lib/python3.8/site-packages:${PYTHONPATH} /usr/bin/python3 setup.py egg_info --egg-base ../../build/rtk build --build-base /home/zj/cx/learnros2/ros2_ws/build/rtk/build install --record /home/zj/cx/learnros2/ros2_ws/build/rtk/install.log --install-scripts $base/lib/rtk --single-version-externally-managed
[1.604s] running egg_info
[1.605s] writing ../../build/rtk/rtk.egg-info/PKG-INFO
[1.605s] writing dependency_links to ../../build/rtk/rtk.egg-info/dependency_links.txt
[1.605s] writing entry points to ../../build/rtk/rtk.egg-info/entry_points.txt
[1.605s] writing requirements to ../../build/rtk/rtk.egg-info/requires.txt
[1.605s] writing top-level names to ../../build/rtk/rtk.egg-info/top_level.txt
[1.623s] reading manifest file '../../build/rtk/rtk.egg-info/SOURCES.txt'
[1.624s] writing manifest file '../../build/rtk/rtk.egg-info/SOURCES.txt'
[1.624s] running build
[1.624s] running build_py
[1.624s] copying rtk/ntripClient.py -> /home/zj/cx/learnros2/ros2_ws/build/rtk/build/lib/rtk
[1.624s] running install
[1.625s] running install_lib
[1.625s] copying /home/zj/cx/learnros2/ros2_ws/build/rtk/build/lib/rtk/ntripClient.py -> /home/zj/cx/learnros2/ros2_ws/install/rtk/lib/python3.8/site-packages/rtk
[1.625s] byte-compiling /home/zj/cx/learnros2/ros2_ws/install/rtk/lib/python3.8/site-packages/rtk/ntripClient.py to ntripClient.cpython-38.pyc
[1.626s] running install_data
[1.626s] running install_egg_info
[1.627s] removing '/home/zj/cx/learnros2/ros2_ws/install/rtk/lib/python3.8/site-packages/rtk-0.0.0-py3.8.egg-info' (and everything under it)
[1.628s] Copying ../../build/rtk/rtk.egg-info to /home/zj/cx/learnros2/ros2_ws/install/rtk/lib/python3.8/site-packages/rtk-0.0.0-py3.8.egg-info
[1.628s] running install_scripts
[1.639s] Installing ntripClient script to /home/zj/cx/learnros2/ros2_ws/install/rtk/lib/rtk
[1.639s] Installing ntripServerByCors script to /home/zj/cx/learnros2/ros2_ws/install/rtk/lib/rtk
[1.643s] Installing test script to /home/zj/cx/learnros2/ros2_ws/install/rtk/lib/rtk
[1.643s] writing list of installed files to '/home/zj/cx/learnros2/ros2_ws/build/rtk/install.log'
[1.986s] Invoked command in '/home/zj/cx/learnros2/ros2_ws/src/rtk' returned '0': PYTHONPATH=/home/zj/cx/learnros2/ros2_ws/build/rtk/prefix_override:/home/zj/cx/learnros2/ros2_ws/install/rtk/lib/python3.8/site-packages:${PYTHONPATH} /usr/bin/python3 setup.py egg_info --egg-base ../../build/rtk build --build-base /home/zj/cx/learnros2/ros2_ws/build/rtk/build install --record /home/zj/cx/learnros2/ros2_ws/build/rtk/install.log --install-scripts $base/lib/rtk --single-version-externally-managed
