running egg_info
creating ../../build/learning_gazebo/learning_gazebo.egg-info
writing ../../build/learning_gazebo/learning_gazebo.egg-info/PKG-INFO
writing dependency_links to ../../build/learning_gazebo/learning_gazebo.egg-info/dependency_links.txt
writing entry points to ../../build/learning_gazebo/learning_gazebo.egg-info/entry_points.txt
writing requirements to ../../build/learning_gazebo/learning_gazebo.egg-info/requires.txt
writing top-level names to ../../build/learning_gazebo/learning_gazebo.egg-info/top_level.txt
writing manifest file '../../build/learning_gazebo/learning_gazebo.egg-info/SOURCES.txt'
reading manifest file '../../build/learning_gazebo/learning_gazebo.egg-info/SOURCES.txt'
writing manifest file '../../build/learning_gazebo/learning_gazebo.egg-info/SOURCES.txt'
running build
running build_py
creating /home/zj/cx/learnros2/ros2_ws/build/learning_gazebo/build
creating /home/zj/cx/learnros2/ros2_ws/build/learning_gazebo/build/lib
creating /home/zj/cx/learnros2/ros2_ws/build/learning_gazebo/build/lib/learning_gazebo
copying learning_gazebo/__init__.py -> /home/zj/cx/learnros2/ros2_ws/build/learning_gazebo/build/lib/learning_gazebo
running install
running install_lib
creating /home/zj/cx/learnros2/ros2_ws/install/learning_gazebo/lib/python3.8/site-packages/learning_gazebo
copying /home/zj/cx/learnros2/ros2_ws/build/learning_gazebo/build/lib/learning_gazebo/__init__.py -> /home/zj/cx/learnros2/ros2_ws/install/learning_gazebo/lib/python3.8/site-packages/learning_gazebo
byte-compiling /home/zj/cx/learnros2/ros2_ws/install/learning_gazebo/lib/python3.8/site-packages/learning_gazebo/__init__.py to __init__.cpython-38.pyc
running install_data
creating /home/zj/cx/learnros2/ros2_ws/install/learning_gazebo/share/ament_index
creating /home/zj/cx/learnros2/ros2_ws/install/learning_gazebo/share/ament_index/resource_index
creating /home/zj/cx/learnros2/ros2_ws/install/learning_gazebo/share/ament_index/resource_index/packages
copying resource/learning_gazebo -> /home/zj/cx/learnros2/ros2_ws/install/learning_gazebo/share/ament_index/resource_index/packages
copying package.xml -> /home/zj/cx/learnros2/ros2_ws/install/learning_gazebo/share/learning_gazebo
creating /home/zj/cx/learnros2/ros2_ws/install/learning_gazebo/share/learning_gazebo/launch
copying launch/mbot_camera.launch.py -> /home/zj/cx/learnros2/ros2_ws/install/learning_gazebo/share/learning_gazebo/launch
copying launch/mbot_rgbd.launch.py -> /home/zj/cx/learnros2/ros2_ws/install/learning_gazebo/share/learning_gazebo/launch
copying launch/load_urdf_into_gazebo.launch.py -> /home/zj/cx/learnros2/ros2_ws/install/learning_gazebo/share/learning_gazebo/launch
copying launch/load_mbot_laser_into_gazebo.launch.py -> /home/zj/cx/learnros2/ros2_ws/install/learning_gazebo/share/learning_gazebo/launch
copying launch/mbot_laser.launch.py -> /home/zj/cx/learnros2/ros2_ws/install/learning_gazebo/share/learning_gazebo/launch
copying launch/load_mbot_camera_into_gazebo.launch.py -> /home/zj/cx/learnros2/ros2_ws/install/learning_gazebo/share/learning_gazebo/launch
copying launch/mbot.launch.py -> /home/zj/cx/learnros2/ros2_ws/install/learning_gazebo/share/learning_gazebo/launch
copying launch/load_mbot_rgbd_into_gazebo.launch.py -> /home/zj/cx/learnros2/ros2_ws/install/learning_gazebo/share/learning_gazebo/launch
creating /home/zj/cx/learnros2/ros2_ws/install/learning_gazebo/share/learning_gazebo/urdf
copying urdf/mbot_gazebo.xacro -> /home/zj/cx/learnros2/ros2_ws/install/learning_gazebo/share/learning_gazebo/urdf
copying urdf/two_wheeled_robot_nav2.urdf -> /home/zj/cx/learnros2/ros2_ws/install/learning_gazebo/share/learning_gazebo/urdf
copying urdf/mbot_with_laser_gazebo.xacro -> /home/zj/cx/learnros2/ros2_ws/install/learning_gazebo/share/learning_gazebo/urdf
copying urdf/mbot_base_gazebo.xacro -> /home/zj/cx/learnros2/ros2_ws/install/learning_gazebo/share/learning_gazebo/urdf
copying urdf/mbot_with_kinect_gazebo.xacro -> /home/zj/cx/learnros2/ros2_ws/install/learning_gazebo/share/learning_gazebo/urdf
copying urdf/mbot_with_camera_gazebo.xacro -> /home/zj/cx/learnros2/ros2_ws/install/learning_gazebo/share/learning_gazebo/urdf
creating /home/zj/cx/learnros2/ros2_ws/install/learning_gazebo/share/learning_gazebo/meshes
copying meshes/kinect.tga -> /home/zj/cx/learnros2/ros2_ws/install/learning_gazebo/share/learning_gazebo/meshes
copying meshes/kinect.jpg -> /home/zj/cx/learnros2/ros2_ws/install/learning_gazebo/share/learning_gazebo/meshes
copying meshes/kinect.dae -> /home/zj/cx/learnros2/ros2_ws/install/learning_gazebo/share/learning_gazebo/meshes
creating /home/zj/cx/learnros2/ros2_ws/install/learning_gazebo/share/learning_gazebo/urdf/sensors
copying urdf/sensors/kinect_gazebo.xacro -> /home/zj/cx/learnros2/ros2_ws/install/learning_gazebo/share/learning_gazebo/urdf/sensors
copying urdf/sensors/lidar_gazebo.xacro -> /home/zj/cx/learnros2/ros2_ws/install/learning_gazebo/share/learning_gazebo/urdf/sensors
copying urdf/sensors/camera_gazebo.xacro -> /home/zj/cx/learnros2/ros2_ws/install/learning_gazebo/share/learning_gazebo/urdf/sensors
creating /home/zj/cx/learnros2/ros2_ws/install/learning_gazebo/share/learning_gazebo/worlds
copying worlds/neighborhood.world -> /home/zj/cx/learnros2/ros2_ws/install/learning_gazebo/share/learning_gazebo/worlds
copying worlds/empty_world.model -> /home/zj/cx/learnros2/ros2_ws/install/learning_gazebo/share/learning_gazebo/worlds
creating /home/zj/cx/learnros2/ros2_ws/install/learning_gazebo/share/learning_gazebo/rviz
copying rviz/urdf_gazebo_config.rviz -> /home/zj/cx/learnros2/ros2_ws/install/learning_gazebo/share/learning_gazebo/rviz
running install_egg_info
Copying ../../build/learning_gazebo/learning_gazebo.egg-info to /home/zj/cx/learnros2/ros2_ws/install/learning_gazebo/lib/python3.8/site-packages/learning_gazebo-0.0.0-py3.8.egg-info
running install_scripts
writing list of installed files to '/home/zj/cx/learnros2/ros2_ws/build/learning_gazebo/install.log'
