[1.164s] Invoking command in '/home/zj/cx/learnros2/ros2_ws/src/learning_gazebo': PYTHONPATH=/home/zj/cx/learnros2/ros2_ws/build/learning_gazebo/prefix_override:/home/zj/cx/learnros2/ros2_ws/install/learning_gazebo/lib/python3.8/site-packages:${PYTHONPATH} /usr/bin/python3 setup.py egg_info --egg-base ../../build/learning_gazebo build --build-base /home/zj/cx/learnros2/ros2_ws/build/learning_gazebo/build install --record /home/zj/cx/learnros2/ros2_ws/build/learning_gazebo/install.log --single-version-externally-managed
[1.266s] running egg_info
[1.266s] creating ../../build/learning_gazebo/learning_gazebo.egg-info
[1.267s] writing ../../build/learning_gazebo/learning_gazebo.egg-info/PKG-INFO
[1.267s] writing dependency_links to ../../build/learning_gazebo/learning_gazebo.egg-info/dependency_links.txt
[1.267s] writing entry points to ../../build/learning_gazebo/learning_gazebo.egg-info/entry_points.txt
[1.267s] writing requirements to ../../build/learning_gazebo/learning_gazebo.egg-info/requires.txt
[1.267s] writing top-level names to ../../build/learning_gazebo/learning_gazebo.egg-info/top_level.txt
[1.267s] writing manifest file '../../build/learning_gazebo/learning_gazebo.egg-info/SOURCES.txt'
[1.284s] reading manifest file '../../build/learning_gazebo/learning_gazebo.egg-info/SOURCES.txt'
[1.285s] writing manifest file '../../build/learning_gazebo/learning_gazebo.egg-info/SOURCES.txt'
[1.285s] running build
[1.285s] running build_py
[1.285s] creating /home/zj/cx/learnros2/ros2_ws/build/learning_gazebo/build
[1.285s] creating /home/zj/cx/learnros2/ros2_ws/build/learning_gazebo/build/lib
[1.285s] creating /home/zj/cx/learnros2/ros2_ws/build/learning_gazebo/build/lib/learning_gazebo
[1.285s] copying learning_gazebo/__init__.py -> /home/zj/cx/learnros2/ros2_ws/build/learning_gazebo/build/lib/learning_gazebo
[1.285s] running install
[1.285s] running install_lib
[1.286s] creating /home/zj/cx/learnros2/ros2_ws/install/learning_gazebo/lib/python3.8/site-packages/learning_gazebo
[1.286s] copying /home/zj/cx/learnros2/ros2_ws/build/learning_gazebo/build/lib/learning_gazebo/__init__.py -> /home/zj/cx/learnros2/ros2_ws/install/learning_gazebo/lib/python3.8/site-packages/learning_gazebo
[1.286s] byte-compiling /home/zj/cx/learnros2/ros2_ws/install/learning_gazebo/lib/python3.8/site-packages/learning_gazebo/__init__.py to __init__.cpython-38.pyc
[1.287s] running install_data
[1.287s] creating /home/zj/cx/learnros2/ros2_ws/install/learning_gazebo/share/ament_index
[1.287s] creating /home/zj/cx/learnros2/ros2_ws/install/learning_gazebo/share/ament_index/resource_index
[1.287s] creating /home/zj/cx/learnros2/ros2_ws/install/learning_gazebo/share/ament_index/resource_index/packages
[1.287s] copying resource/learning_gazebo -> /home/zj/cx/learnros2/ros2_ws/install/learning_gazebo/share/ament_index/resource_index/packages
[1.287s] copying package.xml -> /home/zj/cx/learnros2/ros2_ws/install/learning_gazebo/share/learning_gazebo
[1.287s] creating /home/zj/cx/learnros2/ros2_ws/install/learning_gazebo/share/learning_gazebo/launch
[1.287s] copying launch/mbot_camera.launch.py -> /home/zj/cx/learnros2/ros2_ws/install/learning_gazebo/share/learning_gazebo/launch
[1.287s] copying launch/mbot_rgbd.launch.py -> /home/zj/cx/learnros2/ros2_ws/install/learning_gazebo/share/learning_gazebo/launch
[1.287s] copying launch/load_urdf_into_gazebo.launch.py -> /home/zj/cx/learnros2/ros2_ws/install/learning_gazebo/share/learning_gazebo/launch
[1.287s] copying launch/load_mbot_laser_into_gazebo.launch.py -> /home/zj/cx/learnros2/ros2_ws/install/learning_gazebo/share/learning_gazebo/launch
[1.287s] copying launch/mbot_laser.launch.py -> /home/zj/cx/learnros2/ros2_ws/install/learning_gazebo/share/learning_gazebo/launch
[1.287s] copying launch/load_mbot_camera_into_gazebo.launch.py -> /home/zj/cx/learnros2/ros2_ws/install/learning_gazebo/share/learning_gazebo/launch
[1.287s] copying launch/mbot.launch.py -> /home/zj/cx/learnros2/ros2_ws/install/learning_gazebo/share/learning_gazebo/launch
[1.287s] copying launch/load_mbot_rgbd_into_gazebo.launch.py -> /home/zj/cx/learnros2/ros2_ws/install/learning_gazebo/share/learning_gazebo/launch
[1.288s] creating /home/zj/cx/learnros2/ros2_ws/install/learning_gazebo/share/learning_gazebo/urdf
[1.288s] copying urdf/mbot_gazebo.xacro -> /home/zj/cx/learnros2/ros2_ws/install/learning_gazebo/share/learning_gazebo/urdf
[1.288s] copying urdf/two_wheeled_robot_nav2.urdf -> /home/zj/cx/learnros2/ros2_ws/install/learning_gazebo/share/learning_gazebo/urdf
[1.288s] copying urdf/mbot_with_laser_gazebo.xacro -> /home/zj/cx/learnros2/ros2_ws/install/learning_gazebo/share/learning_gazebo/urdf
[1.288s] copying urdf/mbot_base_gazebo.xacro -> /home/zj/cx/learnros2/ros2_ws/install/learning_gazebo/share/learning_gazebo/urdf
[1.288s] copying urdf/mbot_with_kinect_gazebo.xacro -> /home/zj/cx/learnros2/ros2_ws/install/learning_gazebo/share/learning_gazebo/urdf
[1.288s] copying urdf/mbot_with_camera_gazebo.xacro -> /home/zj/cx/learnros2/ros2_ws/install/learning_gazebo/share/learning_gazebo/urdf
[1.288s] creating /home/zj/cx/learnros2/ros2_ws/install/learning_gazebo/share/learning_gazebo/meshes
[1.288s] copying meshes/kinect.tga -> /home/zj/cx/learnros2/ros2_ws/install/learning_gazebo/share/learning_gazebo/meshes
[1.288s] copying meshes/kinect.jpg -> /home/zj/cx/learnros2/ros2_ws/install/learning_gazebo/share/learning_gazebo/meshes
[1.288s] copying meshes/kinect.dae -> /home/zj/cx/learnros2/ros2_ws/install/learning_gazebo/share/learning_gazebo/meshes
[1.288s] creating /home/zj/cx/learnros2/ros2_ws/install/learning_gazebo/share/learning_gazebo/urdf/sensors
[1.288s] copying urdf/sensors/kinect_gazebo.xacro -> /home/zj/cx/learnros2/ros2_ws/install/learning_gazebo/share/learning_gazebo/urdf/sensors
[1.288s] copying urdf/sensors/lidar_gazebo.xacro -> /home/zj/cx/learnros2/ros2_ws/install/learning_gazebo/share/learning_gazebo/urdf/sensors
[1.288s] copying urdf/sensors/camera_gazebo.xacro -> /home/zj/cx/learnros2/ros2_ws/install/learning_gazebo/share/learning_gazebo/urdf/sensors
[1.288s] creating /home/zj/cx/learnros2/ros2_ws/install/learning_gazebo/share/learning_gazebo/worlds
[1.288s] copying worlds/neighborhood.world -> /home/zj/cx/learnros2/ros2_ws/install/learning_gazebo/share/learning_gazebo/worlds
[1.288s] copying worlds/empty_world.model -> /home/zj/cx/learnros2/ros2_ws/install/learning_gazebo/share/learning_gazebo/worlds
[1.288s] creating /home/zj/cx/learnros2/ros2_ws/install/learning_gazebo/share/learning_gazebo/rviz
[1.288s] copying rviz/urdf_gazebo_config.rviz -> /home/zj/cx/learnros2/ros2_ws/install/learning_gazebo/share/learning_gazebo/rviz
[1.288s] running install_egg_info
[1.289s] Copying ../../build/learning_gazebo/learning_gazebo.egg-info to /home/zj/cx/learnros2/ros2_ws/install/learning_gazebo/lib/python3.8/site-packages/learning_gazebo-0.0.0-py3.8.egg-info
[1.289s] running install_scripts
[1.299s] writing list of installed files to '/home/zj/cx/learnros2/ros2_ws/build/learning_gazebo/install.log'
[1.318s] Invoked command in '/home/zj/cx/learnros2/ros2_ws/src/learning_gazebo' returned '0': PYTHONPATH=/home/zj/cx/learnros2/ros2_ws/build/learning_gazebo/prefix_override:/home/zj/cx/learnros2/ros2_ws/install/learning_gazebo/lib/python3.8/site-packages:${PYTHONPATH} /usr/bin/python3 setup.py egg_info --egg-base ../../build/learning_gazebo build --build-base /home/zj/cx/learnros2/ros2_ws/build/learning_gazebo/build install --record /home/zj/cx/learnros2/ros2_ws/build/learning_gazebo/install.log --single-version-externally-managed
