[1.486s] Invoking command in '/home/zj/cx/learnros2/ros2_ws/src/learning_urdf': PYTHONPATH=/home/zj/cx/learnros2/ros2_ws/build/learning_urdf/prefix_override:/home/zj/cx/learnros2/ros2_ws/install/learning_urdf/lib/python3.8/site-packages:${PYTHONPATH} /usr/bin/python3 setup.py egg_info --egg-base ../../build/learning_urdf build --build-base /home/zj/cx/learnros2/ros2_ws/build/learning_urdf/build install --record /home/zj/cx/learnros2/ros2_ws/build/learning_urdf/install.log --single-version-externally-managed
[1.634s] running egg_info
[1.635s] writing ../../build/learning_urdf/learning_urdf.egg-info/PKG-INFO
[1.635s] writing dependency_links to ../../build/learning_urdf/learning_urdf.egg-info/dependency_links.txt
[1.635s] writing entry points to ../../build/learning_urdf/learning_urdf.egg-info/entry_points.txt
[1.635s] writing requirements to ../../build/learning_urdf/learning_urdf.egg-info/requires.txt
[1.635s] writing top-level names to ../../build/learning_urdf/learning_urdf.egg-info/top_level.txt
[1.656s] reading manifest file '../../build/learning_urdf/learning_urdf.egg-info/SOURCES.txt'
[1.656s] writing manifest file '../../build/learning_urdf/learning_urdf.egg-info/SOURCES.txt'
[1.657s] running build
[1.657s] running build_py
[1.657s] running install
[1.657s] running install_lib
[1.659s] running install_data
[1.659s] running install_egg_info
[1.661s] removing '/home/zj/cx/learnros2/ros2_ws/install/learning_urdf/lib/python3.8/site-packages/learning_urdf-0.0.0-py3.8.egg-info' (and everything under it)
[1.661s] Copying ../../build/learning_urdf/learning_urdf.egg-info to /home/zj/cx/learnros2/ros2_ws/install/learning_urdf/lib/python3.8/site-packages/learning_urdf-0.0.0-py3.8.egg-info
[1.662s] running install_scripts
[1.677s] writing list of installed files to '/home/zj/cx/learnros2/ros2_ws/build/learning_urdf/install.log'
[2.013s] Invoked command in '/home/zj/cx/learnros2/ros2_ws/src/learning_urdf' returned '0': PYTHONPATH=/home/zj/cx/learnros2/ros2_ws/build/learning_urdf/prefix_override:/home/zj/cx/learnros2/ros2_ws/install/learning_urdf/lib/python3.8/site-packages:${PYTHONPATH} /usr/bin/python3 setup.py egg_info --egg-base ../../build/learning_urdf build --build-base /home/zj/cx/learnros2/ros2_ws/build/learning_urdf/build install --record /home/zj/cx/learnros2/ros2_ws/build/learning_urdf/install.log --single-version-externally-managed
