[1.579s] Invoking command in '/home/zj/cx/learnros2/ros2_ws/src/rtk': PYTHONPATH=/home/zj/cx/learnros2/ros2_ws/build/rtk/prefix_override:/home/zj/cx/learnros2/ros2_ws/install/rtk/lib/python3.8/site-packages:${PYTHONPATH} /usr/bin/python3 setup.py egg_info --egg-base ../../build/rtk build --build-base /home/zj/cx/learnros2/ros2_ws/build/rtk/build install --record /home/zj/cx/learnros2/ros2_ws/build/rtk/install.log --install-scripts $base/lib/rtk --single-version-externally-managed
[1.704s] running egg_info
[1.705s] writing ../../build/rtk/rtk.egg-info/PKG-INFO
[1.705s] writing dependency_links to ../../build/rtk/rtk.egg-info/dependency_links.txt
[1.708s] writing entry points to ../../build/rtk/rtk.egg-info/entry_points.txt
[1.708s] writing requirements to ../../build/rtk/rtk.egg-info/requires.txt
[1.708s] writing top-level names to ../../build/rtk/rtk.egg-info/top_level.txt
[1.727s] reading manifest file '../../build/rtk/rtk.egg-info/SOURCES.txt'
[1.728s] writing manifest file '../../build/rtk/rtk.egg-info/SOURCES.txt'
[1.728s] running build
[1.728s] running build_py
[1.728s] copying rtk/ntripServerByCors.py -> /home/zj/cx/learnros2/ros2_ws/build/rtk/build/lib/rtk
[1.728s] running install
[1.728s] running install_lib
[1.729s] copying /home/zj/cx/learnros2/ros2_ws/build/rtk/build/lib/rtk/ntripServerByCors.py -> /home/zj/cx/learnros2/ros2_ws/install/rtk/lib/python3.8/site-packages/rtk
[1.729s] byte-compiling /home/zj/cx/learnros2/ros2_ws/install/rtk/lib/python3.8/site-packages/rtk/ntripServerByCors.py to ntripServerByCors.cpython-38.pyc
[1.731s] running install_data
[1.731s] running install_egg_info
[1.732s] removing '/home/zj/cx/learnros2/ros2_ws/install/rtk/lib/python3.8/site-packages/rtk-0.0.0-py3.8.egg-info' (and everything under it)
[1.732s] Copying ../../build/rtk/rtk.egg-info to /home/zj/cx/learnros2/ros2_ws/install/rtk/lib/python3.8/site-packages/rtk-0.0.0-py3.8.egg-info
[1.732s] running install_scripts
[1.747s] Installing ntripServerByCors script to /home/zj/cx/learnros2/ros2_ws/install/rtk/lib/rtk
[1.748s] Installing test script to /home/zj/cx/learnros2/ros2_ws/install/rtk/lib/rtk
[1.748s] writing list of installed files to '/home/zj/cx/learnros2/ros2_ws/build/rtk/install.log'
[2.056s] Invoked command in '/home/zj/cx/learnros2/ros2_ws/src/rtk' returned '0': PYTHONPATH=/home/zj/cx/learnros2/ros2_ws/build/rtk/prefix_override:/home/zj/cx/learnros2/ros2_ws/install/rtk/lib/python3.8/site-packages:${PYTHONPATH} /usr/bin/python3 setup.py egg_info --egg-base ../../build/rtk build --build-base /home/zj/cx/learnros2/ros2_ws/build/rtk/build install --record /home/zj/cx/learnros2/ros2_ws/build/rtk/install.log --install-scripts $base/lib/rtk --single-version-externally-managed
