[1.844s] Invoking command in '/home/zj/cx/learnros2/ros2_ws/src/learning_urdf': PYTHONPATH=/home/zj/cx/learnros2/ros2_ws/build/learning_urdf/prefix_override:/home/zj/cx/learnros2/ros2_ws/install/learning_urdf/lib/python3.8/site-packages:${PYTHONPATH} /usr/bin/python3 setup.py egg_info --egg-base ../../build/learning_urdf build --build-base /home/zj/cx/learnros2/ros2_ws/build/learning_urdf/build install --record /home/zj/cx/learnros2/ros2_ws/build/learning_urdf/install.log --single-version-externally-managed
[1.972s] running egg_info
[1.972s] writing ../../build/learning_urdf/learning_urdf.egg-info/PKG-INFO
[1.972s] writing dependency_links to ../../build/learning_urdf/learning_urdf.egg-info/dependency_links.txt
[1.977s] writing entry points to ../../build/learning_urdf/learning_urdf.egg-info/entry_points.txt
[1.977s] writing requirements to ../../build/learning_urdf/learning_urdf.egg-info/requires.txt
[1.977s] writing top-level names to ../../build/learning_urdf/learning_urdf.egg-info/top_level.txt
[2.002s] reading manifest file '../../build/learning_urdf/learning_urdf.egg-info/SOURCES.txt'
[2.002s] writing manifest file '../../build/learning_urdf/learning_urdf.egg-info/SOURCES.txt'
[2.002s] running build
[2.002s] running build_py
[2.002s] running install
[2.003s] running install_lib
[2.005s] running install_data
[2.005s] running install_egg_info
[2.007s] removing '/home/zj/cx/learnros2/ros2_ws/install/learning_urdf/lib/python3.8/site-packages/learning_urdf-0.0.0-py3.8.egg-info' (and everything under it)
[2.007s] Copying ../../build/learning_urdf/learning_urdf.egg-info to /home/zj/cx/learnros2/ros2_ws/install/learning_urdf/lib/python3.8/site-packages/learning_urdf-0.0.0-py3.8.egg-info
[2.008s] running install_scripts
[2.022s] writing list of installed files to '/home/zj/cx/learnros2/ros2_ws/build/learning_urdf/install.log'
[2.077s] Invoked command in '/home/zj/cx/learnros2/ros2_ws/src/learning_urdf' returned '0': PYTHONPATH=/home/zj/cx/learnros2/ros2_ws/build/learning_urdf/prefix_override:/home/zj/cx/learnros2/ros2_ws/install/learning_urdf/lib/python3.8/site-packages:${PYTHONPATH} /usr/bin/python3 setup.py egg_info --egg-base ../../build/learning_urdf build --build-base /home/zj/cx/learnros2/ros2_ws/build/learning_urdf/build install --record /home/zj/cx/learnros2/ros2_ws/build/learning_urdf/install.log --single-version-externally-managed
