[0.591s] Invoking command in '/home/zj/cx/LearnRos2/ros2_ws/src/py_pubsub': PYTHONPATH=/home/zj/cx/LearnRos2/ros2_ws/build/py_pubsub/prefix_override:/home/zj/cx/LearnRos2/ros2_ws/install/py_pubsub/lib/python3.8/site-packages:${PYTHONPATH} /usr/bin/python3 setup.py egg_info --egg-base ../../build/py_pubsub build --build-base /home/zj/cx/LearnRos2/ros2_ws/build/py_pubsub/build install --record /home/zj/cx/LearnRos2/ros2_ws/build/py_pubsub/install.log --single-version-externally-managed
[0.752s] running egg_info
[0.753s] creating ../../build/py_pubsub/py_pubsub.egg-info
[0.753s] writing ../../build/py_pubsub/py_pubsub.egg-info/PKG-INFO
[0.753s] writing dependency_links to ../../build/py_pubsub/py_pubsub.egg-info/dependency_links.txt
[0.753s] writing entry points to ../../build/py_pubsub/py_pubsub.egg-info/entry_points.txt
[0.753s] writing requirements to ../../build/py_pubsub/py_pubsub.egg-info/requires.txt
[0.753s] writing top-level names to ../../build/py_pubsub/py_pubsub.egg-info/top_level.txt
[0.761s] writing manifest file '../../build/py_pubsub/py_pubsub.egg-info/SOURCES.txt'
[0.783s] reading manifest file '../../build/py_pubsub/py_pubsub.egg-info/SOURCES.txt'
[0.784s] writing manifest file '../../build/py_pubsub/py_pubsub.egg-info/SOURCES.txt'
[0.784s] running build
[0.784s] running build_py
[0.784s] creating /home/zj/cx/LearnRos2/ros2_ws/build/py_pubsub/build
[0.784s] creating /home/zj/cx/LearnRos2/ros2_ws/build/py_pubsub/build/lib
[0.785s] creating /home/zj/cx/LearnRos2/ros2_ws/build/py_pubsub/build/lib/py_pubsub
[0.785s] copying py_pubsub/publisher_member_function.py -> /home/zj/cx/LearnRos2/ros2_ws/build/py_pubsub/build/lib/py_pubsub
[0.785s] copying py_pubsub/subscriber_member_function.py -> /home/zj/cx/LearnRos2/ros2_ws/build/py_pubsub/build/lib/py_pubsub
[0.785s] copying py_pubsub/__init__.py -> /home/zj/cx/LearnRos2/ros2_ws/build/py_pubsub/build/lib/py_pubsub
[0.785s] running install
[0.785s] running install_lib
[0.786s] creating /home/zj/cx/LearnRos2/ros2_ws/install/py_pubsub/lib/python3.8/site-packages/py_pubsub
[0.786s] copying /home/zj/cx/LearnRos2/ros2_ws/build/py_pubsub/build/lib/py_pubsub/publisher_member_function.py -> /home/zj/cx/LearnRos2/ros2_ws/install/py_pubsub/lib/python3.8/site-packages/py_pubsub
[0.786s] copying /home/zj/cx/LearnRos2/ros2_ws/build/py_pubsub/build/lib/py_pubsub/subscriber_member_function.py -> /home/zj/cx/LearnRos2/ros2_ws/install/py_pubsub/lib/python3.8/site-packages/py_pubsub
[0.786s] copying /home/zj/cx/LearnRos2/ros2_ws/build/py_pubsub/build/lib/py_pubsub/__init__.py -> /home/zj/cx/LearnRos2/ros2_ws/install/py_pubsub/lib/python3.8/site-packages/py_pubsub
[0.786s] byte-compiling /home/zj/cx/LearnRos2/ros2_ws/install/py_pubsub/lib/python3.8/site-packages/py_pubsub/publisher_member_function.py to publisher_member_function.cpython-38.pyc
[0.787s] byte-compiling /home/zj/cx/LearnRos2/ros2_ws/install/py_pubsub/lib/python3.8/site-packages/py_pubsub/subscriber_member_function.py to subscriber_member_function.cpython-38.pyc
[0.787s] byte-compiling /home/zj/cx/LearnRos2/ros2_ws/install/py_pubsub/lib/python3.8/site-packages/py_pubsub/__init__.py to __init__.cpython-38.pyc
[0.787s] running install_data
[0.788s] creating /home/zj/cx/LearnRos2/ros2_ws/install/py_pubsub/share/ament_index
[0.788s] creating /home/zj/cx/LearnRos2/ros2_ws/install/py_pubsub/share/ament_index/resource_index
[0.788s] creating /home/zj/cx/LearnRos2/ros2_ws/install/py_pubsub/share/ament_index/resource_index/packages
[0.788s] copying resource/py_pubsub -> /home/zj/cx/LearnRos2/ros2_ws/install/py_pubsub/share/ament_index/resource_index/packages
[0.788s] copying package.xml -> /home/zj/cx/LearnRos2/ros2_ws/install/py_pubsub/share/py_pubsub
[0.788s] running install_egg_info
[0.789s] Copying ../../build/py_pubsub/py_pubsub.egg-info to /home/zj/cx/LearnRos2/ros2_ws/install/py_pubsub/lib/python3.8/site-packages/py_pubsub-0.0.0-py3.8.egg-info
[0.789s] running install_scripts
[0.801s] Installing listener script to /home/zj/cx/LearnRos2/ros2_ws/install/py_pubsub/lib/py_pubsub
[0.801s] Installing talker script to /home/zj/cx/LearnRos2/ros2_ws/install/py_pubsub/lib/py_pubsub
[0.801s] writing list of installed files to '/home/zj/cx/LearnRos2/ros2_ws/build/py_pubsub/install.log'
[0.818s] Invoked command in '/home/zj/cx/LearnRos2/ros2_ws/src/py_pubsub' returned '0': PYTHONPATH=/home/zj/cx/LearnRos2/ros2_ws/build/py_pubsub/prefix_override:/home/zj/cx/LearnRos2/ros2_ws/install/py_pubsub/lib/python3.8/site-packages:${PYTHONPATH} /usr/bin/python3 setup.py egg_info --egg-base ../../build/py_pubsub build --build-base /home/zj/cx/LearnRos2/ros2_ws/build/py_pubsub/build install --record /home/zj/cx/LearnRos2/ros2_ws/build/py_pubsub/install.log --single-version-externally-managed
