[0.561s] Invoking command in '/home/zj/cx/LearnRos2/ros2_ws/src/py_srvcli': PYTHONPATH=/home/zj/cx/LearnRos2/ros2_ws/build/py_srvcli/prefix_override:/home/zj/cx/LearnRos2/ros2_ws/install/py_srvcli/lib/python3.8/site-packages:${PYTHONPATH} /usr/bin/python3 setup.py egg_info --egg-base ../../build/py_srvcli build --build-base /home/zj/cx/LearnRos2/ros2_ws/build/py_srvcli/build install --record /home/zj/cx/LearnRos2/ros2_ws/build/py_srvcli/install.log --single-version-externally-managed
[0.766s] running egg_info
[0.766s] writing ../../build/py_srvcli/py_srvcli.egg-info/PKG-INFO
[0.767s] writing dependency_links to ../../build/py_srvcli/py_srvcli.egg-info/dependency_links.txt
[0.767s] writing entry points to ../../build/py_srvcli/py_srvcli.egg-info/entry_points.txt
[0.767s] writing requirements to ../../build/py_srvcli/py_srvcli.egg-info/requires.txt
[0.767s] writing top-level names to ../../build/py_srvcli/py_srvcli.egg-info/top_level.txt
[0.792s] reading manifest file '../../build/py_srvcli/py_srvcli.egg-info/SOURCES.txt'
[0.792s] writing manifest file '../../build/py_srvcli/py_srvcli.egg-info/SOURCES.txt'
[0.793s] running build
[0.793s] running build_py
[0.793s] running install
[0.793s] running install_lib
[0.794s] running install_data
[0.794s] running install_egg_info
[0.796s] removing '/home/zj/cx/LearnRos2/ros2_ws/install/py_srvcli/lib/python3.8/site-packages/py_srvcli-0.0.0-py3.8.egg-info' (and everything under it)
[0.796s] Copying ../../build/py_srvcli/py_srvcli.egg-info to /home/zj/cx/LearnRos2/ros2_ws/install/py_srvcli/lib/python3.8/site-packages/py_srvcli-0.0.0-py3.8.egg-info
[0.796s] running install_scripts
[0.809s] Installing client script to /home/zj/cx/LearnRos2/ros2_ws/install/py_srvcli/lib/py_srvcli
[0.809s] Installing service script to /home/zj/cx/LearnRos2/ros2_ws/install/py_srvcli/lib/py_srvcli
[0.809s] writing list of installed files to '/home/zj/cx/LearnRos2/ros2_ws/build/py_srvcli/install.log'
[0.826s] Invoked command in '/home/zj/cx/LearnRos2/ros2_ws/src/py_srvcli' returned '0': PYTHONPATH=/home/zj/cx/LearnRos2/ros2_ws/build/py_srvcli/prefix_override:/home/zj/cx/LearnRos2/ros2_ws/install/py_srvcli/lib/python3.8/site-packages:${PYTHONPATH} /usr/bin/python3 setup.py egg_info --egg-base ../../build/py_srvcli build --build-base /home/zj/cx/LearnRos2/ros2_ws/build/py_srvcli/build install --record /home/zj/cx/LearnRos2/ros2_ws/build/py_srvcli/install.log --single-version-externally-managed
