[2.411s] Invoking command in '/home/zj/cx/learnros2/ros2_ws/src/learning_gazebo': PYTHONPATH=/home/zj/cx/learnros2/ros2_ws/build/learning_gazebo/prefix_override:/home/zj/cx/learnros2/ros2_ws/install/learning_gazebo/lib/python3.8/site-packages:${PYTHONPATH} /usr/bin/python3 setup.py egg_info --egg-base ../../build/learning_gazebo build --build-base /home/zj/cx/learnros2/ros2_ws/build/learning_gazebo/build install --record /home/zj/cx/learnros2/ros2_ws/build/learning_gazebo/install.log --single-version-externally-managed
[2.512s] running egg_info
[2.513s] writing ../../build/learning_gazebo/learning_gazebo.egg-info/PKG-INFO
[2.521s] writing dependency_links to ../../build/learning_gazebo/learning_gazebo.egg-info/dependency_links.txt
[2.522s] writing entry points to ../../build/learning_gazebo/learning_gazebo.egg-info/entry_points.txt
[2.523s] writing requirements to ../../build/learning_gazebo/learning_gazebo.egg-info/requires.txt
[2.524s] writing top-level names to ../../build/learning_gazebo/learning_gazebo.egg-info/top_level.txt
[2.557s] reading manifest file '../../build/learning_gazebo/learning_gazebo.egg-info/SOURCES.txt'
[2.559s] writing manifest file '../../build/learning_gazebo/learning_gazebo.egg-info/SOURCES.txt'
[2.559s] running build
[2.559s] running build_py
[2.564s] running install
[2.565s] running install_lib
[2.566s] running install_data
[2.576s] running install_egg_info
[2.577s] removing '/home/zj/cx/learnros2/ros2_ws/install/learning_gazebo/lib/python3.8/site-packages/learning_gazebo-0.0.0-py3.8.egg-info' (and everything under it)
[2.577s] Copying ../../build/learning_gazebo/learning_gazebo.egg-info to /home/zj/cx/learnros2/ros2_ws/install/learning_gazebo/lib/python3.8/site-packages/learning_gazebo-0.0.0-py3.8.egg-info
[2.578s] running install_scripts
[2.588s] writing list of installed files to '/home/zj/cx/learnros2/ros2_ws/build/learning_gazebo/install.log'
[2.650s] Invoked command in '/home/zj/cx/learnros2/ros2_ws/src/learning_gazebo' returned '0': PYTHONPATH=/home/zj/cx/learnros2/ros2_ws/build/learning_gazebo/prefix_override:/home/zj/cx/learnros2/ros2_ws/install/learning_gazebo/lib/python3.8/site-packages:${PYTHONPATH} /usr/bin/python3 setup.py egg_info --egg-base ../../build/learning_gazebo build --build-base /home/zj/cx/learnros2/ros2_ws/build/learning_gazebo/build install --record /home/zj/cx/learnros2/ros2_ws/build/learning_gazebo/install.log --single-version-externally-managed
