/home/zj/cx/learnros2/ros2_ws/install/rtk/lib/python3.8/site-packages/rtk/test1.py
/home/zj/cx/learnros2/ros2_ws/install/rtk/lib/python3.8/site-packages/rtk/getCoordinatePoint.py
/home/zj/cx/learnros2/ros2_ws/install/rtk/lib/python3.8/site-packages/rtk/connectSignal.py
/home/zj/cx/learnros2/ros2_ws/install/rtk/lib/python3.8/site-packages/rtk/ntripClient.py
/home/zj/cx/learnros2/ros2_ws/install/rtk/lib/python3.8/site-packages/rtk/__init__.py
/home/zj/cx/learnros2/ros2_ws/install/rtk/lib/python3.8/site-packages/rtk/ntripServerByCors.py
/home/zj/cx/learnros2/ros2_ws/install/rtk/lib/python3.8/site-packages/rtk/__pycache__/test1.cpython-38.pyc
/home/zj/cx/learnros2/ros2_ws/install/rtk/lib/python3.8/site-packages/rtk/__pycache__/getCoordinatePoint.cpython-38.pyc
/home/zj/cx/learnros2/ros2_ws/install/rtk/lib/python3.8/site-packages/rtk/__pycache__/connectSignal.cpython-38.pyc
/home/zj/cx/learnros2/ros2_ws/install/rtk/lib/python3.8/site-packages/rtk/__pycache__/ntripClient.cpython-38.pyc
/home/zj/cx/learnros2/ros2_ws/install/rtk/lib/python3.8/site-packages/rtk/__pycache__/__init__.cpython-38.pyc
/home/zj/cx/learnros2/ros2_ws/install/rtk/lib/python3.8/site-packages/rtk/__pycache__/ntripServerByCors.cpython-38.pyc
/home/zj/cx/learnros2/ros2_ws/install/rtk/share/ament_index/resource_index/packages/rtk
/home/zj/cx/learnros2/ros2_ws/install/rtk/share/rtk/package.xml
/home/zj/cx/learnros2/ros2_ws/install/rtk/lib/python3.8/site-packages/rtk-0.0.0-py3.8.egg-info/zip-safe
/home/zj/cx/learnros2/ros2_ws/install/rtk/lib/python3.8/site-packages/rtk-0.0.0-py3.8.egg-info/SOURCES.txt
/home/zj/cx/learnros2/ros2_ws/install/rtk/lib/python3.8/site-packages/rtk-0.0.0-py3.8.egg-info/dependency_links.txt
/home/zj/cx/learnros2/ros2_ws/install/rtk/lib/python3.8/site-packages/rtk-0.0.0-py3.8.egg-info/requires.txt
/home/zj/cx/learnros2/ros2_ws/install/rtk/lib/python3.8/site-packages/rtk-0.0.0-py3.8.egg-info/entry_points.txt
/home/zj/cx/learnros2/ros2_ws/install/rtk/lib/python3.8/site-packages/rtk-0.0.0-py3.8.egg-info/top_level.txt
/home/zj/cx/learnros2/ros2_ws/install/rtk/lib/python3.8/site-packages/rtk-0.0.0-py3.8.egg-info/PKG-INFO
/home/zj/cx/learnros2/ros2_ws/install/rtk/lib/rtk/connectSignal
/home/zj/cx/learnros2/ros2_ws/install/rtk/lib/rtk/getCoordinatePoint
/home/zj/cx/learnros2/ros2_ws/install/rtk/lib/rtk/ntripClient
/home/zj/cx/learnros2/ros2_ws/install/rtk/lib/rtk/ntripServerByCors
/home/zj/cx/learnros2/ros2_ws/install/rtk/lib/rtk/test
