[0.073s] Invoking command in '/home/zj/cx/learnros2/ros2_ws/build/learning_interface': CMAKE_PREFIX_PATH=${CMAKE_PREFIX_PATH}:/home/zj/cx/learnros2/ros2_ws/install/learning_tf:/home/zj/cx/learnros2/ros2_ws/install/rtk:/home/zj/cx/learnros2/ros2_ws/install/python_parameters:/home/zj/cx/learnros2/ros2_ws/install/py_srvcli:/home/zj/cx/learnros2/ros2_ws/install/py_pubsub:/home/zj/cx/learnros2/ros2_ws/install/my_package:/home/zj/cx/learnros2/ros2_ws/install/learning_urdf:/home/zj/cx/learnros2/ros2_ws/install/learning_topic:/home/zj/cx/learnros2/ros2_ws/install/learning_service:/home/zj/cx/learnros2/ros2_ws/install/learning_qos:/home/zj/cx/learnros2/ros2_ws/install/learning_pkg_python:/home/zj/cx/learnros2/ros2_ws/install/learning_parameter:/home/zj/cx/learnros2/ros2_ws/install/learning_node:/home/zj/cx/learnros2/ros2_ws/install/learning_launch:/home/zj/cx/learnros2/ros2_ws/install/learning_action:/home/zj/cx/learnros2/ros2_ws/install/learning_gazebo:/opt/ros/foxy /usr/bin/cmake --build /home/zj/cx/learnros2/ros2_ws/build/learning_interface -- -j20 -l20
[1.267s] [  1%] Built target learning_interface__cpp
[1.267s] [ 12%] Built target learning_interface__rosidl_generator_c
[1.267s] [ 23%] Built target learning_interface__rosidl_typesupport_introspection_cpp
[1.267s] [ 34%] Built target learning_interface__rosidl_typesupport_cpp
[1.267s] [ 45%] Built target learning_interface__rosidl_typesupport_introspection_c
[1.267s] [ 56%] Built target learning_interface__rosidl_typesupport_c
[1.267s] [ 67%] Built target learning_interface__rosidl_typesupport_fastrtps_cpp
[1.267s] [ 78%] Built target learning_interface__rosidl_typesupport_fastrtps_c
[1.267s] [ 78%] Built target learning_interface
[1.267s] [ 80%] Built target learning_interface__py
[1.267s] [ 89%] Built target learning_interface__python
[1.267s] [100%] Built target learning_interface__rosidl_typesupport_fastrtps_c__pyext
[1.267s] [100%] Built target learning_interface__rosidl_typesupport_introspection_c__pyext
[1.267s] [100%] Built target learning_interface__rosidl_typesupport_c__pyext
[1.268s] Invoked command in '/home/zj/cx/learnros2/ros2_ws/build/learning_interface' returned '0': CMAKE_PREFIX_PATH=${CMAKE_PREFIX_PATH}:/home/zj/cx/learnros2/ros2_ws/install/learning_tf:/home/zj/cx/learnros2/ros2_ws/install/rtk:/home/zj/cx/learnros2/ros2_ws/install/python_parameters:/home/zj/cx/learnros2/ros2_ws/install/py_srvcli:/home/zj/cx/learnros2/ros2_ws/install/py_pubsub:/home/zj/cx/learnros2/ros2_ws/install/my_package:/home/zj/cx/learnros2/ros2_ws/install/learning_urdf:/home/zj/cx/learnros2/ros2_ws/install/learning_topic:/home/zj/cx/learnros2/ros2_ws/install/learning_service:/home/zj/cx/learnros2/ros2_ws/install/learning_qos:/home/zj/cx/learnros2/ros2_ws/install/learning_pkg_python:/home/zj/cx/learnros2/ros2_ws/install/learning_parameter:/home/zj/cx/learnros2/ros2_ws/install/learning_node:/home/zj/cx/learnros2/ros2_ws/install/learning_launch:/home/zj/cx/learnros2/ros2_ws/install/learning_action:/home/zj/cx/learnros2/ros2_ws/install/learning_gazebo:/opt/ros/foxy /usr/bin/cmake --build /home/zj/cx/learnros2/ros2_ws/build/learning_interface -- -j20 -l20
[1.340s] Invoking command in '/home/zj/cx/learnros2/ros2_ws/build/learning_interface': CMAKE_PREFIX_PATH=${CMAKE_PREFIX_PATH}:/home/zj/cx/learnros2/ros2_ws/install/learning_tf:/home/zj/cx/learnros2/ros2_ws/install/rtk:/home/zj/cx/learnros2/ros2_ws/install/python_parameters:/home/zj/cx/learnros2/ros2_ws/install/py_srvcli:/home/zj/cx/learnros2/ros2_ws/install/py_pubsub:/home/zj/cx/learnros2/ros2_ws/install/my_package:/home/zj/cx/learnros2/ros2_ws/install/learning_urdf:/home/zj/cx/learnros2/ros2_ws/install/learning_topic:/home/zj/cx/learnros2/ros2_ws/install/learning_service:/home/zj/cx/learnros2/ros2_ws/install/learning_qos:/home/zj/cx/learnros2/ros2_ws/install/learning_pkg_python:/home/zj/cx/learnros2/ros2_ws/install/learning_parameter:/home/zj/cx/learnros2/ros2_ws/install/learning_node:/home/zj/cx/learnros2/ros2_ws/install/learning_launch:/home/zj/cx/learnros2/ros2_ws/install/learning_action:/home/zj/cx/learnros2/ros2_ws/install/learning_gazebo:/opt/ros/foxy /usr/bin/cmake --install /home/zj/cx/learnros2/ros2_ws/build/learning_interface
[1.348s] -- Install configuration: ""
[1.348s] -- Up-to-date: /home/zj/cx/learnros2/ros2_ws/install/learning_interface/share/ament_index/resource_index/rosidl_interfaces/learning_interface
[1.348s] -- Up-to-date: /home/zj/cx/learnros2/ros2_ws/install/learning_interface/include/learning_interface
[1.348s] -- Up-to-date: /home/zj/cx/learnros2/ros2_ws/install/learning_interface/include/learning_interface/srv
[1.348s] -- Up-to-date: /home/zj/cx/learnros2/ros2_ws/install/learning_interface/include/learning_interface/srv/get_object_position.h
[1.348s] -- Up-to-date: /home/zj/cx/learnros2/ros2_ws/install/learning_interface/include/learning_interface/srv/detail
[1.348s] -- Up-to-date: /home/zj/cx/learnros2/ros2_ws/install/learning_interface/include/learning_interface/srv/detail/add_two_ints__type_support.h
[1.348s] -- Up-to-date: /home/zj/cx/learnros2/ros2_ws/install/learning_interface/include/learning_interface/srv/detail/get_object_position__functions.c
[1.348s] -- Up-to-date: /home/zj/cx/learnros2/ros2_ws/install/learning_interface/include/learning_interface/srv/detail/get_object_position__struct.h
[1.348s] -- Up-to-date: /home/zj/cx/learnros2/ros2_ws/install/learning_interface/include/learning_interface/srv/detail/add_two_ints__struct.h
[1.349s] -- Up-to-date: /home/zj/cx/learnros2/ros2_ws/install/learning_interface/include/learning_interface/srv/detail/add_two_ints__functions.h
[1.349s] -- Up-to-date: /home/zj/cx/learnros2/ros2_ws/install/learning_interface/include/learning_interface/srv/detail/add_two_ints__functions.c
[1.349s] -- Up-to-date: /home/zj/cx/learnros2/ros2_ws/install/learning_interface/include/learning_interface/srv/detail/get_object_position__type_support.h
[1.349s] -- Up-to-date: /home/zj/cx/learnros2/ros2_ws/install/learning_interface/include/learning_interface/srv/detail/get_object_position__functions.h
[1.349s] -- Up-to-date: /home/zj/cx/learnros2/ros2_ws/install/learning_interface/include/learning_interface/srv/add_two_ints.h
[1.349s] -- Up-to-date: /home/zj/cx/learnros2/ros2_ws/install/learning_interface/include/learning_interface/action
[1.349s] -- Up-to-date: /home/zj/cx/learnros2/ros2_ws/install/learning_interface/include/learning_interface/action/detail
[1.349s] -- Up-to-date: /home/zj/cx/learnros2/ros2_ws/install/learning_interface/include/learning_interface/action/detail/move_circle__struct.h
[1.349s] -- Up-to-date: /home/zj/cx/learnros2/ros2_ws/install/learning_interface/include/learning_interface/action/detail/move_circle__type_support.h
[1.349s] -- Up-to-date: /home/zj/cx/learnros2/ros2_ws/install/learning_interface/include/learning_interface/action/detail/move_circle__functions.h
[1.349s] -- Up-to-date: /home/zj/cx/learnros2/ros2_ws/install/learning_interface/include/learning_interface/action/detail/move_circle__functions.c
[1.349s] -- Up-to-date: /home/zj/cx/learnros2/ros2_ws/install/learning_interface/include/learning_interface/action/move_circle.h
[1.349s] -- Up-to-date: /home/zj/cx/learnros2/ros2_ws/install/learning_interface/include/learning_interface/msg
[1.349s] -- Up-to-date: /home/zj/cx/learnros2/ros2_ws/install/learning_interface/include/learning_interface/msg/object_position.h
[1.349s] -- Up-to-date: /home/zj/cx/learnros2/ros2_ws/install/learning_interface/include/learning_interface/msg/detail
[1.349s] -- Up-to-date: /home/zj/cx/learnros2/ros2_ws/install/learning_interface/include/learning_interface/msg/detail/object_position__functions.h
[1.350s] -- Up-to-date: /home/zj/cx/learnros2/ros2_ws/install/learning_interface/include/learning_interface/msg/detail/object_position__struct.h
[1.350s] -- Up-to-date: /home/zj/cx/learnros2/ros2_ws/install/learning_interface/include/learning_interface/msg/detail/object_position__functions.c
[1.350s] -- Up-to-date: /home/zj/cx/learnros2/ros2_ws/install/learning_interface/include/learning_interface/msg/detail/object_position__type_support.h
[1.350s] -- Up-to-date: /home/zj/cx/learnros2/ros2_ws/install/learning_interface/include/learning_interface/msg/rosidl_generator_c__visibility_control.h
[1.350s] -- Up-to-date: /home/zj/cx/learnros2/ros2_ws/install/learning_interface/share/learning_interface/environment/library_path.sh
[1.350s] -- Up-to-date: /home/zj/cx/learnros2/ros2_ws/install/learning_interface/share/learning_interface/environment/library_path.dsv
[1.350s] -- Up-to-date: /home/zj/cx/learnros2/ros2_ws/install/learning_interface/lib/liblearning_interface__rosidl_generator_c.so
[1.350s] -- Up-to-date: /home/zj/cx/learnros2/ros2_ws/install/learning_interface/include/learning_interface
[1.350s] -- Up-to-date: /home/zj/cx/learnros2/ros2_ws/install/learning_interface/include/learning_interface/srv
[1.350s] -- Up-to-date: /home/zj/cx/learnros2/ros2_ws/install/learning_interface/include/learning_interface/srv/detail
[1.350s] -- Up-to-date: /home/zj/cx/learnros2/ros2_ws/install/learning_interface/include/learning_interface/srv/detail/add_two_ints__rosidl_typesupport_fastrtps_c.h
[1.350s] -- Up-to-date: /home/zj/cx/learnros2/ros2_ws/install/learning_interface/include/learning_interface/srv/detail/get_object_position__rosidl_typesupport_fastrtps_c.h
[1.350s] -- Up-to-date: /home/zj/cx/learnros2/ros2_ws/install/learning_interface/include/learning_interface/action
[1.350s] -- Up-to-date: /home/zj/cx/learnros2/ros2_ws/install/learning_interface/include/learning_interface/action/detail
[1.350s] -- Up-to-date: /home/zj/cx/learnros2/ros2_ws/install/learning_interface/include/learning_interface/action/detail/move_circle__rosidl_typesupport_fastrtps_c.h
[1.350s] -- Up-to-date: /home/zj/cx/learnros2/ros2_ws/install/learning_interface/include/learning_interface/msg
[1.350s] -- Up-to-date: /home/zj/cx/learnros2/ros2_ws/install/learning_interface/include/learning_interface/msg/detail
[1.350s] -- Up-to-date: /home/zj/cx/learnros2/ros2_ws/install/learning_interface/include/learning_interface/msg/detail/object_position__rosidl_typesupport_fastrtps_c.h
[1.351s] -- Up-to-date: /home/zj/cx/learnros2/ros2_ws/install/learning_interface/include/learning_interface/msg/rosidl_typesupport_fastrtps_c__visibility_control.h
[1.351s] -- Up-to-date: /home/zj/cx/learnros2/ros2_ws/install/learning_interface/lib/liblearning_interface__rosidl_typesupport_fastrtps_c.so
[1.351s] -- Up-to-date: /home/zj/cx/learnros2/ros2_ws/install/learning_interface/include/learning_interface
[1.351s] -- Up-to-date: /home/zj/cx/learnros2/ros2_ws/install/learning_interface/include/learning_interface/srv
[1.351s] -- Up-to-date: /home/zj/cx/learnros2/ros2_ws/install/learning_interface/include/learning_interface/srv/detail
[1.351s] -- Up-to-date: /home/zj/cx/learnros2/ros2_ws/install/learning_interface/include/learning_interface/srv/detail/add_two_ints__rosidl_typesupport_fastrtps_cpp.hpp
[1.351s] -- Up-to-date: /home/zj/cx/learnros2/ros2_ws/install/learning_interface/include/learning_interface/srv/detail/get_object_position__rosidl_typesupport_fastrtps_cpp.hpp
[1.351s] -- Up-to-date: /home/zj/cx/learnros2/ros2_ws/install/learning_interface/include/learning_interface/srv/detail/dds_fastrtps
[1.351s] -- Up-to-date: /home/zj/cx/learnros2/ros2_ws/install/learning_interface/include/learning_interface/action
[1.351s] -- Up-to-date: /home/zj/cx/learnros2/ros2_ws/install/learning_interface/include/learning_interface/action/detail
[1.351s] -- Up-to-date: /home/zj/cx/learnros2/ros2_ws/install/learning_interface/include/learning_interface/action/detail/move_circle__rosidl_typesupport_fastrtps_cpp.hpp
[1.351s] -- Up-to-date: /home/zj/cx/learnros2/ros2_ws/install/learning_interface/include/learning_interface/action/detail/dds_fastrtps
[1.351s] -- Up-to-date: /home/zj/cx/learnros2/ros2_ws/install/learning_interface/include/learning_interface/msg
[1.351s] -- Up-to-date: /home/zj/cx/learnros2/ros2_ws/install/learning_interface/include/learning_interface/msg/detail
[1.351s] -- Up-to-date: /home/zj/cx/learnros2/ros2_ws/install/learning_interface/include/learning_interface/msg/detail/dds_fastrtps
[1.352s] -- Up-to-date: /home/zj/cx/learnros2/ros2_ws/install/learning_interface/include/learning_interface/msg/detail/object_position__rosidl_typesupport_fastrtps_cpp.hpp
[1.352s] -- Up-to-date: /home/zj/cx/learnros2/ros2_ws/install/learning_interface/include/learning_interface/msg/rosidl_typesupport_fastrtps_cpp__visibility_control.h
[1.352s] -- Up-to-date: /home/zj/cx/learnros2/ros2_ws/install/learning_interface/lib/liblearning_interface__rosidl_typesupport_fastrtps_cpp.so
[1.352s] -- Up-to-date: /home/zj/cx/learnros2/ros2_ws/install/learning_interface/include/learning_interface
[1.352s] -- Up-to-date: /home/zj/cx/learnros2/ros2_ws/install/learning_interface/include/learning_interface/srv
[1.352s] -- Up-to-date: /home/zj/cx/learnros2/ros2_ws/install/learning_interface/include/learning_interface/srv/detail
[1.352s] -- Up-to-date: /home/zj/cx/learnros2/ros2_ws/install/learning_interface/include/learning_interface/srv/detail/add_two_ints__type_support.c
[1.352s] -- Up-to-date: /home/zj/cx/learnros2/ros2_ws/install/learning_interface/include/learning_interface/srv/detail/get_object_position__rosidl_typesupport_introspection_c.h
[1.352s] -- Up-to-date: /home/zj/cx/learnros2/ros2_ws/install/learning_interface/include/learning_interface/srv/detail/add_two_ints__rosidl_typesupport_introspection_c.h
[1.356s] -- Up-to-date: /home/zj/cx/learnros2/ros2_ws/install/learning_interface/include/learning_interface/srv/detail/get_object_position__type_support.c
[1.356s] -- Up-to-date: /home/zj/cx/learnros2/ros2_ws/install/learning_interface/include/learning_interface/action
[1.357s] -- Up-to-date: /home/zj/cx/learnros2/ros2_ws/install/learning_interface/include/learning_interface/action/detail
[1.357s] -- Up-to-date: /home/zj/cx/learnros2/ros2_ws/install/learning_interface/include/learning_interface/action/detail/move_circle__rosidl_typesupport_introspection_c.h
[1.357s] -- Up-to-date: /home/zj/cx/learnros2/ros2_ws/install/learning_interface/include/learning_interface/action/detail/move_circle__type_support.c
[1.357s] -- Up-to-date: /home/zj/cx/learnros2/ros2_ws/install/learning_interface/include/learning_interface/msg
[1.357s] -- Up-to-date: /home/zj/cx/learnros2/ros2_ws/install/learning_interface/include/learning_interface/msg/detail
[1.357s] -- Up-to-date: /home/zj/cx/learnros2/ros2_ws/install/learning_interface/include/learning_interface/msg/detail/object_position__rosidl_typesupport_introspection_c.h
[1.357s] -- Up-to-date: /home/zj/cx/learnros2/ros2_ws/install/learning_interface/include/learning_interface/msg/detail/object_position__type_support.c
[1.357s] -- Up-to-date: /home/zj/cx/learnros2/ros2_ws/install/learning_interface/include/learning_interface/msg/rosidl_typesupport_introspection_c__visibility_control.h
[1.357s] -- Up-to-date: /home/zj/cx/learnros2/ros2_ws/install/learning_interface/lib/liblearning_interface__rosidl_typesupport_introspection_c.so
[1.357s] -- Up-to-date: /home/zj/cx/learnros2/ros2_ws/install/learning_interface/lib/liblearning_interface__rosidl_typesupport_c.so
[1.357s] -- Up-to-date: /home/zj/cx/learnros2/ros2_ws/install/learning_interface/include/learning_interface
[1.357s] -- Up-to-date: /home/zj/cx/learnros2/ros2_ws/install/learning_interface/include/learning_interface/srv
[1.357s] -- Up-to-date: /home/zj/cx/learnros2/ros2_ws/install/learning_interface/include/learning_interface/srv/add_two_ints.hpp
[1.357s] -- Up-to-date: /home/zj/cx/learnros2/ros2_ws/install/learning_interface/include/learning_interface/srv/detail
[1.357s] -- Up-to-date: /home/zj/cx/learnros2/ros2_ws/install/learning_interface/include/learning_interface/srv/detail/add_two_ints__type_support.hpp
[1.357s] -- Up-to-date: /home/zj/cx/learnros2/ros2_ws/install/learning_interface/include/learning_interface/srv/detail/add_two_ints__builder.hpp
[1.357s] -- Up-to-date: /home/zj/cx/learnros2/ros2_ws/install/learning_interface/include/learning_interface/srv/detail/get_object_position__builder.hpp
[1.357s] -- Up-to-date: /home/zj/cx/learnros2/ros2_ws/install/learning_interface/include/learning_interface/srv/detail/get_object_position__struct.hpp
[1.357s] -- Up-to-date: /home/zj/cx/learnros2/ros2_ws/install/learning_interface/include/learning_interface/srv/detail/get_object_position__type_support.hpp
[1.358s] -- Up-to-date: /home/zj/cx/learnros2/ros2_ws/install/learning_interface/include/learning_interface/srv/detail/get_object_position__traits.hpp
[1.358s] -- Up-to-date: /home/zj/cx/learnros2/ros2_ws/install/learning_interface/include/learning_interface/srv/detail/add_two_ints__struct.hpp
[1.358s] -- Up-to-date: /home/zj/cx/learnros2/ros2_ws/install/learning_interface/include/learning_interface/srv/detail/add_two_ints__traits.hpp
[1.358s] -- Up-to-date: /home/zj/cx/learnros2/ros2_ws/install/learning_interface/include/learning_interface/srv/get_object_position.hpp
[1.358s] -- Up-to-date: /home/zj/cx/learnros2/ros2_ws/install/learning_interface/include/learning_interface/action
[1.358s] -- Up-to-date: /home/zj/cx/learnros2/ros2_ws/install/learning_interface/include/learning_interface/action/detail
[1.358s] -- Up-to-date: /home/zj/cx/learnros2/ros2_ws/install/learning_interface/include/learning_interface/action/detail/move_circle__builder.hpp
[1.358s] -- Up-to-date: /home/zj/cx/learnros2/ros2_ws/install/learning_interface/include/learning_interface/action/detail/move_circle__type_support.hpp
[1.358s] -- Up-to-date: /home/zj/cx/learnros2/ros2_ws/install/learning_interface/include/learning_interface/action/detail/move_circle__traits.hpp
[1.358s] -- Up-to-date: /home/zj/cx/learnros2/ros2_ws/install/learning_interface/include/learning_interface/action/detail/move_circle__struct.hpp
[1.358s] -- Up-to-date: /home/zj/cx/learnros2/ros2_ws/install/learning_interface/include/learning_interface/action/move_circle.hpp
[1.358s] -- Up-to-date: /home/zj/cx/learnros2/ros2_ws/install/learning_interface/include/learning_interface/msg
[1.358s] -- Up-to-date: /home/zj/cx/learnros2/ros2_ws/install/learning_interface/include/learning_interface/msg/object_position.hpp
[1.358s] -- Up-to-date: /home/zj/cx/learnros2/ros2_ws/install/learning_interface/include/learning_interface/msg/detail
[1.358s] -- Up-to-date: /home/zj/cx/learnros2/ros2_ws/install/learning_interface/include/learning_interface/msg/detail/object_position__builder.hpp
[1.358s] -- Up-to-date: /home/zj/cx/learnros2/ros2_ws/install/learning_interface/include/learning_interface/msg/detail/object_position__traits.hpp
[1.358s] -- Up-to-date: /home/zj/cx/learnros2/ros2_ws/install/learning_interface/include/learning_interface/msg/detail/object_position__struct.hpp
[1.358s] -- Up-to-date: /home/zj/cx/learnros2/ros2_ws/install/learning_interface/include/learning_interface/msg/detail/object_position__type_support.hpp
[1.359s] -- Up-to-date: /home/zj/cx/learnros2/ros2_ws/install/learning_interface/include/learning_interface/msg/rosidl_generator_cpp__visibility_control.hpp
[1.359s] -- Up-to-date: /home/zj/cx/learnros2/ros2_ws/install/learning_interface/include/learning_interface
[1.359s] -- Up-to-date: /home/zj/cx/learnros2/ros2_ws/install/learning_interface/include/learning_interface/srv
[1.359s] -- Up-to-date: /home/zj/cx/learnros2/ros2_ws/install/learning_interface/include/learning_interface/srv/detail
[1.359s] -- Up-to-date: /home/zj/cx/learnros2/ros2_ws/install/learning_interface/include/learning_interface/srv/detail/add_two_ints__rosidl_typesupport_introspection_cpp.hpp
[1.359s] -- Up-to-date: /home/zj/cx/learnros2/ros2_ws/install/learning_interface/include/learning_interface/srv/detail/add_two_ints__type_support.cpp
[1.359s] -- Up-to-date: /home/zj/cx/learnros2/ros2_ws/install/learning_interface/include/learning_interface/srv/detail/get_object_position__type_support.cpp
[1.359s] -- Up-to-date: /home/zj/cx/learnros2/ros2_ws/install/learning_interface/include/learning_interface/srv/detail/get_object_position__rosidl_typesupport_introspection_cpp.hpp
[1.359s] -- Up-to-date: /home/zj/cx/learnros2/ros2_ws/install/learning_interface/include/learning_interface/action
[1.359s] -- Up-to-date: /home/zj/cx/learnros2/ros2_ws/install/learning_interface/include/learning_interface/action/detail
[1.359s] -- Up-to-date: /home/zj/cx/learnros2/ros2_ws/install/learning_interface/include/learning_interface/action/detail/move_circle__type_support.cpp
[1.359s] -- Up-to-date: /home/zj/cx/learnros2/ros2_ws/install/learning_interface/include/learning_interface/action/detail/move_circle__rosidl_typesupport_introspection_cpp.hpp
[1.359s] -- Up-to-date: /home/zj/cx/learnros2/ros2_ws/install/learning_interface/include/learning_interface/msg
[1.359s] -- Up-to-date: /home/zj/cx/learnros2/ros2_ws/install/learning_interface/include/learning_interface/msg/detail
[1.361s] -- Up-to-date: /home/zj/cx/learnros2/ros2_ws/install/learning_interface/include/learning_interface/msg/detail/object_position__rosidl_typesupport_introspection_cpp.hpp
[1.361s] -- Up-to-date: /home/zj/cx/learnros2/ros2_ws/install/learning_interface/include/learning_interface/msg/detail/object_position__type_support.cpp
[1.361s] -- Up-to-date: /home/zj/cx/learnros2/ros2_ws/install/learning_interface/lib/liblearning_interface__rosidl_typesupport_introspection_cpp.so
[1.361s] -- Up-to-date: /home/zj/cx/learnros2/ros2_ws/install/learning_interface/lib/liblearning_interface__rosidl_typesupport_cpp.so
[1.361s] -- Up-to-date: /home/zj/cx/learnros2/ros2_ws/install/learning_interface/share/learning_interface/environment/pythonpath.sh
[1.361s] -- Up-to-date: /home/zj/cx/learnros2/ros2_ws/install/learning_interface/share/learning_interface/environment/pythonpath.dsv
[1.361s] -- Up-to-date: /home/zj/cx/learnros2/ros2_ws/install/learning_interface/lib/python3.8/site-packages/learning_interface/__init__.py
[1.401s] -- Up-to-date: /home/zj/cx/learnros2/ros2_ws/install/learning_interface/lib/python3.8/site-packages/learning_interface/msg
[1.402s] -- Up-to-date: /home/zj/cx/learnros2/ros2_ws/install/learning_interface/lib/python3.8/site-packages/learning_interface/msg/_object_position_s.c
[1.402s] -- Up-to-date: /home/zj/cx/learnros2/ros2_ws/install/learning_interface/lib/python3.8/site-packages/learning_interface/msg/_object_position.py
[1.402s] -- Up-to-date: /home/zj/cx/learnros2/ros2_ws/install/learning_interface/lib/python3.8/site-packages/learning_interface/msg/__init__.py
[1.402s] -- Up-to-date: /home/zj/cx/learnros2/ros2_ws/install/learning_interface/lib/python3.8/site-packages/learning_interface/srv
[1.402s] -- Up-to-date: /home/zj/cx/learnros2/ros2_ws/install/learning_interface/lib/python3.8/site-packages/learning_interface/srv/_get_object_position_s.c
[1.402s] -- Up-to-date: /home/zj/cx/learnros2/ros2_ws/install/learning_interface/lib/python3.8/site-packages/learning_interface/srv/_get_object_position.py
[1.402s] -- Up-to-date: /home/zj/cx/learnros2/ros2_ws/install/learning_interface/lib/python3.8/site-packages/learning_interface/srv/_add_two_ints.py
[1.402s] -- Up-to-date: /home/zj/cx/learnros2/ros2_ws/install/learning_interface/lib/python3.8/site-packages/learning_interface/srv/__init__.py
[1.402s] -- Up-to-date: /home/zj/cx/learnros2/ros2_ws/install/learning_interface/lib/python3.8/site-packages/learning_interface/srv/_add_two_ints_s.c
[1.402s] -- Up-to-date: /home/zj/cx/learnros2/ros2_ws/install/learning_interface/lib/python3.8/site-packages/learning_interface/action
[1.402s] -- Up-to-date: /home/zj/cx/learnros2/ros2_ws/install/learning_interface/lib/python3.8/site-packages/learning_interface/action/_move_circle.py
[1.402s] -- Up-to-date: /home/zj/cx/learnros2/ros2_ws/install/learning_interface/lib/python3.8/site-packages/learning_interface/action/__init__.py
[1.402s] -- Up-to-date: /home/zj/cx/learnros2/ros2_ws/install/learning_interface/lib/python3.8/site-packages/learning_interface/action/_move_circle_s.c
[1.402s] -- Up-to-date: /home/zj/cx/learnros2/ros2_ws/install/learning_interface/lib/python3.8/site-packages/learning_interface/learning_interface_s__rosidl_typesupport_fastrtps_c.cpython-38-x86_64-linux-gnu.so
[1.402s] -- Up-to-date: /home/zj/cx/learnros2/ros2_ws/install/learning_interface/lib/python3.8/site-packages/learning_interface/learning_interface_s__rosidl_typesupport_introspection_c.cpython-38-x86_64-linux-gnu.so
[1.402s] -- Up-to-date: /home/zj/cx/learnros2/ros2_ws/install/learning_interface/lib/python3.8/site-packages/learning_interface/learning_interface_s__rosidl_typesupport_c.cpython-38-x86_64-linux-gnu.so
[1.402s] -- Up-to-date: /home/zj/cx/learnros2/ros2_ws/install/learning_interface/lib/liblearning_interface__python.so
[1.402s] -- Up-to-date: /home/zj/cx/learnros2/ros2_ws/install/learning_interface/share/learning_interface/msg/ObjectPosition.idl
[1.402s] -- Up-to-date: /home/zj/cx/learnros2/ros2_ws/install/learning_interface/share/learning_interface/srv/AddTwoInts.idl
[1.402s] -- Up-to-date: /home/zj/cx/learnros2/ros2_ws/install/learning_interface/share/learning_interface/srv/GetObjectPosition.idl
[1.403s] -- Up-to-date: /home/zj/cx/learnros2/ros2_ws/install/learning_interface/share/learning_interface/action/MoveCircle.idl
[1.403s] -- Up-to-date: /home/zj/cx/learnros2/ros2_ws/install/learning_interface/share/learning_interface/msg/ObjectPosition.msg
[1.403s] -- Up-to-date: /home/zj/cx/learnros2/ros2_ws/install/learning_interface/share/learning_interface/srv/AddTwoInts.srv
[1.403s] -- Up-to-date: /home/zj/cx/learnros2/ros2_ws/install/learning_interface/share/learning_interface/srv/AddTwoInts_Request.msg
[1.403s] -- Up-to-date: /home/zj/cx/learnros2/ros2_ws/install/learning_interface/share/learning_interface/srv/AddTwoInts_Response.msg
[1.403s] -- Up-to-date: /home/zj/cx/learnros2/ros2_ws/install/learning_interface/share/learning_interface/srv/GetObjectPosition.srv
[1.403s] -- Up-to-date: /home/zj/cx/learnros2/ros2_ws/install/learning_interface/share/learning_interface/srv/GetObjectPosition_Request.msg
[1.403s] -- Up-to-date: /home/zj/cx/learnros2/ros2_ws/install/learning_interface/share/learning_interface/srv/GetObjectPosition_Response.msg
[1.403s] -- Up-to-date: /home/zj/cx/learnros2/ros2_ws/install/learning_interface/share/learning_interface/action/MoveCircle.action
[1.403s] -- Up-to-date: /home/zj/cx/learnros2/ros2_ws/install/learning_interface/share/ament_index/resource_index/package_run_dependencies/learning_interface
[1.403s] -- Up-to-date: /home/zj/cx/learnros2/ros2_ws/install/learning_interface/share/ament_index/resource_index/parent_prefix_path/learning_interface
[1.403s] -- Up-to-date: /home/zj/cx/learnros2/ros2_ws/install/learning_interface/share/learning_interface/environment/ament_prefix_path.sh
[1.403s] -- Up-to-date: /home/zj/cx/learnros2/ros2_ws/install/learning_interface/share/learning_interface/environment/ament_prefix_path.dsv
[1.403s] -- Up-to-date: /home/zj/cx/learnros2/ros2_ws/install/learning_interface/share/learning_interface/environment/path.sh
[1.403s] -- Up-to-date: /home/zj/cx/learnros2/ros2_ws/install/learning_interface/share/learning_interface/environment/path.dsv
[1.403s] -- Up-to-date: /home/zj/cx/learnros2/ros2_ws/install/learning_interface/share/learning_interface/local_setup.bash
[1.403s] -- Up-to-date: /home/zj/cx/learnros2/ros2_ws/install/learning_interface/share/learning_interface/local_setup.sh
[1.403s] -- Up-to-date: /home/zj/cx/learnros2/ros2_ws/install/learning_interface/share/learning_interface/local_setup.zsh
[1.404s] -- Up-to-date: /home/zj/cx/learnros2/ros2_ws/install/learning_interface/share/learning_interface/local_setup.dsv
[1.404s] -- Installing: /home/zj/cx/learnros2/ros2_ws/install/learning_interface/share/learning_interface/package.dsv
[1.404s] -- Up-to-date: /home/zj/cx/learnros2/ros2_ws/install/learning_interface/share/ament_index/resource_index/packages/learning_interface
[1.404s] -- Up-to-date: /home/zj/cx/learnros2/ros2_ws/install/learning_interface/share/learning_interface/cmake/learning_interface__rosidl_generator_cExport.cmake
[1.404s] -- Up-to-date: /home/zj/cx/learnros2/ros2_ws/install/learning_interface/share/learning_interface/cmake/learning_interface__rosidl_generator_cExport-noconfig.cmake
[1.404s] -- Up-to-date: /home/zj/cx/learnros2/ros2_ws/install/learning_interface/share/learning_interface/cmake/learning_interface__rosidl_typesupport_introspection_cExport.cmake
[1.404s] -- Up-to-date: /home/zj/cx/learnros2/ros2_ws/install/learning_interface/share/learning_interface/cmake/learning_interface__rosidl_typesupport_introspection_cExport-noconfig.cmake
[1.404s] -- Up-to-date: /home/zj/cx/learnros2/ros2_ws/install/learning_interface/share/learning_interface/cmake/learning_interface__rosidl_typesupport_cExport.cmake
[1.404s] -- Up-to-date: /home/zj/cx/learnros2/ros2_ws/install/learning_interface/share/learning_interface/cmake/learning_interface__rosidl_typesupport_cExport-noconfig.cmake
[1.404s] -- Up-to-date: /home/zj/cx/learnros2/ros2_ws/install/learning_interface/share/learning_interface/cmake/learning_interface__rosidl_generator_cppExport.cmake
[1.404s] -- Up-to-date: /home/zj/cx/learnros2/ros2_ws/install/learning_interface/share/learning_interface/cmake/learning_interface__rosidl_typesupport_introspection_cppExport.cmake
[1.404s] -- Up-to-date: /home/zj/cx/learnros2/ros2_ws/install/learning_interface/share/learning_interface/cmake/learning_interface__rosidl_typesupport_introspection_cppExport-noconfig.cmake
[1.404s] -- Up-to-date: /home/zj/cx/learnros2/ros2_ws/install/learning_interface/share/learning_interface/cmake/learning_interface__rosidl_typesupport_cppExport.cmake
[1.404s] -- Up-to-date: /home/zj/cx/learnros2/ros2_ws/install/learning_interface/share/learning_interface/cmake/learning_interface__rosidl_typesupport_cppExport-noconfig.cmake
[1.404s] -- Up-to-date: /home/zj/cx/learnros2/ros2_ws/install/learning_interface/share/learning_interface/cmake/rosidl_cmake-extras.cmake
[1.404s] -- Up-to-date: /home/zj/cx/learnros2/ros2_ws/install/learning_interface/share/learning_interface/cmake/ament_cmake_export_dependencies-extras.cmake
[1.404s] -- Up-to-date: /home/zj/cx/learnros2/ros2_ws/install/learning_interface/share/learning_interface/cmake/ament_cmake_export_libraries-extras.cmake
[1.404s] -- Up-to-date: /home/zj/cx/learnros2/ros2_ws/install/learning_interface/share/learning_interface/cmake/ament_cmake_export_targets-extras.cmake
[1.404s] -- Up-to-date: /home/zj/cx/learnros2/ros2_ws/install/learning_interface/share/learning_interface/cmake/ament_cmake_export_include_directories-extras.cmake
[1.404s] -- Up-to-date: /home/zj/cx/learnros2/ros2_ws/install/learning_interface/share/learning_interface/cmake/rosidl_cmake_export_typesupport_libraries-extras.cmake
[1.405s] -- Up-to-date: /home/zj/cx/learnros2/ros2_ws/install/learning_interface/share/learning_interface/cmake/rosidl_cmake_export_typesupport_targets-extras.cmake
[1.405s] -- Up-to-date: /home/zj/cx/learnros2/ros2_ws/install/learning_interface/share/learning_interface/cmake/learning_interfaceConfig.cmake
[1.405s] -- Up-to-date: /home/zj/cx/learnros2/ros2_ws/install/learning_interface/share/learning_interface/cmake/learning_interfaceConfig-version.cmake
[1.405s] -- Up-to-date: /home/zj/cx/learnros2/ros2_ws/install/learning_interface/share/learning_interface/package.xml
[1.408s] Invoked command in '/home/zj/cx/learnros2/ros2_ws/build/learning_interface' returned '0': CMAKE_PREFIX_PATH=${CMAKE_PREFIX_PATH}:/home/zj/cx/learnros2/ros2_ws/install/learning_tf:/home/zj/cx/learnros2/ros2_ws/install/rtk:/home/zj/cx/learnros2/ros2_ws/install/python_parameters:/home/zj/cx/learnros2/ros2_ws/install/py_srvcli:/home/zj/cx/learnros2/ros2_ws/install/py_pubsub:/home/zj/cx/learnros2/ros2_ws/install/my_package:/home/zj/cx/learnros2/ros2_ws/install/learning_urdf:/home/zj/cx/learnros2/ros2_ws/install/learning_topic:/home/zj/cx/learnros2/ros2_ws/install/learning_service:/home/zj/cx/learnros2/ros2_ws/install/learning_qos:/home/zj/cx/learnros2/ros2_ws/install/learning_pkg_python:/home/zj/cx/learnros2/ros2_ws/install/learning_parameter:/home/zj/cx/learnros2/ros2_ws/install/learning_node:/home/zj/cx/learnros2/ros2_ws/install/learning_launch:/home/zj/cx/learnros2/ros2_ws/install/learning_action:/home/zj/cx/learnros2/ros2_ws/install/learning_gazebo:/opt/ros/foxy /usr/bin/cmake --install /home/zj/cx/learnros2/ros2_ws/build/learning_interface
