[0.586s] Invoking command in '/home/zj/ros2_ws/src/my_package': PYTHONPATH=/home/zj/ros2_ws/build/my_package/prefix_override:/home/zj/ros2_ws/install/my_package/lib/python3.8/site-packages:${PYTHONPATH} /usr/bin/python3 setup.py egg_info --egg-base ../../build/my_package build --build-base /home/zj/ros2_ws/build/my_package/build install --record /home/zj/ros2_ws/build/my_package/install.log --single-version-externally-managed
[0.794s] running egg_info
[0.795s] creating ../../build/my_package/my_package.egg-info
[0.795s] writing ../../build/my_package/my_package.egg-info/PKG-INFO
[0.795s] writing dependency_links to ../../build/my_package/my_package.egg-info/dependency_links.txt
[0.795s] writing entry points to ../../build/my_package/my_package.egg-info/entry_points.txt
[0.795s] writing requirements to ../../build/my_package/my_package.egg-info/requires.txt
[0.795s] writing top-level names to ../../build/my_package/my_package.egg-info/top_level.txt
[0.796s] writing manifest file '../../build/my_package/my_package.egg-info/SOURCES.txt'
[0.841s] reading manifest file '../../build/my_package/my_package.egg-info/SOURCES.txt'
[0.842s] writing manifest file '../../build/my_package/my_package.egg-info/SOURCES.txt'
[0.842s] running build
[0.842s] running build_py
[0.843s] creating /home/zj/ros2_ws/build/my_package/build
[0.843s] creating /home/zj/ros2_ws/build/my_package/build/lib
[0.843s] creating /home/zj/ros2_ws/build/my_package/build/lib/my_package
[0.843s] copying my_package/my_node.py -> /home/zj/ros2_ws/build/my_package/build/lib/my_package
[0.843s] copying my_package/__init__.py -> /home/zj/ros2_ws/build/my_package/build/lib/my_package
[0.843s] running install
[0.844s] running install_lib
[0.844s] creating /home/zj/ros2_ws/install/my_package/lib/python3.8/site-packages/my_package
[0.844s] copying /home/zj/ros2_ws/build/my_package/build/lib/my_package/my_node.py -> /home/zj/ros2_ws/install/my_package/lib/python3.8/site-packages/my_package
[0.844s] copying /home/zj/ros2_ws/build/my_package/build/lib/my_package/__init__.py -> /home/zj/ros2_ws/install/my_package/lib/python3.8/site-packages/my_package
[0.845s] byte-compiling /home/zj/ros2_ws/install/my_package/lib/python3.8/site-packages/my_package/my_node.py to my_node.cpython-38.pyc
[0.845s] byte-compiling /home/zj/ros2_ws/install/my_package/lib/python3.8/site-packages/my_package/__init__.py to __init__.cpython-38.pyc
[0.845s] running install_data
[0.846s] creating /home/zj/ros2_ws/install/my_package/share/ament_index
[0.846s] creating /home/zj/ros2_ws/install/my_package/share/ament_index/resource_index
[0.846s] creating /home/zj/ros2_ws/install/my_package/share/ament_index/resource_index/packages
[0.846s] copying resource/my_package -> /home/zj/ros2_ws/install/my_package/share/ament_index/resource_index/packages
[0.847s] copying package.xml -> /home/zj/ros2_ws/install/my_package/share/my_package
[0.847s] running install_egg_info
[0.847s] Copying ../../build/my_package/my_package.egg-info to /home/zj/ros2_ws/install/my_package/lib/python3.8/site-packages/my_package-0.0.0-py3.8.egg-info
[0.848s] running install_scripts
[0.860s] Installing my_node script to /home/zj/ros2_ws/install/my_package/lib/my_package
[0.861s] writing list of installed files to '/home/zj/ros2_ws/build/my_package/install.log'
[0.880s] Invoked command in '/home/zj/ros2_ws/src/my_package' returned '0': PYTHONPATH=/home/zj/ros2_ws/build/my_package/prefix_override:/home/zj/ros2_ws/install/my_package/lib/python3.8/site-packages:${PYTHONPATH} /usr/bin/python3 setup.py egg_info --egg-base ../../build/my_package build --build-base /home/zj/ros2_ws/build/my_package/build install --record /home/zj/ros2_ws/build/my_package/install.log --single-version-externally-managed
