[0.056s] Invoking command in '/home/zj/cx/learnros2/ros2_ws/build/learning_interface': CMAKE_PREFIX_PATH=/opt/ros/foxy /usr/bin/cmake /home/zj/cx/learnros2/ros2_ws/src/learning_interface -DCMAKE_INSTALL_PREFIX=/home/zj/cx/learnros2/ros2_ws/install/learning_interface
[0.942s] -- The C compiler identification is GNU 9.4.0
[1.543s] -- The CXX compiler identification is GNU 9.4.0
[1.599s] -- Check for working C compiler: /usr/bin/cc
[1.736s] -- Check for working C compiler: /usr/bin/cc -- works
[1.759s] -- Detecting C compiler ABI info
[1.860s] -- Detecting C compiler ABI info - done
[1.877s] -- Detecting C compile features
[1.878s] -- Detecting C compile features - done
[1.923s] -- Check for working CXX compiler: /usr/bin/c++
[1.997s] -- Check for working CXX compiler: /usr/bin/c++ -- works
[1.998s] -- Detecting CXX compiler ABI info
[2.074s] -- Detecting CXX compiler ABI info - done
[2.083s] -- Detecting CXX compile features
[2.083s] -- Detecting CXX compile features - done
[2.114s] -- Found ament_cmake: 0.9.12 (/opt/ros/foxy/share/ament_cmake/cmake)
[2.189s] -- Found PythonInterp: /usr/bin/python3 (found suitable version "3.8.10", minimum required is "3") 
[2.189s] -- Using PYTHON_EXECUTABLE: /usr/bin/python3
[2.576s] -- Found rosidl_default_generators: 1.0.1 (/opt/ros/foxy/share/rosidl_default_generators/cmake)
[2.614s] -- Using all available rosidl_typesupport_c: rosidl_typesupport_fastrtps_c;rosidl_typesupport_introspection_c
[2.643s] -- Found rosidl_adapter: 1.3.1 (/opt/ros/foxy/share/rosidl_adapter/cmake)
[3.039s] -- Found OpenSSL: /usr/lib/x86_64-linux-gnu/libcrypto.so (found version "1.1.1f")  
[3.111s] -- Found FastRTPS: /opt/ros/foxy/include  
[3.658s] -- Using all available rosidl_typesupport_cpp: rosidl_typesupport_fastrtps_cpp;rosidl_typesupport_introspection_cpp
[3.945s] -- Found PythonInterp: /usr/bin/python3 (found version "3.8.10") 
[4.994s] -- Found ament_cmake_ros: 0.9.2 (/opt/ros/foxy/share/ament_cmake_ros/cmake)
[5.290s] -- Using all available rosidl_typesupport_c: rosidl_typesupport_fastrtps_c;rosidl_typesupport_introspection_c
[5.416s] -- Using all available rosidl_typesupport_cpp: rosidl_typesupport_fastrtps_cpp;rosidl_typesupport_introspection_cpp
[5.458s] -- Found PythonInterp: /usr/bin/python3 (found suitable version "3.8.10", minimum required is "3.5") 
[5.470s] -- Found python_cmake_module: 0.8.1 (/opt/ros/foxy/share/python_cmake_module/cmake)
[5.551s] -- Found PythonLibs: /usr/lib/x86_64-linux-gnu/libpython3.8.so (found suitable version "3.8.10", minimum required is "3.5") 
[5.551s] -- Using PYTHON_EXECUTABLE: /usr/bin/python3
[5.551s] -- Using PYTHON_INCLUDE_DIRS: /usr/include/python3.8
[5.552s] -- Using PYTHON_LIBRARIES: /usr/lib/x86_64-linux-gnu/libpython3.8.so
[5.571s] -- Found PythonExtra: .so  
[5.659s] -- Found ament_lint_auto: 0.9.8 (/opt/ros/foxy/share/ament_lint_auto/cmake)
[5.775s] -- Added test 'copyright' to check source files copyright and LICENSE
[5.789s] -- Added test 'lint_cmake' to check CMake code style
[5.791s] -- Added test 'xmllint' to check XML markup files
[5.798s] -- Configuring done
[5.890s] -- Generating done
[5.892s] -- Build files have been written to: /home/zj/cx/learnros2/ros2_ws/build/learning_interface
[5.898s] Invoked command in '/home/zj/cx/learnros2/ros2_ws/build/learning_interface' returned '0': CMAKE_PREFIX_PATH=/opt/ros/foxy /usr/bin/cmake /home/zj/cx/learnros2/ros2_ws/src/learning_interface -DCMAKE_INSTALL_PREFIX=/home/zj/cx/learnros2/ros2_ws/install/learning_interface
[5.899s] Invoking command in '/home/zj/cx/learnros2/ros2_ws/build/learning_interface': CMAKE_PREFIX_PATH=/opt/ros/foxy /usr/bin/cmake --build /home/zj/cx/learnros2/ros2_ws/build/learning_interface -- -j20 -l20
[5.924s] [35m[1mScanning dependencies of target learning_interface__cpp[0m
[5.924s] [  1%] [34m[1mGenerating C code for ROS interfaces[0m
[5.934s] [  3%] [34m[1mGenerating C++ code for ROS interfaces[0m
[6.677s] [35m[1mScanning dependencies of target learning_interface__rosidl_generator_c[0m
[6.705s] [ 10%] [32mBuilding C object CMakeFiles/learning_interface__rosidl_generator_c.dir/rosidl_generator_c/learning_interface/srv/detail/get_object_position__functions.c.o[0m
[6.705s] [ 10%] [32mBuilding C object CMakeFiles/learning_interface__rosidl_generator_c.dir/rosidl_generator_c/learning_interface/action/detail/move_circle__functions.c.o[0m
[6.705s] [ 10%] [32mBuilding C object CMakeFiles/learning_interface__rosidl_generator_c.dir/rosidl_generator_c/learning_interface/srv/detail/add_two_ints__functions.c.o[0m
[6.705s] [ 10%] [32mBuilding C object CMakeFiles/learning_interface__rosidl_generator_c.dir/rosidl_generator_c/learning_interface/msg/detail/object_position__functions.c.o[0m
[6.716s] [ 10%] Built target learning_interface__cpp
[6.722s] [ 16%] [34m[1mGenerating C++ introspection for ROS interfaces[0m
[6.722s] [ 16%] [34m[1mGenerating C++ type support for eProsima Fast-RTPS[0m
[6.722s] [ 16%] [34m[1mGenerating C++ type support dispatch for ROS interfaces[0m
[6.878s] [ 18%] [32m[1mLinking C shared library liblearning_interface__rosidl_generator_c.so[0m
[6.923s] [ 18%] Built target learning_interface__rosidl_generator_c
[6.929s] [ 20%] [34m[1mGenerating C introspection for ROS interfaces[0m
[6.929s] [ 21%] [34m[1mGenerating C type support dispatch for ROS interfaces[0m
[6.980s] [35m[1mScanning dependencies of target learning_interface__rosidl_typesupport_cpp[0m
[7.013s] [ 23%] [32mBuilding CXX object CMakeFiles/learning_interface__rosidl_typesupport_cpp.dir/rosidl_typesupport_cpp/learning_interface/msg/object_position__type_support.cpp.o[0m
[7.014s] [ 25%] [32mBuilding CXX object CMakeFiles/learning_interface__rosidl_typesupport_cpp.dir/rosidl_typesupport_cpp/learning_interface/srv/add_two_ints__type_support.cpp.o[0m
[7.015s] [ 27%] [32mBuilding CXX object CMakeFiles/learning_interface__rosidl_typesupport_cpp.dir/rosidl_typesupport_cpp/learning_interface/action/move_circle__type_support.cpp.o[0m
[7.015s] [ 29%] [32mBuilding CXX object CMakeFiles/learning_interface__rosidl_typesupport_cpp.dir/rosidl_typesupport_cpp/learning_interface/srv/get_object_position__type_support.cpp.o[0m
[7.020s] [35m[1mScanning dependencies of target learning_interface__rosidl_typesupport_introspection_cpp[0m
[7.034s] [ 32%] [32mBuilding CXX object CMakeFiles/learning_interface__rosidl_typesupport_introspection_cpp.dir/rosidl_typesupport_introspection_cpp/learning_interface/msg/detail/object_position__type_support.cpp.o[0m
[7.034s] [ 32%] [32mBuilding CXX object CMakeFiles/learning_interface__rosidl_typesupport_introspection_cpp.dir/rosidl_typesupport_introspection_cpp/learning_interface/srv/detail/get_object_position__type_support.cpp.o[0m
[7.034s] [ 34%] [32mBuilding CXX object CMakeFiles/learning_interface__rosidl_typesupport_introspection_cpp.dir/rosidl_typesupport_introspection_cpp/learning_interface/action/detail/move_circle__type_support.cpp.o[0m
[7.035s] [ 36%] [32mBuilding CXX object CMakeFiles/learning_interface__rosidl_typesupport_introspection_cpp.dir/rosidl_typesupport_introspection_cpp/learning_interface/srv/detail/add_two_ints__type_support.cpp.o[0m
[7.076s] [35m[1mScanning dependencies of target learning_interface__rosidl_typesupport_fastrtps_cpp[0m
[7.129s] [ 38%] [32mBuilding CXX object CMakeFiles/learning_interface__rosidl_typesupport_fastrtps_cpp.dir/rosidl_typesupport_fastrtps_cpp/learning_interface/msg/detail/dds_fastrtps/object_position__type_support.cpp.o[0m
[7.129s] [ 41%] [32mBuilding CXX object CMakeFiles/learning_interface__rosidl_typesupport_fastrtps_cpp.dir/rosidl_typesupport_fastrtps_cpp/learning_interface/srv/detail/dds_fastrtps/add_two_ints__type_support.cpp.o[0m
[7.129s] [ 41%] [32mBuilding CXX object CMakeFiles/learning_interface__rosidl_typesupport_fastrtps_cpp.dir/rosidl_typesupport_fastrtps_cpp/learning_interface/srv/detail/dds_fastrtps/get_object_position__type_support.cpp.o[0m
[7.129s] [ 43%] [32mBuilding CXX object CMakeFiles/learning_interface__rosidl_typesupport_fastrtps_cpp.dir/rosidl_typesupport_fastrtps_cpp/learning_interface/action/detail/dds_fastrtps/move_circle__type_support.cpp.o[0m
[7.198s] [35m[1mScanning dependencies of target learning_interface__rosidl_typesupport_c[0m
[7.218s] [ 49%] [32mBuilding CXX object CMakeFiles/learning_interface__rosidl_typesupport_c.dir/rosidl_typesupport_c/learning_interface/srv/get_object_position__type_support.cpp.o[0m
[7.218s] [ 49%] [32mBuilding CXX object CMakeFiles/learning_interface__rosidl_typesupport_c.dir/rosidl_typesupport_c/learning_interface/action/move_circle__type_support.cpp.o[0m
[7.218s] [ 49%] [32mBuilding CXX object CMakeFiles/learning_interface__rosidl_typesupport_c.dir/rosidl_typesupport_c/learning_interface/msg/object_position__type_support.cpp.o[0m
[7.218s] [ 50%] [32mBuilding CXX object CMakeFiles/learning_interface__rosidl_typesupport_c.dir/rosidl_typesupport_c/learning_interface/srv/add_two_ints__type_support.cpp.o[0m
[7.237s] [35m[1mScanning dependencies of target learning_interface__rosidl_typesupport_introspection_c[0m
[7.270s] [ 52%] [32m[1mLinking CXX shared library liblearning_interface__rosidl_typesupport_c.so[0m
[7.274s] [ 56%] [32mBuilding C object CMakeFiles/learning_interface__rosidl_typesupport_introspection_c.dir/rosidl_typesupport_introspection_c/learning_interface/action/detail/move_circle__type_support.c.o[0m
[7.274s] [ 56%] [32mBuilding C object CMakeFiles/learning_interface__rosidl_typesupport_introspection_c.dir/rosidl_typesupport_introspection_c/learning_interface/srv/detail/get_object_position__type_support.c.o[0m
[7.275s] [ 60%] [32mBuilding C object CMakeFiles/learning_interface__rosidl_typesupport_introspection_c.dir/rosidl_typesupport_introspection_c/learning_interface/srv/detail/add_two_ints__type_support.c.o[0m
[7.275s] [ 60%] [32mBuilding C object CMakeFiles/learning_interface__rosidl_typesupport_introspection_c.dir/rosidl_typesupport_introspection_c/learning_interface/msg/detail/object_position__type_support.c.o[0m
[7.297s] [ 60%] Built target learning_interface__rosidl_typesupport_c
[7.307s] [ 61%] [32m[1mLinking C shared library liblearning_interface__rosidl_typesupport_introspection_c.so[0m
[7.320s] [ 63%] [32m[1mLinking CXX shared library liblearning_interface__rosidl_typesupport_cpp.so[0m
[7.332s] [ 63%] Built target learning_interface__rosidl_typesupport_introspection_c
[7.350s] [ 63%] Built target learning_interface__rosidl_typesupport_cpp
[7.354s] [ 65%] [32m[1mLinking CXX shared library liblearning_interface__rosidl_typesupport_introspection_cpp.so[0m
[7.395s] [ 65%] Built target learning_interface__rosidl_typesupport_introspection_cpp
[7.497s] [ 67%] [32m[1mLinking CXX shared library liblearning_interface__rosidl_typesupport_fastrtps_cpp.so[0m
[7.651s] [ 67%] Built target learning_interface__rosidl_typesupport_fastrtps_cpp
[7.656s] [ 69%] [34m[1mGenerating C type support for eProsima Fast-RTPS[0m
[8.022s] [35m[1mScanning dependencies of target learning_interface__rosidl_typesupport_fastrtps_c[0m
[8.073s] [ 70%] [32mBuilding CXX object CMakeFiles/learning_interface__rosidl_typesupport_fastrtps_c.dir/rosidl_typesupport_fastrtps_c/learning_interface/msg/detail/object_position__type_support_c.cpp.o[0m
[8.073s] [ 72%] [32mBuilding CXX object CMakeFiles/learning_interface__rosidl_typesupport_fastrtps_c.dir/rosidl_typesupport_fastrtps_c/learning_interface/srv/detail/add_two_ints__type_support_c.cpp.o[0m
[8.073s] [ 74%] [32mBuilding CXX object CMakeFiles/learning_interface__rosidl_typesupport_fastrtps_c.dir/rosidl_typesupport_fastrtps_c/learning_interface/action/detail/move_circle__type_support_c.cpp.o[0m
[8.073s] [ 76%] [32mBuilding CXX object CMakeFiles/learning_interface__rosidl_typesupport_fastrtps_c.dir/rosidl_typesupport_fastrtps_c/learning_interface/srv/detail/get_object_position__type_support_c.cpp.o[0m
[8.277s] [ 78%] [32m[1mLinking CXX shared library liblearning_interface__rosidl_typesupport_fastrtps_c.so[0m
[8.352s] [ 78%] Built target learning_interface__rosidl_typesupport_fastrtps_c
[8.357s] [35m[1mScanning dependencies of target learning_interface[0m
[8.362s] [ 78%] Built target learning_interface
[8.369s] [35m[1mScanning dependencies of target learning_interface__py[0m
[8.377s] [ 80%] [34m[1mGenerating Python code for ROS interfaces[0m
[10.516s] [ 80%] Built target learning_interface__py
[10.527s] [35m[1mScanning dependencies of target learning_interface__python[0m
[10.633s] [ 81%] [32mBuilding C object CMakeFiles/learning_interface__python.dir/rosidl_generator_py/learning_interface/msg/_object_position_s.c.o[0m
[10.633s] [ 83%] [32mBuilding C object CMakeFiles/learning_interface__python.dir/rosidl_generator_py/learning_interface/srv/_add_two_ints_s.c.o[0m
[10.633s] [ 85%] [32mBuilding C object CMakeFiles/learning_interface__python.dir/rosidl_generator_py/learning_interface/srv/_get_object_position_s.c.o[0m
[10.633s] [ 87%] [32mBuilding C object CMakeFiles/learning_interface__python.dir/rosidl_generator_py/learning_interface/action/_move_circle_s.c.o[0m
[10.851s] [ 89%] [32m[1mLinking C shared library rosidl_generator_py/learning_interface/liblearning_interface__python.so[0m
[10.885s] [ 89%] Built target learning_interface__python
[10.890s] [35m[1mScanning dependencies of target learning_interface__rosidl_typesupport_introspection_c__pyext[0m
[10.891s] [35m[1mScanning dependencies of target learning_interface__rosidl_typesupport_c__pyext[0m
[10.891s] [35m[1mScanning dependencies of target learning_interface__rosidl_typesupport_fastrtps_c__pyext[0m
[10.911s] [ 92%] [32mBuilding C object CMakeFiles/learning_interface__rosidl_typesupport_c__pyext.dir/rosidl_generator_py/learning_interface/_learning_interface_s.ep.rosidl_typesupport_c.c.o[0m
[10.911s] [ 92%] [32mBuilding C object CMakeFiles/learning_interface__rosidl_typesupport_introspection_c__pyext.dir/rosidl_generator_py/learning_interface/_learning_interface_s.ep.rosidl_typesupport_introspection_c.c.o[0m
[10.912s] [ 94%] [32mBuilding C object CMakeFiles/learning_interface__rosidl_typesupport_fastrtps_c__pyext.dir/rosidl_generator_py/learning_interface/_learning_interface_s.ep.rosidl_typesupport_fastrtps_c.c.o[0m
[10.981s] [ 96%] [32m[1mLinking C shared library rosidl_generator_py/learning_interface/learning_interface_s__rosidl_typesupport_c.cpython-38-x86_64-linux-gnu.so[0m
[10.983s] [ 98%] [32m[1mLinking CXX shared library rosidl_generator_py/learning_interface/learning_interface_s__rosidl_typesupport_fastrtps_c.cpython-38-x86_64-linux-gnu.so[0m
[10.984s] [100%] [32m[1mLinking C shared library rosidl_generator_py/learning_interface/learning_interface_s__rosidl_typesupport_introspection_c.cpython-38-x86_64-linux-gnu.so[0m
[11.002s] [100%] Built target learning_interface__rosidl_typesupport_c__pyext
[11.004s] [100%] Built target learning_interface__rosidl_typesupport_introspection_c__pyext
[11.018s] [100%] Built target learning_interface__rosidl_typesupport_fastrtps_c__pyext
[11.030s] Invoked command in '/home/zj/cx/learnros2/ros2_ws/build/learning_interface' returned '0': CMAKE_PREFIX_PATH=/opt/ros/foxy /usr/bin/cmake --build /home/zj/cx/learnros2/ros2_ws/build/learning_interface -- -j20 -l20
[11.086s] Invoking command in '/home/zj/cx/learnros2/ros2_ws/build/learning_interface': CMAKE_PREFIX_PATH=/opt/ros/foxy /usr/bin/cmake --install /home/zj/cx/learnros2/ros2_ws/build/learning_interface
[11.090s] -- Install configuration: ""
[11.090s] -- Installing: /home/zj/cx/learnros2/ros2_ws/install/learning_interface/share/ament_index/resource_index/rosidl_interfaces/learning_interface
[11.091s] -- Installing: /home/zj/cx/learnros2/ros2_ws/install/learning_interface/include/learning_interface
[11.091s] -- Installing: /home/zj/cx/learnros2/ros2_ws/install/learning_interface/include/learning_interface/srv
[11.091s] -- Installing: /home/zj/cx/learnros2/ros2_ws/install/learning_interface/include/learning_interface/srv/get_object_position.h
[11.091s] -- Installing: /home/zj/cx/learnros2/ros2_ws/install/learning_interface/include/learning_interface/srv/detail
[11.091s] -- Installing: /home/zj/cx/learnros2/ros2_ws/install/learning_interface/include/learning_interface/srv/detail/add_two_ints__type_support.h
[11.091s] -- Installing: /home/zj/cx/learnros2/ros2_ws/install/learning_interface/include/learning_interface/srv/detail/get_object_position__functions.c
[11.091s] -- Installing: /home/zj/cx/learnros2/ros2_ws/install/learning_interface/include/learning_interface/srv/detail/get_object_position__struct.h
[11.091s] -- Installing: /home/zj/cx/learnros2/ros2_ws/install/learning_interface/include/learning_interface/srv/detail/add_two_ints__struct.h
[11.091s] -- Installing: /home/zj/cx/learnros2/ros2_ws/install/learning_interface/include/learning_interface/srv/detail/add_two_ints__functions.h
[11.091s] -- Installing: /home/zj/cx/learnros2/ros2_ws/install/learning_interface/include/learning_interface/srv/detail/add_two_ints__functions.c
[11.091s] -- Installing: /home/zj/cx/learnros2/ros2_ws/install/learning_interface/include/learning_interface/srv/detail/get_object_position__type_support.h
[11.091s] -- Installing: /home/zj/cx/learnros2/ros2_ws/install/learning_interface/include/learning_interface/srv/detail/get_object_position__functions.h
[11.091s] -- Installing: /home/zj/cx/learnros2/ros2_ws/install/learning_interface/include/learning_interface/srv/add_two_ints.h
[11.091s] -- Installing: /home/zj/cx/learnros2/ros2_ws/install/learning_interface/include/learning_interface/action
[11.091s] -- Installing: /home/zj/cx/learnros2/ros2_ws/install/learning_interface/include/learning_interface/action/detail
[11.091s] -- Installing: /home/zj/cx/learnros2/ros2_ws/install/learning_interface/include/learning_interface/action/detail/move_circle__struct.h
[11.091s] -- Installing: /home/zj/cx/learnros2/ros2_ws/install/learning_interface/include/learning_interface/action/detail/move_circle__type_support.h
[11.091s] -- Installing: /home/zj/cx/learnros2/ros2_ws/install/learning_interface/include/learning_interface/action/detail/move_circle__functions.h
[11.091s] -- Installing: /home/zj/cx/learnros2/ros2_ws/install/learning_interface/include/learning_interface/action/detail/move_circle__functions.c
[11.091s] -- Installing: /home/zj/cx/learnros2/ros2_ws/install/learning_interface/include/learning_interface/action/move_circle.h
[11.091s] -- Installing: /home/zj/cx/learnros2/ros2_ws/install/learning_interface/include/learning_interface/msg
[11.091s] -- Installing: /home/zj/cx/learnros2/ros2_ws/install/learning_interface/include/learning_interface/msg/object_position.h
[11.091s] -- Installing: /home/zj/cx/learnros2/ros2_ws/install/learning_interface/include/learning_interface/msg/detail
[11.091s] -- Installing: /home/zj/cx/learnros2/ros2_ws/install/learning_interface/include/learning_interface/msg/detail/object_position__functions.h
[11.092s] -- Installing: /home/zj/cx/learnros2/ros2_ws/install/learning_interface/include/learning_interface/msg/detail/object_position__struct.h
[11.092s] -- Installing: /home/zj/cx/learnros2/ros2_ws/install/learning_interface/include/learning_interface/msg/detail/object_position__functions.c
[11.092s] -- Installing: /home/zj/cx/learnros2/ros2_ws/install/learning_interface/include/learning_interface/msg/detail/object_position__type_support.h
[11.092s] -- Installing: /home/zj/cx/learnros2/ros2_ws/install/learning_interface/include/learning_interface/msg/rosidl_generator_c__visibility_control.h
[11.092s] -- Installing: /home/zj/cx/learnros2/ros2_ws/install/learning_interface/share/learning_interface/environment/library_path.sh
[11.092s] -- Installing: /home/zj/cx/learnros2/ros2_ws/install/learning_interface/share/learning_interface/environment/library_path.dsv
[11.092s] -- Installing: /home/zj/cx/learnros2/ros2_ws/install/learning_interface/lib/liblearning_interface__rosidl_generator_c.so
[11.092s] -- Set runtime path of "/home/zj/cx/learnros2/ros2_ws/install/learning_interface/lib/liblearning_interface__rosidl_generator_c.so" to ""
[11.092s] -- Up-to-date: /home/zj/cx/learnros2/ros2_ws/install/learning_interface/include/learning_interface
[11.092s] -- Up-to-date: /home/zj/cx/learnros2/ros2_ws/install/learning_interface/include/learning_interface/srv
[11.092s] -- Up-to-date: /home/zj/cx/learnros2/ros2_ws/install/learning_interface/include/learning_interface/srv/detail
[11.092s] -- Installing: /home/zj/cx/learnros2/ros2_ws/install/learning_interface/include/learning_interface/srv/detail/add_two_ints__rosidl_typesupport_fastrtps_c.h
[11.092s] -- Installing: /home/zj/cx/learnros2/ros2_ws/install/learning_interface/include/learning_interface/srv/detail/get_object_position__rosidl_typesupport_fastrtps_c.h
[11.092s] -- Up-to-date: /home/zj/cx/learnros2/ros2_ws/install/learning_interface/include/learning_interface/action
[11.092s] -- Up-to-date: /home/zj/cx/learnros2/ros2_ws/install/learning_interface/include/learning_interface/action/detail
[11.092s] -- Installing: /home/zj/cx/learnros2/ros2_ws/install/learning_interface/include/learning_interface/action/detail/move_circle__rosidl_typesupport_fastrtps_c.h
[11.092s] -- Up-to-date: /home/zj/cx/learnros2/ros2_ws/install/learning_interface/include/learning_interface/msg
[11.092s] -- Up-to-date: /home/zj/cx/learnros2/ros2_ws/install/learning_interface/include/learning_interface/msg/detail
[11.092s] -- Installing: /home/zj/cx/learnros2/ros2_ws/install/learning_interface/include/learning_interface/msg/detail/object_position__rosidl_typesupport_fastrtps_c.h
[11.092s] -- Installing: /home/zj/cx/learnros2/ros2_ws/install/learning_interface/include/learning_interface/msg/rosidl_typesupport_fastrtps_c__visibility_control.h
[11.092s] -- Installing: /home/zj/cx/learnros2/ros2_ws/install/learning_interface/lib/liblearning_interface__rosidl_typesupport_fastrtps_c.so
[11.092s] -- Set runtime path of "/home/zj/cx/learnros2/ros2_ws/install/learning_interface/lib/liblearning_interface__rosidl_typesupport_fastrtps_c.so" to ""
[11.092s] -- Up-to-date: /home/zj/cx/learnros2/ros2_ws/install/learning_interface/include/learning_interface
[11.092s] -- Up-to-date: /home/zj/cx/learnros2/ros2_ws/install/learning_interface/include/learning_interface/srv
[11.092s] -- Up-to-date: /home/zj/cx/learnros2/ros2_ws/install/learning_interface/include/learning_interface/srv/detail
[11.092s] -- Installing: /home/zj/cx/learnros2/ros2_ws/install/learning_interface/include/learning_interface/srv/detail/add_two_ints__rosidl_typesupport_fastrtps_cpp.hpp
[11.092s] -- Installing: /home/zj/cx/learnros2/ros2_ws/install/learning_interface/include/learning_interface/srv/detail/get_object_position__rosidl_typesupport_fastrtps_cpp.hpp
[11.093s] -- Installing: /home/zj/cx/learnros2/ros2_ws/install/learning_interface/include/learning_interface/srv/detail/dds_fastrtps
[11.093s] -- Up-to-date: /home/zj/cx/learnros2/ros2_ws/install/learning_interface/include/learning_interface/action
[11.093s] -- Up-to-date: /home/zj/cx/learnros2/ros2_ws/install/learning_interface/include/learning_interface/action/detail
[11.093s] -- Installing: /home/zj/cx/learnros2/ros2_ws/install/learning_interface/include/learning_interface/action/detail/move_circle__rosidl_typesupport_fastrtps_cpp.hpp
[11.093s] -- Installing: /home/zj/cx/learnros2/ros2_ws/install/learning_interface/include/learning_interface/action/detail/dds_fastrtps
[11.093s] -- Up-to-date: /home/zj/cx/learnros2/ros2_ws/install/learning_interface/include/learning_interface/msg
[11.093s] -- Up-to-date: /home/zj/cx/learnros2/ros2_ws/install/learning_interface/include/learning_interface/msg/detail
[11.093s] -- Installing: /home/zj/cx/learnros2/ros2_ws/install/learning_interface/include/learning_interface/msg/detail/dds_fastrtps
[11.093s] -- Installing: /home/zj/cx/learnros2/ros2_ws/install/learning_interface/include/learning_interface/msg/detail/object_position__rosidl_typesupport_fastrtps_cpp.hpp
[11.093s] -- Installing: /home/zj/cx/learnros2/ros2_ws/install/learning_interface/include/learning_interface/msg/rosidl_typesupport_fastrtps_cpp__visibility_control.h
[11.093s] -- Installing: /home/zj/cx/learnros2/ros2_ws/install/learning_interface/lib/liblearning_interface__rosidl_typesupport_fastrtps_cpp.so
[11.093s] -- Set runtime path of "/home/zj/cx/learnros2/ros2_ws/install/learning_interface/lib/liblearning_interface__rosidl_typesupport_fastrtps_cpp.so" to ""
[11.093s] -- Up-to-date: /home/zj/cx/learnros2/ros2_ws/install/learning_interface/include/learning_interface
[11.093s] -- Up-to-date: /home/zj/cx/learnros2/ros2_ws/install/learning_interface/include/learning_interface/srv
[11.093s] -- Up-to-date: /home/zj/cx/learnros2/ros2_ws/install/learning_interface/include/learning_interface/srv/detail
[11.093s] -- Installing: /home/zj/cx/learnros2/ros2_ws/install/learning_interface/include/learning_interface/srv/detail/add_two_ints__type_support.c
[11.093s] -- Installing: /home/zj/cx/learnros2/ros2_ws/install/learning_interface/include/learning_interface/srv/detail/get_object_position__rosidl_typesupport_introspection_c.h
[11.093s] -- Installing: /home/zj/cx/learnros2/ros2_ws/install/learning_interface/include/learning_interface/srv/detail/add_two_ints__rosidl_typesupport_introspection_c.h
[11.093s] -- Installing: /home/zj/cx/learnros2/ros2_ws/install/learning_interface/include/learning_interface/srv/detail/get_object_position__type_support.c
[11.093s] -- Up-to-date: /home/zj/cx/learnros2/ros2_ws/install/learning_interface/include/learning_interface/action
[11.093s] -- Up-to-date: /home/zj/cx/learnros2/ros2_ws/install/learning_interface/include/learning_interface/action/detail
[11.093s] -- Installing: /home/zj/cx/learnros2/ros2_ws/install/learning_interface/include/learning_interface/action/detail/move_circle__rosidl_typesupport_introspection_c.h
[11.093s] -- Installing: /home/zj/cx/learnros2/ros2_ws/install/learning_interface/include/learning_interface/action/detail/move_circle__type_support.c
[11.093s] -- Up-to-date: /home/zj/cx/learnros2/ros2_ws/install/learning_interface/include/learning_interface/msg
[11.093s] -- Up-to-date: /home/zj/cx/learnros2/ros2_ws/install/learning_interface/include/learning_interface/msg/detail
[11.093s] -- Installing: /home/zj/cx/learnros2/ros2_ws/install/learning_interface/include/learning_interface/msg/detail/object_position__rosidl_typesupport_introspection_c.h
[11.093s] -- Installing: /home/zj/cx/learnros2/ros2_ws/install/learning_interface/include/learning_interface/msg/detail/object_position__type_support.c
[11.093s] -- Installing: /home/zj/cx/learnros2/ros2_ws/install/learning_interface/include/learning_interface/msg/rosidl_typesupport_introspection_c__visibility_control.h
[11.093s] -- Installing: /home/zj/cx/learnros2/ros2_ws/install/learning_interface/lib/liblearning_interface__rosidl_typesupport_introspection_c.so
[11.094s] -- Set runtime path of "/home/zj/cx/learnros2/ros2_ws/install/learning_interface/lib/liblearning_interface__rosidl_typesupport_introspection_c.so" to ""
[11.094s] -- Installing: /home/zj/cx/learnros2/ros2_ws/install/learning_interface/lib/liblearning_interface__rosidl_typesupport_c.so
[11.094s] -- Set runtime path of "/home/zj/cx/learnros2/ros2_ws/install/learning_interface/lib/liblearning_interface__rosidl_typesupport_c.so" to ""
[11.094s] -- Up-to-date: /home/zj/cx/learnros2/ros2_ws/install/learning_interface/include/learning_interface
[11.094s] -- Up-to-date: /home/zj/cx/learnros2/ros2_ws/install/learning_interface/include/learning_interface/srv
[11.094s] -- Installing: /home/zj/cx/learnros2/ros2_ws/install/learning_interface/include/learning_interface/srv/add_two_ints.hpp
[11.094s] -- Up-to-date: /home/zj/cx/learnros2/ros2_ws/install/learning_interface/include/learning_interface/srv/detail
[11.094s] -- Installing: /home/zj/cx/learnros2/ros2_ws/install/learning_interface/include/learning_interface/srv/detail/add_two_ints__type_support.hpp
[11.094s] -- Installing: /home/zj/cx/learnros2/ros2_ws/install/learning_interface/include/learning_interface/srv/detail/add_two_ints__builder.hpp
[11.094s] -- Installing: /home/zj/cx/learnros2/ros2_ws/install/learning_interface/include/learning_interface/srv/detail/get_object_position__builder.hpp
[11.094s] -- Installing: /home/zj/cx/learnros2/ros2_ws/install/learning_interface/include/learning_interface/srv/detail/get_object_position__struct.hpp
[11.094s] -- Installing: /home/zj/cx/learnros2/ros2_ws/install/learning_interface/include/learning_interface/srv/detail/get_object_position__type_support.hpp
[11.094s] -- Installing: /home/zj/cx/learnros2/ros2_ws/install/learning_interface/include/learning_interface/srv/detail/get_object_position__traits.hpp
[11.094s] -- Installing: /home/zj/cx/learnros2/ros2_ws/install/learning_interface/include/learning_interface/srv/detail/add_two_ints__struct.hpp
[11.094s] -- Installing: /home/zj/cx/learnros2/ros2_ws/install/learning_interface/include/learning_interface/srv/detail/add_two_ints__traits.hpp
[11.094s] -- Installing: /home/zj/cx/learnros2/ros2_ws/install/learning_interface/include/learning_interface/srv/get_object_position.hpp
[11.094s] -- Up-to-date: /home/zj/cx/learnros2/ros2_ws/install/learning_interface/include/learning_interface/action
[11.094s] -- Up-to-date: /home/zj/cx/learnros2/ros2_ws/install/learning_interface/include/learning_interface/action/detail
[11.094s] -- Installing: /home/zj/cx/learnros2/ros2_ws/install/learning_interface/include/learning_interface/action/detail/move_circle__builder.hpp
[11.094s] -- Installing: /home/zj/cx/learnros2/ros2_ws/install/learning_interface/include/learning_interface/action/detail/move_circle__type_support.hpp
[11.094s] -- Installing: /home/zj/cx/learnros2/ros2_ws/install/learning_interface/include/learning_interface/action/detail/move_circle__traits.hpp
[11.094s] -- Installing: /home/zj/cx/learnros2/ros2_ws/install/learning_interface/include/learning_interface/action/detail/move_circle__struct.hpp
[11.094s] -- Installing: /home/zj/cx/learnros2/ros2_ws/install/learning_interface/include/learning_interface/action/move_circle.hpp
[11.094s] -- Up-to-date: /home/zj/cx/learnros2/ros2_ws/install/learning_interface/include/learning_interface/msg
[11.094s] -- Installing: /home/zj/cx/learnros2/ros2_ws/install/learning_interface/include/learning_interface/msg/object_position.hpp
[11.094s] -- Up-to-date: /home/zj/cx/learnros2/ros2_ws/install/learning_interface/include/learning_interface/msg/detail
[11.094s] -- Installing: /home/zj/cx/learnros2/ros2_ws/install/learning_interface/include/learning_interface/msg/detail/object_position__builder.hpp
[11.094s] -- Installing: /home/zj/cx/learnros2/ros2_ws/install/learning_interface/include/learning_interface/msg/detail/object_position__traits.hpp
[11.095s] -- Installing: /home/zj/cx/learnros2/ros2_ws/install/learning_interface/include/learning_interface/msg/detail/object_position__struct.hpp
[11.095s] -- Installing: /home/zj/cx/learnros2/ros2_ws/install/learning_interface/include/learning_interface/msg/detail/object_position__type_support.hpp
[11.095s] -- Installing: /home/zj/cx/learnros2/ros2_ws/install/learning_interface/include/learning_interface/msg/rosidl_generator_cpp__visibility_control.hpp
[11.095s] -- Up-to-date: /home/zj/cx/learnros2/ros2_ws/install/learning_interface/include/learning_interface
[11.095s] -- Up-to-date: /home/zj/cx/learnros2/ros2_ws/install/learning_interface/include/learning_interface/srv
[11.095s] -- Up-to-date: /home/zj/cx/learnros2/ros2_ws/install/learning_interface/include/learning_interface/srv/detail
[11.095s] -- Installing: /home/zj/cx/learnros2/ros2_ws/install/learning_interface/include/learning_interface/srv/detail/add_two_ints__rosidl_typesupport_introspection_cpp.hpp
[11.095s] -- Installing: /home/zj/cx/learnros2/ros2_ws/install/learning_interface/include/learning_interface/srv/detail/add_two_ints__type_support.cpp
[11.095s] -- Installing: /home/zj/cx/learnros2/ros2_ws/install/learning_interface/include/learning_interface/srv/detail/get_object_position__type_support.cpp
[11.095s] -- Installing: /home/zj/cx/learnros2/ros2_ws/install/learning_interface/include/learning_interface/srv/detail/get_object_position__rosidl_typesupport_introspection_cpp.hpp
[11.095s] -- Up-to-date: /home/zj/cx/learnros2/ros2_ws/install/learning_interface/include/learning_interface/action
[11.095s] -- Up-to-date: /home/zj/cx/learnros2/ros2_ws/install/learning_interface/include/learning_interface/action/detail
[11.095s] -- Installing: /home/zj/cx/learnros2/ros2_ws/install/learning_interface/include/learning_interface/action/detail/move_circle__type_support.cpp
[11.095s] -- Installing: /home/zj/cx/learnros2/ros2_ws/install/learning_interface/include/learning_interface/action/detail/move_circle__rosidl_typesupport_introspection_cpp.hpp
[11.095s] -- Up-to-date: /home/zj/cx/learnros2/ros2_ws/install/learning_interface/include/learning_interface/msg
[11.095s] -- Up-to-date: /home/zj/cx/learnros2/ros2_ws/install/learning_interface/include/learning_interface/msg/detail
[11.095s] -- Installing: /home/zj/cx/learnros2/ros2_ws/install/learning_interface/include/learning_interface/msg/detail/object_position__rosidl_typesupport_introspection_cpp.hpp
[11.095s] -- Installing: /home/zj/cx/learnros2/ros2_ws/install/learning_interface/include/learning_interface/msg/detail/object_position__type_support.cpp
[11.095s] -- Installing: /home/zj/cx/learnros2/ros2_ws/install/learning_interface/lib/liblearning_interface__rosidl_typesupport_introspection_cpp.so
[11.095s] -- Set runtime path of "/home/zj/cx/learnros2/ros2_ws/install/learning_interface/lib/liblearning_interface__rosidl_typesupport_introspection_cpp.so" to ""
[11.095s] -- Installing: /home/zj/cx/learnros2/ros2_ws/install/learning_interface/lib/liblearning_interface__rosidl_typesupport_cpp.so
[11.095s] -- Set runtime path of "/home/zj/cx/learnros2/ros2_ws/install/learning_interface/lib/liblearning_interface__rosidl_typesupport_cpp.so" to ""
[11.095s] -- Installing: /home/zj/cx/learnros2/ros2_ws/install/learning_interface/share/learning_interface/environment/pythonpath.sh
[11.095s] -- Installing: /home/zj/cx/learnros2/ros2_ws/install/learning_interface/share/learning_interface/environment/pythonpath.dsv
[11.095s] -- Installing: /home/zj/cx/learnros2/ros2_ws/install/learning_interface/lib/python3.8/site-packages/learning_interface/__init__.py
[11.111s] Compiling '/home/zj/cx/learnros2/ros2_ws/install/learning_interface/lib/python3.8/site-packages/learning_interface/__init__.py'...
[11.113s] -- Installing: /home/zj/cx/learnros2/ros2_ws/install/learning_interface/lib/python3.8/site-packages/learning_interface/msg
[11.113s] -- Installing: /home/zj/cx/learnros2/ros2_ws/install/learning_interface/lib/python3.8/site-packages/learning_interface/msg/_object_position_s.c
[11.113s] -- Installing: /home/zj/cx/learnros2/ros2_ws/install/learning_interface/lib/python3.8/site-packages/learning_interface/msg/_object_position.py
[11.113s] -- Installing: /home/zj/cx/learnros2/ros2_ws/install/learning_interface/lib/python3.8/site-packages/learning_interface/msg/__init__.py
[11.113s] -- Installing: /home/zj/cx/learnros2/ros2_ws/install/learning_interface/lib/python3.8/site-packages/learning_interface/srv
[11.113s] -- Installing: /home/zj/cx/learnros2/ros2_ws/install/learning_interface/lib/python3.8/site-packages/learning_interface/srv/_get_object_position_s.c
[11.113s] -- Installing: /home/zj/cx/learnros2/ros2_ws/install/learning_interface/lib/python3.8/site-packages/learning_interface/srv/_get_object_position.py
[11.113s] -- Installing: /home/zj/cx/learnros2/ros2_ws/install/learning_interface/lib/python3.8/site-packages/learning_interface/srv/_add_two_ints.py
[11.113s] -- Installing: /home/zj/cx/learnros2/ros2_ws/install/learning_interface/lib/python3.8/site-packages/learning_interface/srv/__init__.py
[11.113s] -- Installing: /home/zj/cx/learnros2/ros2_ws/install/learning_interface/lib/python3.8/site-packages/learning_interface/srv/_add_two_ints_s.c
[11.114s] -- Installing: /home/zj/cx/learnros2/ros2_ws/install/learning_interface/lib/python3.8/site-packages/learning_interface/action
[11.114s] -- Installing: /home/zj/cx/learnros2/ros2_ws/install/learning_interface/lib/python3.8/site-packages/learning_interface/action/_move_circle.py
[11.114s] -- Installing: /home/zj/cx/learnros2/ros2_ws/install/learning_interface/lib/python3.8/site-packages/learning_interface/action/__init__.py
[11.114s] -- Installing: /home/zj/cx/learnros2/ros2_ws/install/learning_interface/lib/python3.8/site-packages/learning_interface/action/_move_circle_s.c
[11.114s] -- Installing: /home/zj/cx/learnros2/ros2_ws/install/learning_interface/lib/python3.8/site-packages/learning_interface/learning_interface_s__rosidl_typesupport_fastrtps_c.cpython-38-x86_64-linux-gnu.so
[11.114s] -- Set runtime path of "/home/zj/cx/learnros2/ros2_ws/install/learning_interface/lib/python3.8/site-packages/learning_interface/learning_interface_s__rosidl_typesupport_fastrtps_c.cpython-38-x86_64-linux-gnu.so" to ""
[11.114s] -- Installing: /home/zj/cx/learnros2/ros2_ws/install/learning_interface/lib/python3.8/site-packages/learning_interface/learning_interface_s__rosidl_typesupport_introspection_c.cpython-38-x86_64-linux-gnu.so
[11.114s] -- Set runtime path of "/home/zj/cx/learnros2/ros2_ws/install/learning_interface/lib/python3.8/site-packages/learning_interface/learning_interface_s__rosidl_typesupport_introspection_c.cpython-38-x86_64-linux-gnu.so" to ""
[11.115s] -- Installing: /home/zj/cx/learnros2/ros2_ws/install/learning_interface/lib/python3.8/site-packages/learning_interface/learning_interface_s__rosidl_typesupport_c.cpython-38-x86_64-linux-gnu.so
[11.115s] -- Set runtime path of "/home/zj/cx/learnros2/ros2_ws/install/learning_interface/lib/python3.8/site-packages/learning_interface/learning_interface_s__rosidl_typesupport_c.cpython-38-x86_64-linux-gnu.so" to ""
[11.115s] -- Installing: /home/zj/cx/learnros2/ros2_ws/install/learning_interface/lib/liblearning_interface__python.so
[11.115s] -- Set runtime path of "/home/zj/cx/learnros2/ros2_ws/install/learning_interface/lib/liblearning_interface__python.so" to ""
[11.115s] -- Installing: /home/zj/cx/learnros2/ros2_ws/install/learning_interface/share/learning_interface/msg/ObjectPosition.idl
[11.115s] -- Installing: /home/zj/cx/learnros2/ros2_ws/install/learning_interface/share/learning_interface/srv/AddTwoInts.idl
[11.115s] -- Installing: /home/zj/cx/learnros2/ros2_ws/install/learning_interface/share/learning_interface/srv/GetObjectPosition.idl
[11.115s] -- Installing: /home/zj/cx/learnros2/ros2_ws/install/learning_interface/share/learning_interface/action/MoveCircle.idl
[11.115s] -- Installing: /home/zj/cx/learnros2/ros2_ws/install/learning_interface/share/learning_interface/msg/ObjectPosition.msg
[11.115s] -- Installing: /home/zj/cx/learnros2/ros2_ws/install/learning_interface/share/learning_interface/srv/AddTwoInts.srv
[11.115s] -- Installing: /home/zj/cx/learnros2/ros2_ws/install/learning_interface/share/learning_interface/srv/AddTwoInts_Request.msg
[11.115s] -- Installing: /home/zj/cx/learnros2/ros2_ws/install/learning_interface/share/learning_interface/srv/AddTwoInts_Response.msg
[11.115s] -- Installing: /home/zj/cx/learnros2/ros2_ws/install/learning_interface/share/learning_interface/srv/GetObjectPosition.srv
[11.115s] -- Installing: /home/zj/cx/learnros2/ros2_ws/install/learning_interface/share/learning_interface/srv/GetObjectPosition_Request.msg
[11.115s] -- Installing: /home/zj/cx/learnros2/ros2_ws/install/learning_interface/share/learning_interface/srv/GetObjectPosition_Response.msg
[11.115s] -- Installing: /home/zj/cx/learnros2/ros2_ws/install/learning_interface/share/learning_interface/action/MoveCircle.action
[11.116s] -- Installing: /home/zj/cx/learnros2/ros2_ws/install/learning_interface/share/ament_index/resource_index/package_run_dependencies/learning_interface
[11.116s] -- Installing: /home/zj/cx/learnros2/ros2_ws/install/learning_interface/share/ament_index/resource_index/parent_prefix_path/learning_interface
[11.116s] -- Installing: /home/zj/cx/learnros2/ros2_ws/install/learning_interface/share/learning_interface/environment/ament_prefix_path.sh
[11.116s] -- Installing: /home/zj/cx/learnros2/ros2_ws/install/learning_interface/share/learning_interface/environment/ament_prefix_path.dsv
[11.116s] -- Installing: /home/zj/cx/learnros2/ros2_ws/install/learning_interface/share/learning_interface/environment/path.sh
[11.116s] -- Installing: /home/zj/cx/learnros2/ros2_ws/install/learning_interface/share/learning_interface/environment/path.dsv
[11.116s] -- Installing: /home/zj/cx/learnros2/ros2_ws/install/learning_interface/share/learning_interface/local_setup.bash
[11.116s] -- Installing: /home/zj/cx/learnros2/ros2_ws/install/learning_interface/share/learning_interface/local_setup.sh
[11.116s] -- Installing: /home/zj/cx/learnros2/ros2_ws/install/learning_interface/share/learning_interface/local_setup.zsh
[11.116s] -- Installing: /home/zj/cx/learnros2/ros2_ws/install/learning_interface/share/learning_interface/local_setup.dsv
[11.116s] -- Installing: /home/zj/cx/learnros2/ros2_ws/install/learning_interface/share/learning_interface/package.dsv
[11.116s] -- Installing: /home/zj/cx/learnros2/ros2_ws/install/learning_interface/share/ament_index/resource_index/packages/learning_interface
[11.116s] -- Installing: /home/zj/cx/learnros2/ros2_ws/install/learning_interface/share/learning_interface/cmake/learning_interface__rosidl_generator_cExport.cmake
[11.116s] -- Installing: /home/zj/cx/learnros2/ros2_ws/install/learning_interface/share/learning_interface/cmake/learning_interface__rosidl_generator_cExport-noconfig.cmake
[11.116s] -- Installing: /home/zj/cx/learnros2/ros2_ws/install/learning_interface/share/learning_interface/cmake/learning_interface__rosidl_typesupport_introspection_cExport.cmake
[11.116s] -- Installing: /home/zj/cx/learnros2/ros2_ws/install/learning_interface/share/learning_interface/cmake/learning_interface__rosidl_typesupport_introspection_cExport-noconfig.cmake
[11.116s] -- Installing: /home/zj/cx/learnros2/ros2_ws/install/learning_interface/share/learning_interface/cmake/learning_interface__rosidl_typesupport_cExport.cmake
[11.116s] -- Installing: /home/zj/cx/learnros2/ros2_ws/install/learning_interface/share/learning_interface/cmake/learning_interface__rosidl_typesupport_cExport-noconfig.cmake
[11.116s] -- Installing: /home/zj/cx/learnros2/ros2_ws/install/learning_interface/share/learning_interface/cmake/learning_interface__rosidl_generator_cppExport.cmake
[11.117s] -- Installing: /home/zj/cx/learnros2/ros2_ws/install/learning_interface/share/learning_interface/cmake/learning_interface__rosidl_typesupport_introspection_cppExport.cmake
[11.117s] -- Installing: /home/zj/cx/learnros2/ros2_ws/install/learning_interface/share/learning_interface/cmake/learning_interface__rosidl_typesupport_introspection_cppExport-noconfig.cmake
[11.117s] -- Installing: /home/zj/cx/learnros2/ros2_ws/install/learning_interface/share/learning_interface/cmake/learning_interface__rosidl_typesupport_cppExport.cmake
[11.117s] -- Installing: /home/zj/cx/learnros2/ros2_ws/install/learning_interface/share/learning_interface/cmake/learning_interface__rosidl_typesupport_cppExport-noconfig.cmake
[11.117s] -- Installing: /home/zj/cx/learnros2/ros2_ws/install/learning_interface/share/learning_interface/cmake/rosidl_cmake-extras.cmake
[11.117s] -- Installing: /home/zj/cx/learnros2/ros2_ws/install/learning_interface/share/learning_interface/cmake/ament_cmake_export_dependencies-extras.cmake
[11.117s] -- Installing: /home/zj/cx/learnros2/ros2_ws/install/learning_interface/share/learning_interface/cmake/ament_cmake_export_libraries-extras.cmake
[11.117s] -- Installing: /home/zj/cx/learnros2/ros2_ws/install/learning_interface/share/learning_interface/cmake/ament_cmake_export_targets-extras.cmake
[11.117s] -- Installing: /home/zj/cx/learnros2/ros2_ws/install/learning_interface/share/learning_interface/cmake/ament_cmake_export_include_directories-extras.cmake
[11.117s] -- Installing: /home/zj/cx/learnros2/ros2_ws/install/learning_interface/share/learning_interface/cmake/rosidl_cmake_export_typesupport_libraries-extras.cmake
[11.117s] -- Installing: /home/zj/cx/learnros2/ros2_ws/install/learning_interface/share/learning_interface/cmake/rosidl_cmake_export_typesupport_targets-extras.cmake
[11.117s] -- Installing: /home/zj/cx/learnros2/ros2_ws/install/learning_interface/share/learning_interface/cmake/learning_interfaceConfig.cmake
[11.117s] -- Installing: /home/zj/cx/learnros2/ros2_ws/install/learning_interface/share/learning_interface/cmake/learning_interfaceConfig-version.cmake
[11.117s] -- Installing: /home/zj/cx/learnros2/ros2_ws/install/learning_interface/share/learning_interface/package.xml
[11.120s] Invoked command in '/home/zj/cx/learnros2/ros2_ws/build/learning_interface' returned '0': CMAKE_PREFIX_PATH=/opt/ros/foxy /usr/bin/cmake --install /home/zj/cx/learnros2/ros2_ws/build/learning_interface
