[0.688s] Invoking command in '/home/zj/cx/learnros2/ros2_ws/src/learning_topic': AMENT_PREFIX_PATH=/home/zj/cx/learnros2/ros2_ws/install/learning_interface:${AMENT_PREFIX_PATH} CMAKE_PREFIX_PATH=/home/zj/cx/learnros2/ros2_ws/install/learning_interface LD_LIBRARY_PATH=/home/zj/cx/learnros2/ros2_ws/install/learning_interface/lib:${LD_LIBRARY_PATH} PYTHONPATH=/home/zj/cx/learnros2/ros2_ws/build/learning_topic/prefix_override:/home/zj/cx/learnros2/ros2_ws/install/learning_topic/lib/python3.8/site-packages:/home/zj/cx/learnros2/ros2_ws/install/learning_interface/lib/python3.8/site-packages:${PYTHONPATH} /usr/bin/python3 setup.py egg_info --egg-base ../../build/learning_topic build --build-base /home/zj/cx/learnros2/ros2_ws/build/learning_topic/build install --record /home/zj/cx/learnros2/ros2_ws/build/learning_topic/install.log --single-version-externally-managed
[0.806s] running egg_info
[0.806s] writing ../../build/learning_topic/learning_topic.egg-info/PKG-INFO
[0.806s] writing dependency_links to ../../build/learning_topic/learning_topic.egg-info/dependency_links.txt
[0.806s] writing entry points to ../../build/learning_topic/learning_topic.egg-info/entry_points.txt
[0.807s] writing requirements to ../../build/learning_topic/learning_topic.egg-info/requires.txt
[0.807s] writing top-level names to ../../build/learning_topic/learning_topic.egg-info/top_level.txt
[0.826s] reading manifest file '../../build/learning_topic/learning_topic.egg-info/SOURCES.txt'
[0.826s] writing manifest file '../../build/learning_topic/learning_topic.egg-info/SOURCES.txt'
[0.826s] running build
[0.826s] running build_py
[0.827s] running install
[0.827s] running install_lib
[0.828s] running install_data
[0.828s] running install_egg_info
[0.829s] removing '/home/zj/cx/learnros2/ros2_ws/install/learning_topic/lib/python3.8/site-packages/learning_topic-0.0.0-py3.8.egg-info' (and everything under it)
[0.830s] Copying ../../build/learning_topic/learning_topic.egg-info to /home/zj/cx/learnros2/ros2_ws/install/learning_topic/lib/python3.8/site-packages/learning_topic-0.0.0-py3.8.egg-info
[0.830s] running install_scripts
[0.841s] Installing interface_object_pub script to /home/zj/cx/learnros2/ros2_ws/install/learning_topic/lib/learning_topic
[0.841s] Installing interface_object_sub script to /home/zj/cx/learnros2/ros2_ws/install/learning_topic/lib/learning_topic
[0.841s] Installing topic_helloworld_pub script to /home/zj/cx/learnros2/ros2_ws/install/learning_topic/lib/learning_topic
[0.841s] Installing topic_helloworld_sub script to /home/zj/cx/learnros2/ros2_ws/install/learning_topic/lib/learning_topic
[0.841s] Installing topic_webcam_pub script to /home/zj/cx/learnros2/ros2_ws/install/learning_topic/lib/learning_topic
[0.841s] Installing topic_webcam_sub script to /home/zj/cx/learnros2/ros2_ws/install/learning_topic/lib/learning_topic
[0.841s] writing list of installed files to '/home/zj/cx/learnros2/ros2_ws/build/learning_topic/install.log'
[0.861s] Invoked command in '/home/zj/cx/learnros2/ros2_ws/src/learning_topic' returned '0': AMENT_PREFIX_PATH=/home/zj/cx/learnros2/ros2_ws/install/learning_interface:${AMENT_PREFIX_PATH} CMAKE_PREFIX_PATH=/home/zj/cx/learnros2/ros2_ws/install/learning_interface LD_LIBRARY_PATH=/home/zj/cx/learnros2/ros2_ws/install/learning_interface/lib:${LD_LIBRARY_PATH} PYTHONPATH=/home/zj/cx/learnros2/ros2_ws/build/learning_topic/prefix_override:/home/zj/cx/learnros2/ros2_ws/install/learning_topic/lib/python3.8/site-packages:/home/zj/cx/learnros2/ros2_ws/install/learning_interface/lib/python3.8/site-packages:${PYTHONPATH} /usr/bin/python3 setup.py egg_info --egg-base ../../build/learning_topic build --build-base /home/zj/cx/learnros2/ros2_ws/build/learning_topic/build install --record /home/zj/cx/learnros2/ros2_ws/build/learning_topic/install.log --single-version-externally-managed
