[1.626s] Invoking command in '/home/zj/cx/learnros2/ros2_ws/src/rtk': PYTHONPATH=/home/zj/cx/learnros2/ros2_ws/build/rtk/prefix_override:/home/zj/cx/learnros2/ros2_ws/install/rtk/lib/python3.8/site-packages:${PYTHONPATH} /usr/bin/python3 setup.py egg_info --egg-base ../../build/rtk build --build-base /home/zj/cx/learnros2/ros2_ws/build/rtk/build install --record /home/zj/cx/learnros2/ros2_ws/build/rtk/install.log --install-scripts $base/lib/rtk --single-version-externally-managed
[1.764s] running egg_info
[1.764s] writing ../../build/rtk/rtk.egg-info/PKG-INFO
[1.765s] writing dependency_links to ../../build/rtk/rtk.egg-info/dependency_links.txt
[1.769s] writing entry points to ../../build/rtk/rtk.egg-info/entry_points.txt
[1.773s] writing requirements to ../../build/rtk/rtk.egg-info/requires.txt
[1.773s] writing top-level names to ../../build/rtk/rtk.egg-info/top_level.txt
[1.796s] reading manifest file '../../build/rtk/rtk.egg-info/SOURCES.txt'
[1.796s] writing manifest file '../../build/rtk/rtk.egg-info/SOURCES.txt'
[1.797s] running build
[1.797s] running build_py
[1.797s] running install
[1.797s] running install_lib
[1.799s] running install_data
[1.799s] running install_egg_info
[1.800s] removing '/home/zj/cx/learnros2/ros2_ws/install/rtk/lib/python3.8/site-packages/rtk-0.0.0-py3.8.egg-info' (and everything under it)
[1.801s] Copying ../../build/rtk/rtk.egg-info to /home/zj/cx/learnros2/ros2_ws/install/rtk/lib/python3.8/site-packages/rtk-0.0.0-py3.8.egg-info
[1.801s] running install_scripts
[1.816s] Installing ntripServerByCors script to /home/zj/cx/learnros2/ros2_ws/install/rtk/lib/rtk
[1.816s] Installing test script to /home/zj/cx/learnros2/ros2_ws/install/rtk/lib/rtk
[1.816s] writing list of installed files to '/home/zj/cx/learnros2/ros2_ws/build/rtk/install.log'
[1.862s] Invoked command in '/home/zj/cx/learnros2/ros2_ws/src/rtk' returned '0': PYTHONPATH=/home/zj/cx/learnros2/ros2_ws/build/rtk/prefix_override:/home/zj/cx/learnros2/ros2_ws/install/rtk/lib/python3.8/site-packages:${PYTHONPATH} /usr/bin/python3 setup.py egg_info --egg-base ../../build/rtk build --build-base /home/zj/cx/learnros2/ros2_ws/build/rtk/build install --record /home/zj/cx/learnros2/ros2_ws/build/rtk/install.log --install-scripts $base/lib/rtk --single-version-externally-managed
