[1.978s] Invoking command in '/home/zj/cx/learnros2/ros2_ws/src/learning_urdf': PYTHONPATH=/home/zj/cx/learnros2/ros2_ws/build/learning_urdf/prefix_override:/home/zj/cx/learnros2/ros2_ws/install/learning_urdf/lib/python3.8/site-packages:${PYTHONPATH} /usr/bin/python3 setup.py egg_info --egg-base ../../build/learning_urdf build --build-base /home/zj/cx/learnros2/ros2_ws/build/learning_urdf/build install --record /home/zj/cx/learnros2/ros2_ws/build/learning_urdf/install.log --single-version-externally-managed
[2.114s] running egg_info
[2.115s] writing ../../build/learning_urdf/learning_urdf.egg-info/PKG-INFO
[2.115s] writing dependency_links to ../../build/learning_urdf/learning_urdf.egg-info/dependency_links.txt
[2.115s] writing entry points to ../../build/learning_urdf/learning_urdf.egg-info/entry_points.txt
[2.121s] writing requirements to ../../build/learning_urdf/learning_urdf.egg-info/requires.txt
[2.121s] writing top-level names to ../../build/learning_urdf/learning_urdf.egg-info/top_level.txt
[2.141s] reading manifest file '../../build/learning_urdf/learning_urdf.egg-info/SOURCES.txt'
[2.142s] writing manifest file '../../build/learning_urdf/learning_urdf.egg-info/SOURCES.txt'
[2.142s] running build
[2.142s] running build_py
[2.142s] running install
[2.143s] running install_lib
[2.143s] running install_data
[2.144s] running install_egg_info
[2.145s] removing '/home/zj/cx/learnros2/ros2_ws/install/learning_urdf/lib/python3.8/site-packages/learning_urdf-0.0.0-py3.8.egg-info' (and everything under it)
[2.145s] Copying ../../build/learning_urdf/learning_urdf.egg-info to /home/zj/cx/learnros2/ros2_ws/install/learning_urdf/lib/python3.8/site-packages/learning_urdf-0.0.0-py3.8.egg-info
[2.145s] running install_scripts
[2.157s] writing list of installed files to '/home/zj/cx/learnros2/ros2_ws/build/learning_urdf/install.log'
[2.175s] Invoked command in '/home/zj/cx/learnros2/ros2_ws/src/learning_urdf' returned '0': PYTHONPATH=/home/zj/cx/learnros2/ros2_ws/build/learning_urdf/prefix_override:/home/zj/cx/learnros2/ros2_ws/install/learning_urdf/lib/python3.8/site-packages:${PYTHONPATH} /usr/bin/python3 setup.py egg_info --egg-base ../../build/learning_urdf build --build-base /home/zj/cx/learnros2/ros2_ws/build/learning_urdf/build install --record /home/zj/cx/learnros2/ros2_ws/build/learning_urdf/install.log --single-version-externally-managed
