[2.333s] Invoking command in '/home/zj/cx/learnros2/ros2_ws/src/learning_node': PYTHONPATH=/home/zj/cx/learnros2/ros2_ws/build/learning_node/prefix_override:/home/zj/cx/learnros2/ros2_ws/install/learning_node/lib/python3.8/site-packages:${PYTHONPATH} /usr/bin/python3 setup.py egg_info --egg-base ../../build/learning_node build --build-base /home/zj/cx/learnros2/ros2_ws/build/learning_node/build install --record /home/zj/cx/learnros2/ros2_ws/build/learning_node/install.log --single-version-externally-managed
[2.436s] running egg_info
[2.436s] writing ../../build/learning_node/learning_node.egg-info/PKG-INFO
[2.447s] writing dependency_links to ../../build/learning_node/learning_node.egg-info/dependency_links.txt
[2.447s] writing entry points to ../../build/learning_node/learning_node.egg-info/entry_points.txt
[2.448s] writing requirements to ../../build/learning_node/learning_node.egg-info/requires.txt
[2.449s] writing top-level names to ../../build/learning_node/learning_node.egg-info/top_level.txt
[2.485s] reading manifest file '../../build/learning_node/learning_node.egg-info/SOURCES.txt'
[2.487s] writing manifest file '../../build/learning_node/learning_node.egg-info/SOURCES.txt'
[2.487s] running build
[2.487s] running build_py
[2.492s] running install
[2.493s] running install_lib
[2.495s] running install_data
[2.499s] running install_egg_info
[2.500s] removing '/home/zj/cx/learnros2/ros2_ws/install/learning_node/lib/python3.8/site-packages/learning_node-0.0.0-py3.8.egg-info' (and everything under it)
[2.501s] Copying ../../build/learning_node/learning_node.egg-info to /home/zj/cx/learnros2/ros2_ws/install/learning_node/lib/python3.8/site-packages/learning_node-0.0.0-py3.8.egg-info
[2.502s] running install_scripts
[2.512s] Installing node_helloworld script to /home/zj/cx/learnros2/ros2_ws/install/learning_node/lib/learning_node
[2.518s] Installing node_helloworld_class script to /home/zj/cx/learnros2/ros2_ws/install/learning_node/lib/learning_node
[2.518s] Installing node_object script to /home/zj/cx/learnros2/ros2_ws/install/learning_node/lib/learning_node
[2.518s] Installing node_object_webcam script to /home/zj/cx/learnros2/ros2_ws/install/learning_node/lib/learning_node
[2.519s] writing list of installed files to '/home/zj/cx/learnros2/ros2_ws/build/learning_node/install.log'
[2.662s] Invoked command in '/home/zj/cx/learnros2/ros2_ws/src/learning_node' returned '0': PYTHONPATH=/home/zj/cx/learnros2/ros2_ws/build/learning_node/prefix_override:/home/zj/cx/learnros2/ros2_ws/install/learning_node/lib/python3.8/site-packages:${PYTHONPATH} /usr/bin/python3 setup.py egg_info --egg-base ../../build/learning_node build --build-base /home/zj/cx/learnros2/ros2_ws/build/learning_node/build install --record /home/zj/cx/learnros2/ros2_ws/build/learning_node/install.log --single-version-externally-managed
