[1.832s] Invoking command in '/home/zj/cx/learnros2/ros2_ws/src/rtk': PYTHONPATH=/home/zj/cx/learnros2/ros2_ws/build/rtk/prefix_override:/home/zj/cx/learnros2/ros2_ws/install/rtk/lib/python3.8/site-packages:${PYTHONPATH} /usr/bin/python3 setup.py egg_info --egg-base ../../build/rtk build --build-base /home/zj/cx/learnros2/ros2_ws/build/rtk/build install --record /home/zj/cx/learnros2/ros2_ws/build/rtk/install.log --install-scripts $base/lib/rtk --single-version-externally-managed
[1.975s] running egg_info
[1.976s] writing ../../build/rtk/rtk.egg-info/PKG-INFO
[1.976s] writing dependency_links to ../../build/rtk/rtk.egg-info/dependency_links.txt
[1.976s] writing entry points to ../../build/rtk/rtk.egg-info/entry_points.txt
[1.976s] writing requirements to ../../build/rtk/rtk.egg-info/requires.txt
[1.976s] writing top-level names to ../../build/rtk/rtk.egg-info/top_level.txt
[1.998s] reading manifest file '../../build/rtk/rtk.egg-info/SOURCES.txt'
[1.998s] writing manifest file '../../build/rtk/rtk.egg-info/SOURCES.txt'
[1.998s] running build
[1.999s] running build_py
[1.999s] copying rtk/getCoordinatePoint.py -> /home/zj/cx/learnros2/ros2_ws/build/rtk/build/lib/rtk
[1.999s] running install
[1.999s] running install_lib
[2.001s] copying /home/zj/cx/learnros2/ros2_ws/build/rtk/build/lib/rtk/getCoordinatePoint.py -> /home/zj/cx/learnros2/ros2_ws/install/rtk/lib/python3.8/site-packages/rtk
[2.001s] byte-compiling /home/zj/cx/learnros2/ros2_ws/install/rtk/lib/python3.8/site-packages/rtk/getCoordinatePoint.py to getCoordinatePoint.cpython-38.pyc
[2.003s] running install_data
[2.003s] running install_egg_info
[2.004s] removing '/home/zj/cx/learnros2/ros2_ws/install/rtk/lib/python3.8/site-packages/rtk-0.0.0-py3.8.egg-info' (and everything under it)
[2.004s] Copying ../../build/rtk/rtk.egg-info to /home/zj/cx/learnros2/ros2_ws/install/rtk/lib/python3.8/site-packages/rtk-0.0.0-py3.8.egg-info
[2.004s] running install_scripts
[2.020s] Installing connectSignal script to /home/zj/cx/learnros2/ros2_ws/install/rtk/lib/rtk
[2.020s] Installing getCoordinatePoint script to /home/zj/cx/learnros2/ros2_ws/install/rtk/lib/rtk
[2.020s] Installing ntripClient script to /home/zj/cx/learnros2/ros2_ws/install/rtk/lib/rtk
[2.021s] Installing ntripServerByCors script to /home/zj/cx/learnros2/ros2_ws/install/rtk/lib/rtk
[2.021s] Installing test script to /home/zj/cx/learnros2/ros2_ws/install/rtk/lib/rtk
[2.021s] writing list of installed files to '/home/zj/cx/learnros2/ros2_ws/build/rtk/install.log'
[2.044s] Invoked command in '/home/zj/cx/learnros2/ros2_ws/src/rtk' returned '0': PYTHONPATH=/home/zj/cx/learnros2/ros2_ws/build/rtk/prefix_override:/home/zj/cx/learnros2/ros2_ws/install/rtk/lib/python3.8/site-packages:${PYTHONPATH} /usr/bin/python3 setup.py egg_info --egg-base ../../build/rtk build --build-base /home/zj/cx/learnros2/ros2_ws/build/rtk/build install --record /home/zj/cx/learnros2/ros2_ws/build/rtk/install.log --install-scripts $base/lib/rtk --single-version-externally-managed
