[1.903s] Invoking command in '/home/zj/cx/learnros2/ros2_ws/src/learning_node': PYTHONPATH=/home/zj/cx/learnros2/ros2_ws/build/learning_node/prefix_override:/home/zj/cx/learnros2/ros2_ws/install/learning_node/lib/python3.8/site-packages:${PYTHONPATH} /usr/bin/python3 setup.py egg_info --egg-base ../../build/learning_node build --build-base /home/zj/cx/learnros2/ros2_ws/build/learning_node/build install --record /home/zj/cx/learnros2/ros2_ws/build/learning_node/install.log --single-version-externally-managed
[2.045s] running egg_info
[2.046s] writing ../../build/learning_node/learning_node.egg-info/PKG-INFO
[2.046s] writing dependency_links to ../../build/learning_node/learning_node.egg-info/dependency_links.txt
[2.052s] writing entry points to ../../build/learning_node/learning_node.egg-info/entry_points.txt
[2.052s] writing requirements to ../../build/learning_node/learning_node.egg-info/requires.txt
[2.053s] writing top-level names to ../../build/learning_node/learning_node.egg-info/top_level.txt
[2.072s] reading manifest file '../../build/learning_node/learning_node.egg-info/SOURCES.txt'
[2.072s] writing manifest file '../../build/learning_node/learning_node.egg-info/SOURCES.txt'
[2.072s] running build
[2.072s] running build_py
[2.073s] running install
[2.073s] running install_lib
[2.074s] running install_data
[2.075s] running install_egg_info
[2.076s] removing '/home/zj/cx/learnros2/ros2_ws/install/learning_node/lib/python3.8/site-packages/learning_node-0.0.0-py3.8.egg-info' (and everything under it)
[2.076s] Copying ../../build/learning_node/learning_node.egg-info to /home/zj/cx/learnros2/ros2_ws/install/learning_node/lib/python3.8/site-packages/learning_node-0.0.0-py3.8.egg-info
[2.076s] running install_scripts
[2.088s] Installing node_helloworld script to /home/zj/cx/learnros2/ros2_ws/install/learning_node/lib/learning_node
[2.088s] Installing node_helloworld_class script to /home/zj/cx/learnros2/ros2_ws/install/learning_node/lib/learning_node
[2.089s] Installing node_object script to /home/zj/cx/learnros2/ros2_ws/install/learning_node/lib/learning_node
[2.089s] Installing node_object_webcam script to /home/zj/cx/learnros2/ros2_ws/install/learning_node/lib/learning_node
[2.089s] writing list of installed files to '/home/zj/cx/learnros2/ros2_ws/build/learning_node/install.log'
[2.121s] Invoked command in '/home/zj/cx/learnros2/ros2_ws/src/learning_node' returned '0': PYTHONPATH=/home/zj/cx/learnros2/ros2_ws/build/learning_node/prefix_override:/home/zj/cx/learnros2/ros2_ws/install/learning_node/lib/python3.8/site-packages:${PYTHONPATH} /usr/bin/python3 setup.py egg_info --egg-base ../../build/learning_node build --build-base /home/zj/cx/learnros2/ros2_ws/build/learning_node/build install --record /home/zj/cx/learnros2/ros2_ws/build/learning_node/install.log --single-version-externally-managed
