[1.908s] Invoking command in '/home/zj/cx/learnros2/ros2_ws/src/learning_launch': PYTHONPATH=/home/zj/cx/learnros2/ros2_ws/build/learning_launch/prefix_override:/home/zj/cx/learnros2/ros2_ws/install/learning_launch/lib/python3.8/site-packages:${PYTHONPATH} /usr/bin/python3 setup.py egg_info --egg-base ../../build/learning_launch build --build-base /home/zj/cx/learnros2/ros2_ws/build/learning_launch/build install --record /home/zj/cx/learnros2/ros2_ws/build/learning_launch/install.log --single-version-externally-managed
[2.051s] running egg_info
[2.051s] writing ../../build/learning_launch/learning_launch.egg-info/PKG-INFO
[2.051s] writing dependency_links to ../../build/learning_launch/learning_launch.egg-info/dependency_links.txt
[2.051s] writing entry points to ../../build/learning_launch/learning_launch.egg-info/entry_points.txt
[2.052s] writing requirements to ../../build/learning_launch/learning_launch.egg-info/requires.txt
[2.052s] writing top-level names to ../../build/learning_launch/learning_launch.egg-info/top_level.txt
[2.073s] reading manifest file '../../build/learning_launch/learning_launch.egg-info/SOURCES.txt'
[2.073s] writing manifest file '../../build/learning_launch/learning_launch.egg-info/SOURCES.txt'
[2.073s] running build
[2.073s] running build_py
[2.073s] running install
[2.074s] running install_lib
[2.075s] running install_data
[2.075s] running install_egg_info
[2.076s] removing '/home/zj/cx/learnros2/ros2_ws/install/learning_launch/lib/python3.8/site-packages/learning_launch-0.0.0-py3.8.egg-info' (and everything under it)
[2.076s] Copying ../../build/learning_launch/learning_launch.egg-info to /home/zj/cx/learnros2/ros2_ws/install/learning_launch/lib/python3.8/site-packages/learning_launch-0.0.0-py3.8.egg-info
[2.076s] running install_scripts
[2.091s] writing list of installed files to '/home/zj/cx/learnros2/ros2_ws/build/learning_launch/install.log'
[2.120s] Invoked command in '/home/zj/cx/learnros2/ros2_ws/src/learning_launch' returned '0': PYTHONPATH=/home/zj/cx/learnros2/ros2_ws/build/learning_launch/prefix_override:/home/zj/cx/learnros2/ros2_ws/install/learning_launch/lib/python3.8/site-packages:${PYTHONPATH} /usr/bin/python3 setup.py egg_info --egg-base ../../build/learning_launch build --build-base /home/zj/cx/learnros2/ros2_ws/build/learning_launch/build install --record /home/zj/cx/learnros2/ros2_ws/build/learning_launch/install.log --single-version-externally-managed
