[0.603s] Invoking command in '/home/zj/cx/LearnRos2/ros2_ws/src/python_parameters': PYTHONPATH=/home/zj/cx/LearnRos2/ros2_ws/build/python_parameters/prefix_override:/home/zj/cx/LearnRos2/ros2_ws/install/python_parameters/lib/python3.8/site-packages:${PYTHONPATH} /usr/bin/python3 setup.py egg_info --egg-base ../../build/python_parameters build --build-base /home/zj/cx/LearnRos2/ros2_ws/build/python_parameters/build install --record /home/zj/cx/LearnRos2/ros2_ws/build/python_parameters/install.log --single-version-externally-managed
[0.777s] running egg_info
[0.777s] creating ../../build/python_parameters/python_parameters.egg-info
[0.777s] writing ../../build/python_parameters/python_parameters.egg-info/PKG-INFO
[0.777s] writing dependency_links to ../../build/python_parameters/python_parameters.egg-info/dependency_links.txt
[0.777s] writing entry points to ../../build/python_parameters/python_parameters.egg-info/entry_points.txt
[0.777s] writing requirements to ../../build/python_parameters/python_parameters.egg-info/requires.txt
[0.778s] writing top-level names to ../../build/python_parameters/python_parameters.egg-info/top_level.txt
[0.784s] writing manifest file '../../build/python_parameters/python_parameters.egg-info/SOURCES.txt'
[0.810s] reading manifest file '../../build/python_parameters/python_parameters.egg-info/SOURCES.txt'
[0.810s] writing manifest file '../../build/python_parameters/python_parameters.egg-info/SOURCES.txt'
[0.811s] running build
[0.811s] running build_py
[0.811s] creating /home/zj/cx/LearnRos2/ros2_ws/build/python_parameters/build
[0.811s] creating /home/zj/cx/LearnRos2/ros2_ws/build/python_parameters/build/lib
[0.811s] creating /home/zj/cx/LearnRos2/ros2_ws/build/python_parameters/build/lib/python_parameters
[0.812s] copying python_parameters/python_parameters_node.py -> /home/zj/cx/LearnRos2/ros2_ws/build/python_parameters/build/lib/python_parameters
[0.812s] copying python_parameters/__init__.py -> /home/zj/cx/LearnRos2/ros2_ws/build/python_parameters/build/lib/python_parameters
[0.812s] running install
[0.812s] running install_lib
[0.812s] creating /home/zj/cx/LearnRos2/ros2_ws/install/python_parameters/lib/python3.8/site-packages/python_parameters
[0.812s] copying /home/zj/cx/LearnRos2/ros2_ws/build/python_parameters/build/lib/python_parameters/python_parameters_node.py -> /home/zj/cx/LearnRos2/ros2_ws/install/python_parameters/lib/python3.8/site-packages/python_parameters
[0.813s] copying /home/zj/cx/LearnRos2/ros2_ws/build/python_parameters/build/lib/python_parameters/__init__.py -> /home/zj/cx/LearnRos2/ros2_ws/install/python_parameters/lib/python3.8/site-packages/python_parameters
[0.813s] byte-compiling /home/zj/cx/LearnRos2/ros2_ws/install/python_parameters/lib/python3.8/site-packages/python_parameters/python_parameters_node.py to python_parameters_node.cpython-38.pyc
[0.813s] byte-compiling /home/zj/cx/LearnRos2/ros2_ws/install/python_parameters/lib/python3.8/site-packages/python_parameters/__init__.py to __init__.cpython-38.pyc
[0.814s] running install_data
[0.814s] creating /home/zj/cx/LearnRos2/ros2_ws/install/python_parameters/share/ament_index
[0.814s] creating /home/zj/cx/LearnRos2/ros2_ws/install/python_parameters/share/ament_index/resource_index
[0.814s] creating /home/zj/cx/LearnRos2/ros2_ws/install/python_parameters/share/ament_index/resource_index/packages
[0.814s] copying resource/python_parameters -> /home/zj/cx/LearnRos2/ros2_ws/install/python_parameters/share/ament_index/resource_index/packages
[0.814s] copying package.xml -> /home/zj/cx/LearnRos2/ros2_ws/install/python_parameters/share/python_parameters
[0.815s] running install_egg_info
[0.815s] Copying ../../build/python_parameters/python_parameters.egg-info to /home/zj/cx/LearnRos2/ros2_ws/install/python_parameters/lib/python3.8/site-packages/python_parameters-0.0.0-py3.8.egg-info
[0.816s] running install_scripts
[0.828s] Installing minimal_param_node script to /home/zj/cx/LearnRos2/ros2_ws/install/python_parameters/lib/python_parameters
[0.828s] writing list of installed files to '/home/zj/cx/LearnRos2/ros2_ws/build/python_parameters/install.log'
[0.847s] Invoked command in '/home/zj/cx/LearnRos2/ros2_ws/src/python_parameters' returned '0': PYTHONPATH=/home/zj/cx/LearnRos2/ros2_ws/build/python_parameters/prefix_override:/home/zj/cx/LearnRos2/ros2_ws/install/python_parameters/lib/python3.8/site-packages:${PYTHONPATH} /usr/bin/python3 setup.py egg_info --egg-base ../../build/python_parameters build --build-base /home/zj/cx/LearnRos2/ros2_ws/build/python_parameters/build install --record /home/zj/cx/LearnRos2/ros2_ws/build/python_parameters/install.log --single-version-externally-managed
