[1.167s] Invoking command in '/home/zj/cx/learnros2/ros2_ws/src/learning_qos': PYTHONPATH=/home/zj/cx/learnros2/ros2_ws/build/learning_qos/prefix_override:/home/zj/cx/learnros2/ros2_ws/install/learning_qos/lib/python3.8/site-packages:${PYTHONPATH} /usr/bin/python3 setup.py egg_info --egg-base ../../build/learning_qos build --build-base /home/zj/cx/learnros2/ros2_ws/build/learning_qos/build install --record /home/zj/cx/learnros2/ros2_ws/build/learning_qos/install.log --single-version-externally-managed
[1.279s] running egg_info
[1.280s] creating ../../build/learning_qos/learning_qos.egg-info
[1.280s] writing ../../build/learning_qos/learning_qos.egg-info/PKG-INFO
[1.280s] writing dependency_links to ../../build/learning_qos/learning_qos.egg-info/dependency_links.txt
[1.280s] writing entry points to ../../build/learning_qos/learning_qos.egg-info/entry_points.txt
[1.280s] writing requirements to ../../build/learning_qos/learning_qos.egg-info/requires.txt
[1.281s] writing top-level names to ../../build/learning_qos/learning_qos.egg-info/top_level.txt
[1.281s] writing manifest file '../../build/learning_qos/learning_qos.egg-info/SOURCES.txt'
[1.305s] reading manifest file '../../build/learning_qos/learning_qos.egg-info/SOURCES.txt'
[1.305s] writing manifest file '../../build/learning_qos/learning_qos.egg-info/SOURCES.txt'
[1.305s] running build
[1.305s] running build_py
[1.306s] creating /home/zj/cx/learnros2/ros2_ws/build/learning_qos/build
[1.306s] creating /home/zj/cx/learnros2/ros2_ws/build/learning_qos/build/lib
[1.306s] creating /home/zj/cx/learnros2/ros2_ws/build/learning_qos/build/lib/learning_qos
[1.306s] copying learning_qos/qos_helloworld_sub.py -> /home/zj/cx/learnros2/ros2_ws/build/learning_qos/build/lib/learning_qos
[1.306s] copying learning_qos/__init__.py -> /home/zj/cx/learnros2/ros2_ws/build/learning_qos/build/lib/learning_qos
[1.306s] copying learning_qos/qos_helloworld_pub.py -> /home/zj/cx/learnros2/ros2_ws/build/learning_qos/build/lib/learning_qos
[1.306s] running install
[1.306s] running install_lib
[1.307s] creating /home/zj/cx/learnros2/ros2_ws/install/learning_qos/lib/python3.8/site-packages/learning_qos
[1.307s] copying /home/zj/cx/learnros2/ros2_ws/build/learning_qos/build/lib/learning_qos/qos_helloworld_sub.py -> /home/zj/cx/learnros2/ros2_ws/install/learning_qos/lib/python3.8/site-packages/learning_qos
[1.307s] copying /home/zj/cx/learnros2/ros2_ws/build/learning_qos/build/lib/learning_qos/__init__.py -> /home/zj/cx/learnros2/ros2_ws/install/learning_qos/lib/python3.8/site-packages/learning_qos
[1.307s] copying /home/zj/cx/learnros2/ros2_ws/build/learning_qos/build/lib/learning_qos/qos_helloworld_pub.py -> /home/zj/cx/learnros2/ros2_ws/install/learning_qos/lib/python3.8/site-packages/learning_qos
[1.308s] byte-compiling /home/zj/cx/learnros2/ros2_ws/install/learning_qos/lib/python3.8/site-packages/learning_qos/qos_helloworld_sub.py to qos_helloworld_sub.cpython-38.pyc
[1.309s] byte-compiling /home/zj/cx/learnros2/ros2_ws/install/learning_qos/lib/python3.8/site-packages/learning_qos/__init__.py to __init__.cpython-38.pyc
[1.309s] byte-compiling /home/zj/cx/learnros2/ros2_ws/install/learning_qos/lib/python3.8/site-packages/learning_qos/qos_helloworld_pub.py to qos_helloworld_pub.cpython-38.pyc
[1.309s] running install_data
[1.309s] creating /home/zj/cx/learnros2/ros2_ws/install/learning_qos/share/ament_index
[1.311s] creating /home/zj/cx/learnros2/ros2_ws/install/learning_qos/share/ament_index/resource_index
[1.311s] creating /home/zj/cx/learnros2/ros2_ws/install/learning_qos/share/ament_index/resource_index/packages
[1.311s] copying resource/learning_qos -> /home/zj/cx/learnros2/ros2_ws/install/learning_qos/share/ament_index/resource_index/packages
[1.311s] copying package.xml -> /home/zj/cx/learnros2/ros2_ws/install/learning_qos/share/learning_qos
[1.312s] running install_egg_info
[1.312s] Copying ../../build/learning_qos/learning_qos.egg-info to /home/zj/cx/learnros2/ros2_ws/install/learning_qos/lib/python3.8/site-packages/learning_qos-0.0.0-py3.8.egg-info
[1.312s] running install_scripts
[1.318s] Installing qos_helloworld_pub script to /home/zj/cx/learnros2/ros2_ws/install/learning_qos/lib/learning_qos
[1.319s] Installing qos_helloworld_sub script to /home/zj/cx/learnros2/ros2_ws/install/learning_qos/lib/learning_qos
[1.319s] writing list of installed files to '/home/zj/cx/learnros2/ros2_ws/build/learning_qos/install.log'
[1.346s] Invoked command in '/home/zj/cx/learnros2/ros2_ws/src/learning_qos' returned '0': PYTHONPATH=/home/zj/cx/learnros2/ros2_ws/build/learning_qos/prefix_override:/home/zj/cx/learnros2/ros2_ws/install/learning_qos/lib/python3.8/site-packages:${PYTHONPATH} /usr/bin/python3 setup.py egg_info --egg-base ../../build/learning_qos build --build-base /home/zj/cx/learnros2/ros2_ws/build/learning_qos/build install --record /home/zj/cx/learnros2/ros2_ws/build/learning_qos/install.log --single-version-externally-managed
