[1.810s] Invoking command in '/home/zj/cx/learnros2/ros2_ws/src/rtk': PYTHONPATH=/home/zj/cx/learnros2/ros2_ws/build/rtk/prefix_override:/home/zj/cx/learnros2/ros2_ws/install/rtk/lib/python3.8/site-packages:${PYTHONPATH} /usr/bin/python3 setup.py egg_info --egg-base ../../build/rtk build --build-base /home/zj/cx/learnros2/ros2_ws/build/rtk/build install --record /home/zj/cx/learnros2/ros2_ws/build/rtk/install.log --install-scripts $base/lib/rtk --single-version-externally-managed
[1.933s] running egg_info
[1.934s] writing ../../build/rtk/rtk.egg-info/PKG-INFO
[1.934s] writing dependency_links to ../../build/rtk/rtk.egg-info/dependency_links.txt
[1.943s] writing entry points to ../../build/rtk/rtk.egg-info/entry_points.txt
[1.944s] writing requirements to ../../build/rtk/rtk.egg-info/requires.txt
[1.944s] writing top-level names to ../../build/rtk/rtk.egg-info/top_level.txt
[1.965s] reading manifest file '../../build/rtk/rtk.egg-info/SOURCES.txt'
[1.967s] writing manifest file '../../build/rtk/rtk.egg-info/SOURCES.txt'
[1.967s] running build
[1.967s] running build_py
[1.967s] copying rtk/getCoordinatePoint.py -> /home/zj/cx/learnros2/ros2_ws/build/rtk/build/lib/rtk
[1.967s] running install
[1.969s] running install_lib
[1.970s] copying /home/zj/cx/learnros2/ros2_ws/build/rtk/build/lib/rtk/getCoordinatePoint.py -> /home/zj/cx/learnros2/ros2_ws/install/rtk/lib/python3.8/site-packages/rtk
[1.970s] byte-compiling /home/zj/cx/learnros2/ros2_ws/install/rtk/lib/python3.8/site-packages/rtk/getCoordinatePoint.py to getCoordinatePoint.cpython-38.pyc
[1.970s] running install_data
[1.971s] running install_egg_info
[1.972s] removing '/home/zj/cx/learnros2/ros2_ws/install/rtk/lib/python3.8/site-packages/rtk-0.0.0-py3.8.egg-info' (and everything under it)
[1.972s] Copying ../../build/rtk/rtk.egg-info to /home/zj/cx/learnros2/ros2_ws/install/rtk/lib/python3.8/site-packages/rtk-0.0.0-py3.8.egg-info
[1.972s] running install_scripts
[1.984s] Installing connectSignal script to /home/zj/cx/learnros2/ros2_ws/install/rtk/lib/rtk
[1.984s] Installing getCoordinatePoint script to /home/zj/cx/learnros2/ros2_ws/install/rtk/lib/rtk
[1.985s] Installing ntripClient script to /home/zj/cx/learnros2/ros2_ws/install/rtk/lib/rtk
[1.985s] Installing ntripServerByCors script to /home/zj/cx/learnros2/ros2_ws/install/rtk/lib/rtk
[1.985s] Installing test script to /home/zj/cx/learnros2/ros2_ws/install/rtk/lib/rtk
[1.985s] writing list of installed files to '/home/zj/cx/learnros2/ros2_ws/build/rtk/install.log'
[2.011s] Invoked command in '/home/zj/cx/learnros2/ros2_ws/src/rtk' returned '0': PYTHONPATH=/home/zj/cx/learnros2/ros2_ws/build/rtk/prefix_override:/home/zj/cx/learnros2/ros2_ws/install/rtk/lib/python3.8/site-packages:${PYTHONPATH} /usr/bin/python3 setup.py egg_info --egg-base ../../build/rtk build --build-base /home/zj/cx/learnros2/ros2_ws/build/rtk/build install --record /home/zj/cx/learnros2/ros2_ws/build/rtk/install.log --install-scripts $base/lib/rtk --single-version-externally-managed
