[0.015s] Invoking command in '/home/zj/cx/LearnRos2/ros2_ws/build/tutorial_interfaces': CMAKE_PREFIX_PATH=${CMAKE_PREFIX_PATH}:/home/zj/cx/LearnRos2/ros2_ws/install/tutorial_interfaces:/home/zj/cx/LearnRos2/ros2_ws/install/py_srvcli:/home/zj/cx/LearnRos2/ros2_ws/install/py_pubsub:/home/zj/cx/LearnRos2/ros2_ws/install/my_package:/opt/ros/rolling /usr/bin/cmake /home/zj/cx/LearnRos2/ros2_ws/src/tutorial_interfaces -DCMAKE_INSTALL_PREFIX=/home/zj/cx/LearnRos2/ros2_ws/install/tutorial_interfaces
[0.116s] -- The C compiler identification is GNU 9.4.0
[0.201s] -- The CXX compiler identification is GNU 9.4.0
[0.210s] -- Check for working C compiler: /usr/bin/cc
[0.356s] -- Check for working C compiler: /usr/bin/cc -- works
[0.356s] -- Detecting C compiler ABI info
[0.492s] -- Detecting C compiler ABI info - done
[0.523s] -- Detecting C compile features
[0.523s] -- Detecting C compile features - done
[0.527s] -- Check for working CXX compiler: /usr/bin/c++
[0.644s] -- Check for working CXX compiler: /usr/bin/c++ -- works
[0.647s] -- Detecting CXX compiler ABI info
[0.803s] -- Detecting CXX compiler ABI info - done
[0.832s] -- Detecting CXX compile features
[0.832s] -- Detecting CXX compile features - done
[0.835s] -- Found ament_cmake: 1.2.1 (/opt/ros/rolling/share/ament_cmake/cmake)
[1.024s] -- Found Python3: /usr/bin/python3.8 (found version "3.8.10") found components: Interpreter 
[1.126s] -- Found ament_lint_auto: 0.11.4 (/opt/ros/rolling/share/ament_lint_auto/cmake)
[1.209s] -- Found geometry_msgs: 4.0.0 (/opt/ros/rolling/share/geometry_msgs/cmake)
[1.236s] -- Using all available rosidl_typesupport_c: rosidl_typesupport_fastrtps_c;rosidl_typesupport_introspection_c
[1.242s] -- Found rosidl_adapter: 3.0.1 (/opt/ros/rolling/share/rosidl_adapter/cmake)
[1.278s] -- Using all available rosidl_typesupport_cpp: rosidl_typesupport_fastrtps_cpp;rosidl_typesupport_introspection_cpp
[1.355s] -- Found rosidl_default_generators: 1.1.1 (/opt/ros/rolling/share/rosidl_default_generators/cmake)
[1.679s] -- Found ament_cmake_ros: 0.10.0 (/opt/ros/rolling/share/ament_cmake_ros/cmake)
[2.358s] -- Using all available rosidl_typesupport_c: rosidl_typesupport_fastrtps_c;rosidl_typesupport_introspection_c
[2.942s] -- Using all available rosidl_typesupport_cpp: rosidl_typesupport_fastrtps_cpp;rosidl_typesupport_introspection_cpp
[3.011s] -- Found PythonInterp: /usr/bin/python3 (found suitable version "3.8.10", minimum required is "3.5") 
[3.015s] -- Found python_cmake_module: 0.8.1 (/opt/ros/rolling/share/python_cmake_module/cmake)
[3.063s] -- Found PythonLibs: /usr/lib/x86_64-linux-gnu/libpython3.8.so (found suitable version "3.8.10", minimum required is "3.5") 
[3.063s] -- Using PYTHON_EXECUTABLE: /usr/bin/python3
[3.063s] -- Using PYTHON_INCLUDE_DIRS: /usr/include/python3.8
[3.063s] -- Using PYTHON_LIBRARIES: /usr/lib/x86_64-linux-gnu/libpython3.8.so
[3.100s] -- Found PythonExtra: .so  
[3.221s] -- Added test 'lint_cmake' to check CMake code style
[3.222s] -- Added test 'xmllint' to check XML markup files
[3.229s] -- Configuring done
[3.271s] -- Generating done
[3.273s] -- Build files have been written to: /home/zj/cx/LearnRos2/ros2_ws/build/tutorial_interfaces
[3.280s] Invoked command in '/home/zj/cx/LearnRos2/ros2_ws/build/tutorial_interfaces' returned '0': CMAKE_PREFIX_PATH=${CMAKE_PREFIX_PATH}:/home/zj/cx/LearnRos2/ros2_ws/install/tutorial_interfaces:/home/zj/cx/LearnRos2/ros2_ws/install/py_srvcli:/home/zj/cx/LearnRos2/ros2_ws/install/py_pubsub:/home/zj/cx/LearnRos2/ros2_ws/install/my_package:/opt/ros/rolling /usr/bin/cmake /home/zj/cx/LearnRos2/ros2_ws/src/tutorial_interfaces -DCMAKE_INSTALL_PREFIX=/home/zj/cx/LearnRos2/ros2_ws/install/tutorial_interfaces
[3.285s] Invoking command in '/home/zj/cx/LearnRos2/ros2_ws/build/tutorial_interfaces': CMAKE_PREFIX_PATH=${CMAKE_PREFIX_PATH}:/home/zj/cx/LearnRos2/ros2_ws/install/tutorial_interfaces:/home/zj/cx/LearnRos2/ros2_ws/install/py_srvcli:/home/zj/cx/LearnRos2/ros2_ws/install/py_pubsub:/home/zj/cx/LearnRos2/ros2_ws/install/my_package:/opt/ros/rolling /usr/bin/cmake --build /home/zj/cx/LearnRos2/ros2_ws/build/tutorial_interfaces -- -j20 -l20
[3.364s] [35m[1mScanning dependencies of target ament_cmake_python_copy_tutorial_interfaces[0m
[3.368s] [35m[1mScanning dependencies of target tutorial_interfaces__cpp[0m
[3.368s] [  2%] [34m[1mGenerating C code for ROS interfaces[0m
[3.389s] [  4%] [34m[1mGenerating C++ code for ROS interfaces[0m
[3.401s] [  4%] Built target ament_cmake_python_copy_tutorial_interfaces
[3.420s] [35m[1mScanning dependencies of target ament_cmake_python_build_tutorial_interfaces_egg[0m
[3.640s] running egg_info
[3.641s] creating tutorial_interfaces.egg-info
[3.641s] writing tutorial_interfaces.egg-info/PKG-INFO
[3.641s] writing dependency_links to tutorial_interfaces.egg-info/dependency_links.txt
[3.641s] writing top-level names to tutorial_interfaces.egg-info/top_level.txt
[3.643s] writing manifest file 'tutorial_interfaces.egg-info/SOURCES.txt'
[3.665s] [35m[1mScanning dependencies of target tutorial_interfaces__rosidl_generator_c[0m
[3.670s] reading manifest file 'tutorial_interfaces.egg-info/SOURCES.txt'
[3.670s] writing manifest file 'tutorial_interfaces.egg-info/SOURCES.txt'
[3.670s] [  4%] Built target tutorial_interfaces__cpp
[3.677s] [  6%] [32mBuilding C object CMakeFiles/tutorial_interfaces__rosidl_generator_c.dir/rosidl_generator_c/tutorial_interfaces/srv/detail/add_three_ints__functions.c.o[0m
[3.680s] [  8%] [34m[1mGenerating C++ type support for eProsima Fast-RTPS[0m
[3.681s] [ 10%] [34m[1mGenerating C++ type support dispatch for ROS interfaces[0m
[3.681s] [ 12%] [32mBuilding C object CMakeFiles/tutorial_interfaces__rosidl_generator_c.dir/rosidl_generator_c/tutorial_interfaces/msg/detail/sphere__functions.c.o[0m
[3.682s] [ 14%] [34m[1mGenerating C++ introspection for ROS interfaces[0m
[3.682s] [ 17%] [32mBuilding C object CMakeFiles/tutorial_interfaces__rosidl_generator_c.dir/rosidl_generator_c/tutorial_interfaces/msg/detail/num__functions.c.o[0m
[3.699s] [ 17%] Built target ament_cmake_python_build_tutorial_interfaces_egg
[3.735s] [ 19%] [32m[1mLinking C shared library libtutorial_interfaces__rosidl_generator_c.so[0m
[3.801s] [ 19%] Built target tutorial_interfaces__rosidl_generator_c
[3.821s] [ 21%] [34m[1mGenerating C introspection for ROS interfaces[0m
[3.823s] [ 23%] [34m[1mGenerating C type support dispatch for ROS interfaces[0m
[3.880s] [35m[1mScanning dependencies of target tutorial_interfaces__rosidl_typesupport_cpp[0m
[3.894s] [35m[1mScanning dependencies of target tutorial_interfaces__rosidl_typesupport_introspection_cpp[0m
[3.896s] [ 25%] [32mBuilding CXX object CMakeFiles/tutorial_interfaces__rosidl_typesupport_cpp.dir/rosidl_typesupport_cpp/tutorial_interfaces/msg/sphere__type_support.cpp.o[0m
[3.900s] [ 27%] [32mBuilding CXX object CMakeFiles/tutorial_interfaces__rosidl_typesupport_cpp.dir/rosidl_typesupport_cpp/tutorial_interfaces/msg/num__type_support.cpp.o[0m
[3.905s] [ 29%] [32mBuilding CXX object CMakeFiles/tutorial_interfaces__rosidl_typesupport_cpp.dir/rosidl_typesupport_cpp/tutorial_interfaces/srv/add_three_ints__type_support.cpp.o[0m
[3.910s] [ 31%] [32mBuilding CXX object CMakeFiles/tutorial_interfaces__rosidl_typesupport_introspection_cpp.dir/rosidl_typesupport_introspection_cpp/tutorial_interfaces/msg/detail/sphere__type_support.cpp.o[0m
[3.913s] [ 34%] [32mBuilding CXX object CMakeFiles/tutorial_interfaces__rosidl_typesupport_introspection_cpp.dir/rosidl_typesupport_introspection_cpp/tutorial_interfaces/msg/detail/num__type_support.cpp.o[0m
[3.914s] [ 36%] [32mBuilding CXX object CMakeFiles/tutorial_interfaces__rosidl_typesupport_introspection_cpp.dir/rosidl_typesupport_introspection_cpp/tutorial_interfaces/srv/detail/add_three_ints__type_support.cpp.o[0m
[3.949s] [35m[1mScanning dependencies of target tutorial_interfaces__rosidl_typesupport_fastrtps_cpp[0m
[3.967s] [ 38%] [32mBuilding CXX object CMakeFiles/tutorial_interfaces__rosidl_typesupport_fastrtps_cpp.dir/rosidl_typesupport_fastrtps_cpp/tutorial_interfaces/msg/detail/dds_fastrtps/num__type_support.cpp.o[0m
[3.970s] [ 40%] [32mBuilding CXX object CMakeFiles/tutorial_interfaces__rosidl_typesupport_fastrtps_cpp.dir/rosidl_typesupport_fastrtps_cpp/tutorial_interfaces/msg/detail/dds_fastrtps/sphere__type_support.cpp.o[0m
[3.971s] [ 42%] [32mBuilding CXX object CMakeFiles/tutorial_interfaces__rosidl_typesupport_fastrtps_cpp.dir/rosidl_typesupport_fastrtps_cpp/tutorial_interfaces/srv/detail/dds_fastrtps/add_three_ints__type_support.cpp.o[0m
[4.045s] [35m[1mScanning dependencies of target tutorial_interfaces__rosidl_typesupport_c[0m
[4.057s] [ 44%] [32mBuilding CXX object CMakeFiles/tutorial_interfaces__rosidl_typesupport_c.dir/rosidl_typesupport_c/tutorial_interfaces/msg/num__type_support.cpp.o[0m
[4.058s] [ 48%] [32mBuilding CXX object CMakeFiles/tutorial_interfaces__rosidl_typesupport_c.dir/rosidl_typesupport_c/tutorial_interfaces/msg/sphere__type_support.cpp.o[0m
[4.058s] [ 48%] [32mBuilding CXX object CMakeFiles/tutorial_interfaces__rosidl_typesupport_c.dir/rosidl_typesupport_c/tutorial_interfaces/srv/add_three_ints__type_support.cpp.o[0m
[4.082s] [35m[1mScanning dependencies of target tutorial_interfaces__rosidl_typesupport_introspection_c[0m
[4.092s] [ 51%] [32m[1mLinking CXX shared library libtutorial_interfaces__rosidl_typesupport_c.so[0m
[4.098s] [ 53%] [32mBuilding C object CMakeFiles/tutorial_interfaces__rosidl_typesupport_introspection_c.dir/rosidl_typesupport_introspection_c/tutorial_interfaces/msg/detail/sphere__type_support.c.o[0m
[4.099s] [ 57%] [32mBuilding C object CMakeFiles/tutorial_interfaces__rosidl_typesupport_introspection_c.dir/rosidl_typesupport_introspection_c/tutorial_interfaces/msg/detail/num__type_support.c.o[0m
[4.099s] [ 57%] [32mBuilding C object CMakeFiles/tutorial_interfaces__rosidl_typesupport_introspection_c.dir/rosidl_typesupport_introspection_c/tutorial_interfaces/srv/detail/add_three_ints__type_support.c.o[0m
[4.135s] [ 59%] [32m[1mLinking C shared library libtutorial_interfaces__rosidl_typesupport_introspection_c.so[0m
[4.139s] [ 59%] Built target tutorial_interfaces__rosidl_typesupport_c
[4.171s] [ 59%] Built target tutorial_interfaces__rosidl_typesupport_introspection_c
[4.179s] [ 61%] [32m[1mLinking CXX shared library libtutorial_interfaces__rosidl_typesupport_cpp.so[0m
[4.242s] [ 61%] Built target tutorial_interfaces__rosidl_typesupport_cpp
[4.246s] [ 63%] [32m[1mLinking CXX shared library libtutorial_interfaces__rosidl_typesupport_introspection_cpp.so[0m
[4.312s] [ 65%] [32m[1mLinking CXX shared library libtutorial_interfaces__rosidl_typesupport_fastrtps_cpp.so[0m
[4.340s] [ 65%] Built target tutorial_interfaces__rosidl_typesupport_introspection_cpp
[4.394s] [ 65%] Built target tutorial_interfaces__rosidl_typesupport_fastrtps_cpp
[4.415s] [ 68%] [34m[1mGenerating C type support for eProsima Fast-RTPS[0m
[4.665s] [35m[1mScanning dependencies of target tutorial_interfaces__rosidl_typesupport_fastrtps_c[0m
[4.695s] [ 70%] [32mBuilding CXX object CMakeFiles/tutorial_interfaces__rosidl_typesupport_fastrtps_c.dir/rosidl_typesupport_fastrtps_c/tutorial_interfaces/msg/detail/num__type_support_c.cpp.o[0m
[4.697s] [ 72%] [32mBuilding CXX object CMakeFiles/tutorial_interfaces__rosidl_typesupport_fastrtps_c.dir/rosidl_typesupport_fastrtps_c/tutorial_interfaces/msg/detail/sphere__type_support_c.cpp.o[0m
[4.698s] [ 74%] [32mBuilding CXX object CMakeFiles/tutorial_interfaces__rosidl_typesupport_fastrtps_c.dir/rosidl_typesupport_fastrtps_c/tutorial_interfaces/srv/detail/add_three_ints__type_support_c.cpp.o[0m
[4.994s] [ 76%] [32m[1mLinking CXX shared library libtutorial_interfaces__rosidl_typesupport_fastrtps_c.so[0m
[5.092s] [ 76%] Built target tutorial_interfaces__rosidl_typesupport_fastrtps_c
[5.112s] [35m[1mScanning dependencies of target tutorial_interfaces[0m
[5.133s] [ 76%] Built target tutorial_interfaces
[5.157s] [35m[1mScanning dependencies of target tutorial_interfaces__py[0m
[5.178s] [ 78%] [34m[1mGenerating Python code for ROS interfaces[0m
[5.651s] [ 78%] Built target tutorial_interfaces__py
[5.668s] [35m[1mScanning dependencies of target tutorial_interfaces__rosidl_generator_py[0m
[5.706s] [ 80%] [32mBuilding C object CMakeFiles/tutorial_interfaces__rosidl_generator_py.dir/rosidl_generator_py/tutorial_interfaces/msg/_num_s.c.o[0m
[5.715s] [ 82%] [32mBuilding C object CMakeFiles/tutorial_interfaces__rosidl_generator_py.dir/rosidl_generator_py/tutorial_interfaces/msg/_sphere_s.c.o[0m
[5.716s] [ 85%] [32mBuilding C object CMakeFiles/tutorial_interfaces__rosidl_generator_py.dir/rosidl_generator_py/tutorial_interfaces/srv/_add_three_ints_s.c.o[0m
[5.811s] [ 87%] [32m[1mLinking C shared library rosidl_generator_py/tutorial_interfaces/libtutorial_interfaces__rosidl_generator_py.so[0m
[5.891s] [ 87%] Built target tutorial_interfaces__rosidl_generator_py
[5.909s] [35m[1mScanning dependencies of target tutorial_interfaces__rosidl_typesupport_c__pyext[0m
[5.913s] [35m[1mScanning dependencies of target tutorial_interfaces__rosidl_typesupport_fastrtps_c__pyext[0m
[5.914s] [35m[1mScanning dependencies of target tutorial_interfaces__rosidl_typesupport_introspection_c__pyext[0m
[5.933s] [ 89%] [32mBuilding C object CMakeFiles/tutorial_interfaces__rosidl_typesupport_c__pyext.dir/rosidl_generator_py/tutorial_interfaces/_tutorial_interfaces_s.ep.rosidl_typesupport_c.c.o[0m
[5.944s] [ 91%] [32mBuilding C object CMakeFiles/tutorial_interfaces__rosidl_typesupport_fastrtps_c__pyext.dir/rosidl_generator_py/tutorial_interfaces/_tutorial_interfaces_s.ep.rosidl_typesupport_fastrtps_c.c.o[0m
[5.948s] [ 93%] [32mBuilding C object CMakeFiles/tutorial_interfaces__rosidl_typesupport_introspection_c__pyext.dir/rosidl_generator_py/tutorial_interfaces/_tutorial_interfaces_s.ep.rosidl_typesupport_introspection_c.c.o[0m
[6.008s] [ 95%] [32m[1mLinking C shared library rosidl_generator_py/tutorial_interfaces/tutorial_interfaces_s__rosidl_typesupport_c.cpython-38-x86_64-linux-gnu.so[0m
[6.017s] [ 97%] [32m[1mLinking C shared library rosidl_generator_py/tutorial_interfaces/tutorial_interfaces_s__rosidl_typesupport_fastrtps_c.cpython-38-x86_64-linux-gnu.so[0m
[6.067s] [ 97%] Built target tutorial_interfaces__rosidl_typesupport_fastrtps_c__pyext
[6.068s] [ 97%] Built target tutorial_interfaces__rosidl_typesupport_c__pyext
[6.068s] [100%] [32m[1mLinking C shared library rosidl_generator_py/tutorial_interfaces/tutorial_interfaces_s__rosidl_typesupport_introspection_c.cpython-38-x86_64-linux-gnu.so[0m
[6.139s] [100%] Built target tutorial_interfaces__rosidl_typesupport_introspection_c__pyext
[6.156s] Invoked command in '/home/zj/cx/LearnRos2/ros2_ws/build/tutorial_interfaces' returned '0': CMAKE_PREFIX_PATH=${CMAKE_PREFIX_PATH}:/home/zj/cx/LearnRos2/ros2_ws/install/tutorial_interfaces:/home/zj/cx/LearnRos2/ros2_ws/install/py_srvcli:/home/zj/cx/LearnRos2/ros2_ws/install/py_pubsub:/home/zj/cx/LearnRos2/ros2_ws/install/my_package:/opt/ros/rolling /usr/bin/cmake --build /home/zj/cx/LearnRos2/ros2_ws/build/tutorial_interfaces -- -j20 -l20
[6.373s] Invoking command in '/home/zj/cx/LearnRos2/ros2_ws/build/tutorial_interfaces': CMAKE_PREFIX_PATH=${CMAKE_PREFIX_PATH}:/home/zj/cx/LearnRos2/ros2_ws/install/tutorial_interfaces:/home/zj/cx/LearnRos2/ros2_ws/install/py_srvcli:/home/zj/cx/LearnRos2/ros2_ws/install/py_pubsub:/home/zj/cx/LearnRos2/ros2_ws/install/my_package:/opt/ros/rolling /usr/bin/cmake --install /home/zj/cx/LearnRos2/ros2_ws/build/tutorial_interfaces
[6.385s] -- Install configuration: ""
[6.386s] -- Installing: /home/zj/cx/LearnRos2/ros2_ws/install/tutorial_interfaces/share/ament_index/resource_index/rosidl_interfaces/tutorial_interfaces
[6.386s] -- Installing: /home/zj/cx/LearnRos2/ros2_ws/install/tutorial_interfaces/include/tutorial_interfaces
[6.386s] -- Installing: /home/zj/cx/LearnRos2/ros2_ws/install/tutorial_interfaces/include/tutorial_interfaces/msg
[6.386s] -- Installing: /home/zj/cx/LearnRos2/ros2_ws/install/tutorial_interfaces/include/tutorial_interfaces/msg/num.h
[6.386s] -- Installing: /home/zj/cx/LearnRos2/ros2_ws/install/tutorial_interfaces/include/tutorial_interfaces/msg/sphere.h
[6.387s] -- Installing: /home/zj/cx/LearnRos2/ros2_ws/install/tutorial_interfaces/include/tutorial_interfaces/msg/detail
[6.387s] -- Installing: /home/zj/cx/LearnRos2/ros2_ws/install/tutorial_interfaces/include/tutorial_interfaces/msg/detail/num__functions.c
[6.387s] -- Installing: /home/zj/cx/LearnRos2/ros2_ws/install/tutorial_interfaces/include/tutorial_interfaces/msg/detail/num__functions.h
[6.387s] -- Installing: /home/zj/cx/LearnRos2/ros2_ws/install/tutorial_interfaces/include/tutorial_interfaces/msg/detail/num__struct.h
[6.387s] -- Installing: /home/zj/cx/LearnRos2/ros2_ws/install/tutorial_interfaces/include/tutorial_interfaces/msg/detail/sphere__functions.c
[6.388s] -- Installing: /home/zj/cx/LearnRos2/ros2_ws/install/tutorial_interfaces/include/tutorial_interfaces/msg/detail/sphere__struct.h
[6.388s] -- Installing: /home/zj/cx/LearnRos2/ros2_ws/install/tutorial_interfaces/include/tutorial_interfaces/msg/detail/sphere__type_support.h
[6.388s] -- Installing: /home/zj/cx/LearnRos2/ros2_ws/install/tutorial_interfaces/include/tutorial_interfaces/msg/detail/sphere__functions.h
[6.389s] -- Installing: /home/zj/cx/LearnRos2/ros2_ws/install/tutorial_interfaces/include/tutorial_interfaces/msg/detail/num__type_support.h
[6.389s] -- Installing: /home/zj/cx/LearnRos2/ros2_ws/install/tutorial_interfaces/include/tutorial_interfaces/msg/rosidl_generator_c__visibility_control.h
[6.389s] -- Installing: /home/zj/cx/LearnRos2/ros2_ws/install/tutorial_interfaces/include/tutorial_interfaces/srv
[6.389s] -- Installing: /home/zj/cx/LearnRos2/ros2_ws/install/tutorial_interfaces/include/tutorial_interfaces/srv/add_three_ints.h
[6.390s] -- Installing: /home/zj/cx/LearnRos2/ros2_ws/install/tutorial_interfaces/include/tutorial_interfaces/srv/detail
[6.390s] -- Installing: /home/zj/cx/LearnRos2/ros2_ws/install/tutorial_interfaces/include/tutorial_interfaces/srv/detail/add_three_ints__functions.h
[6.390s] -- Installing: /home/zj/cx/LearnRos2/ros2_ws/install/tutorial_interfaces/include/tutorial_interfaces/srv/detail/add_three_ints__type_support.h
[6.390s] -- Installing: /home/zj/cx/LearnRos2/ros2_ws/install/tutorial_interfaces/include/tutorial_interfaces/srv/detail/add_three_ints__functions.c
[6.391s] -- Installing: /home/zj/cx/LearnRos2/ros2_ws/install/tutorial_interfaces/include/tutorial_interfaces/srv/detail/add_three_ints__struct.h
[6.391s] -- Installing: /home/zj/cx/LearnRos2/ros2_ws/install/tutorial_interfaces/share/tutorial_interfaces/environment/library_path.sh
[6.391s] -- Installing: /home/zj/cx/LearnRos2/ros2_ws/install/tutorial_interfaces/share/tutorial_interfaces/environment/library_path.dsv
[6.392s] -- Installing: /home/zj/cx/LearnRos2/ros2_ws/install/tutorial_interfaces/lib/libtutorial_interfaces__rosidl_generator_c.so
[6.392s] -- Set runtime path of "/home/zj/cx/LearnRos2/ros2_ws/install/tutorial_interfaces/lib/libtutorial_interfaces__rosidl_generator_c.so" to ""
[6.392s] -- Up-to-date: /home/zj/cx/LearnRos2/ros2_ws/install/tutorial_interfaces/include/tutorial_interfaces
[6.392s] -- Up-to-date: /home/zj/cx/LearnRos2/ros2_ws/install/tutorial_interfaces/include/tutorial_interfaces/msg
[6.393s] -- Installing: /home/zj/cx/LearnRos2/ros2_ws/install/tutorial_interfaces/include/tutorial_interfaces/msg/rosidl_typesupport_fastrtps_c__visibility_control.h
[6.393s] -- Up-to-date: /home/zj/cx/LearnRos2/ros2_ws/install/tutorial_interfaces/include/tutorial_interfaces/msg/detail
[6.393s] -- Installing: /home/zj/cx/LearnRos2/ros2_ws/install/tutorial_interfaces/include/tutorial_interfaces/msg/detail/num__rosidl_typesupport_fastrtps_c.h
[6.393s] -- Installing: /home/zj/cx/LearnRos2/ros2_ws/install/tutorial_interfaces/include/tutorial_interfaces/msg/detail/sphere__rosidl_typesupport_fastrtps_c.h
[6.394s] -- Up-to-date: /home/zj/cx/LearnRos2/ros2_ws/install/tutorial_interfaces/include/tutorial_interfaces/srv
[6.394s] -- Up-to-date: /home/zj/cx/LearnRos2/ros2_ws/install/tutorial_interfaces/include/tutorial_interfaces/srv/detail
[6.394s] -- Installing: /home/zj/cx/LearnRos2/ros2_ws/install/tutorial_interfaces/include/tutorial_interfaces/srv/detail/add_three_ints__rosidl_typesupport_fastrtps_c.h
[6.394s] -- Installing: /home/zj/cx/LearnRos2/ros2_ws/install/tutorial_interfaces/lib/libtutorial_interfaces__rosidl_typesupport_fastrtps_c.so
[6.395s] -- Set runtime path of "/home/zj/cx/LearnRos2/ros2_ws/install/tutorial_interfaces/lib/libtutorial_interfaces__rosidl_typesupport_fastrtps_c.so" to ""
[6.395s] -- Up-to-date: /home/zj/cx/LearnRos2/ros2_ws/install/tutorial_interfaces/include/tutorial_interfaces
[6.395s] -- Up-to-date: /home/zj/cx/LearnRos2/ros2_ws/install/tutorial_interfaces/include/tutorial_interfaces/msg
[6.395s] -- Up-to-date: /home/zj/cx/LearnRos2/ros2_ws/install/tutorial_interfaces/include/tutorial_interfaces/msg/detail
[6.395s] -- Installing: /home/zj/cx/LearnRos2/ros2_ws/install/tutorial_interfaces/include/tutorial_interfaces/msg/detail/dds_fastrtps
[6.395s] -- Installing: /home/zj/cx/LearnRos2/ros2_ws/install/tutorial_interfaces/include/tutorial_interfaces/msg/detail/sphere__rosidl_typesupport_fastrtps_cpp.hpp
[6.396s] -- Installing: /home/zj/cx/LearnRos2/ros2_ws/install/tutorial_interfaces/include/tutorial_interfaces/msg/detail/num__rosidl_typesupport_fastrtps_cpp.hpp
[6.396s] -- Installing: /home/zj/cx/LearnRos2/ros2_ws/install/tutorial_interfaces/include/tutorial_interfaces/msg/rosidl_typesupport_fastrtps_cpp__visibility_control.h
[6.396s] -- Up-to-date: /home/zj/cx/LearnRos2/ros2_ws/install/tutorial_interfaces/include/tutorial_interfaces/srv
[6.396s] -- Up-to-date: /home/zj/cx/LearnRos2/ros2_ws/install/tutorial_interfaces/include/tutorial_interfaces/srv/detail
[6.396s] -- Installing: /home/zj/cx/LearnRos2/ros2_ws/install/tutorial_interfaces/include/tutorial_interfaces/srv/detail/dds_fastrtps
[6.396s] -- Installing: /home/zj/cx/LearnRos2/ros2_ws/install/tutorial_interfaces/include/tutorial_interfaces/srv/detail/add_three_ints__rosidl_typesupport_fastrtps_cpp.hpp
[6.397s] -- Installing: /home/zj/cx/LearnRos2/ros2_ws/install/tutorial_interfaces/lib/libtutorial_interfaces__rosidl_typesupport_fastrtps_cpp.so
[6.397s] -- Set runtime path of "/home/zj/cx/LearnRos2/ros2_ws/install/tutorial_interfaces/lib/libtutorial_interfaces__rosidl_typesupport_fastrtps_cpp.so" to ""
[6.397s] -- Up-to-date: /home/zj/cx/LearnRos2/ros2_ws/install/tutorial_interfaces/include/tutorial_interfaces
[6.397s] -- Up-to-date: /home/zj/cx/LearnRos2/ros2_ws/install/tutorial_interfaces/include/tutorial_interfaces/msg
[6.397s] -- Installing: /home/zj/cx/LearnRos2/ros2_ws/install/tutorial_interfaces/include/tutorial_interfaces/msg/rosidl_typesupport_introspection_c__visibility_control.h
[6.397s] -- Up-to-date: /home/zj/cx/LearnRos2/ros2_ws/install/tutorial_interfaces/include/tutorial_interfaces/msg/detail
[6.397s] -- Installing: /home/zj/cx/LearnRos2/ros2_ws/install/tutorial_interfaces/include/tutorial_interfaces/msg/detail/num__type_support.c
[6.397s] -- Installing: /home/zj/cx/LearnRos2/ros2_ws/install/tutorial_interfaces/include/tutorial_interfaces/msg/detail/sphere__rosidl_typesupport_introspection_c.h
[6.397s] -- Installing: /home/zj/cx/LearnRos2/ros2_ws/install/tutorial_interfaces/include/tutorial_interfaces/msg/detail/num__rosidl_typesupport_introspection_c.h
[6.398s] -- Installing: /home/zj/cx/LearnRos2/ros2_ws/install/tutorial_interfaces/include/tutorial_interfaces/msg/detail/sphere__type_support.c
[6.398s] -- Up-to-date: /home/zj/cx/LearnRos2/ros2_ws/install/tutorial_interfaces/include/tutorial_interfaces/srv
[6.398s] -- Up-to-date: /home/zj/cx/LearnRos2/ros2_ws/install/tutorial_interfaces/include/tutorial_interfaces/srv/detail
[6.398s] -- Installing: /home/zj/cx/LearnRos2/ros2_ws/install/tutorial_interfaces/include/tutorial_interfaces/srv/detail/add_three_ints__type_support.c
[6.398s] -- Installing: /home/zj/cx/LearnRos2/ros2_ws/install/tutorial_interfaces/include/tutorial_interfaces/srv/detail/add_three_ints__rosidl_typesupport_introspection_c.h
[6.398s] -- Installing: /home/zj/cx/LearnRos2/ros2_ws/install/tutorial_interfaces/lib/libtutorial_interfaces__rosidl_typesupport_introspection_c.so
[6.398s] -- Set runtime path of "/home/zj/cx/LearnRos2/ros2_ws/install/tutorial_interfaces/lib/libtutorial_interfaces__rosidl_typesupport_introspection_c.so" to ""
[6.398s] -- Installing: /home/zj/cx/LearnRos2/ros2_ws/install/tutorial_interfaces/lib/libtutorial_interfaces__rosidl_typesupport_c.so
[6.398s] -- Set runtime path of "/home/zj/cx/LearnRos2/ros2_ws/install/tutorial_interfaces/lib/libtutorial_interfaces__rosidl_typesupport_c.so" to ""
[6.399s] -- Up-to-date: /home/zj/cx/LearnRos2/ros2_ws/install/tutorial_interfaces/include/tutorial_interfaces
[6.399s] -- Up-to-date: /home/zj/cx/LearnRos2/ros2_ws/install/tutorial_interfaces/include/tutorial_interfaces/msg
[6.399s] -- Installing: /home/zj/cx/LearnRos2/ros2_ws/install/tutorial_interfaces/include/tutorial_interfaces/msg/num.hpp
[6.399s] -- Installing: /home/zj/cx/LearnRos2/ros2_ws/install/tutorial_interfaces/include/tutorial_interfaces/msg/sphere.hpp
[6.399s] -- Up-to-date: /home/zj/cx/LearnRos2/ros2_ws/install/tutorial_interfaces/include/tutorial_interfaces/msg/detail
[6.399s] -- Installing: /home/zj/cx/LearnRos2/ros2_ws/install/tutorial_interfaces/include/tutorial_interfaces/msg/detail/sphere__builder.hpp
[6.399s] -- Installing: /home/zj/cx/LearnRos2/ros2_ws/install/tutorial_interfaces/include/tutorial_interfaces/msg/detail/sphere__traits.hpp
[6.399s] -- Installing: /home/zj/cx/LearnRos2/ros2_ws/install/tutorial_interfaces/include/tutorial_interfaces/msg/detail/sphere__struct.hpp
[6.399s] -- Installing: /home/zj/cx/LearnRos2/ros2_ws/install/tutorial_interfaces/include/tutorial_interfaces/msg/detail/num__traits.hpp
[6.400s] -- Installing: /home/zj/cx/LearnRos2/ros2_ws/install/tutorial_interfaces/include/tutorial_interfaces/msg/detail/num__struct.hpp
[6.400s] -- Installing: /home/zj/cx/LearnRos2/ros2_ws/install/tutorial_interfaces/include/tutorial_interfaces/msg/detail/num__builder.hpp
[6.400s] -- Up-to-date: /home/zj/cx/LearnRos2/ros2_ws/install/tutorial_interfaces/include/tutorial_interfaces/srv
[6.400s] -- Installing: /home/zj/cx/LearnRos2/ros2_ws/install/tutorial_interfaces/include/tutorial_interfaces/srv/add_three_ints.hpp
[6.400s] -- Up-to-date: /home/zj/cx/LearnRos2/ros2_ws/install/tutorial_interfaces/include/tutorial_interfaces/srv/detail
[6.400s] -- Installing: /home/zj/cx/LearnRos2/ros2_ws/install/tutorial_interfaces/include/tutorial_interfaces/srv/detail/add_three_ints__struct.hpp
[6.400s] -- Installing: /home/zj/cx/LearnRos2/ros2_ws/install/tutorial_interfaces/include/tutorial_interfaces/srv/detail/add_three_ints__builder.hpp
[6.400s] -- Installing: /home/zj/cx/LearnRos2/ros2_ws/install/tutorial_interfaces/include/tutorial_interfaces/srv/detail/add_three_ints__traits.hpp
[6.400s] -- Up-to-date: /home/zj/cx/LearnRos2/ros2_ws/install/tutorial_interfaces/include/tutorial_interfaces
[6.400s] -- Up-to-date: /home/zj/cx/LearnRos2/ros2_ws/install/tutorial_interfaces/include/tutorial_interfaces/msg
[6.401s] -- Up-to-date: /home/zj/cx/LearnRos2/ros2_ws/install/tutorial_interfaces/include/tutorial_interfaces/msg/detail
[6.401s] -- Installing: /home/zj/cx/LearnRos2/ros2_ws/install/tutorial_interfaces/include/tutorial_interfaces/msg/detail/sphere__rosidl_typesupport_introspection_cpp.hpp
[6.401s] -- Installing: /home/zj/cx/LearnRos2/ros2_ws/install/tutorial_interfaces/include/tutorial_interfaces/msg/detail/num__rosidl_typesupport_introspection_cpp.hpp
[6.401s] -- Installing: /home/zj/cx/LearnRos2/ros2_ws/install/tutorial_interfaces/include/tutorial_interfaces/msg/detail/sphere__type_support.cpp
[6.401s] -- Installing: /home/zj/cx/LearnRos2/ros2_ws/install/tutorial_interfaces/include/tutorial_interfaces/msg/detail/num__type_support.cpp
[6.401s] -- Up-to-date: /home/zj/cx/LearnRos2/ros2_ws/install/tutorial_interfaces/include/tutorial_interfaces/srv
[6.401s] -- Up-to-date: /home/zj/cx/LearnRos2/ros2_ws/install/tutorial_interfaces/include/tutorial_interfaces/srv/detail
[6.401s] -- Installing: /home/zj/cx/LearnRos2/ros2_ws/install/tutorial_interfaces/include/tutorial_interfaces/srv/detail/add_three_ints__type_support.cpp
[6.401s] -- Installing: /home/zj/cx/LearnRos2/ros2_ws/install/tutorial_interfaces/include/tutorial_interfaces/srv/detail/add_three_ints__rosidl_typesupport_introspection_cpp.hpp
[6.402s] -- Installing: /home/zj/cx/LearnRos2/ros2_ws/install/tutorial_interfaces/lib/libtutorial_interfaces__rosidl_typesupport_introspection_cpp.so
[6.402s] -- Set runtime path of "/home/zj/cx/LearnRos2/ros2_ws/install/tutorial_interfaces/lib/libtutorial_interfaces__rosidl_typesupport_introspection_cpp.so" to ""
[6.402s] -- Installing: /home/zj/cx/LearnRos2/ros2_ws/install/tutorial_interfaces/lib/libtutorial_interfaces__rosidl_typesupport_cpp.so
[6.402s] -- Set runtime path of "/home/zj/cx/LearnRos2/ros2_ws/install/tutorial_interfaces/lib/libtutorial_interfaces__rosidl_typesupport_cpp.so" to ""
[6.402s] -- Installing: /home/zj/cx/LearnRos2/ros2_ws/install/tutorial_interfaces/share/tutorial_interfaces/environment/pythonpath.sh
[6.402s] -- Installing: /home/zj/cx/LearnRos2/ros2_ws/install/tutorial_interfaces/share/tutorial_interfaces/environment/pythonpath.dsv
[6.402s] -- Up-to-date: /home/zj/cx/LearnRos2/ros2_ws/install/tutorial_interfaces/lib/python3.8/site-packages/tutorial_interfaces-0.0.0-py3.8.egg-info
[6.402s] -- Installing: /home/zj/cx/LearnRos2/ros2_ws/install/tutorial_interfaces/lib/python3.8/site-packages/tutorial_interfaces-0.0.0-py3.8.egg-info/PKG-INFO
[6.402s] -- Installing: /home/zj/cx/LearnRos2/ros2_ws/install/tutorial_interfaces/lib/python3.8/site-packages/tutorial_interfaces-0.0.0-py3.8.egg-info/dependency_links.txt
[6.403s] -- Installing: /home/zj/cx/LearnRos2/ros2_ws/install/tutorial_interfaces/lib/python3.8/site-packages/tutorial_interfaces-0.0.0-py3.8.egg-info/SOURCES.txt
[6.403s] -- Installing: /home/zj/cx/LearnRos2/ros2_ws/install/tutorial_interfaces/lib/python3.8/site-packages/tutorial_interfaces-0.0.0-py3.8.egg-info/top_level.txt
[6.403s] -- Up-to-date: /home/zj/cx/LearnRos2/ros2_ws/install/tutorial_interfaces/lib/python3.8/site-packages/tutorial_interfaces
[6.403s] -- Installing: /home/zj/cx/LearnRos2/ros2_ws/install/tutorial_interfaces/lib/python3.8/site-packages/tutorial_interfaces/_tutorial_interfaces_s.ep.rosidl_typesupport_introspection_c.c
[6.403s] -- Installing: /home/zj/cx/LearnRos2/ros2_ws/install/tutorial_interfaces/lib/python3.8/site-packages/tutorial_interfaces/_tutorial_interfaces_s.ep.rosidl_typesupport_c.c
[6.403s] -- Installing: /home/zj/cx/LearnRos2/ros2_ws/install/tutorial_interfaces/lib/python3.8/site-packages/tutorial_interfaces/msg
[6.403s] -- Installing: /home/zj/cx/LearnRos2/ros2_ws/install/tutorial_interfaces/lib/python3.8/site-packages/tutorial_interfaces/msg/_num_s.c
[6.403s] -- Installing: /home/zj/cx/LearnRos2/ros2_ws/install/tutorial_interfaces/lib/python3.8/site-packages/tutorial_interfaces/msg/_sphere_s.c
[6.403s] -- Installing: /home/zj/cx/LearnRos2/ros2_ws/install/tutorial_interfaces/lib/python3.8/site-packages/tutorial_interfaces/msg/_sphere.py
[6.403s] -- Installing: /home/zj/cx/LearnRos2/ros2_ws/install/tutorial_interfaces/lib/python3.8/site-packages/tutorial_interfaces/msg/__init__.py
[6.404s] -- Installing: /home/zj/cx/LearnRos2/ros2_ws/install/tutorial_interfaces/lib/python3.8/site-packages/tutorial_interfaces/msg/_num.py
[6.404s] -- Installing: /home/zj/cx/LearnRos2/ros2_ws/install/tutorial_interfaces/lib/python3.8/site-packages/tutorial_interfaces/tutorial_interfaces_s__rosidl_typesupport_fastrtps_c.cpython-38-x86_64-linux-gnu.so
[6.404s] -- Installing: /home/zj/cx/LearnRos2/ros2_ws/install/tutorial_interfaces/lib/python3.8/site-packages/tutorial_interfaces/libtutorial_interfaces__rosidl_generator_py.so
[6.404s] -- Installing: /home/zj/cx/LearnRos2/ros2_ws/install/tutorial_interfaces/lib/python3.8/site-packages/tutorial_interfaces/tutorial_interfaces_s__rosidl_typesupport_introspection_c.cpython-38-x86_64-linux-gnu.so
[6.404s] -- Installing: /home/zj/cx/LearnRos2/ros2_ws/install/tutorial_interfaces/lib/python3.8/site-packages/tutorial_interfaces/tutorial_interfaces_s__rosidl_typesupport_c.cpython-38-x86_64-linux-gnu.so
[6.404s] -- Installing: /home/zj/cx/LearnRos2/ros2_ws/install/tutorial_interfaces/lib/python3.8/site-packages/tutorial_interfaces/srv
[6.404s] -- Installing: /home/zj/cx/LearnRos2/ros2_ws/install/tutorial_interfaces/lib/python3.8/site-packages/tutorial_interfaces/srv/_add_three_ints.py
[6.404s] -- Installing: /home/zj/cx/LearnRos2/ros2_ws/install/tutorial_interfaces/lib/python3.8/site-packages/tutorial_interfaces/srv/__init__.py
[6.404s] -- Installing: /home/zj/cx/LearnRos2/ros2_ws/install/tutorial_interfaces/lib/python3.8/site-packages/tutorial_interfaces/srv/_add_three_ints_s.c
[6.405s] -- Installing: /home/zj/cx/LearnRos2/ros2_ws/install/tutorial_interfaces/lib/python3.8/site-packages/tutorial_interfaces/_tutorial_interfaces_s.ep.rosidl_typesupport_fastrtps_c.c
[6.405s] -- Installing: /home/zj/cx/LearnRos2/ros2_ws/install/tutorial_interfaces/lib/python3.8/site-packages/tutorial_interfaces/__init__.py
[6.425s] Listing '/home/zj/cx/LearnRos2/ros2_ws/install/tutorial_interfaces/lib/python3.8/site-packages/tutorial_interfaces'...
[6.425s] Compiling '/home/zj/cx/LearnRos2/ros2_ws/install/tutorial_interfaces/lib/python3.8/site-packages/tutorial_interfaces/__init__.py'...
[6.425s] Listing '/home/zj/cx/LearnRos2/ros2_ws/install/tutorial_interfaces/lib/python3.8/site-packages/tutorial_interfaces/msg'...
[6.426s] Compiling '/home/zj/cx/LearnRos2/ros2_ws/install/tutorial_interfaces/lib/python3.8/site-packages/tutorial_interfaces/msg/__init__.py'...
[6.426s] Compiling '/home/zj/cx/LearnRos2/ros2_ws/install/tutorial_interfaces/lib/python3.8/site-packages/tutorial_interfaces/msg/_num.py'...
[6.426s] Compiling '/home/zj/cx/LearnRos2/ros2_ws/install/tutorial_interfaces/lib/python3.8/site-packages/tutorial_interfaces/msg/_sphere.py'...
[6.426s] Listing '/home/zj/cx/LearnRos2/ros2_ws/install/tutorial_interfaces/lib/python3.8/site-packages/tutorial_interfaces/srv'...
[6.426s] Compiling '/home/zj/cx/LearnRos2/ros2_ws/install/tutorial_interfaces/lib/python3.8/site-packages/tutorial_interfaces/srv/__init__.py'...
[6.426s] Compiling '/home/zj/cx/LearnRos2/ros2_ws/install/tutorial_interfaces/lib/python3.8/site-packages/tutorial_interfaces/srv/_add_three_ints.py'...
[6.430s] -- Installing: /home/zj/cx/LearnRos2/ros2_ws/install/tutorial_interfaces/lib/python3.8/site-packages/tutorial_interfaces/tutorial_interfaces_s__rosidl_typesupport_fastrtps_c.cpython-38-x86_64-linux-gnu.so
[6.431s] -- Set runtime path of "/home/zj/cx/LearnRos2/ros2_ws/install/tutorial_interfaces/lib/python3.8/site-packages/tutorial_interfaces/tutorial_interfaces_s__rosidl_typesupport_fastrtps_c.cpython-38-x86_64-linux-gnu.so" to ""
[6.432s] -- Installing: /home/zj/cx/LearnRos2/ros2_ws/install/tutorial_interfaces/lib/python3.8/site-packages/tutorial_interfaces/tutorial_interfaces_s__rosidl_typesupport_introspection_c.cpython-38-x86_64-linux-gnu.so
[6.433s] -- Set runtime path of "/home/zj/cx/LearnRos2/ros2_ws/install/tutorial_interfaces/lib/python3.8/site-packages/tutorial_interfaces/tutorial_interfaces_s__rosidl_typesupport_introspection_c.cpython-38-x86_64-linux-gnu.so" to ""
[6.434s] -- Installing: /home/zj/cx/LearnRos2/ros2_ws/install/tutorial_interfaces/lib/python3.8/site-packages/tutorial_interfaces/tutorial_interfaces_s__rosidl_typesupport_c.cpython-38-x86_64-linux-gnu.so
[6.434s] -- Set runtime path of "/home/zj/cx/LearnRos2/ros2_ws/install/tutorial_interfaces/lib/python3.8/site-packages/tutorial_interfaces/tutorial_interfaces_s__rosidl_typesupport_c.cpython-38-x86_64-linux-gnu.so" to ""
[6.435s] -- Installing: /home/zj/cx/LearnRos2/ros2_ws/install/tutorial_interfaces/lib/libtutorial_interfaces__rosidl_generator_py.so
[6.435s] -- Set runtime path of "/home/zj/cx/LearnRos2/ros2_ws/install/tutorial_interfaces/lib/libtutorial_interfaces__rosidl_generator_py.so" to ""
[6.436s] -- Installing: /home/zj/cx/LearnRos2/ros2_ws/install/tutorial_interfaces/share/tutorial_interfaces/msg/Num.idl
[6.436s] -- Installing: /home/zj/cx/LearnRos2/ros2_ws/install/tutorial_interfaces/share/tutorial_interfaces/msg/Sphere.idl
[6.436s] -- Installing: /home/zj/cx/LearnRos2/ros2_ws/install/tutorial_interfaces/share/tutorial_interfaces/srv/AddThreeInts.idl
[6.436s] -- Installing: /home/zj/cx/LearnRos2/ros2_ws/install/tutorial_interfaces/share/tutorial_interfaces/msg/Num.msg
[6.437s] -- Installing: /home/zj/cx/LearnRos2/ros2_ws/install/tutorial_interfaces/share/tutorial_interfaces/msg/Sphere.msg
[6.437s] -- Installing: /home/zj/cx/LearnRos2/ros2_ws/install/tutorial_interfaces/share/tutorial_interfaces/srv/AddThreeInts.srv
[6.437s] -- Installing: /home/zj/cx/LearnRos2/ros2_ws/install/tutorial_interfaces/share/tutorial_interfaces/srv/AddThreeInts_Request.msg
[6.437s] -- Installing: /home/zj/cx/LearnRos2/ros2_ws/install/tutorial_interfaces/share/tutorial_interfaces/srv/AddThreeInts_Response.msg
[6.438s] -- Installing: /home/zj/cx/LearnRos2/ros2_ws/install/tutorial_interfaces/share/ament_index/resource_index/package_run_dependencies/tutorial_interfaces
[6.438s] -- Installing: /home/zj/cx/LearnRos2/ros2_ws/install/tutorial_interfaces/share/ament_index/resource_index/parent_prefix_path/tutorial_interfaces
[6.438s] -- Installing: /home/zj/cx/LearnRos2/ros2_ws/install/tutorial_interfaces/share/tutorial_interfaces/environment/ament_prefix_path.sh
[6.439s] -- Installing: /home/zj/cx/LearnRos2/ros2_ws/install/tutorial_interfaces/share/tutorial_interfaces/environment/ament_prefix_path.dsv
[6.439s] -- Installing: /home/zj/cx/LearnRos2/ros2_ws/install/tutorial_interfaces/share/tutorial_interfaces/environment/path.sh
[6.439s] -- Installing: /home/zj/cx/LearnRos2/ros2_ws/install/tutorial_interfaces/share/tutorial_interfaces/environment/path.dsv
[6.439s] -- Installing: /home/zj/cx/LearnRos2/ros2_ws/install/tutorial_interfaces/share/tutorial_interfaces/local_setup.bash
[6.439s] -- Installing: /home/zj/cx/LearnRos2/ros2_ws/install/tutorial_interfaces/share/tutorial_interfaces/local_setup.sh
[6.440s] -- Installing: /home/zj/cx/LearnRos2/ros2_ws/install/tutorial_interfaces/share/tutorial_interfaces/local_setup.zsh
[6.440s] -- Installing: /home/zj/cx/LearnRos2/ros2_ws/install/tutorial_interfaces/share/tutorial_interfaces/local_setup.dsv
[6.440s] -- Installing: /home/zj/cx/LearnRos2/ros2_ws/install/tutorial_interfaces/share/tutorial_interfaces/package.dsv
[6.440s] -- Installing: /home/zj/cx/LearnRos2/ros2_ws/install/tutorial_interfaces/share/ament_index/resource_index/packages/tutorial_interfaces
[6.440s] -- Installing: /home/zj/cx/LearnRos2/ros2_ws/install/tutorial_interfaces/share/tutorial_interfaces/cmake/tutorial_interfaces__rosidl_generator_cExport.cmake
[6.441s] -- Installing: /home/zj/cx/LearnRos2/ros2_ws/install/tutorial_interfaces/share/tutorial_interfaces/cmake/tutorial_interfaces__rosidl_generator_cExport-noconfig.cmake
[6.441s] -- Installing: /home/zj/cx/LearnRos2/ros2_ws/install/tutorial_interfaces/share/tutorial_interfaces/cmake/tutorial_interfaces__rosidl_typesupport_introspection_cExport.cmake
[6.441s] -- Installing: /home/zj/cx/LearnRos2/ros2_ws/install/tutorial_interfaces/share/tutorial_interfaces/cmake/tutorial_interfaces__rosidl_typesupport_introspection_cExport-noconfig.cmake
[6.442s] -- Installing: /home/zj/cx/LearnRos2/ros2_ws/install/tutorial_interfaces/share/tutorial_interfaces/cmake/tutorial_interfaces__rosidl_typesupport_cExport.cmake
[6.442s] -- Installing: /home/zj/cx/LearnRos2/ros2_ws/install/tutorial_interfaces/share/tutorial_interfaces/cmake/tutorial_interfaces__rosidl_typesupport_cExport-noconfig.cmake
[6.442s] -- Installing: /home/zj/cx/LearnRos2/ros2_ws/install/tutorial_interfaces/share/tutorial_interfaces/cmake/tutorial_interfaces__rosidl_generator_cppExport.cmake
[6.443s] -- Installing: /home/zj/cx/LearnRos2/ros2_ws/install/tutorial_interfaces/share/tutorial_interfaces/cmake/tutorial_interfaces__rosidl_typesupport_introspection_cppExport.cmake
[6.443s] -- Installing: /home/zj/cx/LearnRos2/ros2_ws/install/tutorial_interfaces/share/tutorial_interfaces/cmake/tutorial_interfaces__rosidl_typesupport_introspection_cppExport-noconfig.cmake
[6.443s] -- Installing: /home/zj/cx/LearnRos2/ros2_ws/install/tutorial_interfaces/share/tutorial_interfaces/cmake/tutorial_interfaces__rosidl_typesupport_cppExport.cmake
[6.443s] -- Installing: /home/zj/cx/LearnRos2/ros2_ws/install/tutorial_interfaces/share/tutorial_interfaces/cmake/tutorial_interfaces__rosidl_typesupport_cppExport-noconfig.cmake
[6.444s] -- Installing: /home/zj/cx/LearnRos2/ros2_ws/install/tutorial_interfaces/share/tutorial_interfaces/cmake/export_tutorial_interfaces__rosidl_generator_pyExport.cmake
[6.444s] -- Installing: /home/zj/cx/LearnRos2/ros2_ws/install/tutorial_interfaces/share/tutorial_interfaces/cmake/export_tutorial_interfaces__rosidl_generator_pyExport-noconfig.cmake
[6.444s] -- Installing: /home/zj/cx/LearnRos2/ros2_ws/install/tutorial_interfaces/share/tutorial_interfaces/cmake/rosidl_cmake-extras.cmake
[6.445s] -- Installing: /home/zj/cx/LearnRos2/ros2_ws/install/tutorial_interfaces/share/tutorial_interfaces/cmake/ament_cmake_export_dependencies-extras.cmake
[6.445s] -- Installing: /home/zj/cx/LearnRos2/ros2_ws/install/tutorial_interfaces/share/tutorial_interfaces/cmake/ament_cmake_export_libraries-extras.cmake
[6.445s] -- Installing: /home/zj/cx/LearnRos2/ros2_ws/install/tutorial_interfaces/share/tutorial_interfaces/cmake/ament_cmake_export_targets-extras.cmake
[6.445s] -- Installing: /home/zj/cx/LearnRos2/ros2_ws/install/tutorial_interfaces/share/tutorial_interfaces/cmake/ament_cmake_export_include_directories-extras.cmake
[6.445s] -- Installing: /home/zj/cx/LearnRos2/ros2_ws/install/tutorial_interfaces/share/tutorial_interfaces/cmake/rosidl_cmake_export_typesupport_libraries-extras.cmake
[6.446s] -- Installing: /home/zj/cx/LearnRos2/ros2_ws/install/tutorial_interfaces/share/tutorial_interfaces/cmake/rosidl_cmake_export_typesupport_targets-extras.cmake
[6.446s] -- Installing: /home/zj/cx/LearnRos2/ros2_ws/install/tutorial_interfaces/share/tutorial_interfaces/cmake/tutorial_interfacesConfig.cmake
[6.446s] -- Installing: /home/zj/cx/LearnRos2/ros2_ws/install/tutorial_interfaces/share/tutorial_interfaces/cmake/tutorial_interfacesConfig-version.cmake
[6.446s] -- Installing: /home/zj/cx/LearnRos2/ros2_ws/install/tutorial_interfaces/share/tutorial_interfaces/package.xml
[6.450s] Invoked command in '/home/zj/cx/LearnRos2/ros2_ws/build/tutorial_interfaces' returned '0': CMAKE_PREFIX_PATH=${CMAKE_PREFIX_PATH}:/home/zj/cx/LearnRos2/ros2_ws/install/tutorial_interfaces:/home/zj/cx/LearnRos2/ros2_ws/install/py_srvcli:/home/zj/cx/LearnRos2/ros2_ws/install/py_pubsub:/home/zj/cx/LearnRos2/ros2_ws/install/my_package:/opt/ros/rolling /usr/bin/cmake --install /home/zj/cx/LearnRos2/ros2_ws/build/tutorial_interfaces
