[1.170s] Invoking command in '/home/zj/cx/learnros2/ros2_ws/src/learning_urdf': PYTHONPATH=/home/zj/cx/learnros2/ros2_ws/build/learning_urdf/prefix_override:/home/zj/cx/learnros2/ros2_ws/install/learning_urdf/lib/python3.8/site-packages:${PYTHONPATH} /usr/bin/python3 setup.py egg_info --egg-base ../../build/learning_urdf build --build-base /home/zj/cx/learnros2/ros2_ws/build/learning_urdf/build install --record /home/zj/cx/learnros2/ros2_ws/build/learning_urdf/install.log --single-version-externally-managed
[1.270s] running egg_info
[1.270s] writing ../../build/learning_urdf/learning_urdf.egg-info/PKG-INFO
[1.272s] writing dependency_links to ../../build/learning_urdf/learning_urdf.egg-info/dependency_links.txt
[1.272s] writing entry points to ../../build/learning_urdf/learning_urdf.egg-info/entry_points.txt
[1.273s] writing requirements to ../../build/learning_urdf/learning_urdf.egg-info/requires.txt
[1.273s] writing top-level names to ../../build/learning_urdf/learning_urdf.egg-info/top_level.txt
[1.290s] reading manifest file '../../build/learning_urdf/learning_urdf.egg-info/SOURCES.txt'
[1.291s] writing manifest file '../../build/learning_urdf/learning_urdf.egg-info/SOURCES.txt'
[1.291s] running build
[1.291s] running build_py
[1.291s] running install
[1.291s] running install_lib
[1.292s] running install_data
[1.292s] running install_egg_info
[1.293s] removing '/home/zj/cx/learnros2/ros2_ws/install/learning_urdf/lib/python3.8/site-packages/learning_urdf-0.0.0-py3.8.egg-info' (and everything under it)
[1.294s] Copying ../../build/learning_urdf/learning_urdf.egg-info to /home/zj/cx/learnros2/ros2_ws/install/learning_urdf/lib/python3.8/site-packages/learning_urdf-0.0.0-py3.8.egg-info
[1.294s] running install_scripts
[1.305s] writing list of installed files to '/home/zj/cx/learnros2/ros2_ws/build/learning_urdf/install.log'
[1.592s] Invoked command in '/home/zj/cx/learnros2/ros2_ws/src/learning_urdf' returned '0': PYTHONPATH=/home/zj/cx/learnros2/ros2_ws/build/learning_urdf/prefix_override:/home/zj/cx/learnros2/ros2_ws/install/learning_urdf/lib/python3.8/site-packages:${PYTHONPATH} /usr/bin/python3 setup.py egg_info --egg-base ../../build/learning_urdf build --build-base /home/zj/cx/learnros2/ros2_ws/build/learning_urdf/build install --record /home/zj/cx/learnros2/ros2_ws/build/learning_urdf/install.log --single-version-externally-managed
