[1.751s] Invoking command in '/home/zj/cx/learnros2/ros2_ws/src/learning_pkg_python': PYTHONPATH=/home/zj/cx/learnros2/ros2_ws/build/learning_pkg_python/prefix_override:/home/zj/cx/learnros2/ros2_ws/install/learning_pkg_python/lib/python3.8/site-packages:${PYTHONPATH} /usr/bin/python3 setup.py egg_info --egg-base ../../build/learning_pkg_python build --build-base /home/zj/cx/learnros2/ros2_ws/build/learning_pkg_python/build install --record /home/zj/cx/learnros2/ros2_ws/build/learning_pkg_python/install.log --single-version-externally-managed
[1.911s] running egg_info
[1.911s] writing ../../build/learning_pkg_python/learning_pkg_python.egg-info/PKG-INFO
[1.911s] writing dependency_links to ../../build/learning_pkg_python/learning_pkg_python.egg-info/dependency_links.txt
[1.912s] writing entry points to ../../build/learning_pkg_python/learning_pkg_python.egg-info/entry_points.txt
[1.912s] writing requirements to ../../build/learning_pkg_python/learning_pkg_python.egg-info/requires.txt
[1.912s] writing top-level names to ../../build/learning_pkg_python/learning_pkg_python.egg-info/top_level.txt
[1.935s] reading manifest file '../../build/learning_pkg_python/learning_pkg_python.egg-info/SOURCES.txt'
[1.935s] writing manifest file '../../build/learning_pkg_python/learning_pkg_python.egg-info/SOURCES.txt'
[1.935s] running build
[1.935s] running build_py
[1.935s] running install
[1.936s] running install_lib
[1.936s] running install_data
[1.936s] running install_egg_info
[1.936s] removing '/home/zj/cx/learnros2/ros2_ws/install/learning_pkg_python/lib/python3.8/site-packages/learning_pkg_python-0.0.0-py3.8.egg-info' (and everything under it)
[1.936s] Copying ../../build/learning_pkg_python/learning_pkg_python.egg-info to /home/zj/cx/learnros2/ros2_ws/install/learning_pkg_python/lib/python3.8/site-packages/learning_pkg_python-0.0.0-py3.8.egg-info
[1.936s] running install_scripts
[1.945s] writing list of installed files to '/home/zj/cx/learnros2/ros2_ws/build/learning_pkg_python/install.log'
[1.997s] Invoked command in '/home/zj/cx/learnros2/ros2_ws/src/learning_pkg_python' returned '0': PYTHONPATH=/home/zj/cx/learnros2/ros2_ws/build/learning_pkg_python/prefix_override:/home/zj/cx/learnros2/ros2_ws/install/learning_pkg_python/lib/python3.8/site-packages:${PYTHONPATH} /usr/bin/python3 setup.py egg_info --egg-base ../../build/learning_pkg_python build --build-base /home/zj/cx/learnros2/ros2_ws/build/learning_pkg_python/build install --record /home/zj/cx/learnros2/ros2_ws/build/learning_pkg_python/install.log --single-version-externally-managed
