[0.524s] Invoking command in '/home/zj/cx/LearnRos2/ros2_ws/src/py_srvcli': PYTHONPATH=/home/zj/cx/LearnRos2/ros2_ws/build/py_srvcli/prefix_override:/home/zj/cx/LearnRos2/ros2_ws/install/py_srvcli/lib/python3.8/site-packages:${PYTHONPATH} /usr/bin/python3 setup.py egg_info --egg-base ../../build/py_srvcli build --build-base /home/zj/cx/LearnRos2/ros2_ws/build/py_srvcli/build install --record /home/zj/cx/LearnRos2/ros2_ws/build/py_srvcli/install.log --single-version-externally-managed
[0.696s] running egg_info
[0.696s] writing ../../build/py_srvcli/py_srvcli.egg-info/PKG-INFO
[0.696s] writing dependency_links to ../../build/py_srvcli/py_srvcli.egg-info/dependency_links.txt
[0.696s] writing entry points to ../../build/py_srvcli/py_srvcli.egg-info/entry_points.txt
[0.697s] writing requirements to ../../build/py_srvcli/py_srvcli.egg-info/requires.txt
[0.697s] writing top-level names to ../../build/py_srvcli/py_srvcli.egg-info/top_level.txt
[0.720s] reading manifest file '../../build/py_srvcli/py_srvcli.egg-info/SOURCES.txt'
[0.721s] writing manifest file '../../build/py_srvcli/py_srvcli.egg-info/SOURCES.txt'
[0.721s] running build
[0.721s] running build_py
[0.721s] copying py_srvcli/zj.py -> /home/zj/cx/LearnRos2/ros2_ws/build/py_srvcli/build/lib/py_srvcli
[0.721s] running install
[0.722s] running install_lib
[0.722s] copying /home/zj/cx/LearnRos2/ros2_ws/build/py_srvcli/build/lib/py_srvcli/zj.py -> /home/zj/cx/LearnRos2/ros2_ws/install/py_srvcli/lib/python3.8/site-packages/py_srvcli
[0.723s] byte-compiling /home/zj/cx/LearnRos2/ros2_ws/install/py_srvcli/lib/python3.8/site-packages/py_srvcli/zj.py to zj.cpython-38.pyc
[0.723s] running install_data
[0.724s] running install_egg_info
[0.725s] removing '/home/zj/cx/LearnRos2/ros2_ws/install/py_srvcli/lib/python3.8/site-packages/py_srvcli-0.0.0-py3.8.egg-info' (and everything under it)
[0.725s] Copying ../../build/py_srvcli/py_srvcli.egg-info to /home/zj/cx/LearnRos2/ros2_ws/install/py_srvcli/lib/python3.8/site-packages/py_srvcli-0.0.0-py3.8.egg-info
[0.726s] running install_scripts
[0.738s] Installing client script to /home/zj/cx/LearnRos2/ros2_ws/install/py_srvcli/lib/py_srvcli
[0.738s] Installing service script to /home/zj/cx/LearnRos2/ros2_ws/install/py_srvcli/lib/py_srvcli
[0.738s] writing list of installed files to '/home/zj/cx/LearnRos2/ros2_ws/build/py_srvcli/install.log'
[0.756s] Invoked command in '/home/zj/cx/LearnRos2/ros2_ws/src/py_srvcli' returned '0': PYTHONPATH=/home/zj/cx/LearnRos2/ros2_ws/build/py_srvcli/prefix_override:/home/zj/cx/LearnRos2/ros2_ws/install/py_srvcli/lib/python3.8/site-packages:${PYTHONPATH} /usr/bin/python3 setup.py egg_info --egg-base ../../build/py_srvcli build --build-base /home/zj/cx/LearnRos2/ros2_ws/build/py_srvcli/build install --record /home/zj/cx/LearnRos2/ros2_ws/build/py_srvcli/install.log --single-version-externally-managed
