[1.971s] Invoking command in '/home/zj/cx/learnros2/ros2_ws/src/learning_parameter': PYTHONPATH=/home/zj/cx/learnros2/ros2_ws/build/learning_parameter/prefix_override:/home/zj/cx/learnros2/ros2_ws/install/learning_parameter/lib/python3.8/site-packages:${PYTHONPATH} /usr/bin/python3 setup.py egg_info --egg-base ../../build/learning_parameter build --build-base /home/zj/cx/learnros2/ros2_ws/build/learning_parameter/build install --record /home/zj/cx/learnros2/ros2_ws/build/learning_parameter/install.log --single-version-externally-managed
[2.104s] running egg_info
[2.106s] writing ../../build/learning_parameter/learning_parameter.egg-info/PKG-INFO
[2.106s] writing dependency_links to ../../build/learning_parameter/learning_parameter.egg-info/dependency_links.txt
[2.106s] writing entry points to ../../build/learning_parameter/learning_parameter.egg-info/entry_points.txt
[2.106s] writing requirements to ../../build/learning_parameter/learning_parameter.egg-info/requires.txt
[2.106s] writing top-level names to ../../build/learning_parameter/learning_parameter.egg-info/top_level.txt
[2.126s] reading manifest file '../../build/learning_parameter/learning_parameter.egg-info/SOURCES.txt'
[2.127s] writing manifest file '../../build/learning_parameter/learning_parameter.egg-info/SOURCES.txt'
[2.127s] running build
[2.127s] running build_py
[2.127s] running install
[2.128s] running install_lib
[2.129s] running install_data
[2.129s] running install_egg_info
[2.130s] removing '/home/zj/cx/learnros2/ros2_ws/install/learning_parameter/lib/python3.8/site-packages/learning_parameter-0.0.0-py3.8.egg-info' (and everything under it)
[2.130s] Copying ../../build/learning_parameter/learning_parameter.egg-info to /home/zj/cx/learnros2/ros2_ws/install/learning_parameter/lib/python3.8/site-packages/learning_parameter-0.0.0-py3.8.egg-info
[2.130s] running install_scripts
[2.144s] Installing param_declare script to /home/zj/cx/learnros2/ros2_ws/install/learning_parameter/lib/learning_parameter
[2.144s] Installing param_object_detect script to /home/zj/cx/learnros2/ros2_ws/install/learning_parameter/lib/learning_parameter
[2.144s] writing list of installed files to '/home/zj/cx/learnros2/ros2_ws/build/learning_parameter/install.log'
[2.161s] Invoked command in '/home/zj/cx/learnros2/ros2_ws/src/learning_parameter' returned '0': PYTHONPATH=/home/zj/cx/learnros2/ros2_ws/build/learning_parameter/prefix_override:/home/zj/cx/learnros2/ros2_ws/install/learning_parameter/lib/python3.8/site-packages:${PYTHONPATH} /usr/bin/python3 setup.py egg_info --egg-base ../../build/learning_parameter build --build-base /home/zj/cx/learnros2/ros2_ws/build/learning_parameter/build install --record /home/zj/cx/learnros2/ros2_ws/build/learning_parameter/install.log --single-version-externally-managed
