[1.618s] Invoking command in '/home/zj/cx/learnros2/ros2_ws/src/learning_tf': PYTHONPATH=/home/zj/cx/learnros2/ros2_ws/build/learning_tf/prefix_override:/home/zj/cx/learnros2/ros2_ws/install/learning_tf/lib/python3.8/site-packages:${PYTHONPATH} /usr/bin/python3 setup.py egg_info --egg-base ../../build/learning_tf build --build-base /home/zj/cx/learnros2/ros2_ws/build/learning_tf/build install --record /home/zj/cx/learnros2/ros2_ws/build/learning_tf/install.log --single-version-externally-managed
[1.735s] running egg_info
[1.736s] writing ../../build/learning_tf/learning_tf.egg-info/PKG-INFO
[1.736s] writing dependency_links to ../../build/learning_tf/learning_tf.egg-info/dependency_links.txt
[1.736s] writing entry points to ../../build/learning_tf/learning_tf.egg-info/entry_points.txt
[1.736s] writing requirements to ../../build/learning_tf/learning_tf.egg-info/requires.txt
[1.736s] writing top-level names to ../../build/learning_tf/learning_tf.egg-info/top_level.txt
[1.757s] reading manifest file '../../build/learning_tf/learning_tf.egg-info/SOURCES.txt'
[1.757s] writing manifest file '../../build/learning_tf/learning_tf.egg-info/SOURCES.txt'
[1.758s] running build
[1.758s] running build_py
[1.758s] running install
[1.758s] running install_lib
[1.759s] running install_data
[1.760s] running install_egg_info
[1.763s] removing '/home/zj/cx/learnros2/ros2_ws/install/learning_tf/lib/python3.8/site-packages/learning_tf-0.0.0-py3.8.egg-info' (and everything under it)
[1.763s] Copying ../../build/learning_tf/learning_tf.egg-info to /home/zj/cx/learnros2/ros2_ws/install/learning_tf/lib/python3.8/site-packages/learning_tf-0.0.0-py3.8.egg-info
[1.764s] running install_scripts
[1.773s] Installing static_tf_broadcaster script to /home/zj/cx/learnros2/ros2_ws/install/learning_tf/lib/learning_tf
[1.773s] Installing tf_listener script to /home/zj/cx/learnros2/ros2_ws/install/learning_tf/lib/learning_tf
[1.773s] Installing turtle_following script to /home/zj/cx/learnros2/ros2_ws/install/learning_tf/lib/learning_tf
[1.773s] Installing turtle_tf_broadcaster script to /home/zj/cx/learnros2/ros2_ws/install/learning_tf/lib/learning_tf
[1.773s] writing list of installed files to '/home/zj/cx/learnros2/ros2_ws/build/learning_tf/install.log'
