[0.064s] Invoking command in '/home/zj/cx/learnros2/ros2_ws/build/learning_interface': CMAKE_PREFIX_PATH=/opt/ros/foxy /usr/bin/cmake --build /home/zj/cx/learnros2/ros2_ws/build/learning_interface -- -j20 -l20
[1.231s] -- Found ament_cmake: 0.9.12 (/opt/ros/foxy/share/ament_cmake/cmake)
[1.232s] -- Found PythonInterp: /usr/bin/python3 (found suitable version "3.8.10", minimum required is "3") 
[1.232s] -- Using PYTHON_EXECUTABLE: /usr/bin/python3
[1.232s] -- Found rosidl_default_generators: 1.0.1 (/opt/ros/foxy/share/rosidl_default_generators/cmake)
[1.232s] -- Using all available rosidl_typesupport_c: rosidl_typesupport_fastrtps_c;rosidl_typesupport_introspection_c
[1.232s] -- Found rosidl_adapter: 1.3.1 (/opt/ros/foxy/share/rosidl_adapter/cmake)
[1.232s] -- Using all available rosidl_typesupport_cpp: rosidl_typesupport_fastrtps_cpp;rosidl_typesupport_introspection_cpp
[1.232s] -- Found PythonInterp: /usr/bin/python3 (found version "3.8.10") 
[1.232s] -- Found ament_cmake_ros: 0.9.2 (/opt/ros/foxy/share/ament_cmake_ros/cmake)
[1.233s] -- Using all available rosidl_typesupport_c: rosidl_typesupport_fastrtps_c;rosidl_typesupport_introspection_c
[1.233s] -- Using all available rosidl_typesupport_cpp: rosidl_typesupport_fastrtps_cpp;rosidl_typesupport_introspection_cpp
[1.233s] -- Found PythonInterp: /usr/bin/python3 (found suitable version "3.8.10", minimum required is "3.5") 
[1.233s] -- Found python_cmake_module: 0.8.1 (/opt/ros/foxy/share/python_cmake_module/cmake)
[1.233s] -- Using PYTHON_EXECUTABLE: /usr/bin/python3
[1.233s] -- Using PYTHON_INCLUDE_DIRS: /usr/include/python3.8
[1.233s] -- Using PYTHON_LIBRARIES: /usr/lib/x86_64-linux-gnu/libpython3.8.so
[1.233s] -- Found ament_lint_auto: 0.9.8 (/opt/ros/foxy/share/ament_lint_auto/cmake)
[1.233s] -- Added test 'copyright' to check source files copyright and LICENSE
[1.233s] -- Added test 'lint_cmake' to check CMake code style
[1.233s] -- Added test 'xmllint' to check XML markup files
[1.233s] -- Configuring done
[1.233s] -- Generating done
[1.233s] -- Build files have been written to: /home/zj/cx/learnros2/ros2_ws/build/learning_interface
[1.233s] [35m[1mScanning dependencies of target learning_interface__rosidl_generator_c[0m
[1.233s] [  1%] Built target learning_interface__cpp
[1.233s] [  3%] [32mBuilding C object CMakeFiles/learning_interface__rosidl_generator_c.dir/rosidl_generator_c/learning_interface/msg/detail/object_position__functions.c.o[0m
[1.233s] [35m[1mScanning dependencies of target learning_interface__rosidl_typesupport_introspection_cpp[0m
[1.233s] [35m[1mScanning dependencies of target learning_interface__rosidl_typesupport_cpp[0m
[1.233s] [35m[1mScanning dependencies of target learning_interface__rosidl_typesupport_fastrtps_cpp[0m
[1.233s] [  5%] [32mBuilding C object CMakeFiles/learning_interface__rosidl_generator_c.dir/rosidl_generator_c/learning_interface/srv/detail/add_two_ints__functions.c.o[0m
[1.233s] [  7%] [32mBuilding C object CMakeFiles/learning_interface__rosidl_generator_c.dir/rosidl_generator_c/learning_interface/srv/detail/get_object_position__functions.c.o[0m
[1.233s] [  9%] [32mBuilding C object CMakeFiles/learning_interface__rosidl_generator_c.dir/rosidl_generator_c/learning_interface/action/detail/move_circle__functions.c.o[0m
[1.233s] [ 10%] [32mBuilding CXX object CMakeFiles/learning_interface__rosidl_typesupport_fastrtps_cpp.dir/rosidl_typesupport_fastrtps_cpp/learning_interface/msg/detail/dds_fastrtps/object_position__type_support.cpp.o[0m
[1.233s] [ 12%] [32mBuilding CXX object CMakeFiles/learning_interface__rosidl_typesupport_cpp.dir/rosidl_typesupport_cpp/learning_interface/msg/object_position__type_support.cpp.o[0m
[1.233s] [ 14%] [32mBuilding CXX object CMakeFiles/learning_interface__rosidl_typesupport_cpp.dir/rosidl_typesupport_cpp/learning_interface/action/move_circle__type_support.cpp.o[0m
[1.233s] [ 16%] [32mBuilding CXX object CMakeFiles/learning_interface__rosidl_typesupport_introspection_cpp.dir/rosidl_typesupport_introspection_cpp/learning_interface/msg/detail/object_position__type_support.cpp.o[0m
[1.234s] [ 18%] [32mBuilding CXX object CMakeFiles/learning_interface__rosidl_typesupport_fastrtps_cpp.dir/rosidl_typesupport_fastrtps_cpp/learning_interface/srv/detail/dds_fastrtps/add_two_ints__type_support.cpp.o[0m
[1.234s] [ 20%] [32mBuilding CXX object CMakeFiles/learning_interface__rosidl_typesupport_cpp.dir/rosidl_typesupport_cpp/learning_interface/srv/add_two_ints__type_support.cpp.o[0m
[1.234s] [ 21%] [32mBuilding CXX object CMakeFiles/learning_interface__rosidl_typesupport_fastrtps_cpp.dir/rosidl_typesupport_fastrtps_cpp/learning_interface/action/detail/dds_fastrtps/move_circle__type_support.cpp.o[0m
[1.234s] [ 23%] [32mBuilding CXX object CMakeFiles/learning_interface__rosidl_typesupport_fastrtps_cpp.dir/rosidl_typesupport_fastrtps_cpp/learning_interface/srv/detail/dds_fastrtps/get_object_position__type_support.cpp.o[0m
[1.234s] [ 25%] [32mBuilding CXX object CMakeFiles/learning_interface__rosidl_typesupport_introspection_cpp.dir/rosidl_typesupport_introspection_cpp/learning_interface/srv/detail/get_object_position__type_support.cpp.o[0m
[1.234s] [ 27%] [32mBuilding CXX object CMakeFiles/learning_interface__rosidl_typesupport_cpp.dir/rosidl_typesupport_cpp/learning_interface/srv/get_object_position__type_support.cpp.o[0m
[1.234s] [ 29%] [32mBuilding CXX object CMakeFiles/learning_interface__rosidl_typesupport_introspection_cpp.dir/rosidl_typesupport_introspection_cpp/learning_interface/action/detail/move_circle__type_support.cpp.o[0m
[1.234s] [ 30%] [32mBuilding CXX object CMakeFiles/learning_interface__rosidl_typesupport_introspection_cpp.dir/rosidl_typesupport_introspection_cpp/learning_interface/srv/detail/add_two_ints__type_support.cpp.o[0m
[1.234s] [ 32%] [32m[1mLinking C shared library liblearning_interface__rosidl_generator_c.so[0m
[1.235s] [ 34%] Built target learning_interface__rosidl_generator_c
[1.235s] [35m[1mScanning dependencies of target learning_interface__rosidl_typesupport_introspection_c[0m
[1.235s] [35m[1mScanning dependencies of target learning_interface__rosidl_typesupport_c[0m
[1.235s] [ 36%] [32mBuilding C object CMakeFiles/learning_interface__rosidl_typesupport_introspection_c.dir/rosidl_typesupport_introspection_c/learning_interface/msg/detail/object_position__type_support.c.o[0m
[1.235s] [ 38%] [32mBuilding CXX object CMakeFiles/learning_interface__rosidl_typesupport_c.dir/rosidl_typesupport_c/learning_interface/srv/get_object_position__type_support.cpp.o[0m
[1.235s] [ 41%] [32mBuilding CXX object CMakeFiles/learning_interface__rosidl_typesupport_c.dir/rosidl_typesupport_c/learning_interface/msg/object_position__type_support.cpp.o[0m
[1.235s] [ 41%] [32mBuilding C object CMakeFiles/learning_interface__rosidl_typesupport_introspection_c.dir/rosidl_typesupport_introspection_c/learning_interface/action/detail/move_circle__type_support.c.o[0m
[1.235s] [ 43%] [32mBuilding C object CMakeFiles/learning_interface__rosidl_typesupport_introspection_c.dir/rosidl_typesupport_introspection_c/learning_interface/srv/detail/get_object_position__type_support.c.o[0m
[1.235s] [ 45%] [32mBuilding CXX object CMakeFiles/learning_interface__rosidl_typesupport_c.dir/rosidl_typesupport_c/learning_interface/srv/add_two_ints__type_support.cpp.o[0m
[1.235s] [ 47%] [32mBuilding C object CMakeFiles/learning_interface__rosidl_typesupport_introspection_c.dir/rosidl_typesupport_introspection_c/learning_interface/srv/detail/add_two_ints__type_support.c.o[0m
[1.235s] [ 49%] [32mBuilding CXX object CMakeFiles/learning_interface__rosidl_typesupport_c.dir/rosidl_typesupport_c/learning_interface/action/move_circle__type_support.cpp.o[0m
[1.235s] [ 50%] [32m[1mLinking C shared library liblearning_interface__rosidl_typesupport_introspection_c.so[0m
[1.235s] [ 52%] [32m[1mLinking CXX shared library liblearning_interface__rosidl_typesupport_c.so[0m
[1.235s] [ 54%] Built target learning_interface__rosidl_typesupport_introspection_c
[1.235s] [ 58%] [32m[1mLinking CXX shared library liblearning_interface__rosidl_typesupport_introspection_cpp.so[0m
[1.235s] [ 58%] Built target learning_interface__rosidl_typesupport_c
[1.235s] [ 60%] [32m[1mLinking CXX shared library liblearning_interface__rosidl_typesupport_cpp.so[0m
[1.235s] [ 61%] Built target learning_interface__rosidl_typesupport_cpp
[1.235s] [ 63%] Built target learning_interface__rosidl_typesupport_introspection_cpp
[1.235s] [ 65%] [32m[1mLinking CXX shared library liblearning_interface__rosidl_typesupport_fastrtps_cpp.so[0m
[1.235s] [ 67%] Built target learning_interface__rosidl_typesupport_fastrtps_cpp
[1.235s] [35m[1mScanning dependencies of target learning_interface__rosidl_typesupport_fastrtps_c[0m
[1.235s] [ 70%] [32mBuilding CXX object CMakeFiles/learning_interface__rosidl_typesupport_fastrtps_c.dir/rosidl_typesupport_fastrtps_c/learning_interface/srv/detail/add_two_ints__type_support_c.cpp.o[0m
[1.235s] [ 70%] [32mBuilding CXX object CMakeFiles/learning_interface__rosidl_typesupport_fastrtps_c.dir/rosidl_typesupport_fastrtps_c/learning_interface/srv/detail/get_object_position__type_support_c.cpp.o[0m
[1.236s] [ 72%] [32mBuilding CXX object CMakeFiles/learning_interface__rosidl_typesupport_fastrtps_c.dir/rosidl_typesupport_fastrtps_c/learning_interface/msg/detail/object_position__type_support_c.cpp.o[0m
[1.236s] [ 74%] [32mBuilding CXX object CMakeFiles/learning_interface__rosidl_typesupport_fastrtps_c.dir/rosidl_typesupport_fastrtps_c/learning_interface/action/detail/move_circle__type_support_c.cpp.o[0m
[1.239s] [ 76%] [32m[1mLinking CXX shared library liblearning_interface__rosidl_typesupport_fastrtps_c.so[0m
[1.297s] [ 78%] Built target learning_interface__rosidl_typesupport_fastrtps_c
[1.310s] [ 78%] Built target learning_interface
[1.325s] [ 80%] Built target learning_interface__py
[1.337s] [35m[1mScanning dependencies of target learning_interface__python[0m
[1.355s] [ 81%] [32mBuilding C object CMakeFiles/learning_interface__python.dir/rosidl_generator_py/learning_interface/msg/_object_position_s.c.o[0m
[1.356s] [ 83%] [32mBuilding C object CMakeFiles/learning_interface__python.dir/rosidl_generator_py/learning_interface/action/_move_circle_s.c.o[0m
[1.356s] [ 85%] [32mBuilding C object CMakeFiles/learning_interface__python.dir/rosidl_generator_py/learning_interface/srv/_add_two_ints_s.c.o[0m
[1.356s] [ 87%] [32mBuilding C object CMakeFiles/learning_interface__python.dir/rosidl_generator_py/learning_interface/srv/_get_object_position_s.c.o[0m
[1.471s] [ 89%] [32m[1mLinking C shared library rosidl_generator_py/learning_interface/liblearning_interface__python.so[0m
[1.521s] [ 89%] Built target learning_interface__python
[1.529s] [35m[1mScanning dependencies of target learning_interface__rosidl_typesupport_c__pyext[0m
[1.531s] [35m[1mScanning dependencies of target learning_interface__rosidl_typesupport_introspection_c__pyext[0m
[1.531s] [35m[1mScanning dependencies of target learning_interface__rosidl_typesupport_fastrtps_c__pyext[0m
[1.540s] [ 90%] [32mBuilding C object CMakeFiles/learning_interface__rosidl_typesupport_c__pyext.dir/rosidl_generator_py/learning_interface/_learning_interface_s.ep.rosidl_typesupport_c.c.o[0m
[1.546s] [ 94%] [32mBuilding C object CMakeFiles/learning_interface__rosidl_typesupport_fastrtps_c__pyext.dir/rosidl_generator_py/learning_interface/_learning_interface_s.ep.rosidl_typesupport_fastrtps_c.c.o[0m
[1.546s] [ 94%] [32mBuilding C object CMakeFiles/learning_interface__rosidl_typesupport_introspection_c__pyext.dir/rosidl_generator_py/learning_interface/_learning_interface_s.ep.rosidl_typesupport_introspection_c.c.o[0m
[1.632s] [ 96%] [32m[1mLinking C shared library rosidl_generator_py/learning_interface/learning_interface_s__rosidl_typesupport_c.cpython-38-x86_64-linux-gnu.so[0m
[1.634s] [ 98%] [32m[1mLinking C shared library rosidl_generator_py/learning_interface/learning_interface_s__rosidl_typesupport_introspection_c.cpython-38-x86_64-linux-gnu.so[0m
[1.661s] [ 98%] Built target learning_interface__rosidl_typesupport_introspection_c__pyext
[1.665s] [ 98%] Built target learning_interface__rosidl_typesupport_c__pyext
[1.669s] [100%] [32m[1mLinking CXX shared library rosidl_generator_py/learning_interface/learning_interface_s__rosidl_typesupport_fastrtps_c.cpython-38-x86_64-linux-gnu.so[0m
[1.712s] [100%] Built target learning_interface__rosidl_typesupport_fastrtps_c__pyext
[1.737s] Invoked command in '/home/zj/cx/learnros2/ros2_ws/build/learning_interface' returned '0': CMAKE_PREFIX_PATH=/opt/ros/foxy /usr/bin/cmake --build /home/zj/cx/learnros2/ros2_ws/build/learning_interface -- -j20 -l20
