[1.856s] Invoking command in '/home/zj/cx/learnros2/ros2_ws/src/learning_pkg_python': PYTHONPATH=/home/zj/cx/learnros2/ros2_ws/build/learning_pkg_python/prefix_override:/home/zj/cx/learnros2/ros2_ws/install/learning_pkg_python/lib/python3.8/site-packages:${PYTHONPATH} /usr/bin/python3 setup.py egg_info --egg-base ../../build/learning_pkg_python build --build-base /home/zj/cx/learnros2/ros2_ws/build/learning_pkg_python/build install --record /home/zj/cx/learnros2/ros2_ws/build/learning_pkg_python/install.log --single-version-externally-managed
[1.985s] running egg_info
[1.985s] writing ../../build/learning_pkg_python/learning_pkg_python.egg-info/PKG-INFO
[1.985s] writing dependency_links to ../../build/learning_pkg_python/learning_pkg_python.egg-info/dependency_links.txt
[1.985s] writing entry points to ../../build/learning_pkg_python/learning_pkg_python.egg-info/entry_points.txt
[1.985s] writing requirements to ../../build/learning_pkg_python/learning_pkg_python.egg-info/requires.txt
[1.985s] writing top-level names to ../../build/learning_pkg_python/learning_pkg_python.egg-info/top_level.txt
[2.005s] reading manifest file '../../build/learning_pkg_python/learning_pkg_python.egg-info/SOURCES.txt'
[2.005s] writing manifest file '../../build/learning_pkg_python/learning_pkg_python.egg-info/SOURCES.txt'
[2.012s] running build
[2.013s] running build_py
[2.013s] running install
[2.013s] running install_lib
[2.015s] running install_data
[2.015s] running install_egg_info
[2.016s] removing '/home/zj/cx/learnros2/ros2_ws/install/learning_pkg_python/lib/python3.8/site-packages/learning_pkg_python-0.0.0-py3.8.egg-info' (and everything under it)
[2.016s] Copying ../../build/learning_pkg_python/learning_pkg_python.egg-info to /home/zj/cx/learnros2/ros2_ws/install/learning_pkg_python/lib/python3.8/site-packages/learning_pkg_python-0.0.0-py3.8.egg-info
[2.017s] running install_scripts
[2.029s] writing list of installed files to '/home/zj/cx/learnros2/ros2_ws/build/learning_pkg_python/install.log'
[2.054s] Invoked command in '/home/zj/cx/learnros2/ros2_ws/src/learning_pkg_python' returned '0': PYTHONPATH=/home/zj/cx/learnros2/ros2_ws/build/learning_pkg_python/prefix_override:/home/zj/cx/learnros2/ros2_ws/install/learning_pkg_python/lib/python3.8/site-packages:${PYTHONPATH} /usr/bin/python3 setup.py egg_info --egg-base ../../build/learning_pkg_python build --build-base /home/zj/cx/learnros2/ros2_ws/build/learning_pkg_python/build install --record /home/zj/cx/learnros2/ros2_ws/build/learning_pkg_python/install.log --single-version-externally-managed
