[1.820s] Invoking command in '/home/zj/cx/learnros2/ros2_ws/src/rtk': PYTHONPATH=/home/zj/cx/learnros2/ros2_ws/build/rtk/prefix_override:/home/zj/cx/learnros2/ros2_ws/install/rtk/lib/python3.8/site-packages:${PYTHONPATH} /usr/bin/python3 setup.py egg_info --egg-base ../../build/rtk build --build-base /home/zj/cx/learnros2/ros2_ws/build/rtk/build install --record /home/zj/cx/learnros2/ros2_ws/build/rtk/install.log --install-scripts $base/lib/rtk --single-version-externally-managed
[1.960s] running egg_info
[1.963s] writing ../../build/rtk/rtk.egg-info/PKG-INFO
[1.965s] writing dependency_links to ../../build/rtk/rtk.egg-info/dependency_links.txt
[1.965s] writing entry points to ../../build/rtk/rtk.egg-info/entry_points.txt
[1.965s] writing requirements to ../../build/rtk/rtk.egg-info/requires.txt
[1.965s] writing top-level names to ../../build/rtk/rtk.egg-info/top_level.txt
[1.988s] reading manifest file '../../build/rtk/rtk.egg-info/SOURCES.txt'
[1.988s] writing manifest file '../../build/rtk/rtk.egg-info/SOURCES.txt'
[1.988s] running build
[1.988s] running build_py
[1.988s] copying rtk/getCoordinatePoint.py -> /home/zj/cx/learnros2/ros2_ws/build/rtk/build/lib/rtk
[1.989s] copying rtk/connectSignal.py -> /home/zj/cx/learnros2/ros2_ws/build/rtk/build/lib/rtk
[1.989s] running install
[1.989s] running install_lib
[1.990s] copying /home/zj/cx/learnros2/ros2_ws/build/rtk/build/lib/rtk/getCoordinatePoint.py -> /home/zj/cx/learnros2/ros2_ws/install/rtk/lib/python3.8/site-packages/rtk
[1.991s] copying /home/zj/cx/learnros2/ros2_ws/build/rtk/build/lib/rtk/connectSignal.py -> /home/zj/cx/learnros2/ros2_ws/install/rtk/lib/python3.8/site-packages/rtk
[1.991s] byte-compiling /home/zj/cx/learnros2/ros2_ws/install/rtk/lib/python3.8/site-packages/rtk/getCoordinatePoint.py to getCoordinatePoint.cpython-38.pyc
[1.992s] byte-compiling /home/zj/cx/learnros2/ros2_ws/install/rtk/lib/python3.8/site-packages/rtk/connectSignal.py to connectSignal.cpython-38.pyc
[1.993s] running install_data
[1.993s] running install_egg_info
[1.995s] removing '/home/zj/cx/learnros2/ros2_ws/install/rtk/lib/python3.8/site-packages/rtk-0.0.0-py3.8.egg-info' (and everything under it)
[1.995s] Copying ../../build/rtk/rtk.egg-info to /home/zj/cx/learnros2/ros2_ws/install/rtk/lib/python3.8/site-packages/rtk-0.0.0-py3.8.egg-info
[1.998s] running install_scripts
[2.008s] Installing connectSignal script to /home/zj/cx/learnros2/ros2_ws/install/rtk/lib/rtk
[2.008s] Installing getCoordinatePoint script to /home/zj/cx/learnros2/ros2_ws/install/rtk/lib/rtk
[2.008s] Installing ntripClient script to /home/zj/cx/learnros2/ros2_ws/install/rtk/lib/rtk
[2.009s] Installing ntripServerByCors script to /home/zj/cx/learnros2/ros2_ws/install/rtk/lib/rtk
[2.009s] Installing test script to /home/zj/cx/learnros2/ros2_ws/install/rtk/lib/rtk
[2.009s] writing list of installed files to '/home/zj/cx/learnros2/ros2_ws/build/rtk/install.log'
[2.052s] Invoked command in '/home/zj/cx/learnros2/ros2_ws/src/rtk' returned '0': PYTHONPATH=/home/zj/cx/learnros2/ros2_ws/build/rtk/prefix_override:/home/zj/cx/learnros2/ros2_ws/install/rtk/lib/python3.8/site-packages:${PYTHONPATH} /usr/bin/python3 setup.py egg_info --egg-base ../../build/rtk build --build-base /home/zj/cx/learnros2/ros2_ws/build/rtk/build install --record /home/zj/cx/learnros2/ros2_ws/build/rtk/install.log --install-scripts $base/lib/rtk --single-version-externally-managed
