[1.158s] Invoking command in '/home/zj/cx/learnros2/ros2_ws/src/learning_pkg_python': PYTHONPATH=/home/zj/cx/learnros2/ros2_ws/build/learning_pkg_python/prefix_override:/home/zj/cx/learnros2/ros2_ws/install/learning_pkg_python/lib/python3.8/site-packages:${PYTHONPATH} /usr/bin/python3 setup.py egg_info --egg-base ../../build/learning_pkg_python build --build-base /home/zj/cx/learnros2/ros2_ws/build/learning_pkg_python/build install --record /home/zj/cx/learnros2/ros2_ws/build/learning_pkg_python/install.log --single-version-externally-managed
[1.259s] running egg_info
[1.259s] creating ../../build/learning_pkg_python/learning_pkg_python.egg-info
[1.259s] writing ../../build/learning_pkg_python/learning_pkg_python.egg-info/PKG-INFO
[1.260s] writing dependency_links to ../../build/learning_pkg_python/learning_pkg_python.egg-info/dependency_links.txt
[1.260s] writing entry points to ../../build/learning_pkg_python/learning_pkg_python.egg-info/entry_points.txt
[1.260s] writing requirements to ../../build/learning_pkg_python/learning_pkg_python.egg-info/requires.txt
[1.260s] writing top-level names to ../../build/learning_pkg_python/learning_pkg_python.egg-info/top_level.txt
[1.260s] writing manifest file '../../build/learning_pkg_python/learning_pkg_python.egg-info/SOURCES.txt'
[1.278s] reading manifest file '../../build/learning_pkg_python/learning_pkg_python.egg-info/SOURCES.txt'
[1.278s] writing manifest file '../../build/learning_pkg_python/learning_pkg_python.egg-info/SOURCES.txt'
[1.278s] running build
[1.278s] running build_py
[1.278s] creating /home/zj/cx/learnros2/ros2_ws/build/learning_pkg_python/build
[1.278s] creating /home/zj/cx/learnros2/ros2_ws/build/learning_pkg_python/build/lib
[1.278s] creating /home/zj/cx/learnros2/ros2_ws/build/learning_pkg_python/build/lib/learning_pkg_python
[1.278s] copying learning_pkg_python/__init__.py -> /home/zj/cx/learnros2/ros2_ws/build/learning_pkg_python/build/lib/learning_pkg_python
[1.278s] running install
[1.279s] running install_lib
[1.279s] creating /home/zj/cx/learnros2/ros2_ws/install/learning_pkg_python/lib/python3.8/site-packages/learning_pkg_python
[1.279s] copying /home/zj/cx/learnros2/ros2_ws/build/learning_pkg_python/build/lib/learning_pkg_python/__init__.py -> /home/zj/cx/learnros2/ros2_ws/install/learning_pkg_python/lib/python3.8/site-packages/learning_pkg_python
[1.280s] byte-compiling /home/zj/cx/learnros2/ros2_ws/install/learning_pkg_python/lib/python3.8/site-packages/learning_pkg_python/__init__.py to __init__.cpython-38.pyc
[1.280s] running install_data
[1.280s] creating /home/zj/cx/learnros2/ros2_ws/install/learning_pkg_python/share/ament_index
[1.280s] creating /home/zj/cx/learnros2/ros2_ws/install/learning_pkg_python/share/ament_index/resource_index
[1.281s] creating /home/zj/cx/learnros2/ros2_ws/install/learning_pkg_python/share/ament_index/resource_index/packages
[1.281s] copying resource/learning_pkg_python -> /home/zj/cx/learnros2/ros2_ws/install/learning_pkg_python/share/ament_index/resource_index/packages
[1.281s] copying package.xml -> /home/zj/cx/learnros2/ros2_ws/install/learning_pkg_python/share/learning_pkg_python
[1.281s] running install_egg_info
[1.282s] Copying ../../build/learning_pkg_python/learning_pkg_python.egg-info to /home/zj/cx/learnros2/ros2_ws/install/learning_pkg_python/lib/python3.8/site-packages/learning_pkg_python-0.0.0-py3.8.egg-info
[1.282s] running install_scripts
[1.300s] writing list of installed files to '/home/zj/cx/learnros2/ros2_ws/build/learning_pkg_python/install.log'
[1.327s] Invoked command in '/home/zj/cx/learnros2/ros2_ws/src/learning_pkg_python' returned '0': PYTHONPATH=/home/zj/cx/learnros2/ros2_ws/build/learning_pkg_python/prefix_override:/home/zj/cx/learnros2/ros2_ws/install/learning_pkg_python/lib/python3.8/site-packages:${PYTHONPATH} /usr/bin/python3 setup.py egg_info --egg-base ../../build/learning_pkg_python build --build-base /home/zj/cx/learnros2/ros2_ws/build/learning_pkg_python/build install --record /home/zj/cx/learnros2/ros2_ws/build/learning_pkg_python/install.log --single-version-externally-managed
