[0.014s] Invoking command in '/home/zj/ros2_ws/build/turtlesim': CMAKE_PREFIX_PATH=/opt/ros/rolling /usr/bin/cmake /home/zj/ros2_ws/src/ros_tutorials/turtlesim -DCMAKE_INSTALL_PREFIX=/home/zj/ros2_ws/install/turtlesim
[0.113s] -- The C compiler identification is GNU 9.4.0
[0.183s] -- The CXX compiler identification is GNU 9.4.0
[0.192s] -- Check for working C compiler: /usr/bin/cc
[0.323s] -- Check for working C compiler: /usr/bin/cc -- works
[0.325s] -- Detecting C compiler ABI info
[0.455s] -- Detecting C compiler ABI info - done
[0.479s] -- Detecting C compile features
[0.480s] -- Detecting C compile features - done
[0.483s] -- Check for working CXX compiler: /usr/bin/c++
[0.631s] -- Check for working CXX compiler: /usr/bin/c++ -- works
[0.633s] -- Detecting CXX compiler ABI info
[0.787s] -- Detecting CXX compiler ABI info - done
[0.812s] -- Detecting CXX compile features
[0.813s] -- Detecting CXX compile features - done
[0.815s] -- Found ament_cmake: 1.2.1 (/opt/ros/rolling/share/ament_cmake/cmake)
[1.005s] -- Found Python3: /usr/bin/python3.8 (found version "3.8.10") found components: Interpreter 
[1.121s] -- Found ament_index_cpp: 1.3.0 (/opt/ros/rolling/share/ament_index_cpp/cmake)
[1.125s] -- Found geometry_msgs: 4.0.0 (/opt/ros/rolling/share/geometry_msgs/cmake)
[1.146s] -- Using all available rosidl_typesupport_c: rosidl_typesupport_fastrtps_c;rosidl_typesupport_introspection_c
[1.150s] -- Found rosidl_adapter: 3.0.1 (/opt/ros/rolling/share/rosidl_adapter/cmake)
[1.178s] -- Using all available rosidl_typesupport_cpp: rosidl_typesupport_fastrtps_cpp;rosidl_typesupport_introspection_cpp
[1.260s] -- Found rclcpp: 15.0.0 (/opt/ros/rolling/share/rclcpp/cmake)
[1.295s] -- Found rmw_implementation_cmake: 5.1.0 (/opt/ros/rolling/share/rmw_implementation_cmake/cmake)
[1.297s] -- Found rmw_cyclonedds_cpp: 1.1.2 (/opt/ros/rolling/share/rmw_cyclonedds_cpp/cmake)
[1.312s] -- Using RMW implementation 'rmw_cyclonedds_cpp' as default
[1.424s] -- Found rclcpp_action: 15.0.0 (/opt/ros/rolling/share/rclcpp_action/cmake)
[1.489s] -- Found rosidl_default_generators: 1.1.1 (/opt/ros/rolling/share/rosidl_default_generators/cmake)
[1.496s] -- Found std_srvs: 4.0.0 (/opt/ros/rolling/share/std_srvs/cmake)
[2.027s] -- Found ament_cmake_ros: 0.10.0 (/opt/ros/rolling/share/ament_cmake_ros/cmake)
[2.665s] -- Using all available rosidl_typesupport_c: rosidl_typesupport_fastrtps_c;rosidl_typesupport_introspection_c
[3.116s] -- Using all available rosidl_typesupport_cpp: rosidl_typesupport_fastrtps_cpp;rosidl_typesupport_introspection_cpp
[3.161s] -- Found PythonInterp: /usr/bin/python3 (found suitable version "3.8.10", minimum required is "3.5") 
[3.163s] -- Found python_cmake_module: 0.8.1 (/opt/ros/rolling/share/python_cmake_module/cmake)
[3.196s] -- Found PythonLibs: /usr/lib/x86_64-linux-gnu/libpython3.8.so (found suitable version "3.8.10", minimum required is "3.5") 
[3.196s] -- Using PYTHON_EXECUTABLE: /usr/bin/python3
[3.196s] -- Using PYTHON_INCLUDE_DIRS: /usr/include/python3.8
[3.196s] -- Using PYTHON_LIBRARIES: /usr/lib/x86_64-linux-gnu/libpython3.8.so
[3.214s] -- Found PythonExtra: .so  
[3.297s] -- Configuring done
[3.370s] -- Generating done
[3.372s] -- Build files have been written to: /home/zj/ros2_ws/build/turtlesim
[3.382s] Invoked command in '/home/zj/ros2_ws/build/turtlesim' returned '0': CMAKE_PREFIX_PATH=/opt/ros/rolling /usr/bin/cmake /home/zj/ros2_ws/src/ros_tutorials/turtlesim -DCMAKE_INSTALL_PREFIX=/home/zj/ros2_ws/install/turtlesim
[3.389s] Invoking command in '/home/zj/ros2_ws/build/turtlesim': CMAKE_PREFIX_PATH=/opt/ros/rolling /usr/bin/cmake --build /home/zj/ros2_ws/build/turtlesim -- -j20 -l20
[3.470s] [35m[1mScanning dependencies of target ament_cmake_python_copy_turtlesim[0m
[3.471s] [35m[1mScanning dependencies of target turtlesim__cpp[0m
[3.472s] [  1%] [34m[1mGenerating C code for ROS interfaces[0m
[3.491s] [  2%] [34m[1mGenerating C++ code for ROS interfaces[0m
[3.509s] [  2%] Built target ament_cmake_python_copy_turtlesim
[3.530s] [35m[1mScanning dependencies of target ament_cmake_python_build_turtlesim_egg[0m
[3.712s] running egg_info
[3.712s] creating turtlesim.egg-info
[3.712s] writing turtlesim.egg-info/PKG-INFO
[3.713s] writing dependency_links to turtlesim.egg-info/dependency_links.txt
[3.713s] writing top-level names to turtlesim.egg-info/top_level.txt
[3.713s] writing manifest file 'turtlesim.egg-info/SOURCES.txt'
[3.737s] reading manifest file 'turtlesim.egg-info/SOURCES.txt'
[3.738s] writing manifest file 'turtlesim.egg-info/SOURCES.txt'
[3.760s] [  2%] Built target ament_cmake_python_build_turtlesim_egg
[4.090s] [35m[1mScanning dependencies of target turtlesim__rosidl_generator_c[0m
[4.103s] [  3%] [32mBuilding C object CMakeFiles/turtlesim__rosidl_generator_c.dir/rosidl_generator_c/turtlesim/srv/detail/kill__functions.c.o[0m
[4.104s] [  5%] [32mBuilding C object CMakeFiles/turtlesim__rosidl_generator_c.dir/rosidl_generator_c/turtlesim/action/detail/rotate_absolute__functions.c.o[0m
[4.104s] [  5%] [32mBuilding C object CMakeFiles/turtlesim__rosidl_generator_c.dir/rosidl_generator_c/turtlesim/msg/detail/pose__functions.c.o[0m
[4.104s] [  6%] [32mBuilding C object CMakeFiles/turtlesim__rosidl_generator_c.dir/rosidl_generator_c/turtlesim/msg/detail/color__functions.c.o[0m
[4.105s] [  7%] [32mBuilding C object CMakeFiles/turtlesim__rosidl_generator_c.dir/rosidl_generator_c/turtlesim/srv/detail/spawn__functions.c.o[0m
[4.105s] [  8%] [32mBuilding C object CMakeFiles/turtlesim__rosidl_generator_c.dir/rosidl_generator_c/turtlesim/srv/detail/set_pen__functions.c.o[0m
[4.106s] [ 10%] [32mBuilding C object CMakeFiles/turtlesim__rosidl_generator_c.dir/rosidl_generator_c/turtlesim/srv/detail/teleport_relative__functions.c.o[0m
[4.106s] [ 10%] [32mBuilding C object CMakeFiles/turtlesim__rosidl_generator_c.dir/rosidl_generator_c/turtlesim/srv/detail/teleport_absolute__functions.c.o[0m
[4.153s] [ 10%] Built target turtlesim__cpp
[4.161s] [ 11%] [34m[1mGenerating C++ type support for eProsima Fast-RTPS[0m
[4.162s] [ 12%] [34m[1mGenerating C++ introspection for ROS interfaces[0m
[4.162s] [ 13%] [34m[1mGenerating C++ type support dispatch for ROS interfaces[0m
[4.190s] [ 14%] [32m[1mLinking C shared library libturtlesim__rosidl_generator_c.so[0m
[4.243s] [ 14%] Built target turtlesim__rosidl_generator_c
[4.264s] [ 15%] [34m[1mGenerating C type support dispatch for ROS interfaces[0m
[4.265s] [ 16%] [34m[1mGenerating C introspection for ROS interfaces[0m
[4.539s] [35m[1mScanning dependencies of target turtlesim__rosidl_typesupport_cpp[0m
[4.558s] [ 17%] [32mBuilding CXX object CMakeFiles/turtlesim__rosidl_typesupport_cpp.dir/rosidl_typesupport_cpp/turtlesim/srv/set_pen__type_support.cpp.o[0m
[4.559s] [ 18%] [32mBuilding CXX object CMakeFiles/turtlesim__rosidl_typesupport_cpp.dir/rosidl_typesupport_cpp/turtlesim/srv/spawn__type_support.cpp.o[0m
[4.561s] [ 19%] [32mBuilding CXX object CMakeFiles/turtlesim__rosidl_typesupport_cpp.dir/rosidl_typesupport_cpp/turtlesim/msg/pose__type_support.cpp.o[0m
[4.566s] [ 20%] [32mBuilding CXX object CMakeFiles/turtlesim__rosidl_typesupport_cpp.dir/rosidl_typesupport_cpp/turtlesim/action/rotate_absolute__type_support.cpp.o[0m
[4.566s] [ 21%] [32mBuilding CXX object CMakeFiles/turtlesim__rosidl_typesupport_cpp.dir/rosidl_typesupport_cpp/turtlesim/srv/teleport_absolute__type_support.cpp.o[0m
[4.567s] [ 22%] [32mBuilding CXX object CMakeFiles/turtlesim__rosidl_typesupport_cpp.dir/rosidl_typesupport_cpp/turtlesim/msg/color__type_support.cpp.o[0m
[4.570s] [ 23%] [32mBuilding CXX object CMakeFiles/turtlesim__rosidl_typesupport_cpp.dir/rosidl_typesupport_cpp/turtlesim/srv/kill__type_support.cpp.o[0m
[4.571s] [ 24%] [32mBuilding CXX object CMakeFiles/turtlesim__rosidl_typesupport_cpp.dir/rosidl_typesupport_cpp/turtlesim/srv/teleport_relative__type_support.cpp.o[0m
[4.629s] [35m[1mScanning dependencies of target turtlesim__rosidl_typesupport_introspection_cpp[0m
[4.647s] [ 25%] [32mBuilding CXX object CMakeFiles/turtlesim__rosidl_typesupport_introspection_cpp.dir/rosidl_typesupport_introspection_cpp/turtlesim/msg/detail/color__type_support.cpp.o[0m
[4.648s] [ 26%] [32mBuilding CXX object CMakeFiles/turtlesim__rosidl_typesupport_introspection_cpp.dir/rosidl_typesupport_introspection_cpp/turtlesim/msg/detail/pose__type_support.cpp.o[0m
[4.649s] [ 27%] [32mBuilding CXX object CMakeFiles/turtlesim__rosidl_typesupport_introspection_cpp.dir/rosidl_typesupport_introspection_cpp/turtlesim/action/detail/rotate_absolute__type_support.cpp.o[0m
[4.649s] [ 28%] [32mBuilding CXX object CMakeFiles/turtlesim__rosidl_typesupport_introspection_cpp.dir/rosidl_typesupport_introspection_cpp/turtlesim/srv/detail/kill__type_support.cpp.o[0m
[4.651s] [ 29%] [32mBuilding CXX object CMakeFiles/turtlesim__rosidl_typesupport_introspection_cpp.dir/rosidl_typesupport_introspection_cpp/turtlesim/srv/detail/set_pen__type_support.cpp.o[0m
[4.651s] [ 30%] [32mBuilding CXX object CMakeFiles/turtlesim__rosidl_typesupport_introspection_cpp.dir/rosidl_typesupport_introspection_cpp/turtlesim/srv/detail/teleport_absolute__type_support.cpp.o[0m
[4.652s] [ 31%] [32mBuilding CXX object CMakeFiles/turtlesim__rosidl_typesupport_introspection_cpp.dir/rosidl_typesupport_introspection_cpp/turtlesim/srv/detail/teleport_relative__type_support.cpp.o[0m
[4.656s] [35m[1mScanning dependencies of target turtlesim__rosidl_typesupport_c[0m
[4.656s] [ 32%] [32mBuilding CXX object CMakeFiles/turtlesim__rosidl_typesupport_introspection_cpp.dir/rosidl_typesupport_introspection_cpp/turtlesim/srv/detail/spawn__type_support.cpp.o[0m
[4.677s] [ 33%] [32mBuilding CXX object CMakeFiles/turtlesim__rosidl_typesupport_c.dir/rosidl_typesupport_c/turtlesim/msg/color__type_support.cpp.o[0m
[4.679s] [ 34%] [32mBuilding CXX object CMakeFiles/turtlesim__rosidl_typesupport_c.dir/rosidl_typesupport_c/turtlesim/action/rotate_absolute__type_support.cpp.o[0m
[4.745s] [ 35%] [32mBuilding CXX object CMakeFiles/turtlesim__rosidl_typesupport_c.dir/rosidl_typesupport_c/turtlesim/msg/pose__type_support.cpp.o[0m
[4.747s] [ 36%] [32mBuilding CXX object CMakeFiles/turtlesim__rosidl_typesupport_c.dir/rosidl_typesupport_c/turtlesim/srv/kill__type_support.cpp.o[0m
[4.784s] [ 37%] [32mBuilding CXX object CMakeFiles/turtlesim__rosidl_typesupport_c.dir/rosidl_typesupport_c/turtlesim/srv/set_pen__type_support.cpp.o[0m
[4.795s] [ 38%] [32mBuilding CXX object CMakeFiles/turtlesim__rosidl_typesupport_c.dir/rosidl_typesupport_c/turtlesim/srv/spawn__type_support.cpp.o[0m
[4.848s] [ 39%] [32mBuilding CXX object CMakeFiles/turtlesim__rosidl_typesupport_c.dir/rosidl_typesupport_c/turtlesim/srv/teleport_absolute__type_support.cpp.o[0m
[4.865s] [ 40%] [32mBuilding CXX object CMakeFiles/turtlesim__rosidl_typesupport_c.dir/rosidl_typesupport_c/turtlesim/srv/teleport_relative__type_support.cpp.o[0m
[4.875s] [35m[1mScanning dependencies of target turtlesim__rosidl_typesupport_fastrtps_cpp[0m
[4.909s] [ 41%] [32m[1mLinking CXX shared library libturtlesim__rosidl_typesupport_c.so[0m
[4.910s] [ 42%] [32mBuilding CXX object CMakeFiles/turtlesim__rosidl_typesupport_fastrtps_cpp.dir/rosidl_typesupport_fastrtps_cpp/turtlesim/action/detail/dds_fastrtps/rotate_absolute__type_support.cpp.o[0m
[4.910s] [ 43%] [32mBuilding CXX object CMakeFiles/turtlesim__rosidl_typesupport_fastrtps_cpp.dir/rosidl_typesupport_fastrtps_cpp/turtlesim/msg/detail/dds_fastrtps/pose__type_support.cpp.o[0m
[4.910s] [ 44%] [32mBuilding CXX object CMakeFiles/turtlesim__rosidl_typesupport_fastrtps_cpp.dir/rosidl_typesupport_fastrtps_cpp/turtlesim/msg/detail/dds_fastrtps/color__type_support.cpp.o[0m
[4.912s] [ 45%] [32mBuilding CXX object CMakeFiles/turtlesim__rosidl_typesupport_fastrtps_cpp.dir/rosidl_typesupport_fastrtps_cpp/turtlesim/srv/detail/dds_fastrtps/kill__type_support.cpp.o[0m
[4.912s] [ 46%] [32mBuilding CXX object CMakeFiles/turtlesim__rosidl_typesupport_fastrtps_cpp.dir/rosidl_typesupport_fastrtps_cpp/turtlesim/srv/detail/dds_fastrtps/set_pen__type_support.cpp.o[0m
[4.917s] [ 48%] [32mBuilding CXX object CMakeFiles/turtlesim__rosidl_typesupport_fastrtps_cpp.dir/rosidl_typesupport_fastrtps_cpp/turtlesim/srv/detail/dds_fastrtps/teleport_relative__type_support.cpp.o[0m
[4.919s] [ 49%] [32mBuilding CXX object CMakeFiles/turtlesim__rosidl_typesupport_fastrtps_cpp.dir/rosidl_typesupport_fastrtps_cpp/turtlesim/srv/detail/dds_fastrtps/spawn__type_support.cpp.o[0m
[4.919s] [ 48%] [32mBuilding CXX object CMakeFiles/turtlesim__rosidl_typesupport_fastrtps_cpp.dir/rosidl_typesupport_fastrtps_cpp/turtlesim/srv/detail/dds_fastrtps/teleport_absolute__type_support.cpp.o[0m
[4.921s] [35m[1mScanning dependencies of target turtlesim__rosidl_typesupport_introspection_c[0m
[4.962s] [ 50%] [32mBuilding C object CMakeFiles/turtlesim__rosidl_typesupport_introspection_c.dir/rosidl_typesupport_introspection_c/turtlesim/action/detail/rotate_absolute__type_support.c.o[0m
[4.968s] [ 50%] Built target turtlesim__rosidl_typesupport_c
[4.979s] [ 51%] [32mBuilding C object CMakeFiles/turtlesim__rosidl_typesupport_introspection_c.dir/rosidl_typesupport_introspection_c/turtlesim/msg/detail/color__type_support.c.o[0m
[4.990s] [ 52%] [32mBuilding C object CMakeFiles/turtlesim__rosidl_typesupport_introspection_c.dir/rosidl_typesupport_introspection_c/turtlesim/msg/detail/pose__type_support.c.o[0m
[5.031s] [ 53%] [32mBuilding C object CMakeFiles/turtlesim__rosidl_typesupport_introspection_c.dir/rosidl_typesupport_introspection_c/turtlesim/srv/detail/set_pen__type_support.c.o[0m
[5.032s] [ 54%] [32mBuilding C object CMakeFiles/turtlesim__rosidl_typesupport_introspection_c.dir/rosidl_typesupport_introspection_c/turtlesim/srv/detail/kill__type_support.c.o[0m
[5.042s] [ 55%] [32mBuilding C object CMakeFiles/turtlesim__rosidl_typesupport_introspection_c.dir/rosidl_typesupport_introspection_c/turtlesim/srv/detail/spawn__type_support.c.o[0m
[5.086s] [ 56%] [32mBuilding C object CMakeFiles/turtlesim__rosidl_typesupport_introspection_c.dir/rosidl_typesupport_introspection_c/turtlesim/srv/detail/teleport_absolute__type_support.c.o[0m
[5.092s] [ 57%] [32mBuilding C object CMakeFiles/turtlesim__rosidl_typesupport_introspection_c.dir/rosidl_typesupport_introspection_c/turtlesim/srv/detail/teleport_relative__type_support.c.o[0m
[5.135s] [ 58%] [32m[1mLinking C shared library libturtlesim__rosidl_typesupport_introspection_c.so[0m
[5.172s] [ 58%] Built target turtlesim__rosidl_typesupport_introspection_c
[5.172s] [ 59%] [32m[1mLinking CXX shared library libturtlesim__rosidl_typesupport_cpp.so[0m
[5.209s] [ 59%] Built target turtlesim__rosidl_typesupport_cpp
[5.219s] [35m[1mScanning dependencies of target draw_square[0m
[5.220s] [35m[1mScanning dependencies of target turtle_teleop_key[0m
[5.220s] [ 60%] [34m[1mGenerating include/turtlesim/moc_turtle_frame.cpp[0m
[5.220s] [35m[1mScanning dependencies of target mimic[0m
[5.272s] [ 61%] [32mBuilding CXX object CMakeFiles/draw_square.dir/tutorials/draw_square.cpp.o[0m
[5.272s] [ 62%] [32mBuilding CXX object CMakeFiles/mimic.dir/tutorials/mimic.cpp.o[0m
[5.279s] [ 63%] [32mBuilding CXX object CMakeFiles/turtle_teleop_key.dir/tutorials/teleop_turtle_key.cpp.o[0m
[5.279s] [35m[1mScanning dependencies of target turtlesim_node[0m
[5.343s] [ 66%] [32mBuilding CXX object CMakeFiles/turtlesim_node.dir/src/turtle_frame.cpp.o[0m
[5.343s] [ 66%] [32mBuilding CXX object CMakeFiles/turtlesim_node.dir/src/turtlesim.cpp.o[0m
[5.343s] [ 66%] [32mBuilding CXX object CMakeFiles/turtlesim_node.dir/include/turtlesim/moc_turtle_frame.cpp.o[0m
[5.343s] [ 67%] [32mBuilding CXX object CMakeFiles/turtlesim_node.dir/src/turtle.cpp.o[0m
[5.352s] [ 68%] [32m[1mLinking CXX shared library libturtlesim__rosidl_typesupport_introspection_cpp.so[0m
[5.433s] [ 68%] Built target turtlesim__rosidl_typesupport_introspection_cpp
[5.450s] [ 69%] [32m[1mLinking CXX shared library libturtlesim__rosidl_typesupport_fastrtps_cpp.so[0m
[5.554s] [ 69%] Built target turtlesim__rosidl_typesupport_fastrtps_cpp
[5.574s] [ 70%] [34m[1mGenerating C type support for eProsima Fast-RTPS[0m
[6.125s] [35m[1mScanning dependencies of target turtlesim__rosidl_typesupport_fastrtps_c[0m
[6.150s] [ 71%] [32mBuilding CXX object CMakeFiles/turtlesim__rosidl_typesupport_fastrtps_c.dir/rosidl_typesupport_fastrtps_c/turtlesim/msg/detail/pose__type_support_c.cpp.o[0m
[6.152s] [ 74%] [32mBuilding CXX object CMakeFiles/turtlesim__rosidl_typesupport_fastrtps_c.dir/rosidl_typesupport_fastrtps_c/turtlesim/srv/detail/kill__type_support_c.cpp.o[0m
[6.152s] [ 74%] [32mBuilding CXX object CMakeFiles/turtlesim__rosidl_typesupport_fastrtps_c.dir/rosidl_typesupport_fastrtps_c/turtlesim/srv/detail/set_pen__type_support_c.cpp.o[0m
[6.152s] [ 74%] [32mBuilding CXX object CMakeFiles/turtlesim__rosidl_typesupport_fastrtps_c.dir/rosidl_typesupport_fastrtps_c/turtlesim/srv/detail/spawn__type_support_c.cpp.o[0m
[6.153s] [ 75%] [32mBuilding CXX object CMakeFiles/turtlesim__rosidl_typesupport_fastrtps_c.dir/rosidl_typesupport_fastrtps_c/turtlesim/srv/detail/teleport_relative__type_support_c.cpp.o[0m
[6.157s] [ 76%] [32mBuilding CXX object CMakeFiles/turtlesim__rosidl_typesupport_fastrtps_c.dir/rosidl_typesupport_fastrtps_c/turtlesim/action/detail/rotate_absolute__type_support_c.cpp.o[0m
[6.158s] [ 77%] [32mBuilding CXX object CMakeFiles/turtlesim__rosidl_typesupport_fastrtps_c.dir/rosidl_typesupport_fastrtps_c/turtlesim/srv/detail/teleport_absolute__type_support_c.cpp.o[0m
[6.159s] [ 78%] [32mBuilding CXX object CMakeFiles/turtlesim__rosidl_typesupport_fastrtps_c.dir/rosidl_typesupport_fastrtps_c/turtlesim/msg/detail/color__type_support_c.cpp.o[0m
[6.625s] [ 79%] [32m[1mLinking CXX shared library libturtlesim__rosidl_typesupport_fastrtps_c.so[0m
[6.710s] [ 79%] Built target turtlesim__rosidl_typesupport_fastrtps_c
[6.726s] [35m[1mScanning dependencies of target turtlesim[0m
[6.748s] [ 79%] Built target turtlesim
[6.762s] [35m[1mScanning dependencies of target turtlesim__py[0m
[6.782s] [ 80%] [34m[1mGenerating Python code for ROS interfaces[0m
[8.108s] [ 80%] Built target turtlesim__py
[8.118s] [35m[1mScanning dependencies of target turtlesim__rosidl_generator_py[0m
[8.165s] [ 83%] [32mBuilding C object CMakeFiles/turtlesim__rosidl_generator_py.dir/rosidl_generator_py/turtlesim/msg/_color_s.c.o[0m
[8.165s] [ 83%] [32mBuilding C object CMakeFiles/turtlesim__rosidl_generator_py.dir/rosidl_generator_py/turtlesim/srv/_set_pen_s.c.o[0m
[8.165s] [ 83%] [32mBuilding C object CMakeFiles/turtlesim__rosidl_generator_py.dir/rosidl_generator_py/turtlesim/msg/_pose_s.c.o[0m
[8.165s] [ 84%] [32mBuilding C object CMakeFiles/turtlesim__rosidl_generator_py.dir/rosidl_generator_py/turtlesim/srv/_teleport_absolute_s.c.o[0m
[8.166s] [ 85%] [32mBuilding C object CMakeFiles/turtlesim__rosidl_generator_py.dir/rosidl_generator_py/turtlesim/srv/_spawn_s.c.o[0m
[8.172s] [ 87%] [32mBuilding C object CMakeFiles/turtlesim__rosidl_generator_py.dir/rosidl_generator_py/turtlesim/srv/_kill_s.c.o[0m
[8.172s] [ 87%] [32mBuilding C object CMakeFiles/turtlesim__rosidl_generator_py.dir/rosidl_generator_py/turtlesim/action/_rotate_absolute_s.c.o[0m
[8.172s] [ 88%] [32mBuilding C object CMakeFiles/turtlesim__rosidl_generator_py.dir/rosidl_generator_py/turtlesim/srv/_teleport_relative_s.c.o[0m
[8.344s] [ 89%] [32m[1mLinking C shared library rosidl_generator_py/turtlesim/libturtlesim__rosidl_generator_py.so[0m
[8.402s] [ 89%] Built target turtlesim__rosidl_generator_py
[8.415s] [35m[1mScanning dependencies of target turtlesim__rosidl_typesupport_c__pyext[0m
[8.416s] [35m[1mScanning dependencies of target turtlesim__rosidl_typesupport_fastrtps_c__pyext[0m
[8.422s] [35m[1mScanning dependencies of target turtlesim__rosidl_typesupport_introspection_c__pyext[0m
[8.437s] [ 90%] [32mBuilding C object CMakeFiles/turtlesim__rosidl_typesupport_fastrtps_c__pyext.dir/rosidl_generator_py/turtlesim/_turtlesim_s.ep.rosidl_typesupport_fastrtps_c.c.o[0m
[8.438s] [ 91%] [32mBuilding C object CMakeFiles/turtlesim__rosidl_typesupport_c__pyext.dir/rosidl_generator_py/turtlesim/_turtlesim_s.ep.rosidl_typesupport_c.c.o[0m
[8.446s] [ 92%] [32mBuilding C object CMakeFiles/turtlesim__rosidl_typesupport_introspection_c__pyext.dir/rosidl_generator_py/turtlesim/_turtlesim_s.ep.rosidl_typesupport_introspection_c.c.o[0m
[8.551s] [ 93%] [32m[1mLinking C shared library rosidl_generator_py/turtlesim/turtlesim_s__rosidl_typesupport_c.cpython-38-x86_64-linux-gnu.so[0m
[8.552s] [ 94%] [32m[1mLinking C shared library rosidl_generator_py/turtlesim/turtlesim_s__rosidl_typesupport_fastrtps_c.cpython-38-x86_64-linux-gnu.so[0m
[8.559s] [ 95%] [32m[1mLinking C shared library rosidl_generator_py/turtlesim/turtlesim_s__rosidl_typesupport_introspection_c.cpython-38-x86_64-linux-gnu.so[0m
[8.585s] [ 95%] Built target turtlesim__rosidl_typesupport_c__pyext
[8.587s] [ 95%] Built target turtlesim__rosidl_typesupport_fastrtps_c__pyext
[8.591s] [ 95%] Built target turtlesim__rosidl_typesupport_introspection_c__pyext
[10.162s] [ 96%] [32m[1mLinking CXX executable turtle_teleop_key[0m
[10.392s] [ 96%] Built target turtle_teleop_key
[12.548s] [ 97%] [32m[1mLinking CXX executable mimic[0m
[12.887s] [ 97%] Built target mimic
[13.186s] [ 98%] [32m[1mLinking CXX executable draw_square[0m
[13.550s] [ 98%] Built target draw_square
[15.650s] [100%] [32m[1mLinking CXX executable turtlesim_node[0m
[17.110s] [100%] Built target turtlesim_node
[17.127s] Invoked command in '/home/zj/ros2_ws/build/turtlesim' returned '0': CMAKE_PREFIX_PATH=/opt/ros/rolling /usr/bin/cmake --build /home/zj/ros2_ws/build/turtlesim -- -j20 -l20
[17.416s] Invoking command in '/home/zj/ros2_ws/build/turtlesim': CMAKE_PREFIX_PATH=/opt/ros/rolling /usr/bin/cmake --install /home/zj/ros2_ws/build/turtlesim
[17.432s] -- Install configuration: ""
[17.433s] -- Installing: /home/zj/ros2_ws/install/turtlesim/share/ament_index/resource_index/rosidl_interfaces/turtlesim
[17.433s] -- Installing: /home/zj/ros2_ws/install/turtlesim/include/turtlesim
[17.433s] -- Installing: /home/zj/ros2_ws/install/turtlesim/include/turtlesim/msg
[17.433s] -- Installing: /home/zj/ros2_ws/install/turtlesim/include/turtlesim/msg/pose.h
[17.433s] -- Installing: /home/zj/ros2_ws/install/turtlesim/include/turtlesim/msg/color.h
[17.434s] -- Installing: /home/zj/ros2_ws/install/turtlesim/include/turtlesim/msg/detail
[17.434s] -- Installing: /home/zj/ros2_ws/install/turtlesim/include/turtlesim/msg/detail/color__functions.h
[17.434s] -- Installing: /home/zj/ros2_ws/install/turtlesim/include/turtlesim/msg/detail/color__functions.c
[17.435s] -- Installing: /home/zj/ros2_ws/install/turtlesim/include/turtlesim/msg/detail/pose__struct.h
[17.435s] -- Installing: /home/zj/ros2_ws/install/turtlesim/include/turtlesim/msg/detail/pose__functions.c
[17.435s] -- Installing: /home/zj/ros2_ws/install/turtlesim/include/turtlesim/msg/detail/pose__functions.h
[17.435s] -- Installing: /home/zj/ros2_ws/install/turtlesim/include/turtlesim/msg/detail/color__struct.h
[17.435s] -- Installing: /home/zj/ros2_ws/install/turtlesim/include/turtlesim/msg/detail/pose__type_support.h
[17.436s] -- Installing: /home/zj/ros2_ws/install/turtlesim/include/turtlesim/msg/detail/color__type_support.h
[17.436s] -- Installing: /home/zj/ros2_ws/install/turtlesim/include/turtlesim/msg/rosidl_generator_c__visibility_control.h
[17.436s] -- Installing: /home/zj/ros2_ws/install/turtlesim/include/turtlesim/action
[17.436s] -- Installing: /home/zj/ros2_ws/install/turtlesim/include/turtlesim/action/rotate_absolute.h
[17.436s] -- Installing: /home/zj/ros2_ws/install/turtlesim/include/turtlesim/action/detail
[17.436s] -- Installing: /home/zj/ros2_ws/install/turtlesim/include/turtlesim/action/detail/rotate_absolute__functions.c
[17.436s] -- Installing: /home/zj/ros2_ws/install/turtlesim/include/turtlesim/action/detail/rotate_absolute__functions.h
[17.437s] -- Installing: /home/zj/ros2_ws/install/turtlesim/include/turtlesim/action/detail/rotate_absolute__type_support.h
[17.437s] -- Installing: /home/zj/ros2_ws/install/turtlesim/include/turtlesim/action/detail/rotate_absolute__struct.h
[17.437s] -- Installing: /home/zj/ros2_ws/install/turtlesim/include/turtlesim/srv
[17.437s] -- Installing: /home/zj/ros2_ws/install/turtlesim/include/turtlesim/srv/set_pen.h
[17.437s] -- Installing: /home/zj/ros2_ws/install/turtlesim/include/turtlesim/srv/spawn.h
[17.437s] -- Installing: /home/zj/ros2_ws/install/turtlesim/include/turtlesim/srv/teleport_absolute.h
[17.438s] -- Installing: /home/zj/ros2_ws/install/turtlesim/include/turtlesim/srv/teleport_relative.h
[17.438s] -- Installing: /home/zj/ros2_ws/install/turtlesim/include/turtlesim/srv/kill.h
[17.438s] -- Installing: /home/zj/ros2_ws/install/turtlesim/include/turtlesim/srv/detail
[17.438s] -- Installing: /home/zj/ros2_ws/install/turtlesim/include/turtlesim/srv/detail/set_pen__functions.c
[17.438s] -- Installing: /home/zj/ros2_ws/install/turtlesim/include/turtlesim/srv/detail/teleport_absolute__type_support.h
[17.438s] -- Installing: /home/zj/ros2_ws/install/turtlesim/include/turtlesim/srv/detail/teleport_relative__type_support.h
[17.439s] -- Installing: /home/zj/ros2_ws/install/turtlesim/include/turtlesim/srv/detail/teleport_relative__struct.h
[17.439s] -- Installing: /home/zj/ros2_ws/install/turtlesim/include/turtlesim/srv/detail/spawn__functions.c
[17.439s] -- Installing: /home/zj/ros2_ws/install/turtlesim/include/turtlesim/srv/detail/spawn__functions.h
[17.439s] -- Installing: /home/zj/ros2_ws/install/turtlesim/include/turtlesim/srv/detail/teleport_absolute__functions.h
[17.439s] -- Installing: /home/zj/ros2_ws/install/turtlesim/include/turtlesim/srv/detail/spawn__struct.h
[17.440s] -- Installing: /home/zj/ros2_ws/install/turtlesim/include/turtlesim/srv/detail/kill__type_support.h
[17.440s] -- Installing: /home/zj/ros2_ws/install/turtlesim/include/turtlesim/srv/detail/kill__functions.c
[17.440s] -- Installing: /home/zj/ros2_ws/install/turtlesim/include/turtlesim/srv/detail/teleport_absolute__struct.h
[17.440s] -- Installing: /home/zj/ros2_ws/install/turtlesim/include/turtlesim/srv/detail/set_pen__functions.h
[17.440s] -- Installing: /home/zj/ros2_ws/install/turtlesim/include/turtlesim/srv/detail/kill__functions.h
[17.440s] -- Installing: /home/zj/ros2_ws/install/turtlesim/include/turtlesim/srv/detail/set_pen__type_support.h
[17.440s] -- Installing: /home/zj/ros2_ws/install/turtlesim/include/turtlesim/srv/detail/teleport_relative__functions.h
[17.441s] -- Installing: /home/zj/ros2_ws/install/turtlesim/include/turtlesim/srv/detail/kill__struct.h
[17.441s] -- Installing: /home/zj/ros2_ws/install/turtlesim/include/turtlesim/srv/detail/teleport_absolute__functions.c
[17.441s] -- Installing: /home/zj/ros2_ws/install/turtlesim/include/turtlesim/srv/detail/teleport_relative__functions.c
[17.441s] -- Installing: /home/zj/ros2_ws/install/turtlesim/include/turtlesim/srv/detail/set_pen__struct.h
[17.441s] -- Installing: /home/zj/ros2_ws/install/turtlesim/include/turtlesim/srv/detail/spawn__type_support.h
[17.441s] -- Installing: /home/zj/ros2_ws/install/turtlesim/share/turtlesim/environment/library_path.sh
[17.441s] -- Installing: /home/zj/ros2_ws/install/turtlesim/share/turtlesim/environment/library_path.dsv
[17.442s] -- Installing: /home/zj/ros2_ws/install/turtlesim/lib/libturtlesim__rosidl_generator_c.so
[17.442s] -- Set runtime path of "/home/zj/ros2_ws/install/turtlesim/lib/libturtlesim__rosidl_generator_c.so" to ""
[17.442s] -- Up-to-date: /home/zj/ros2_ws/install/turtlesim/include/turtlesim
[17.442s] -- Up-to-date: /home/zj/ros2_ws/install/turtlesim/include/turtlesim/msg
[17.443s] -- Installing: /home/zj/ros2_ws/install/turtlesim/include/turtlesim/msg/rosidl_typesupport_fastrtps_c__visibility_control.h
[17.443s] -- Up-to-date: /home/zj/ros2_ws/install/turtlesim/include/turtlesim/msg/detail
[17.443s] -- Installing: /home/zj/ros2_ws/install/turtlesim/include/turtlesim/msg/detail/pose__rosidl_typesupport_fastrtps_c.h
[17.443s] -- Installing: /home/zj/ros2_ws/install/turtlesim/include/turtlesim/msg/detail/color__rosidl_typesupport_fastrtps_c.h
[17.443s] -- Up-to-date: /home/zj/ros2_ws/install/turtlesim/include/turtlesim/action
[17.443s] -- Up-to-date: /home/zj/ros2_ws/install/turtlesim/include/turtlesim/action/detail
[17.443s] -- Installing: /home/zj/ros2_ws/install/turtlesim/include/turtlesim/action/detail/rotate_absolute__rosidl_typesupport_fastrtps_c.h
[17.443s] -- Up-to-date: /home/zj/ros2_ws/install/turtlesim/include/turtlesim/srv
[17.444s] -- Up-to-date: /home/zj/ros2_ws/install/turtlesim/include/turtlesim/srv/detail
[17.444s] -- Installing: /home/zj/ros2_ws/install/turtlesim/include/turtlesim/srv/detail/kill__rosidl_typesupport_fastrtps_c.h
[17.444s] -- Installing: /home/zj/ros2_ws/install/turtlesim/include/turtlesim/srv/detail/spawn__rosidl_typesupport_fastrtps_c.h
[17.444s] -- Installing: /home/zj/ros2_ws/install/turtlesim/include/turtlesim/srv/detail/teleport_absolute__rosidl_typesupport_fastrtps_c.h
[17.444s] -- Installing: /home/zj/ros2_ws/install/turtlesim/include/turtlesim/srv/detail/teleport_relative__rosidl_typesupport_fastrtps_c.h
[17.445s] -- Installing: /home/zj/ros2_ws/install/turtlesim/include/turtlesim/srv/detail/set_pen__rosidl_typesupport_fastrtps_c.h
[17.445s] -- Installing: /home/zj/ros2_ws/install/turtlesim/lib/libturtlesim__rosidl_typesupport_fastrtps_c.so
[17.445s] -- Set runtime path of "/home/zj/ros2_ws/install/turtlesim/lib/libturtlesim__rosidl_typesupport_fastrtps_c.so" to ""
[17.445s] -- Up-to-date: /home/zj/ros2_ws/install/turtlesim/include/turtlesim
[17.445s] -- Up-to-date: /home/zj/ros2_ws/install/turtlesim/include/turtlesim/msg
[17.445s] -- Up-to-date: /home/zj/ros2_ws/install/turtlesim/include/turtlesim/msg/detail
[17.445s] -- Installing: /home/zj/ros2_ws/install/turtlesim/include/turtlesim/msg/detail/dds_fastrtps
[17.446s] -- Installing: /home/zj/ros2_ws/install/turtlesim/include/turtlesim/msg/detail/color__rosidl_typesupport_fastrtps_cpp.hpp
[17.446s] -- Installing: /home/zj/ros2_ws/install/turtlesim/include/turtlesim/msg/detail/pose__rosidl_typesupport_fastrtps_cpp.hpp
[17.446s] -- Installing: /home/zj/ros2_ws/install/turtlesim/include/turtlesim/msg/rosidl_typesupport_fastrtps_cpp__visibility_control.h
[17.446s] -- Up-to-date: /home/zj/ros2_ws/install/turtlesim/include/turtlesim/action
[17.446s] -- Up-to-date: /home/zj/ros2_ws/install/turtlesim/include/turtlesim/action/detail
[17.447s] -- Installing: /home/zj/ros2_ws/install/turtlesim/include/turtlesim/action/detail/dds_fastrtps
[17.447s] -- Installing: /home/zj/ros2_ws/install/turtlesim/include/turtlesim/action/detail/rotate_absolute__rosidl_typesupport_fastrtps_cpp.hpp
[17.447s] -- Up-to-date: /home/zj/ros2_ws/install/turtlesim/include/turtlesim/srv
[17.447s] -- Up-to-date: /home/zj/ros2_ws/install/turtlesim/include/turtlesim/srv/detail
[17.447s] -- Installing: /home/zj/ros2_ws/install/turtlesim/include/turtlesim/srv/detail/dds_fastrtps
[17.447s] -- Installing: /home/zj/ros2_ws/install/turtlesim/include/turtlesim/srv/detail/teleport_relative__rosidl_typesupport_fastrtps_cpp.hpp
[17.447s] -- Installing: /home/zj/ros2_ws/install/turtlesim/include/turtlesim/srv/detail/spawn__rosidl_typesupport_fastrtps_cpp.hpp
[17.447s] -- Installing: /home/zj/ros2_ws/install/turtlesim/include/turtlesim/srv/detail/teleport_absolute__rosidl_typesupport_fastrtps_cpp.hpp
[17.448s] -- Installing: /home/zj/ros2_ws/install/turtlesim/include/turtlesim/srv/detail/kill__rosidl_typesupport_fastrtps_cpp.hpp
[17.448s] -- Installing: /home/zj/ros2_ws/install/turtlesim/include/turtlesim/srv/detail/set_pen__rosidl_typesupport_fastrtps_cpp.hpp
[17.448s] -- Installing: /home/zj/ros2_ws/install/turtlesim/lib/libturtlesim__rosidl_typesupport_fastrtps_cpp.so
[17.448s] -- Set runtime path of "/home/zj/ros2_ws/install/turtlesim/lib/libturtlesim__rosidl_typesupport_fastrtps_cpp.so" to ""
[17.448s] -- Up-to-date: /home/zj/ros2_ws/install/turtlesim/include/turtlesim
[17.448s] -- Up-to-date: /home/zj/ros2_ws/install/turtlesim/include/turtlesim/msg
[17.449s] -- Installing: /home/zj/ros2_ws/install/turtlesim/include/turtlesim/msg/rosidl_typesupport_introspection_c__visibility_control.h
[17.449s] -- Up-to-date: /home/zj/ros2_ws/install/turtlesim/include/turtlesim/msg/detail
[17.449s] -- Installing: /home/zj/ros2_ws/install/turtlesim/include/turtlesim/msg/detail/pose__type_support.c
[17.449s] -- Installing: /home/zj/ros2_ws/install/turtlesim/include/turtlesim/msg/detail/color__type_support.c
[17.449s] -- Installing: /home/zj/ros2_ws/install/turtlesim/include/turtlesim/msg/detail/color__rosidl_typesupport_introspection_c.h
[17.449s] -- Installing: /home/zj/ros2_ws/install/turtlesim/include/turtlesim/msg/detail/pose__rosidl_typesupport_introspection_c.h
[17.450s] -- Up-to-date: /home/zj/ros2_ws/install/turtlesim/include/turtlesim/action
[17.450s] -- Up-to-date: /home/zj/ros2_ws/install/turtlesim/include/turtlesim/action/detail
[17.450s] -- Installing: /home/zj/ros2_ws/install/turtlesim/include/turtlesim/action/detail/rotate_absolute__rosidl_typesupport_introspection_c.h
[17.450s] -- Installing: /home/zj/ros2_ws/install/turtlesim/include/turtlesim/action/detail/rotate_absolute__type_support.c
[17.450s] -- Up-to-date: /home/zj/ros2_ws/install/turtlesim/include/turtlesim/srv
[17.450s] -- Up-to-date: /home/zj/ros2_ws/install/turtlesim/include/turtlesim/srv/detail
[17.450s] -- Installing: /home/zj/ros2_ws/install/turtlesim/include/turtlesim/srv/detail/set_pen__type_support.c
[17.450s] -- Installing: /home/zj/ros2_ws/install/turtlesim/include/turtlesim/srv/detail/kill__rosidl_typesupport_introspection_c.h
[17.450s] -- Installing: /home/zj/ros2_ws/install/turtlesim/include/turtlesim/srv/detail/kill__type_support.c
[17.450s] -- Installing: /home/zj/ros2_ws/install/turtlesim/include/turtlesim/srv/detail/teleport_absolute__rosidl_typesupport_introspection_c.h
[17.451s] -- Installing: /home/zj/ros2_ws/install/turtlesim/include/turtlesim/srv/detail/set_pen__rosidl_typesupport_introspection_c.h
[17.451s] -- Installing: /home/zj/ros2_ws/install/turtlesim/include/turtlesim/srv/detail/teleport_absolute__type_support.c
[17.451s] -- Installing: /home/zj/ros2_ws/install/turtlesim/include/turtlesim/srv/detail/spawn__rosidl_typesupport_introspection_c.h
[17.451s] -- Installing: /home/zj/ros2_ws/install/turtlesim/include/turtlesim/srv/detail/spawn__type_support.c
[17.451s] -- Installing: /home/zj/ros2_ws/install/turtlesim/include/turtlesim/srv/detail/teleport_relative__type_support.c
[17.451s] -- Installing: /home/zj/ros2_ws/install/turtlesim/include/turtlesim/srv/detail/teleport_relative__rosidl_typesupport_introspection_c.h
[17.451s] -- Installing: /home/zj/ros2_ws/install/turtlesim/lib/libturtlesim__rosidl_typesupport_introspection_c.so
[17.451s] -- Set runtime path of "/home/zj/ros2_ws/install/turtlesim/lib/libturtlesim__rosidl_typesupport_introspection_c.so" to ""
[17.451s] -- Installing: /home/zj/ros2_ws/install/turtlesim/lib/libturtlesim__rosidl_typesupport_c.so
[17.451s] -- Set runtime path of "/home/zj/ros2_ws/install/turtlesim/lib/libturtlesim__rosidl_typesupport_c.so" to ""
[17.452s] -- Up-to-date: /home/zj/ros2_ws/install/turtlesim/include/turtlesim
[17.452s] -- Up-to-date: /home/zj/ros2_ws/install/turtlesim/include/turtlesim/msg
[17.452s] -- Installing: /home/zj/ros2_ws/install/turtlesim/include/turtlesim/msg/pose.hpp
[17.452s] -- Up-to-date: /home/zj/ros2_ws/install/turtlesim/include/turtlesim/msg/detail
[17.452s] -- Installing: /home/zj/ros2_ws/install/turtlesim/include/turtlesim/msg/detail/color__builder.hpp
[17.452s] -- Installing: /home/zj/ros2_ws/install/turtlesim/include/turtlesim/msg/detail/color__traits.hpp
[17.452s] -- Installing: /home/zj/ros2_ws/install/turtlesim/include/turtlesim/msg/detail/pose__struct.hpp
[17.453s] -- Installing: /home/zj/ros2_ws/install/turtlesim/include/turtlesim/msg/detail/color__struct.hpp
[17.453s] -- Installing: /home/zj/ros2_ws/install/turtlesim/include/turtlesim/msg/detail/pose__builder.hpp
[17.453s] -- Installing: /home/zj/ros2_ws/install/turtlesim/include/turtlesim/msg/detail/pose__traits.hpp
[17.453s] -- Installing: /home/zj/ros2_ws/install/turtlesim/include/turtlesim/msg/color.hpp
[17.453s] -- Up-to-date: /home/zj/ros2_ws/install/turtlesim/include/turtlesim/action
[17.453s] -- Up-to-date: /home/zj/ros2_ws/install/turtlesim/include/turtlesim/action/detail
[17.453s] -- Installing: /home/zj/ros2_ws/install/turtlesim/include/turtlesim/action/detail/rotate_absolute__struct.hpp
[17.453s] -- Installing: /home/zj/ros2_ws/install/turtlesim/include/turtlesim/action/detail/rotate_absolute__builder.hpp
[17.454s] -- Installing: /home/zj/ros2_ws/install/turtlesim/include/turtlesim/action/detail/rotate_absolute__traits.hpp
[17.454s] -- Installing: /home/zj/ros2_ws/install/turtlesim/include/turtlesim/action/rotate_absolute.hpp
[17.454s] -- Up-to-date: /home/zj/ros2_ws/install/turtlesim/include/turtlesim/srv
[17.454s] -- Installing: /home/zj/ros2_ws/install/turtlesim/include/turtlesim/srv/teleport_absolute.hpp
[17.454s] -- Installing: /home/zj/ros2_ws/install/turtlesim/include/turtlesim/srv/kill.hpp
[17.454s] -- Installing: /home/zj/ros2_ws/install/turtlesim/include/turtlesim/srv/spawn.hpp
[17.454s] -- Installing: /home/zj/ros2_ws/install/turtlesim/include/turtlesim/srv/set_pen.hpp
[17.454s] -- Up-to-date: /home/zj/ros2_ws/install/turtlesim/include/turtlesim/srv/detail
[17.454s] -- Installing: /home/zj/ros2_ws/install/turtlesim/include/turtlesim/srv/detail/kill__struct.hpp
[17.455s] -- Installing: /home/zj/ros2_ws/install/turtlesim/include/turtlesim/srv/detail/set_pen__struct.hpp
[17.455s] -- Installing: /home/zj/ros2_ws/install/turtlesim/include/turtlesim/srv/detail/teleport_absolute__struct.hpp
[17.455s] -- Installing: /home/zj/ros2_ws/install/turtlesim/include/turtlesim/srv/detail/teleport_absolute__builder.hpp
[17.455s] -- Installing: /home/zj/ros2_ws/install/turtlesim/include/turtlesim/srv/detail/teleport_relative__builder.hpp
[17.455s] -- Installing: /home/zj/ros2_ws/install/turtlesim/include/turtlesim/srv/detail/spawn__struct.hpp
[17.455s] -- Installing: /home/zj/ros2_ws/install/turtlesim/include/turtlesim/srv/detail/set_pen__builder.hpp
[17.455s] -- Installing: /home/zj/ros2_ws/install/turtlesim/include/turtlesim/srv/detail/set_pen__traits.hpp
[17.455s] -- Installing: /home/zj/ros2_ws/install/turtlesim/include/turtlesim/srv/detail/teleport_relative__traits.hpp
[17.455s] -- Installing: /home/zj/ros2_ws/install/turtlesim/include/turtlesim/srv/detail/teleport_absolute__traits.hpp
[17.456s] -- Installing: /home/zj/ros2_ws/install/turtlesim/include/turtlesim/srv/detail/spawn__builder.hpp
[17.456s] -- Installing: /home/zj/ros2_ws/install/turtlesim/include/turtlesim/srv/detail/teleport_relative__struct.hpp
[17.456s] -- Installing: /home/zj/ros2_ws/install/turtlesim/include/turtlesim/srv/detail/spawn__traits.hpp
[17.456s] -- Installing: /home/zj/ros2_ws/install/turtlesim/include/turtlesim/srv/detail/kill__traits.hpp
[17.456s] -- Installing: /home/zj/ros2_ws/install/turtlesim/include/turtlesim/srv/detail/kill__builder.hpp
[17.456s] -- Installing: /home/zj/ros2_ws/install/turtlesim/include/turtlesim/srv/teleport_relative.hpp
[17.456s] -- Up-to-date: /home/zj/ros2_ws/install/turtlesim/include/turtlesim
[17.456s] -- Up-to-date: /home/zj/ros2_ws/install/turtlesim/include/turtlesim/msg
[17.456s] -- Up-to-date: /home/zj/ros2_ws/install/turtlesim/include/turtlesim/msg/detail
[17.456s] -- Installing: /home/zj/ros2_ws/install/turtlesim/include/turtlesim/msg/detail/pose__rosidl_typesupport_introspection_cpp.hpp
[17.457s] -- Installing: /home/zj/ros2_ws/install/turtlesim/include/turtlesim/msg/detail/color__rosidl_typesupport_introspection_cpp.hpp
[17.457s] -- Installing: /home/zj/ros2_ws/install/turtlesim/include/turtlesim/msg/detail/pose__type_support.cpp
[17.457s] -- Installing: /home/zj/ros2_ws/install/turtlesim/include/turtlesim/msg/detail/color__type_support.cpp
[17.457s] -- Up-to-date: /home/zj/ros2_ws/install/turtlesim/include/turtlesim/action
[17.457s] -- Up-to-date: /home/zj/ros2_ws/install/turtlesim/include/turtlesim/action/detail
[17.457s] -- Installing: /home/zj/ros2_ws/install/turtlesim/include/turtlesim/action/detail/rotate_absolute__type_support.cpp
[17.457s] -- Installing: /home/zj/ros2_ws/install/turtlesim/include/turtlesim/action/detail/rotate_absolute__rosidl_typesupport_introspection_cpp.hpp
[17.457s] -- Up-to-date: /home/zj/ros2_ws/install/turtlesim/include/turtlesim/srv
[17.457s] -- Up-to-date: /home/zj/ros2_ws/install/turtlesim/include/turtlesim/srv/detail
[17.457s] -- Installing: /home/zj/ros2_ws/install/turtlesim/include/turtlesim/srv/detail/spawn__type_support.cpp
[17.458s] -- Installing: /home/zj/ros2_ws/install/turtlesim/include/turtlesim/srv/detail/teleport_relative__rosidl_typesupport_introspection_cpp.hpp
[17.458s] -- Installing: /home/zj/ros2_ws/install/turtlesim/include/turtlesim/srv/detail/set_pen__type_support.cpp
[17.458s] -- Installing: /home/zj/ros2_ws/install/turtlesim/include/turtlesim/srv/detail/spawn__rosidl_typesupport_introspection_cpp.hpp
[17.459s] -- Installing: /home/zj/ros2_ws/install/turtlesim/include/turtlesim/srv/detail/teleport_absolute__type_support.cpp
[17.459s] -- Installing: /home/zj/ros2_ws/install/turtlesim/include/turtlesim/srv/detail/teleport_absolute__rosidl_typesupport_introspection_cpp.hpp
[17.459s] -- Installing: /home/zj/ros2_ws/install/turtlesim/include/turtlesim/srv/detail/teleport_relative__type_support.cpp
[17.459s] -- Installing: /home/zj/ros2_ws/install/turtlesim/include/turtlesim/srv/detail/kill__rosidl_typesupport_introspection_cpp.hpp
[17.459s] -- Installing: /home/zj/ros2_ws/install/turtlesim/include/turtlesim/srv/detail/set_pen__rosidl_typesupport_introspection_cpp.hpp
[17.459s] -- Installing: /home/zj/ros2_ws/install/turtlesim/include/turtlesim/srv/detail/kill__type_support.cpp
[17.459s] -- Installing: /home/zj/ros2_ws/install/turtlesim/lib/libturtlesim__rosidl_typesupport_introspection_cpp.so
[17.460s] -- Set runtime path of "/home/zj/ros2_ws/install/turtlesim/lib/libturtlesim__rosidl_typesupport_introspection_cpp.so" to ""
[17.460s] -- Installing: /home/zj/ros2_ws/install/turtlesim/lib/libturtlesim__rosidl_typesupport_cpp.so
[17.460s] -- Set runtime path of "/home/zj/ros2_ws/install/turtlesim/lib/libturtlesim__rosidl_typesupport_cpp.so" to ""
[17.460s] -- Installing: /home/zj/ros2_ws/install/turtlesim/share/turtlesim/environment/pythonpath.sh
[17.460s] -- Installing: /home/zj/ros2_ws/install/turtlesim/share/turtlesim/environment/pythonpath.dsv
[17.460s] -- Installing: /home/zj/ros2_ws/install/turtlesim/lib/python3.8/site-packages/turtlesim-1.6.0-py3.8.egg-info
[17.460s] -- Installing: /home/zj/ros2_ws/install/turtlesim/lib/python3.8/site-packages/turtlesim-1.6.0-py3.8.egg-info/PKG-INFO
[17.461s] -- Installing: /home/zj/ros2_ws/install/turtlesim/lib/python3.8/site-packages/turtlesim-1.6.0-py3.8.egg-info/dependency_links.txt
[17.461s] -- Installing: /home/zj/ros2_ws/install/turtlesim/lib/python3.8/site-packages/turtlesim-1.6.0-py3.8.egg-info/SOURCES.txt
[17.461s] -- Installing: /home/zj/ros2_ws/install/turtlesim/lib/python3.8/site-packages/turtlesim-1.6.0-py3.8.egg-info/top_level.txt
[17.461s] -- Installing: /home/zj/ros2_ws/install/turtlesim/lib/python3.8/site-packages/turtlesim
[17.461s] -- Installing: /home/zj/ros2_ws/install/turtlesim/lib/python3.8/site-packages/turtlesim/msg
[17.461s] -- Installing: /home/zj/ros2_ws/install/turtlesim/lib/python3.8/site-packages/turtlesim/msg/_pose.py
[17.462s] -- Installing: /home/zj/ros2_ws/install/turtlesim/lib/python3.8/site-packages/turtlesim/msg/_color.py
[17.462s] -- Installing: /home/zj/ros2_ws/install/turtlesim/lib/python3.8/site-packages/turtlesim/msg/_color_s.c
[17.462s] -- Installing: /home/zj/ros2_ws/install/turtlesim/lib/python3.8/site-packages/turtlesim/msg/_pose_s.c
[17.462s] -- Installing: /home/zj/ros2_ws/install/turtlesim/lib/python3.8/site-packages/turtlesim/msg/__init__.py
[17.462s] -- Installing: /home/zj/ros2_ws/install/turtlesim/lib/python3.8/site-packages/turtlesim/_turtlesim_s.ep.rosidl_typesupport_introspection_c.c
[17.462s] -- Installing: /home/zj/ros2_ws/install/turtlesim/lib/python3.8/site-packages/turtlesim/action
[17.462s] -- Installing: /home/zj/ros2_ws/install/turtlesim/lib/python3.8/site-packages/turtlesim/action/_rotate_absolute.py
[17.463s] -- Installing: /home/zj/ros2_ws/install/turtlesim/lib/python3.8/site-packages/turtlesim/action/_rotate_absolute_s.c
[17.463s] -- Installing: /home/zj/ros2_ws/install/turtlesim/lib/python3.8/site-packages/turtlesim/action/__init__.py
[17.463s] -- Installing: /home/zj/ros2_ws/install/turtlesim/lib/python3.8/site-packages/turtlesim/libturtlesim__rosidl_generator_py.so
[17.463s] -- Installing: /home/zj/ros2_ws/install/turtlesim/lib/python3.8/site-packages/turtlesim/turtlesim_s__rosidl_typesupport_fastrtps_c.cpython-38-x86_64-linux-gnu.so
[17.463s] -- Installing: /home/zj/ros2_ws/install/turtlesim/lib/python3.8/site-packages/turtlesim/srv
[17.463s] -- Installing: /home/zj/ros2_ws/install/turtlesim/lib/python3.8/site-packages/turtlesim/srv/_teleport_relative.py
[17.463s] -- Installing: /home/zj/ros2_ws/install/turtlesim/lib/python3.8/site-packages/turtlesim/srv/_teleport_absolute.py
[17.464s] -- Installing: /home/zj/ros2_ws/install/turtlesim/lib/python3.8/site-packages/turtlesim/srv/_teleport_relative_s.c
[17.464s] -- Installing: /home/zj/ros2_ws/install/turtlesim/lib/python3.8/site-packages/turtlesim/srv/_kill.py
[17.464s] -- Installing: /home/zj/ros2_ws/install/turtlesim/lib/python3.8/site-packages/turtlesim/srv/_set_pen_s.c
[17.464s] -- Installing: /home/zj/ros2_ws/install/turtlesim/lib/python3.8/site-packages/turtlesim/srv/_teleport_absolute_s.c
[17.464s] -- Installing: /home/zj/ros2_ws/install/turtlesim/lib/python3.8/site-packages/turtlesim/srv/_spawn.py
[17.464s] -- Installing: /home/zj/ros2_ws/install/turtlesim/lib/python3.8/site-packages/turtlesim/srv/_set_pen.py
[17.464s] -- Installing: /home/zj/ros2_ws/install/turtlesim/lib/python3.8/site-packages/turtlesim/srv/_spawn_s.c
[17.464s] -- Installing: /home/zj/ros2_ws/install/turtlesim/lib/python3.8/site-packages/turtlesim/srv/_kill_s.c
[17.465s] -- Installing: /home/zj/ros2_ws/install/turtlesim/lib/python3.8/site-packages/turtlesim/srv/__init__.py
[17.465s] -- Installing: /home/zj/ros2_ws/install/turtlesim/lib/python3.8/site-packages/turtlesim/turtlesim_s__rosidl_typesupport_c.cpython-38-x86_64-linux-gnu.so
[17.465s] -- Installing: /home/zj/ros2_ws/install/turtlesim/lib/python3.8/site-packages/turtlesim/_turtlesim_s.ep.rosidl_typesupport_c.c
[17.465s] -- Installing: /home/zj/ros2_ws/install/turtlesim/lib/python3.8/site-packages/turtlesim/_turtlesim_s.ep.rosidl_typesupport_fastrtps_c.c
[17.465s] -- Installing: /home/zj/ros2_ws/install/turtlesim/lib/python3.8/site-packages/turtlesim/turtlesim_s__rosidl_typesupport_introspection_c.cpython-38-x86_64-linux-gnu.so
[17.465s] -- Installing: /home/zj/ros2_ws/install/turtlesim/lib/python3.8/site-packages/turtlesim/__init__.py
[17.516s] Listing '/home/zj/ros2_ws/install/turtlesim/lib/python3.8/site-packages/turtlesim'...
[17.517s] Compiling '/home/zj/ros2_ws/install/turtlesim/lib/python3.8/site-packages/turtlesim/__init__.py'...
[17.517s] Listing '/home/zj/ros2_ws/install/turtlesim/lib/python3.8/site-packages/turtlesim/action'...
[17.517s] Compiling '/home/zj/ros2_ws/install/turtlesim/lib/python3.8/site-packages/turtlesim/action/__init__.py'...
[17.517s] Compiling '/home/zj/ros2_ws/install/turtlesim/lib/python3.8/site-packages/turtlesim/action/_rotate_absolute.py'...
[17.517s] Listing '/home/zj/ros2_ws/install/turtlesim/lib/python3.8/site-packages/turtlesim/msg'...
[17.517s] Compiling '/home/zj/ros2_ws/install/turtlesim/lib/python3.8/site-packages/turtlesim/msg/__init__.py'...
[17.518s] Compiling '/home/zj/ros2_ws/install/turtlesim/lib/python3.8/site-packages/turtlesim/msg/_color.py'...
[17.518s] Compiling '/home/zj/ros2_ws/install/turtlesim/lib/python3.8/site-packages/turtlesim/msg/_pose.py'...
[17.518s] Listing '/home/zj/ros2_ws/install/turtlesim/lib/python3.8/site-packages/turtlesim/srv'...
[17.518s] Compiling '/home/zj/ros2_ws/install/turtlesim/lib/python3.8/site-packages/turtlesim/srv/__init__.py'...
[17.518s] Compiling '/home/zj/ros2_ws/install/turtlesim/lib/python3.8/site-packages/turtlesim/srv/_kill.py'...
[17.518s] Compiling '/home/zj/ros2_ws/install/turtlesim/lib/python3.8/site-packages/turtlesim/srv/_set_pen.py'...
[17.518s] Compiling '/home/zj/ros2_ws/install/turtlesim/lib/python3.8/site-packages/turtlesim/srv/_spawn.py'...
[17.519s] Compiling '/home/zj/ros2_ws/install/turtlesim/lib/python3.8/site-packages/turtlesim/srv/_teleport_absolute.py'...
[17.519s] Compiling '/home/zj/ros2_ws/install/turtlesim/lib/python3.8/site-packages/turtlesim/srv/_teleport_relative.py'...
[17.521s] -- Installing: /home/zj/ros2_ws/install/turtlesim/lib/python3.8/site-packages/turtlesim/turtlesim_s__rosidl_typesupport_fastrtps_c.cpython-38-x86_64-linux-gnu.so
[17.522s] -- Set runtime path of "/home/zj/ros2_ws/install/turtlesim/lib/python3.8/site-packages/turtlesim/turtlesim_s__rosidl_typesupport_fastrtps_c.cpython-38-x86_64-linux-gnu.so" to ""
[17.523s] -- Installing: /home/zj/ros2_ws/install/turtlesim/lib/python3.8/site-packages/turtlesim/turtlesim_s__rosidl_typesupport_introspection_c.cpython-38-x86_64-linux-gnu.so
[17.523s] -- Set runtime path of "/home/zj/ros2_ws/install/turtlesim/lib/python3.8/site-packages/turtlesim/turtlesim_s__rosidl_typesupport_introspection_c.cpython-38-x86_64-linux-gnu.so" to ""
[17.523s] -- Installing: /home/zj/ros2_ws/install/turtlesim/lib/python3.8/site-packages/turtlesim/turtlesim_s__rosidl_typesupport_c.cpython-38-x86_64-linux-gnu.so
[17.523s] -- Set runtime path of "/home/zj/ros2_ws/install/turtlesim/lib/python3.8/site-packages/turtlesim/turtlesim_s__rosidl_typesupport_c.cpython-38-x86_64-linux-gnu.so" to ""
[17.524s] -- Installing: /home/zj/ros2_ws/install/turtlesim/lib/libturtlesim__rosidl_generator_py.so
[17.524s] -- Set runtime path of "/home/zj/ros2_ws/install/turtlesim/lib/libturtlesim__rosidl_generator_py.so" to ""
[17.524s] -- Installing: /home/zj/ros2_ws/install/turtlesim/share/turtlesim/action/RotateAbsolute.idl
[17.524s] -- Installing: /home/zj/ros2_ws/install/turtlesim/share/turtlesim/msg/Color.idl
[17.524s] -- Installing: /home/zj/ros2_ws/install/turtlesim/share/turtlesim/msg/Pose.idl
[17.525s] -- Installing: /home/zj/ros2_ws/install/turtlesim/share/turtlesim/srv/Kill.idl
[17.525s] -- Installing: /home/zj/ros2_ws/install/turtlesim/share/turtlesim/srv/SetPen.idl
[17.525s] -- Installing: /home/zj/ros2_ws/install/turtlesim/share/turtlesim/srv/Spawn.idl
[17.525s] -- Installing: /home/zj/ros2_ws/install/turtlesim/share/turtlesim/srv/TeleportAbsolute.idl
[17.525s] -- Installing: /home/zj/ros2_ws/install/turtlesim/share/turtlesim/srv/TeleportRelative.idl
[17.526s] -- Installing: /home/zj/ros2_ws/install/turtlesim/share/turtlesim/action/RotateAbsolute.action
[17.526s] -- Installing: /home/zj/ros2_ws/install/turtlesim/share/turtlesim/msg/Color.msg
[17.526s] -- Installing: /home/zj/ros2_ws/install/turtlesim/share/turtlesim/msg/Pose.msg
[17.526s] -- Installing: /home/zj/ros2_ws/install/turtlesim/share/turtlesim/srv/Kill.srv
[17.526s] -- Installing: /home/zj/ros2_ws/install/turtlesim/share/turtlesim/srv/Kill_Request.msg
[17.527s] -- Installing: /home/zj/ros2_ws/install/turtlesim/share/turtlesim/srv/Kill_Response.msg
[17.527s] -- Installing: /home/zj/ros2_ws/install/turtlesim/share/turtlesim/srv/SetPen.srv
[17.527s] -- Installing: /home/zj/ros2_ws/install/turtlesim/share/turtlesim/srv/SetPen_Request.msg
[17.527s] -- Installing: /home/zj/ros2_ws/install/turtlesim/share/turtlesim/srv/SetPen_Response.msg
[17.527s] -- Installing: /home/zj/ros2_ws/install/turtlesim/share/turtlesim/srv/Spawn.srv
[17.527s] -- Installing: /home/zj/ros2_ws/install/turtlesim/share/turtlesim/srv/Spawn_Request.msg
[17.527s] -- Installing: /home/zj/ros2_ws/install/turtlesim/share/turtlesim/srv/Spawn_Response.msg
[17.528s] -- Installing: /home/zj/ros2_ws/install/turtlesim/share/turtlesim/srv/TeleportAbsolute.srv
[17.528s] -- Installing: /home/zj/ros2_ws/install/turtlesim/share/turtlesim/srv/TeleportAbsolute_Request.msg
[17.528s] -- Installing: /home/zj/ros2_ws/install/turtlesim/share/turtlesim/srv/TeleportAbsolute_Response.msg
[17.528s] -- Installing: /home/zj/ros2_ws/install/turtlesim/share/turtlesim/srv/TeleportRelative.srv
[17.528s] -- Installing: /home/zj/ros2_ws/install/turtlesim/share/turtlesim/srv/TeleportRelative_Request.msg
[17.528s] -- Installing: /home/zj/ros2_ws/install/turtlesim/share/turtlesim/srv/TeleportRelative_Response.msg
[17.528s] -- Installing: /home/zj/ros2_ws/install/turtlesim/lib/turtlesim/turtlesim_node
[17.531s] -- Set runtime path of "/home/zj/ros2_ws/install/turtlesim/lib/turtlesim/turtlesim_node" to ""
[17.531s] -- Installing: /home/zj/ros2_ws/install/turtlesim/lib/turtlesim/turtle_teleop_key
[17.532s] -- Set runtime path of "/home/zj/ros2_ws/install/turtlesim/lib/turtlesim/turtle_teleop_key" to ""
[17.533s] -- Installing: /home/zj/ros2_ws/install/turtlesim/lib/turtlesim/draw_square
[17.535s] -- Set runtime path of "/home/zj/ros2_ws/install/turtlesim/lib/turtlesim/draw_square" to ""
[17.536s] -- Installing: /home/zj/ros2_ws/install/turtlesim/lib/turtlesim/mimic
[17.538s] -- Set runtime path of "/home/zj/ros2_ws/install/turtlesim/lib/turtlesim/mimic" to ""
[17.538s] -- Installing: /home/zj/ros2_ws/install/turtlesim/share/turtlesim/images
[17.538s] -- Installing: /home/zj/ros2_ws/install/turtlesim/share/turtlesim/images/humble.png
[17.539s] -- Installing: /home/zj/ros2_ws/install/turtlesim/share/turtlesim/images/ardent.png
[17.539s] -- Installing: /home/zj/ros2_ws/install/turtlesim/share/turtlesim/images/crystal.png
[17.539s] -- Installing: /home/zj/ros2_ws/install/turtlesim/share/turtlesim/images/bouncy.png
[17.539s] -- Installing: /home/zj/ros2_ws/install/turtlesim/share/turtlesim/images/rolling.png
[17.539s] -- Installing: /home/zj/ros2_ws/install/turtlesim/share/turtlesim/images/dashing.png
[17.539s] -- Installing: /home/zj/ros2_ws/install/turtlesim/share/turtlesim/images/foxy.png
[17.539s] -- Installing: /home/zj/ros2_ws/install/turtlesim/share/turtlesim/images/eloquent.png
[17.540s] -- Installing: /home/zj/ros2_ws/install/turtlesim/share/turtlesim/images/galactic.png
[17.540s] -- Installing: /home/zj/ros2_ws/install/turtlesim/share/turtlesim/launch
[17.540s] -- Installing: /home/zj/ros2_ws/install/turtlesim/share/turtlesim/launch/multisim.launch.py
[17.540s] -- Installing: /home/zj/ros2_ws/install/turtlesim/share/ament_index/resource_index/package_run_dependencies/turtlesim
[17.540s] -- Installing: /home/zj/ros2_ws/install/turtlesim/share/ament_index/resource_index/parent_prefix_path/turtlesim
[17.540s] -- Installing: /home/zj/ros2_ws/install/turtlesim/share/turtlesim/environment/ament_prefix_path.sh
[17.541s] -- Installing: /home/zj/ros2_ws/install/turtlesim/share/turtlesim/environment/ament_prefix_path.dsv
[17.541s] -- Installing: /home/zj/ros2_ws/install/turtlesim/share/turtlesim/environment/path.sh
[17.541s] -- Installing: /home/zj/ros2_ws/install/turtlesim/share/turtlesim/environment/path.dsv
[17.541s] -- Installing: /home/zj/ros2_ws/install/turtlesim/share/turtlesim/local_setup.bash
[17.541s] -- Installing: /home/zj/ros2_ws/install/turtlesim/share/turtlesim/local_setup.sh
[17.541s] -- Installing: /home/zj/ros2_ws/install/turtlesim/share/turtlesim/local_setup.zsh
[17.541s] -- Installing: /home/zj/ros2_ws/install/turtlesim/share/turtlesim/local_setup.dsv
[17.541s] -- Installing: /home/zj/ros2_ws/install/turtlesim/share/turtlesim/package.dsv
[17.542s] -- Installing: /home/zj/ros2_ws/install/turtlesim/share/ament_index/resource_index/packages/turtlesim
[17.542s] -- Installing: /home/zj/ros2_ws/install/turtlesim/share/turtlesim/cmake/turtlesim__rosidl_generator_cExport.cmake
[17.542s] -- Installing: /home/zj/ros2_ws/install/turtlesim/share/turtlesim/cmake/turtlesim__rosidl_generator_cExport-noconfig.cmake
[17.542s] -- Installing: /home/zj/ros2_ws/install/turtlesim/share/turtlesim/cmake/turtlesim__rosidl_typesupport_introspection_cExport.cmake
[17.542s] -- Installing: /home/zj/ros2_ws/install/turtlesim/share/turtlesim/cmake/turtlesim__rosidl_typesupport_introspection_cExport-noconfig.cmake
[17.542s] -- Installing: /home/zj/ros2_ws/install/turtlesim/share/turtlesim/cmake/turtlesim__rosidl_typesupport_cExport.cmake
[17.543s] -- Installing: /home/zj/ros2_ws/install/turtlesim/share/turtlesim/cmake/turtlesim__rosidl_typesupport_cExport-noconfig.cmake
[17.543s] -- Installing: /home/zj/ros2_ws/install/turtlesim/share/turtlesim/cmake/turtlesim__rosidl_generator_cppExport.cmake
[17.543s] -- Installing: /home/zj/ros2_ws/install/turtlesim/share/turtlesim/cmake/turtlesim__rosidl_typesupport_introspection_cppExport.cmake
[17.543s] -- Installing: /home/zj/ros2_ws/install/turtlesim/share/turtlesim/cmake/turtlesim__rosidl_typesupport_introspection_cppExport-noconfig.cmake
[17.543s] -- Installing: /home/zj/ros2_ws/install/turtlesim/share/turtlesim/cmake/turtlesim__rosidl_typesupport_cppExport.cmake
[17.543s] -- Installing: /home/zj/ros2_ws/install/turtlesim/share/turtlesim/cmake/turtlesim__rosidl_typesupport_cppExport-noconfig.cmake
[17.543s] -- Installing: /home/zj/ros2_ws/install/turtlesim/share/turtlesim/cmake/export_turtlesim__rosidl_generator_pyExport.cmake
[17.544s] -- Installing: /home/zj/ros2_ws/install/turtlesim/share/turtlesim/cmake/export_turtlesim__rosidl_generator_pyExport-noconfig.cmake
[17.544s] -- Installing: /home/zj/ros2_ws/install/turtlesim/share/turtlesim/cmake/rosidl_cmake-extras.cmake
[17.544s] -- Installing: /home/zj/ros2_ws/install/turtlesim/share/turtlesim/cmake/ament_cmake_export_dependencies-extras.cmake
[17.544s] -- Installing: /home/zj/ros2_ws/install/turtlesim/share/turtlesim/cmake/ament_cmake_export_libraries-extras.cmake
[17.544s] -- Installing: /home/zj/ros2_ws/install/turtlesim/share/turtlesim/cmake/ament_cmake_export_targets-extras.cmake
[17.544s] -- Installing: /home/zj/ros2_ws/install/turtlesim/share/turtlesim/cmake/ament_cmake_export_include_directories-extras.cmake
[17.544s] -- Installing: /home/zj/ros2_ws/install/turtlesim/share/turtlesim/cmake/rosidl_cmake_export_typesupport_libraries-extras.cmake
[17.544s] -- Installing: /home/zj/ros2_ws/install/turtlesim/share/turtlesim/cmake/rosidl_cmake_export_typesupport_targets-extras.cmake
[17.545s] -- Installing: /home/zj/ros2_ws/install/turtlesim/share/turtlesim/cmake/turtlesimConfig.cmake
[17.545s] -- Installing: /home/zj/ros2_ws/install/turtlesim/share/turtlesim/cmake/turtlesimConfig-version.cmake
[17.545s] -- Installing: /home/zj/ros2_ws/install/turtlesim/share/turtlesim/package.xml
[17.547s] Invoked command in '/home/zj/ros2_ws/build/turtlesim' returned '0': CMAKE_PREFIX_PATH=/opt/ros/rolling /usr/bin/cmake --install /home/zj/ros2_ws/build/turtlesim
