[1.843s] Invoking command in '/home/zj/cx/learnros2/ros2_ws/src/rtk': PYTHONPATH=/home/zj/cx/learnros2/ros2_ws/build/rtk/prefix_override:/home/zj/cx/learnros2/ros2_ws/install/rtk/lib/python3.8/site-packages:${PYTHONPATH} /usr/bin/python3 setup.py egg_info --egg-base ../../build/rtk build --build-base /home/zj/cx/learnros2/ros2_ws/build/rtk/build install --record /home/zj/cx/learnros2/ros2_ws/build/rtk/install.log --install-scripts $base/lib/rtk --single-version-externally-managed
[1.978s] running egg_info
[1.978s] writing ../../build/rtk/rtk.egg-info/PKG-INFO
[1.978s] writing dependency_links to ../../build/rtk/rtk.egg-info/dependency_links.txt
[1.979s] writing entry points to ../../build/rtk/rtk.egg-info/entry_points.txt
[1.979s] writing requirements to ../../build/rtk/rtk.egg-info/requires.txt
[1.979s] writing top-level names to ../../build/rtk/rtk.egg-info/top_level.txt
[2.001s] reading manifest file '../../build/rtk/rtk.egg-info/SOURCES.txt'
[2.002s] writing manifest file '../../build/rtk/rtk.egg-info/SOURCES.txt'
[2.002s] running build
[2.002s] running build_py
[2.002s] copying rtk/ntripClient.py -> /home/zj/cx/learnros2/ros2_ws/build/rtk/build/lib/rtk
[2.002s] running install
[2.003s] running install_lib
[2.003s] copying /home/zj/cx/learnros2/ros2_ws/build/rtk/build/lib/rtk/ntripClient.py -> /home/zj/cx/learnros2/ros2_ws/install/rtk/lib/python3.8/site-packages/rtk
[2.004s] byte-compiling /home/zj/cx/learnros2/ros2_ws/install/rtk/lib/python3.8/site-packages/rtk/ntripClient.py to ntripClient.cpython-38.pyc
[2.005s] running install_data
[2.005s] running install_egg_info
[2.007s] removing '/home/zj/cx/learnros2/ros2_ws/install/rtk/lib/python3.8/site-packages/rtk-0.0.0-py3.8.egg-info' (and everything under it)
[2.007s] Copying ../../build/rtk/rtk.egg-info to /home/zj/cx/learnros2/ros2_ws/install/rtk/lib/python3.8/site-packages/rtk-0.0.0-py3.8.egg-info
[2.007s] running install_scripts
[2.021s] Installing ntripClient script to /home/zj/cx/learnros2/ros2_ws/install/rtk/lib/rtk
[2.021s] Installing ntripServerByCors script to /home/zj/cx/learnros2/ros2_ws/install/rtk/lib/rtk
[2.021s] Installing test script to /home/zj/cx/learnros2/ros2_ws/install/rtk/lib/rtk
[2.021s] writing list of installed files to '/home/zj/cx/learnros2/ros2_ws/build/rtk/install.log'
[2.039s] Invoked command in '/home/zj/cx/learnros2/ros2_ws/src/rtk' returned '0': PYTHONPATH=/home/zj/cx/learnros2/ros2_ws/build/rtk/prefix_override:/home/zj/cx/learnros2/ros2_ws/install/rtk/lib/python3.8/site-packages:${PYTHONPATH} /usr/bin/python3 setup.py egg_info --egg-base ../../build/rtk build --build-base /home/zj/cx/learnros2/ros2_ws/build/rtk/build install --record /home/zj/cx/learnros2/ros2_ws/build/rtk/install.log --install-scripts $base/lib/rtk --single-version-externally-managed
