[1.825s] Invoking command in '/home/zj/cx/learnros2/ros2_ws/src/rtk': PYTHONPATH=/home/zj/cx/learnros2/ros2_ws/build/rtk/prefix_override:/home/zj/cx/learnros2/ros2_ws/install/rtk/lib/python3.8/site-packages:${PYTHONPATH} /usr/bin/python3 setup.py egg_info --egg-base ../../build/rtk build --build-base /home/zj/cx/learnros2/ros2_ws/build/rtk/build install --record /home/zj/cx/learnros2/ros2_ws/build/rtk/install.log --install-scripts $base/lib/rtk --single-version-externally-managed
[1.956s] running egg_info
[1.957s] writing ../../build/rtk/rtk.egg-info/PKG-INFO
[1.962s] writing dependency_links to ../../build/rtk/rtk.egg-info/dependency_links.txt
[1.962s] writing entry points to ../../build/rtk/rtk.egg-info/entry_points.txt
[1.962s] writing requirements to ../../build/rtk/rtk.egg-info/requires.txt
[1.964s] writing top-level names to ../../build/rtk/rtk.egg-info/top_level.txt
[1.991s] reading manifest file '../../build/rtk/rtk.egg-info/SOURCES.txt'
[1.992s] writing manifest file '../../build/rtk/rtk.egg-info/SOURCES.txt'
[1.992s] running build
[1.992s] running build_py
[1.992s] copying rtk/ntripServerByCors.py -> /home/zj/cx/learnros2/ros2_ws/build/rtk/build/lib/rtk
[1.992s] running install
[1.993s] running install_lib
[1.994s] copying /home/zj/cx/learnros2/ros2_ws/build/rtk/build/lib/rtk/ntripServerByCors.py -> /home/zj/cx/learnros2/ros2_ws/install/rtk/lib/python3.8/site-packages/rtk
[1.994s] byte-compiling /home/zj/cx/learnros2/ros2_ws/install/rtk/lib/python3.8/site-packages/rtk/ntripServerByCors.py to ntripServerByCors.cpython-38.pyc
[1.996s] running install_data
[1.996s] running install_egg_info
[1.999s] removing '/home/zj/cx/learnros2/ros2_ws/install/rtk/lib/python3.8/site-packages/rtk-0.0.0-py3.8.egg-info' (and everything under it)
[1.999s] Copying ../../build/rtk/rtk.egg-info to /home/zj/cx/learnros2/ros2_ws/install/rtk/lib/python3.8/site-packages/rtk-0.0.0-py3.8.egg-info
[1.999s] running install_scripts
[2.014s] Installing ntripServerByCors script to /home/zj/cx/learnros2/ros2_ws/install/rtk/lib/rtk
[2.014s] Installing test script to /home/zj/cx/learnros2/ros2_ws/install/rtk/lib/rtk
[2.014s] writing list of installed files to '/home/zj/cx/learnros2/ros2_ws/build/rtk/install.log'
[2.096s] Invoked command in '/home/zj/cx/learnros2/ros2_ws/src/rtk' returned '0': PYTHONPATH=/home/zj/cx/learnros2/ros2_ws/build/rtk/prefix_override:/home/zj/cx/learnros2/ros2_ws/install/rtk/lib/python3.8/site-packages:${PYTHONPATH} /usr/bin/python3 setup.py egg_info --egg-base ../../build/rtk build --build-base /home/zj/cx/learnros2/ros2_ws/build/rtk/build install --record /home/zj/cx/learnros2/ros2_ws/build/rtk/install.log --install-scripts $base/lib/rtk --single-version-externally-managed
