[2.184s] Invoking command in '/home/zj/cx/learnros2/ros2_ws/src/learning_tf': PYTHONPATH=/home/zj/cx/learnros2/ros2_ws/build/learning_tf/prefix_override:/home/zj/cx/learnros2/ros2_ws/install/learning_tf/lib/python3.8/site-packages:${PYTHONPATH} /usr/bin/python3 setup.py egg_info --egg-base ../../build/learning_tf build --build-base /home/zj/cx/learnros2/ros2_ws/build/learning_tf/build install --record /home/zj/cx/learnros2/ros2_ws/build/learning_tf/install.log --single-version-externally-managed
[2.282s] running egg_info
[2.282s] writing ../../build/learning_tf/learning_tf.egg-info/PKG-INFO
[2.283s] writing dependency_links to ../../build/learning_tf/learning_tf.egg-info/dependency_links.txt
[2.284s] writing entry points to ../../build/learning_tf/learning_tf.egg-info/entry_points.txt
[2.285s] writing requirements to ../../build/learning_tf/learning_tf.egg-info/requires.txt
[2.285s] writing top-level names to ../../build/learning_tf/learning_tf.egg-info/top_level.txt
[2.316s] reading manifest file '../../build/learning_tf/learning_tf.egg-info/SOURCES.txt'
[2.318s] writing manifest file '../../build/learning_tf/learning_tf.egg-info/SOURCES.txt'
[2.318s] running build
[2.318s] running build_py
[2.324s] running install
[2.324s] running install_lib
[2.327s] running install_data
[2.332s] running install_egg_info
[2.333s] removing '/home/zj/cx/learnros2/ros2_ws/install/learning_tf/lib/python3.8/site-packages/learning_tf-0.0.0-py3.8.egg-info' (and everything under it)
[2.334s] Copying ../../build/learning_tf/learning_tf.egg-info to /home/zj/cx/learnros2/ros2_ws/install/learning_tf/lib/python3.8/site-packages/learning_tf-0.0.0-py3.8.egg-info
[2.335s] running install_scripts
[2.350s] Installing static_tf_broadcaster script to /home/zj/cx/learnros2/ros2_ws/install/learning_tf/lib/learning_tf
[2.351s] Installing tf_listener script to /home/zj/cx/learnros2/ros2_ws/install/learning_tf/lib/learning_tf
[2.351s] Installing turtle_following script to /home/zj/cx/learnros2/ros2_ws/install/learning_tf/lib/learning_tf
[2.351s] Installing turtle_tf_broadcaster script to /home/zj/cx/learnros2/ros2_ws/install/learning_tf/lib/learning_tf
[2.352s] writing list of installed files to '/home/zj/cx/learnros2/ros2_ws/build/learning_tf/install.log'
[2.436s] Invoked command in '/home/zj/cx/learnros2/ros2_ws/src/learning_tf' returned '0': PYTHONPATH=/home/zj/cx/learnros2/ros2_ws/build/learning_tf/prefix_override:/home/zj/cx/learnros2/ros2_ws/install/learning_tf/lib/python3.8/site-packages:${PYTHONPATH} /usr/bin/python3 setup.py egg_info --egg-base ../../build/learning_tf build --build-base /home/zj/cx/learnros2/ros2_ws/build/learning_tf/build install --record /home/zj/cx/learnros2/ros2_ws/build/learning_tf/install.log --single-version-externally-managed
