[1.170s] Invoking command in '/home/zj/cx/learnros2/ros2_ws/src/learning_launch': PYTHONPATH=/home/zj/cx/learnros2/ros2_ws/build/learning_launch/prefix_override:/home/zj/cx/learnros2/ros2_ws/install/learning_launch/lib/python3.8/site-packages:${PYTHONPATH} /usr/bin/python3 setup.py egg_info --egg-base ../../build/learning_launch build --build-base /home/zj/cx/learnros2/ros2_ws/build/learning_launch/build install --record /home/zj/cx/learnros2/ros2_ws/build/learning_launch/install.log --single-version-externally-managed
[1.271s] running egg_info
[1.271s] creating ../../build/learning_launch/learning_launch.egg-info
[1.271s] writing ../../build/learning_launch/learning_launch.egg-info/PKG-INFO
[1.271s] writing dependency_links to ../../build/learning_launch/learning_launch.egg-info/dependency_links.txt
[1.271s] writing entry points to ../../build/learning_launch/learning_launch.egg-info/entry_points.txt
[1.271s] writing requirements to ../../build/learning_launch/learning_launch.egg-info/requires.txt
[1.271s] writing top-level names to ../../build/learning_launch/learning_launch.egg-info/top_level.txt
[1.272s] writing manifest file '../../build/learning_launch/learning_launch.egg-info/SOURCES.txt'
[1.290s] reading manifest file '../../build/learning_launch/learning_launch.egg-info/SOURCES.txt'
[1.290s] writing manifest file '../../build/learning_launch/learning_launch.egg-info/SOURCES.txt'
[1.290s] running build
[1.290s] running build_py
[1.290s] creating /home/zj/cx/learnros2/ros2_ws/build/learning_launch/build
[1.290s] creating /home/zj/cx/learnros2/ros2_ws/build/learning_launch/build/lib
[1.290s] creating /home/zj/cx/learnros2/ros2_ws/build/learning_launch/build/lib/learning_launch
[1.290s] copying learning_launch/__init__.py -> /home/zj/cx/learnros2/ros2_ws/build/learning_launch/build/lib/learning_launch
[1.291s] running install
[1.291s] running install_lib
[1.291s] creating /home/zj/cx/learnros2/ros2_ws/install/learning_launch/lib/python3.8/site-packages/learning_launch
[1.291s] copying /home/zj/cx/learnros2/ros2_ws/build/learning_launch/build/lib/learning_launch/__init__.py -> /home/zj/cx/learnros2/ros2_ws/install/learning_launch/lib/python3.8/site-packages/learning_launch
[1.292s] byte-compiling /home/zj/cx/learnros2/ros2_ws/install/learning_launch/lib/python3.8/site-packages/learning_launch/__init__.py to __init__.cpython-38.pyc
[1.292s] running install_data
[1.292s] creating /home/zj/cx/learnros2/ros2_ws/install/learning_launch/share/ament_index
[1.292s] creating /home/zj/cx/learnros2/ros2_ws/install/learning_launch/share/ament_index/resource_index
[1.292s] creating /home/zj/cx/learnros2/ros2_ws/install/learning_launch/share/ament_index/resource_index/packages
[1.292s] copying resource/learning_launch -> /home/zj/cx/learnros2/ros2_ws/install/learning_launch/share/ament_index/resource_index/packages
[1.293s] copying package.xml -> /home/zj/cx/learnros2/ros2_ws/install/learning_launch/share/learning_launch
[1.293s] creating /home/zj/cx/learnros2/ros2_ws/install/learning_launch/share/learning_launch/launch
[1.293s] copying launch/simple.launch.py -> /home/zj/cx/learnros2/ros2_ws/install/learning_launch/share/learning_launch/launch
[1.293s] copying launch/rviz.launch.py -> /home/zj/cx/learnros2/ros2_ws/install/learning_launch/share/learning_launch/launch
[1.293s] copying launch/parameters_yaml.launch.py -> /home/zj/cx/learnros2/ros2_ws/install/learning_launch/share/learning_launch/launch
[1.293s] copying launch/remapping.launch.py -> /home/zj/cx/learnros2/ros2_ws/install/learning_launch/share/learning_launch/launch
[1.293s] copying launch/parameters.launch.py -> /home/zj/cx/learnros2/ros2_ws/install/learning_launch/share/learning_launch/launch
[1.293s] copying launch/parameters_nonamespace.launch.py -> /home/zj/cx/learnros2/ros2_ws/install/learning_launch/share/learning_launch/launch
[1.293s] copying launch/namespaces.launch.py -> /home/zj/cx/learnros2/ros2_ws/install/learning_launch/share/learning_launch/launch
[1.293s] creating /home/zj/cx/learnros2/ros2_ws/install/learning_launch/share/learning_launch/config
[1.293s] copying config/turtlesim.yaml -> /home/zj/cx/learnros2/ros2_ws/install/learning_launch/share/learning_launch/config
[1.293s] creating /home/zj/cx/learnros2/ros2_ws/install/learning_launch/share/learning_launch/rviz
[1.293s] copying rviz/turtle_rviz.rviz -> /home/zj/cx/learnros2/ros2_ws/install/learning_launch/share/learning_launch/rviz
[1.293s] running install_egg_info
[1.294s] Copying ../../build/learning_launch/learning_launch.egg-info to /home/zj/cx/learnros2/ros2_ws/install/learning_launch/lib/python3.8/site-packages/learning_launch-0.0.0-py3.8.egg-info
[1.294s] running install_scripts
[1.306s] writing list of installed files to '/home/zj/cx/learnros2/ros2_ws/build/learning_launch/install.log'
[1.338s] Invoked command in '/home/zj/cx/learnros2/ros2_ws/src/learning_launch' returned '0': PYTHONPATH=/home/zj/cx/learnros2/ros2_ws/build/learning_launch/prefix_override:/home/zj/cx/learnros2/ros2_ws/install/learning_launch/lib/python3.8/site-packages:${PYTHONPATH} /usr/bin/python3 setup.py egg_info --egg-base ../../build/learning_launch build --build-base /home/zj/cx/learnros2/ros2_ws/build/learning_launch/build install --record /home/zj/cx/learnros2/ros2_ws/build/learning_launch/install.log --single-version-externally-managed
