[0.763s] Invoking command in '/home/zj/cx/learnros2/ros2_ws/src/learning_topic': CMAKE_PREFIX_PATH=/home/zj/cx/learnros2/ros2_ws/install/learning_interface:/home/zj/cx/learnros2/ros2_ws/install/tutorial_interfaces:/home/zj/cx/learnros2/ros2_ws/install/turtlesim:/home/zj/cx/learnros2/ros2_ws/install/learning_pkg_c LD_LIBRARY_PATH=/home/zj/cx/learnros2/ros2_ws/install/learning_interface/lib:/home/zj/cx/learnros2/ros2_ws/install/tutorial_interfaces/lib:/home/zj/cx/learnros2/ros2_ws/install/turtlesim/lib:/opt/ros/foxy/opt/yaml_cpp_vendor/lib:/opt/ros/foxy/opt/rviz_ogre_vendor/lib:/opt/ros/foxy/lib/x86_64-linux-gnu:/opt/ros/foxy/lib PYTHONPATH=/home/zj/cx/learnros2/ros2_ws/build/learning_topic/prefix_override:/home/zj/cx/learnros2/ros2_ws/install/learning_topic/lib/python3.8/site-packages:/home/zj/cx/learnros2/ros2_ws/install/learning_interface/lib/python3.8/site-packages:/home/zj/cx/learnros2/ros2_ws/install/tutorial_interfaces/lib/python3.8/site-packages:/home/zj/cx/learnros2/ros2_ws/install/learning_tf/lib/python3.8/site-packages:/home/zj/cx/learnros2/ros2_ws/install/turtlesim/lib/python3.8/site-packages:/home/zj/cx/learnros2/ros2_ws/install/rtk/lib/python3.8/site-packages:/home/zj/cx/learnros2/ros2_ws/install/python_parameters/lib/python3.8/site-packages:/home/zj/cx/learnros2/ros2_ws/install/py_srvcli/lib/python3.8/site-packages:/home/zj/cx/learnros2/ros2_ws/install/py_pubsub/lib/python3.8/site-packages:/home/zj/cx/learnros2/ros2_ws/install/my_package/lib/python3.8/site-packages:/home/zj/cx/learnros2/ros2_ws/install/learning_urdf/lib/python3.8/site-packages:/home/zj/cx/learnros2/ros2_ws/install/learning_topic/lib/python3.8/site-packages:/home/zj/cx/learnros2/ros2_ws/install/learning_service/lib/python3.8/site-packages:/home/zj/cx/learnros2/ros2_ws/install/learning_qos/lib/python3.8/site-packages:/home/zj/cx/learnros2/ros2_ws/install/learning_pkg_python/lib/python3.8/site-packages:/home/zj/cx/learnros2/ros2_ws/install/learning_parameter/lib/python3.8/site-packages:/home/zj/cx/learnros2/ros2_ws/install/learning_node/lib/python3.8/site-packages:/home/zj/cx/learnros2/ros2_ws/install/learning_launch/lib/python3.8/site-packages:/home/zj/cx/learnros2/ros2_ws/install/learning_action/lib/python3.8/site-packages:/home/zj/cx/learnros2/ros2_ws/install/learning_gazebo/lib/python3.8/site-packages:/opt/ros/foxy/lib/python3.8/site-packages /usr/bin/python3 setup.py egg_info --egg-base ../../build/learning_topic build --build-base /home/zj/cx/learnros2/ros2_ws/build/learning_topic/build install --record /home/zj/cx/learnros2/ros2_ws/build/learning_topic/install.log --single-version-externally-managed
[0.878s] running egg_info
[0.878s] writing ../../build/learning_topic/learning_topic.egg-info/PKG-INFO
[0.878s] writing dependency_links to ../../build/learning_topic/learning_topic.egg-info/dependency_links.txt
[0.878s] writing entry points to ../../build/learning_topic/learning_topic.egg-info/entry_points.txt
[0.878s] writing requirements to ../../build/learning_topic/learning_topic.egg-info/requires.txt
[0.878s] writing top-level names to ../../build/learning_topic/learning_topic.egg-info/top_level.txt
[0.899s] reading manifest file '../../build/learning_topic/learning_topic.egg-info/SOURCES.txt'
[0.901s] writing manifest file '../../build/learning_topic/learning_topic.egg-info/SOURCES.txt'
[0.901s] running build
[0.902s] running build_py
[0.902s] running install
[0.902s] running install_lib
[0.902s] running install_data
[0.902s] running install_egg_info
[0.902s] removing '/home/zj/cx/learnros2/ros2_ws/install/learning_topic/lib/python3.8/site-packages/learning_topic-0.0.0-py3.8.egg-info' (and everything under it)
[0.902s] Copying ../../build/learning_topic/learning_topic.egg-info to /home/zj/cx/learnros2/ros2_ws/install/learning_topic/lib/python3.8/site-packages/learning_topic-0.0.0-py3.8.egg-info
[0.902s] running install_scripts
[0.914s] Installing interface_object_pub script to /home/zj/cx/learnros2/ros2_ws/install/learning_topic/lib/learning_topic
[0.914s] Installing interface_object_sub script to /home/zj/cx/learnros2/ros2_ws/install/learning_topic/lib/learning_topic
[0.914s] Installing topic_helloworld_pub script to /home/zj/cx/learnros2/ros2_ws/install/learning_topic/lib/learning_topic
[0.914s] Installing topic_helloworld_sub script to /home/zj/cx/learnros2/ros2_ws/install/learning_topic/lib/learning_topic
[0.914s] Installing topic_webcam_pub script to /home/zj/cx/learnros2/ros2_ws/install/learning_topic/lib/learning_topic
[0.914s] Installing topic_webcam_sub script to /home/zj/cx/learnros2/ros2_ws/install/learning_topic/lib/learning_topic
[0.914s] writing list of installed files to '/home/zj/cx/learnros2/ros2_ws/build/learning_topic/install.log'
[0.930s] Invoked command in '/home/zj/cx/learnros2/ros2_ws/src/learning_topic' returned '0': CMAKE_PREFIX_PATH=/home/zj/cx/learnros2/ros2_ws/install/learning_interface:/home/zj/cx/learnros2/ros2_ws/install/tutorial_interfaces:/home/zj/cx/learnros2/ros2_ws/install/turtlesim:/home/zj/cx/learnros2/ros2_ws/install/learning_pkg_c LD_LIBRARY_PATH=/home/zj/cx/learnros2/ros2_ws/install/learning_interface/lib:/home/zj/cx/learnros2/ros2_ws/install/tutorial_interfaces/lib:/home/zj/cx/learnros2/ros2_ws/install/turtlesim/lib:/opt/ros/foxy/opt/yaml_cpp_vendor/lib:/opt/ros/foxy/opt/rviz_ogre_vendor/lib:/opt/ros/foxy/lib/x86_64-linux-gnu:/opt/ros/foxy/lib PYTHONPATH=/home/zj/cx/learnros2/ros2_ws/build/learning_topic/prefix_override:/home/zj/cx/learnros2/ros2_ws/install/learning_topic/lib/python3.8/site-packages:/home/zj/cx/learnros2/ros2_ws/install/learning_interface/lib/python3.8/site-packages:/home/zj/cx/learnros2/ros2_ws/install/tutorial_interfaces/lib/python3.8/site-packages:/home/zj/cx/learnros2/ros2_ws/install/learning_tf/lib/python3.8/site-packages:/home/zj/cx/learnros2/ros2_ws/install/turtlesim/lib/python3.8/site-packages:/home/zj/cx/learnros2/ros2_ws/install/rtk/lib/python3.8/site-packages:/home/zj/cx/learnros2/ros2_ws/install/python_parameters/lib/python3.8/site-packages:/home/zj/cx/learnros2/ros2_ws/install/py_srvcli/lib/python3.8/site-packages:/home/zj/cx/learnros2/ros2_ws/install/py_pubsub/lib/python3.8/site-packages:/home/zj/cx/learnros2/ros2_ws/install/my_package/lib/python3.8/site-packages:/home/zj/cx/learnros2/ros2_ws/install/learning_urdf/lib/python3.8/site-packages:/home/zj/cx/learnros2/ros2_ws/install/learning_topic/lib/python3.8/site-packages:/home/zj/cx/learnros2/ros2_ws/install/learning_service/lib/python3.8/site-packages:/home/zj/cx/learnros2/ros2_ws/install/learning_qos/lib/python3.8/site-packages:/home/zj/cx/learnros2/ros2_ws/install/learning_pkg_python/lib/python3.8/site-packages:/home/zj/cx/learnros2/ros2_ws/install/learning_parameter/lib/python3.8/site-packages:/home/zj/cx/learnros2/ros2_ws/install/learning_node/lib/python3.8/site-packages:/home/zj/cx/learnros2/ros2_ws/install/learning_launch/lib/python3.8/site-packages:/home/zj/cx/learnros2/ros2_ws/install/learning_action/lib/python3.8/site-packages:/home/zj/cx/learnros2/ros2_ws/install/learning_gazebo/lib/python3.8/site-packages:/opt/ros/foxy/lib/python3.8/site-packages /usr/bin/python3 setup.py egg_info --egg-base ../../build/learning_topic build --build-base /home/zj/cx/learnros2/ros2_ws/build/learning_topic/build install --record /home/zj/cx/learnros2/ros2_ws/build/learning_topic/install.log --single-version-externally-managed
