[1.501s] Invoking command in '/home/zj/cx/learnros2/ros2_ws/src/learning_qos': PYTHONPATH=/home/zj/cx/learnros2/ros2_ws/build/learning_qos/prefix_override:/home/zj/cx/learnros2/ros2_ws/install/learning_qos/lib/python3.8/site-packages:${PYTHONPATH} /usr/bin/python3 setup.py egg_info --egg-base ../../build/learning_qos build --build-base /home/zj/cx/learnros2/ros2_ws/build/learning_qos/build install --record /home/zj/cx/learnros2/ros2_ws/build/learning_qos/install.log --single-version-externally-managed
[1.646s] running egg_info
[1.646s] writing ../../build/learning_qos/learning_qos.egg-info/PKG-INFO
[1.646s] writing dependency_links to ../../build/learning_qos/learning_qos.egg-info/dependency_links.txt
[1.646s] writing entry points to ../../build/learning_qos/learning_qos.egg-info/entry_points.txt
[1.646s] writing requirements to ../../build/learning_qos/learning_qos.egg-info/requires.txt
[1.646s] writing top-level names to ../../build/learning_qos/learning_qos.egg-info/top_level.txt
[1.646s] reading manifest file '../../build/learning_qos/learning_qos.egg-info/SOURCES.txt'
[1.646s] writing manifest file '../../build/learning_qos/learning_qos.egg-info/SOURCES.txt'
[1.647s] running build
[1.647s] running build_py
[1.647s] running install
[1.647s] running install_lib
[1.647s] running install_data
[1.647s] running install_egg_info
[1.647s] removing '/home/zj/cx/learnros2/ros2_ws/install/learning_qos/lib/python3.8/site-packages/learning_qos-0.0.0-py3.8.egg-info' (and everything under it)
[1.647s] Copying ../../build/learning_qos/learning_qos.egg-info to /home/zj/cx/learnros2/ros2_ws/install/learning_qos/lib/python3.8/site-packages/learning_qos-0.0.0-py3.8.egg-info
[1.647s] running install_scripts
[1.647s] Installing qos_helloworld_pub script to /home/zj/cx/learnros2/ros2_ws/install/learning_qos/lib/learning_qos
[1.647s] Installing qos_helloworld_sub script to /home/zj/cx/learnros2/ros2_ws/install/learning_qos/lib/learning_qos
[1.647s] writing list of installed files to '/home/zj/cx/learnros2/ros2_ws/build/learning_qos/install.log'
[1.689s] Invoked command in '/home/zj/cx/learnros2/ros2_ws/src/learning_qos' returned '0': PYTHONPATH=/home/zj/cx/learnros2/ros2_ws/build/learning_qos/prefix_override:/home/zj/cx/learnros2/ros2_ws/install/learning_qos/lib/python3.8/site-packages:${PYTHONPATH} /usr/bin/python3 setup.py egg_info --egg-base ../../build/learning_qos build --build-base /home/zj/cx/learnros2/ros2_ws/build/learning_qos/build install --record /home/zj/cx/learnros2/ros2_ws/build/learning_qos/install.log --single-version-externally-managed
