[1.864s] Invoking command in '/home/zj/cx/learnros2/ros2_ws/src/learning_parameter': PYTHONPATH=/home/zj/cx/learnros2/ros2_ws/build/learning_parameter/prefix_override:/home/zj/cx/learnros2/ros2_ws/install/learning_parameter/lib/python3.8/site-packages:${PYTHONPATH} /usr/bin/python3 setup.py egg_info --egg-base ../../build/learning_parameter build --build-base /home/zj/cx/learnros2/ros2_ws/build/learning_parameter/build install --record /home/zj/cx/learnros2/ros2_ws/build/learning_parameter/install.log --single-version-externally-managed
[1.992s] running egg_info
[1.992s] writing ../../build/learning_parameter/learning_parameter.egg-info/PKG-INFO
[1.992s] writing dependency_links to ../../build/learning_parameter/learning_parameter.egg-info/dependency_links.txt
[1.993s] writing entry points to ../../build/learning_parameter/learning_parameter.egg-info/entry_points.txt
[1.993s] writing requirements to ../../build/learning_parameter/learning_parameter.egg-info/requires.txt
[1.993s] writing top-level names to ../../build/learning_parameter/learning_parameter.egg-info/top_level.txt
[2.014s] reading manifest file '../../build/learning_parameter/learning_parameter.egg-info/SOURCES.txt'
[2.014s] writing manifest file '../../build/learning_parameter/learning_parameter.egg-info/SOURCES.txt'
[2.014s] running build
[2.014s] running build_py
[2.015s] running install
[2.015s] running install_lib
[2.017s] running install_data
[2.017s] running install_egg_info
[2.017s] removing '/home/zj/cx/learnros2/ros2_ws/install/learning_parameter/lib/python3.8/site-packages/learning_parameter-0.0.0-py3.8.egg-info' (and everything under it)
[2.018s] Copying ../../build/learning_parameter/learning_parameter.egg-info to /home/zj/cx/learnros2/ros2_ws/install/learning_parameter/lib/python3.8/site-packages/learning_parameter-0.0.0-py3.8.egg-info
[2.018s] running install_scripts
[2.029s] Installing param_declare script to /home/zj/cx/learnros2/ros2_ws/install/learning_parameter/lib/learning_parameter
[2.029s] Installing param_object_detect script to /home/zj/cx/learnros2/ros2_ws/install/learning_parameter/lib/learning_parameter
[2.029s] writing list of installed files to '/home/zj/cx/learnros2/ros2_ws/build/learning_parameter/install.log'
[2.048s] Invoked command in '/home/zj/cx/learnros2/ros2_ws/src/learning_parameter' returned '0': PYTHONPATH=/home/zj/cx/learnros2/ros2_ws/build/learning_parameter/prefix_override:/home/zj/cx/learnros2/ros2_ws/install/learning_parameter/lib/python3.8/site-packages:${PYTHONPATH} /usr/bin/python3 setup.py egg_info --egg-base ../../build/learning_parameter build --build-base /home/zj/cx/learnros2/ros2_ws/build/learning_parameter/build install --record /home/zj/cx/learnros2/ros2_ws/build/learning_parameter/install.log --single-version-externally-managed
