[0.260s] DEBUG:colcon:Command line arguments: ['/usr/bin/colcon', 'build', '--packages-select', 'tutorial_interfaces']
[0.260s] DEBUG:colcon:Parsed command line arguments: Namespace(allow_overriding=[], ament_cmake_args=None, base_paths=['.'], build_base='build', catkin_cmake_args=None, catkin_skip_building_tests=False, cmake_args=None, cmake_clean_cache=False, cmake_clean_first=False, cmake_force_configure=False, cmake_target=None, cmake_target_skip_unavailable=False, continue_on_error=False, event_handlers=None, executor='parallel', ignore_user_meta=False, install_base='install', log_base=None, log_level=None, main=<bound method BuildVerb.main of <colcon_core.verb.build.BuildVerb object at 0x7fd34a3f7820>>, merge_install=False, metas=['./colcon.meta'], packages_above=None, packages_above_and_dependencies=None, packages_above_depth=None, packages_end=None, packages_ignore=None, packages_ignore_regex=None, packages_select=['tutorial_interfaces'], packages_select_build_failed=False, packages_select_by_dep=None, packages_select_regex=None, packages_select_test_failures=False, packages_skip=None, packages_skip_build_finished=False, packages_skip_by_dep=None, packages_skip_regex=None, packages_skip_test_passed=False, packages_skip_up_to=None, packages_start=None, packages_up_to=None, packages_up_to_regex=None, parallel_workers=20, paths=None, symlink_install=False, test_result_base=None, verb_extension=<colcon_core.verb.build.BuildVerb object at 0x7fd34a3f7820>, verb_name='build', verb_parser=<colcon_defaults.argument_parser.defaults.DefaultArgumentsDecorator object at 0x7fd34a3f7d90>)
[0.277s] Level 1:colcon.colcon_core.package_discovery:discover_packages(colcon_meta) check parameters
[0.277s] Level 1:colcon.colcon_core.package_discovery:discover_packages(recursive) check parameters
[0.277s] Level 1:colcon.colcon_core.package_discovery:discover_packages(ignore) check parameters
[0.278s] Level 1:colcon.colcon_core.package_discovery:discover_packages(path) check parameters
[0.278s] Level 1:colcon.colcon_core.package_discovery:discover_packages(colcon_meta) discover
[0.278s] Level 1:colcon.colcon_core.package_discovery:discover_packages(recursive) discover
[0.278s] INFO:colcon.colcon_core.package_discovery:Crawling recursively for packages in '/home/zj/cx/LearnRos2/ros2_ws'
[0.278s] Level 1:colcon.colcon_core.package_identification:_identify(.) by extensions ['ignore', 'ignore_ament_install']
[0.278s] Level 1:colcon.colcon_core.package_identification:_identify(.) by extension 'ignore'
[0.278s] Level 1:colcon.colcon_core.package_identification:_identify(.) by extension 'ignore_ament_install'
[0.278s] Level 1:colcon.colcon_core.package_identification:_identify(.) by extensions ['colcon_pkg']
[0.278s] Level 1:colcon.colcon_core.package_identification:_identify(.) by extension 'colcon_pkg'
[0.278s] Level 1:colcon.colcon_core.package_identification:_identify(.) by extensions ['colcon_meta']
[0.278s] Level 1:colcon.colcon_core.package_identification:_identify(.) by extension 'colcon_meta'
[0.278s] Level 1:colcon.colcon_core.package_identification:_identify(.) by extensions ['ros']
[0.278s] Level 1:colcon.colcon_core.package_identification:_identify(.) by extension 'ros'
[0.291s] Level 1:colcon.colcon_core.package_identification:_identify(.) by extensions ['cmake', 'python']
[0.292s] Level 1:colcon.colcon_core.package_identification:_identify(.) by extension 'cmake'
[0.292s] Level 1:colcon.colcon_core.package_identification:_identify(.) by extension 'python'
[0.292s] Level 1:colcon.colcon_core.package_identification:_identify(.) by extensions ['python_setup_py']
[0.292s] Level 1:colcon.colcon_core.package_identification:_identify(.) by extension 'python_setup_py'
[0.292s] Level 1:colcon.colcon_core.package_identification:_identify(build) by extensions ['ignore', 'ignore_ament_install']
[0.292s] Level 1:colcon.colcon_core.package_identification:_identify(build) by extension 'ignore'
[0.292s] Level 1:colcon.colcon_core.package_identification:_identify(build) ignored
[0.292s] Level 1:colcon.colcon_core.package_identification:_identify(install) by extensions ['ignore', 'ignore_ament_install']
[0.292s] Level 1:colcon.colcon_core.package_identification:_identify(install) by extension 'ignore'
[0.292s] Level 1:colcon.colcon_core.package_identification:_identify(install) ignored
[0.292s] Level 1:colcon.colcon_core.package_identification:_identify(log) by extensions ['ignore', 'ignore_ament_install']
[0.292s] Level 1:colcon.colcon_core.package_identification:_identify(log) by extension 'ignore'
[0.292s] Level 1:colcon.colcon_core.package_identification:_identify(log) ignored
[0.292s] Level 1:colcon.colcon_core.package_identification:_identify(src) by extensions ['ignore', 'ignore_ament_install']
[0.292s] Level 1:colcon.colcon_core.package_identification:_identify(src) by extension 'ignore'
[0.292s] Level 1:colcon.colcon_core.package_identification:_identify(src) by extension 'ignore_ament_install'
[0.292s] Level 1:colcon.colcon_core.package_identification:_identify(src) by extensions ['colcon_pkg']
[0.292s] Level 1:colcon.colcon_core.package_identification:_identify(src) by extension 'colcon_pkg'
[0.292s] Level 1:colcon.colcon_core.package_identification:_identify(src) by extensions ['colcon_meta']
[0.292s] Level 1:colcon.colcon_core.package_identification:_identify(src) by extension 'colcon_meta'
[0.292s] Level 1:colcon.colcon_core.package_identification:_identify(src) by extensions ['ros']
[0.292s] Level 1:colcon.colcon_core.package_identification:_identify(src) by extension 'ros'
[0.292s] Level 1:colcon.colcon_core.package_identification:_identify(src) by extensions ['cmake', 'python']
[0.292s] Level 1:colcon.colcon_core.package_identification:_identify(src) by extension 'cmake'
[0.293s] Level 1:colcon.colcon_core.package_identification:_identify(src) by extension 'python'
[0.293s] Level 1:colcon.colcon_core.package_identification:_identify(src) by extensions ['python_setup_py']
[0.293s] Level 1:colcon.colcon_core.package_identification:_identify(src) by extension 'python_setup_py'
[0.293s] Level 1:colcon.colcon_core.package_identification:_identify(src/build) by extensions ['ignore', 'ignore_ament_install']
[0.293s] Level 1:colcon.colcon_core.package_identification:_identify(src/build) by extension 'ignore'
[0.293s] Level 1:colcon.colcon_core.package_identification:_identify(src/build) ignored
[0.293s] Level 1:colcon.colcon_core.package_identification:_identify(src/install) by extensions ['ignore', 'ignore_ament_install']
[0.293s] Level 1:colcon.colcon_core.package_identification:_identify(src/install) by extension 'ignore'
[0.293s] Level 1:colcon.colcon_core.package_identification:_identify(src/install) ignored
[0.293s] Level 1:colcon.colcon_core.package_identification:_identify(src/log) by extensions ['ignore', 'ignore_ament_install']
[0.293s] Level 1:colcon.colcon_core.package_identification:_identify(src/log) by extension 'ignore'
[0.293s] Level 1:colcon.colcon_core.package_identification:_identify(src/log) ignored
[0.293s] Level 1:colcon.colcon_core.package_identification:_identify(src/my_package) by extensions ['ignore', 'ignore_ament_install']
[0.293s] Level 1:colcon.colcon_core.package_identification:_identify(src/my_package) by extension 'ignore'
[0.293s] Level 1:colcon.colcon_core.package_identification:_identify(src/my_package) by extension 'ignore_ament_install'
[0.293s] Level 1:colcon.colcon_core.package_identification:_identify(src/my_package) by extensions ['colcon_pkg']
[0.293s] Level 1:colcon.colcon_core.package_identification:_identify(src/my_package) by extension 'colcon_pkg'
[0.293s] Level 1:colcon.colcon_core.package_identification:_identify(src/my_package) by extensions ['colcon_meta']
[0.293s] Level 1:colcon.colcon_core.package_identification:_identify(src/my_package) by extension 'colcon_meta'
[0.293s] Level 1:colcon.colcon_core.package_identification:_identify(src/my_package) by extensions ['ros']
[0.293s] Level 1:colcon.colcon_core.package_identification:_identify(src/my_package) by extension 'ros'
[0.295s] DEBUG:colcon.colcon_core.package_identification:Package 'src/my_package' with type 'ros.ament_python' and name 'my_package'
[0.295s] Level 1:colcon.colcon_core.package_identification:_identify(src/py_pubsub) by extensions ['ignore', 'ignore_ament_install']
[0.295s] Level 1:colcon.colcon_core.package_identification:_identify(src/py_pubsub) by extension 'ignore'
[0.295s] Level 1:colcon.colcon_core.package_identification:_identify(src/py_pubsub) by extension 'ignore_ament_install'
[0.295s] Level 1:colcon.colcon_core.package_identification:_identify(src/py_pubsub) by extensions ['colcon_pkg']
[0.295s] Level 1:colcon.colcon_core.package_identification:_identify(src/py_pubsub) by extension 'colcon_pkg'
[0.295s] Level 1:colcon.colcon_core.package_identification:_identify(src/py_pubsub) by extensions ['colcon_meta']
[0.295s] Level 1:colcon.colcon_core.package_identification:_identify(src/py_pubsub) by extension 'colcon_meta'
[0.295s] Level 1:colcon.colcon_core.package_identification:_identify(src/py_pubsub) by extensions ['ros']
[0.295s] Level 1:colcon.colcon_core.package_identification:_identify(src/py_pubsub) by extension 'ros'
[0.296s] DEBUG:colcon.colcon_core.package_identification:Package 'src/py_pubsub' with type 'ros.ament_python' and name 'py_pubsub'
[0.296s] Level 1:colcon.colcon_core.package_identification:_identify(src/py_srvcli) by extensions ['ignore', 'ignore_ament_install']
[0.296s] Level 1:colcon.colcon_core.package_identification:_identify(src/py_srvcli) by extension 'ignore'
[0.296s] Level 1:colcon.colcon_core.package_identification:_identify(src/py_srvcli) by extension 'ignore_ament_install'
[0.296s] Level 1:colcon.colcon_core.package_identification:_identify(src/py_srvcli) by extensions ['colcon_pkg']
[0.296s] Level 1:colcon.colcon_core.package_identification:_identify(src/py_srvcli) by extension 'colcon_pkg'
[0.296s] Level 1:colcon.colcon_core.package_identification:_identify(src/py_srvcli) by extensions ['colcon_meta']
[0.296s] Level 1:colcon.colcon_core.package_identification:_identify(src/py_srvcli) by extension 'colcon_meta'
[0.296s] Level 1:colcon.colcon_core.package_identification:_identify(src/py_srvcli) by extensions ['ros']
[0.296s] Level 1:colcon.colcon_core.package_identification:_identify(src/py_srvcli) by extension 'ros'
[0.296s] DEBUG:colcon.colcon_core.package_identification:Package 'src/py_srvcli' with type 'ros.ament_python' and name 'py_srvcli'
[0.296s] Level 1:colcon.colcon_core.package_identification:_identify(src/ros_tutorials) by extensions ['ignore', 'ignore_ament_install']
[0.297s] Level 1:colcon.colcon_core.package_identification:_identify(src/ros_tutorials) by extension 'ignore'
[0.297s] Level 1:colcon.colcon_core.package_identification:_identify(src/ros_tutorials) by extension 'ignore_ament_install'
[0.297s] Level 1:colcon.colcon_core.package_identification:_identify(src/ros_tutorials) by extensions ['colcon_pkg']
[0.297s] Level 1:colcon.colcon_core.package_identification:_identify(src/ros_tutorials) by extension 'colcon_pkg'
[0.297s] Level 1:colcon.colcon_core.package_identification:_identify(src/ros_tutorials) by extensions ['colcon_meta']
[0.297s] Level 1:colcon.colcon_core.package_identification:_identify(src/ros_tutorials) by extension 'colcon_meta'
[0.297s] Level 1:colcon.colcon_core.package_identification:_identify(src/ros_tutorials) by extensions ['ros']
[0.297s] Level 1:colcon.colcon_core.package_identification:_identify(src/ros_tutorials) by extension 'ros'
[0.297s] Level 1:colcon.colcon_core.package_identification:_identify(src/ros_tutorials) by extensions ['cmake', 'python']
[0.297s] Level 1:colcon.colcon_core.package_identification:_identify(src/ros_tutorials) by extension 'cmake'
[0.297s] Level 1:colcon.colcon_core.package_identification:_identify(src/ros_tutorials) by extension 'python'
[0.297s] Level 1:colcon.colcon_core.package_identification:_identify(src/ros_tutorials) by extensions ['python_setup_py']
[0.297s] Level 1:colcon.colcon_core.package_identification:_identify(src/ros_tutorials) by extension 'python_setup_py'
[0.297s] Level 1:colcon.colcon_core.package_identification:_identify(src/ros_tutorials/ros_tutorials) by extensions ['ignore', 'ignore_ament_install']
[0.297s] Level 1:colcon.colcon_core.package_identification:_identify(src/ros_tutorials/ros_tutorials) by extension 'ignore'
[0.297s] Level 1:colcon.colcon_core.package_identification:_identify(src/ros_tutorials/ros_tutorials) ignored
[0.297s] Level 1:colcon.colcon_core.package_identification:_identify(src/ros_tutorials/roscpp_tutorials) by extensions ['ignore', 'ignore_ament_install']
[0.297s] Level 1:colcon.colcon_core.package_identification:_identify(src/ros_tutorials/roscpp_tutorials) by extension 'ignore'
[0.297s] Level 1:colcon.colcon_core.package_identification:_identify(src/ros_tutorials/roscpp_tutorials) ignored
[0.297s] Level 1:colcon.colcon_core.package_identification:_identify(src/ros_tutorials/rospy_tutorials) by extensions ['ignore', 'ignore_ament_install']
[0.297s] Level 1:colcon.colcon_core.package_identification:_identify(src/ros_tutorials/rospy_tutorials) by extension 'ignore'
[0.297s] Level 1:colcon.colcon_core.package_identification:_identify(src/ros_tutorials/rospy_tutorials) ignored
[0.297s] Level 1:colcon.colcon_core.package_identification:_identify(src/ros_tutorials/turtlesim) by extensions ['ignore', 'ignore_ament_install']
[0.298s] Level 1:colcon.colcon_core.package_identification:_identify(src/ros_tutorials/turtlesim) by extension 'ignore'
[0.298s] Level 1:colcon.colcon_core.package_identification:_identify(src/ros_tutorials/turtlesim) by extension 'ignore_ament_install'
[0.298s] Level 1:colcon.colcon_core.package_identification:_identify(src/ros_tutorials/turtlesim) by extensions ['colcon_pkg']
[0.298s] Level 1:colcon.colcon_core.package_identification:_identify(src/ros_tutorials/turtlesim) by extension 'colcon_pkg'
[0.298s] Level 1:colcon.colcon_core.package_identification:_identify(src/ros_tutorials/turtlesim) by extensions ['colcon_meta']
[0.298s] Level 1:colcon.colcon_core.package_identification:_identify(src/ros_tutorials/turtlesim) by extension 'colcon_meta'
[0.298s] Level 1:colcon.colcon_core.package_identification:_identify(src/ros_tutorials/turtlesim) by extensions ['ros']
[0.298s] Level 1:colcon.colcon_core.package_identification:_identify(src/ros_tutorials/turtlesim) by extension 'ros'
[0.299s] DEBUG:colcon.colcon_core.package_identification:Package 'src/ros_tutorials/turtlesim' with type 'ros.ament_cmake' and name 'turtlesim'
[0.299s] Level 1:colcon.colcon_core.package_identification:_identify(src/tutorial_interfaces) by extensions ['ignore', 'ignore_ament_install']
[0.299s] Level 1:colcon.colcon_core.package_identification:_identify(src/tutorial_interfaces) by extension 'ignore'
[0.299s] Level 1:colcon.colcon_core.package_identification:_identify(src/tutorial_interfaces) by extension 'ignore_ament_install'
[0.299s] Level 1:colcon.colcon_core.package_identification:_identify(src/tutorial_interfaces) by extensions ['colcon_pkg']
[0.299s] Level 1:colcon.colcon_core.package_identification:_identify(src/tutorial_interfaces) by extension 'colcon_pkg'
[0.299s] Level 1:colcon.colcon_core.package_identification:_identify(src/tutorial_interfaces) by extensions ['colcon_meta']
[0.299s] Level 1:colcon.colcon_core.package_identification:_identify(src/tutorial_interfaces) by extension 'colcon_meta'
[0.299s] Level 1:colcon.colcon_core.package_identification:_identify(src/tutorial_interfaces) by extensions ['ros']
[0.299s] Level 1:colcon.colcon_core.package_identification:_identify(src/tutorial_interfaces) by extension 'ros'
[0.299s] DEBUG:colcon.colcon_core.package_identification:Package 'src/tutorial_interfaces' with type 'ros.ament_cmake' and name 'tutorial_interfaces'
[0.299s] Level 1:colcon.colcon_core.package_discovery:discover_packages(recursive) using defaults
[0.299s] Level 1:colcon.colcon_core.package_discovery:discover_packages(ignore) discover
[0.299s] Level 1:colcon.colcon_core.package_discovery:discover_packages(ignore) using defaults
[0.300s] Level 1:colcon.colcon_core.package_discovery:discover_packages(path) discover
[0.300s] Level 1:colcon.colcon_core.package_discovery:discover_packages(path) using defaults
[0.314s] INFO:colcon.colcon_core.package_selection:Skipping not selected package 'my_package' in 'src/my_package'
[0.314s] INFO:colcon.colcon_core.package_selection:Skipping not selected package 'py_pubsub' in 'src/py_pubsub'
[0.314s] INFO:colcon.colcon_core.package_selection:Skipping not selected package 'py_srvcli' in 'src/py_srvcli'
[0.314s] INFO:colcon.colcon_core.package_selection:Skipping not selected package 'turtlesim' in 'src/ros_tutorials/turtlesim'
[0.314s] Level 1:colcon.colcon_core.package_discovery:discover_packages(prefix_path) check parameters
[0.314s] Level 1:colcon.colcon_core.package_discovery:discover_packages(prefix_path) discover
[0.316s] DEBUG:colcon.colcon_installed_package_information.package_discovery:Found 5 installed packages in /home/zj/cx/LearnRos2/ros2_ws/install
[0.317s] DEBUG:colcon.colcon_installed_package_information.package_discovery:Found 280 installed packages in /opt/ros/rolling
[0.319s] Level 1:colcon.colcon_core.package_discovery:discover_packages(prefix_path) using defaults
[0.377s] Level 5:colcon.colcon_core.verb:set package 'tutorial_interfaces' build argument 'cmake_args' from command line to 'None'
[0.377s] Level 5:colcon.colcon_core.verb:set package 'tutorial_interfaces' build argument 'cmake_target' from command line to 'None'
[0.377s] Level 5:colcon.colcon_core.verb:set package 'tutorial_interfaces' build argument 'cmake_target_skip_unavailable' from command line to 'False'
[0.377s] Level 5:colcon.colcon_core.verb:set package 'tutorial_interfaces' build argument 'cmake_clean_cache' from command line to 'False'
[0.377s] Level 5:colcon.colcon_core.verb:set package 'tutorial_interfaces' build argument 'cmake_clean_first' from command line to 'False'
[0.377s] Level 5:colcon.colcon_core.verb:set package 'tutorial_interfaces' build argument 'cmake_force_configure' from command line to 'False'
[0.377s] Level 5:colcon.colcon_core.verb:set package 'tutorial_interfaces' build argument 'ament_cmake_args' from command line to 'None'
[0.377s] Level 5:colcon.colcon_core.verb:set package 'tutorial_interfaces' build argument 'catkin_cmake_args' from command line to 'None'
[0.377s] Level 5:colcon.colcon_core.verb:set package 'tutorial_interfaces' build argument 'catkin_skip_building_tests' from command line to 'False'
[0.377s] DEBUG:colcon.colcon_core.verb:Building package 'tutorial_interfaces' with the following arguments: {'ament_cmake_args': None, 'build_base': '/home/zj/cx/LearnRos2/ros2_ws/build/tutorial_interfaces', 'catkin_cmake_args': None, 'catkin_skip_building_tests': False, 'cmake_args': None, 'cmake_clean_cache': False, 'cmake_clean_first': False, 'cmake_force_configure': False, 'cmake_target': None, 'cmake_target_skip_unavailable': False, 'install_base': '/home/zj/cx/LearnRos2/ros2_ws/install/tutorial_interfaces', 'merge_install': False, 'path': '/home/zj/cx/LearnRos2/ros2_ws/src/tutorial_interfaces', 'symlink_install': False, 'test_result_base': None}
[0.377s] INFO:colcon.colcon_core.executor:Executing jobs using 'parallel' executor
[0.380s] DEBUG:colcon.colcon_parallel_executor.executor.parallel:run_until_complete
[0.380s] INFO:colcon.colcon_ros.task.ament_cmake.build:Building ROS package in '/home/zj/cx/LearnRos2/ros2_ws/src/tutorial_interfaces' with build type 'ament_cmake'
[0.381s] INFO:colcon.colcon_cmake.task.cmake.build:Building CMake package in '/home/zj/cx/LearnRos2/ros2_ws/src/tutorial_interfaces'
[0.384s] INFO:colcon.colcon_core.plugin_system:Skipping extension 'colcon_core.shell.bat': Not used on non-Windows systems
[0.384s] INFO:colcon.colcon_core.shell:Skip shell extension 'powershell' for command environment: Not usable outside of PowerShell
[0.384s] DEBUG:colcon.colcon_core.shell:Skip shell extension 'dsv' for command environment
[0.396s] DEBUG:colcon.colcon_core.event_handler.log_command:Invoking command in '/home/zj/cx/LearnRos2/ros2_ws/build/tutorial_interfaces': CMAKE_PREFIX_PATH=${CMAKE_PREFIX_PATH}:/home/zj/cx/LearnRos2/ros2_ws/install/tutorial_interfaces:/home/zj/cx/LearnRos2/ros2_ws/install/py_srvcli:/home/zj/cx/LearnRos2/ros2_ws/install/py_pubsub:/home/zj/cx/LearnRos2/ros2_ws/install/my_package:/opt/ros/rolling /usr/bin/cmake /home/zj/cx/LearnRos2/ros2_ws/src/tutorial_interfaces -DCMAKE_INSTALL_PREFIX=/home/zj/cx/LearnRos2/ros2_ws/install/tutorial_interfaces
[3.662s] DEBUG:colcon.colcon_core.event_handler.log_command:Invoked command in '/home/zj/cx/LearnRos2/ros2_ws/build/tutorial_interfaces' returned '0': CMAKE_PREFIX_PATH=${CMAKE_PREFIX_PATH}:/home/zj/cx/LearnRos2/ros2_ws/install/tutorial_interfaces:/home/zj/cx/LearnRos2/ros2_ws/install/py_srvcli:/home/zj/cx/LearnRos2/ros2_ws/install/py_pubsub:/home/zj/cx/LearnRos2/ros2_ws/install/my_package:/opt/ros/rolling /usr/bin/cmake /home/zj/cx/LearnRos2/ros2_ws/src/tutorial_interfaces -DCMAKE_INSTALL_PREFIX=/home/zj/cx/LearnRos2/ros2_ws/install/tutorial_interfaces
[3.667s] DEBUG:colcon.colcon_core.event_handler.log_command:Invoking command in '/home/zj/cx/LearnRos2/ros2_ws/build/tutorial_interfaces': CMAKE_PREFIX_PATH=${CMAKE_PREFIX_PATH}:/home/zj/cx/LearnRos2/ros2_ws/install/tutorial_interfaces:/home/zj/cx/LearnRos2/ros2_ws/install/py_srvcli:/home/zj/cx/LearnRos2/ros2_ws/install/py_pubsub:/home/zj/cx/LearnRos2/ros2_ws/install/my_package:/opt/ros/rolling /usr/bin/cmake --build /home/zj/cx/LearnRos2/ros2_ws/build/tutorial_interfaces -- -j20 -l20
[6.539s] DEBUG:colcon.colcon_core.event_handler.log_command:Invoked command in '/home/zj/cx/LearnRos2/ros2_ws/build/tutorial_interfaces' returned '0': CMAKE_PREFIX_PATH=${CMAKE_PREFIX_PATH}:/home/zj/cx/LearnRos2/ros2_ws/install/tutorial_interfaces:/home/zj/cx/LearnRos2/ros2_ws/install/py_srvcli:/home/zj/cx/LearnRos2/ros2_ws/install/py_pubsub:/home/zj/cx/LearnRos2/ros2_ws/install/my_package:/opt/ros/rolling /usr/bin/cmake --build /home/zj/cx/LearnRos2/ros2_ws/build/tutorial_interfaces -- -j20 -l20
[6.756s] DEBUG:colcon.colcon_core.event_handler.log_command:Invoking command in '/home/zj/cx/LearnRos2/ros2_ws/build/tutorial_interfaces': CMAKE_PREFIX_PATH=${CMAKE_PREFIX_PATH}:/home/zj/cx/LearnRos2/ros2_ws/install/tutorial_interfaces:/home/zj/cx/LearnRos2/ros2_ws/install/py_srvcli:/home/zj/cx/LearnRos2/ros2_ws/install/py_pubsub:/home/zj/cx/LearnRos2/ros2_ws/install/my_package:/opt/ros/rolling /usr/bin/cmake --install /home/zj/cx/LearnRos2/ros2_ws/build/tutorial_interfaces
[6.831s] Level 1:colcon.colcon_core.environment:create_environment_scripts_only(tutorial_interfaces)
[6.832s] DEBUG:colcon.colcon_core.event_handler.log_command:Invoked command in '/home/zj/cx/LearnRos2/ros2_ws/build/tutorial_interfaces' returned '0': CMAKE_PREFIX_PATH=${CMAKE_PREFIX_PATH}:/home/zj/cx/LearnRos2/ros2_ws/install/tutorial_interfaces:/home/zj/cx/LearnRos2/ros2_ws/install/py_srvcli:/home/zj/cx/LearnRos2/ros2_ws/install/py_pubsub:/home/zj/cx/LearnRos2/ros2_ws/install/my_package:/opt/ros/rolling /usr/bin/cmake --install /home/zj/cx/LearnRos2/ros2_ws/build/tutorial_interfaces
[6.839s] Level 1:colcon.colcon_core.environment:checking '/home/zj/cx/LearnRos2/ros2_ws/install/tutorial_interfaces' for CMake module files
[6.839s] Level 1:colcon.colcon_core.environment:checking '/home/zj/cx/LearnRos2/ros2_ws/install/tutorial_interfaces' for CMake config files
[6.840s] Level 1:colcon.colcon_core.shell:create_environment_hook('tutorial_interfaces', 'cmake_prefix_path')
[6.842s] INFO:colcon.colcon_core.shell:Creating environment hook '/home/zj/cx/LearnRos2/ros2_ws/install/tutorial_interfaces/share/tutorial_interfaces/hook/cmake_prefix_path.ps1'
[6.844s] INFO:colcon.colcon_core.shell:Creating environment descriptor '/home/zj/cx/LearnRos2/ros2_ws/install/tutorial_interfaces/share/tutorial_interfaces/hook/cmake_prefix_path.dsv'
[6.844s] INFO:colcon.colcon_core.shell:Creating environment hook '/home/zj/cx/LearnRos2/ros2_ws/install/tutorial_interfaces/share/tutorial_interfaces/hook/cmake_prefix_path.sh'
[6.845s] Level 1:colcon.colcon_core.environment:checking '/home/zj/cx/LearnRos2/ros2_ws/install/tutorial_interfaces/lib'
[6.845s] Level 1:colcon.colcon_core.shell:create_environment_hook('tutorial_interfaces', 'ld_library_path_lib')
[6.847s] INFO:colcon.colcon_core.shell:Creating environment hook '/home/zj/cx/LearnRos2/ros2_ws/install/tutorial_interfaces/share/tutorial_interfaces/hook/ld_library_path_lib.ps1'
[6.847s] INFO:colcon.colcon_core.shell:Creating environment descriptor '/home/zj/cx/LearnRos2/ros2_ws/install/tutorial_interfaces/share/tutorial_interfaces/hook/ld_library_path_lib.dsv'
[6.847s] INFO:colcon.colcon_core.shell:Creating environment hook '/home/zj/cx/LearnRos2/ros2_ws/install/tutorial_interfaces/share/tutorial_interfaces/hook/ld_library_path_lib.sh'
[6.848s] Level 1:colcon.colcon_core.environment:checking '/home/zj/cx/LearnRos2/ros2_ws/install/tutorial_interfaces/bin'
[6.848s] Level 1:colcon.colcon_core.environment:checking '/home/zj/cx/LearnRos2/ros2_ws/install/tutorial_interfaces/lib/pkgconfig/tutorial_interfaces.pc'
[6.848s] Level 1:colcon.colcon_core.environment:checking '/home/zj/cx/LearnRos2/ros2_ws/install/tutorial_interfaces/lib/python3.8/site-packages'
[6.848s] Level 1:colcon.colcon_core.shell:create_environment_hook('tutorial_interfaces', 'pythonpath')
[6.849s] INFO:colcon.colcon_core.shell:Creating environment hook '/home/zj/cx/LearnRos2/ros2_ws/install/tutorial_interfaces/share/tutorial_interfaces/hook/pythonpath.ps1'
[6.849s] INFO:colcon.colcon_core.shell:Creating environment descriptor '/home/zj/cx/LearnRos2/ros2_ws/install/tutorial_interfaces/share/tutorial_interfaces/hook/pythonpath.dsv'
[6.850s] INFO:colcon.colcon_core.shell:Creating environment hook '/home/zj/cx/LearnRos2/ros2_ws/install/tutorial_interfaces/share/tutorial_interfaces/hook/pythonpath.sh'
[6.850s] Level 1:colcon.colcon_core.environment:checking '/home/zj/cx/LearnRos2/ros2_ws/install/tutorial_interfaces/bin'
[6.851s] INFO:colcon.colcon_core.shell:Creating package script '/home/zj/cx/LearnRos2/ros2_ws/install/tutorial_interfaces/share/tutorial_interfaces/package.ps1'
[6.852s] INFO:colcon.colcon_core.shell:Creating package descriptor '/home/zj/cx/LearnRos2/ros2_ws/install/tutorial_interfaces/share/tutorial_interfaces/package.dsv'
[6.852s] INFO:colcon.colcon_core.shell:Creating package script '/home/zj/cx/LearnRos2/ros2_ws/install/tutorial_interfaces/share/tutorial_interfaces/package.sh'
[6.853s] INFO:colcon.colcon_core.shell:Creating package script '/home/zj/cx/LearnRos2/ros2_ws/install/tutorial_interfaces/share/tutorial_interfaces/package.bash'
[6.853s] INFO:colcon.colcon_core.shell:Creating package script '/home/zj/cx/LearnRos2/ros2_ws/install/tutorial_interfaces/share/tutorial_interfaces/package.zsh'
[6.854s] Level 1:colcon.colcon_core.environment:create_file_with_runtime_dependencies(/home/zj/cx/LearnRos2/ros2_ws/install/tutorial_interfaces/share/colcon-core/packages/tutorial_interfaces)
[7.047s] Level 1:colcon.colcon_core.environment:create_environment_scripts_only(tutorial_interfaces)
[7.052s] Level 1:colcon.colcon_core.environment:checking '/home/zj/cx/LearnRos2/ros2_ws/install/tutorial_interfaces' for CMake module files
[7.054s] Level 1:colcon.colcon_core.environment:checking '/home/zj/cx/LearnRos2/ros2_ws/install/tutorial_interfaces' for CMake config files
[7.055s] Level 1:colcon.colcon_core.shell:create_environment_hook('tutorial_interfaces', 'cmake_prefix_path')
[7.058s] INFO:colcon.colcon_core.shell:Creating environment hook '/home/zj/cx/LearnRos2/ros2_ws/install/tutorial_interfaces/share/tutorial_interfaces/hook/cmake_prefix_path.ps1'
[7.060s] INFO:colcon.colcon_core.shell:Creating environment descriptor '/home/zj/cx/LearnRos2/ros2_ws/install/tutorial_interfaces/share/tutorial_interfaces/hook/cmake_prefix_path.dsv'
[7.060s] INFO:colcon.colcon_core.shell:Creating environment hook '/home/zj/cx/LearnRos2/ros2_ws/install/tutorial_interfaces/share/tutorial_interfaces/hook/cmake_prefix_path.sh'
[7.061s] Level 1:colcon.colcon_core.environment:checking '/home/zj/cx/LearnRos2/ros2_ws/install/tutorial_interfaces/lib'
[7.061s] Level 1:colcon.colcon_core.shell:create_environment_hook('tutorial_interfaces', 'ld_library_path_lib')
[7.063s] INFO:colcon.colcon_core.shell:Creating environment hook '/home/zj/cx/LearnRos2/ros2_ws/install/tutorial_interfaces/share/tutorial_interfaces/hook/ld_library_path_lib.ps1'
[7.064s] INFO:colcon.colcon_core.shell:Creating environment descriptor '/home/zj/cx/LearnRos2/ros2_ws/install/tutorial_interfaces/share/tutorial_interfaces/hook/ld_library_path_lib.dsv'
[7.065s] INFO:colcon.colcon_core.shell:Creating environment hook '/home/zj/cx/LearnRos2/ros2_ws/install/tutorial_interfaces/share/tutorial_interfaces/hook/ld_library_path_lib.sh'
[7.065s] Level 1:colcon.colcon_core.environment:checking '/home/zj/cx/LearnRos2/ros2_ws/install/tutorial_interfaces/bin'
[7.065s] Level 1:colcon.colcon_core.environment:checking '/home/zj/cx/LearnRos2/ros2_ws/install/tutorial_interfaces/lib/pkgconfig/tutorial_interfaces.pc'
[7.066s] Level 1:colcon.colcon_core.environment:checking '/home/zj/cx/LearnRos2/ros2_ws/install/tutorial_interfaces/lib/python3.8/site-packages'
[7.066s] Level 1:colcon.colcon_core.shell:create_environment_hook('tutorial_interfaces', 'pythonpath')
[7.068s] INFO:colcon.colcon_core.shell:Creating environment hook '/home/zj/cx/LearnRos2/ros2_ws/install/tutorial_interfaces/share/tutorial_interfaces/hook/pythonpath.ps1'
[7.068s] INFO:colcon.colcon_core.shell:Creating environment descriptor '/home/zj/cx/LearnRos2/ros2_ws/install/tutorial_interfaces/share/tutorial_interfaces/hook/pythonpath.dsv'
[7.069s] INFO:colcon.colcon_core.shell:Creating environment hook '/home/zj/cx/LearnRos2/ros2_ws/install/tutorial_interfaces/share/tutorial_interfaces/hook/pythonpath.sh'
[7.070s] Level 1:colcon.colcon_core.environment:checking '/home/zj/cx/LearnRos2/ros2_ws/install/tutorial_interfaces/bin'
[7.072s] INFO:colcon.colcon_core.shell:Creating package script '/home/zj/cx/LearnRos2/ros2_ws/install/tutorial_interfaces/share/tutorial_interfaces/package.ps1'
[7.072s] INFO:colcon.colcon_core.shell:Creating package descriptor '/home/zj/cx/LearnRos2/ros2_ws/install/tutorial_interfaces/share/tutorial_interfaces/package.dsv'
[7.073s] INFO:colcon.colcon_core.shell:Creating package script '/home/zj/cx/LearnRos2/ros2_ws/install/tutorial_interfaces/share/tutorial_interfaces/package.sh'
[7.073s] INFO:colcon.colcon_core.shell:Creating package script '/home/zj/cx/LearnRos2/ros2_ws/install/tutorial_interfaces/share/tutorial_interfaces/package.bash'
[7.074s] INFO:colcon.colcon_core.shell:Creating package script '/home/zj/cx/LearnRos2/ros2_ws/install/tutorial_interfaces/share/tutorial_interfaces/package.zsh'
[7.074s] Level 1:colcon.colcon_core.environment:create_file_with_runtime_dependencies(/home/zj/cx/LearnRos2/ros2_ws/install/tutorial_interfaces/share/colcon-core/packages/tutorial_interfaces)
[7.075s] DEBUG:colcon.colcon_parallel_executor.executor.parallel:closing loop
[7.075s] DEBUG:colcon.colcon_parallel_executor.executor.parallel:loop closed
[7.076s] DEBUG:colcon.colcon_parallel_executor.executor.parallel:run_until_complete finished with '0'
[7.076s] DEBUG:colcon.colcon_core.event_reactor:joining thread
[7.083s] INFO:colcon.colcon_core.plugin_system:Skipping extension 'colcon_notification.desktop_notification.terminal_notifier': Not used on non-Darwin systems
[7.083s] INFO:colcon.colcon_core.plugin_system:Skipping extension 'colcon_notification.desktop_notification.win32': Not used on non-Windows systems
[7.083s] INFO:colcon.colcon_notification.desktop_notification:Sending desktop notification using 'notify2'
[7.114s] DEBUG:colcon.colcon_core.event_reactor:joined thread
[7.115s] INFO:colcon.colcon_core.shell:Creating prefix script '/home/zj/cx/LearnRos2/ros2_ws/install/local_setup.ps1'
[7.116s] INFO:colcon.colcon_core.shell:Creating prefix util module '/home/zj/cx/LearnRos2/ros2_ws/install/_local_setup_util_ps1.py'
[7.118s] INFO:colcon.colcon_core.shell:Creating prefix chain script '/home/zj/cx/LearnRos2/ros2_ws/install/setup.ps1'
[7.119s] INFO:colcon.colcon_core.shell:Creating prefix script '/home/zj/cx/LearnRos2/ros2_ws/install/local_setup.sh'
[7.120s] INFO:colcon.colcon_core.shell:Creating prefix util module '/home/zj/cx/LearnRos2/ros2_ws/install/_local_setup_util_sh.py'
[7.120s] INFO:colcon.colcon_core.shell:Creating prefix chain script '/home/zj/cx/LearnRos2/ros2_ws/install/setup.sh'
[7.122s] INFO:colcon.colcon_core.shell:Creating prefix script '/home/zj/cx/LearnRos2/ros2_ws/install/local_setup.bash'
[7.123s] INFO:colcon.colcon_core.shell:Creating prefix chain script '/home/zj/cx/LearnRos2/ros2_ws/install/setup.bash'
[7.124s] INFO:colcon.colcon_core.shell:Creating prefix script '/home/zj/cx/LearnRos2/ros2_ws/install/local_setup.zsh'
[7.124s] INFO:colcon.colcon_core.shell:Creating prefix chain script '/home/zj/cx/LearnRos2/ros2_ws/install/setup.zsh'
