[0.224s] DEBUG:colcon:Command line arguments: ['/usr/bin/colcon', 'build', '--packages-select', 'tutorial_interfaces2']
[0.224s] DEBUG:colcon:Parsed command line arguments: Namespace(allow_overriding=[], ament_cmake_args=None, base_paths=['.'], build_base='build', catkin_cmake_args=None, catkin_skip_building_tests=False, cmake_args=None, cmake_clean_cache=False, cmake_clean_first=False, cmake_force_configure=False, cmake_target=None, cmake_target_skip_unavailable=False, continue_on_error=False, event_handlers=None, executor='parallel', ignore_user_meta=False, install_base='install', log_base=None, log_level=None, main=<bound method BuildVerb.main of <colcon_core.verb.build.BuildVerb object at 0x7f9bb77c5490>>, merge_install=False, metas=['./colcon.meta'], packages_above=None, packages_above_and_dependencies=None, packages_above_depth=None, packages_end=None, packages_ignore=None, packages_ignore_regex=None, packages_select=['tutorial_interfaces2'], packages_select_build_failed=False, packages_select_by_dep=None, packages_select_regex=None, packages_select_test_failures=False, packages_skip=None, packages_skip_build_finished=False, packages_skip_by_dep=None, packages_skip_regex=None, packages_skip_test_passed=False, packages_skip_up_to=None, packages_start=None, packages_up_to=None, packages_up_to_regex=None, parallel_workers=20, paths=None, symlink_install=False, test_result_base=None, verb_extension=<colcon_core.verb.build.BuildVerb object at 0x7f9bb77c5490>, verb_name='build', verb_parser=<colcon_defaults.argument_parser.defaults.DefaultArgumentsDecorator object at 0x7f9bb77c59d0>)
[0.242s] Level 1:colcon.colcon_core.package_discovery:discover_packages(colcon_meta) check parameters
[0.242s] Level 1:colcon.colcon_core.package_discovery:discover_packages(recursive) check parameters
[0.242s] Level 1:colcon.colcon_core.package_discovery:discover_packages(ignore) check parameters
[0.242s] Level 1:colcon.colcon_core.package_discovery:discover_packages(path) check parameters
[0.242s] Level 1:colcon.colcon_core.package_discovery:discover_packages(colcon_meta) discover
[0.242s] Level 1:colcon.colcon_core.package_discovery:discover_packages(recursive) discover
[0.242s] INFO:colcon.colcon_core.package_discovery:Crawling recursively for packages in '/home/zj/cx/LearnRos2/ros2_ws/src'
[0.242s] Level 1:colcon.colcon_core.package_identification:_identify(.) by extensions ['ignore', 'ignore_ament_install']
[0.242s] Level 1:colcon.colcon_core.package_identification:_identify(.) by extension 'ignore'
[0.242s] Level 1:colcon.colcon_core.package_identification:_identify(.) by extension 'ignore_ament_install'
[0.242s] Level 1:colcon.colcon_core.package_identification:_identify(.) by extensions ['colcon_pkg']
[0.242s] Level 1:colcon.colcon_core.package_identification:_identify(.) by extension 'colcon_pkg'
[0.242s] Level 1:colcon.colcon_core.package_identification:_identify(.) by extensions ['colcon_meta']
[0.242s] Level 1:colcon.colcon_core.package_identification:_identify(.) by extension 'colcon_meta'
[0.242s] Level 1:colcon.colcon_core.package_identification:_identify(.) by extensions ['ros']
[0.242s] Level 1:colcon.colcon_core.package_identification:_identify(.) by extension 'ros'
[0.256s] Level 1:colcon.colcon_core.package_identification:_identify(.) by extensions ['cmake', 'python']
[0.256s] Level 1:colcon.colcon_core.package_identification:_identify(.) by extension 'cmake'
[0.257s] Level 1:colcon.colcon_core.package_identification:_identify(.) by extension 'python'
[0.257s] Level 1:colcon.colcon_core.package_identification:_identify(.) by extensions ['python_setup_py']
[0.257s] Level 1:colcon.colcon_core.package_identification:_identify(.) by extension 'python_setup_py'
[0.257s] Level 1:colcon.colcon_core.package_identification:_identify(build) by extensions ['ignore', 'ignore_ament_install']
[0.257s] Level 1:colcon.colcon_core.package_identification:_identify(build) by extension 'ignore'
[0.257s] Level 1:colcon.colcon_core.package_identification:_identify(build) ignored
[0.257s] Level 1:colcon.colcon_core.package_identification:_identify(install) by extensions ['ignore', 'ignore_ament_install']
[0.257s] Level 1:colcon.colcon_core.package_identification:_identify(install) by extension 'ignore'
[0.257s] Level 1:colcon.colcon_core.package_identification:_identify(install) ignored
[0.257s] Level 1:colcon.colcon_core.package_identification:_identify(log) by extensions ['ignore', 'ignore_ament_install']
[0.257s] Level 1:colcon.colcon_core.package_identification:_identify(log) by extension 'ignore'
[0.257s] Level 1:colcon.colcon_core.package_identification:_identify(log) ignored
[0.257s] Level 1:colcon.colcon_core.package_identification:_identify(my_package) by extensions ['ignore', 'ignore_ament_install']
[0.257s] Level 1:colcon.colcon_core.package_identification:_identify(my_package) by extension 'ignore'
[0.257s] Level 1:colcon.colcon_core.package_identification:_identify(my_package) by extension 'ignore_ament_install'
[0.257s] Level 1:colcon.colcon_core.package_identification:_identify(my_package) by extensions ['colcon_pkg']
[0.257s] Level 1:colcon.colcon_core.package_identification:_identify(my_package) by extension 'colcon_pkg'
[0.257s] Level 1:colcon.colcon_core.package_identification:_identify(my_package) by extensions ['colcon_meta']
[0.257s] Level 1:colcon.colcon_core.package_identification:_identify(my_package) by extension 'colcon_meta'
[0.257s] Level 1:colcon.colcon_core.package_identification:_identify(my_package) by extensions ['ros']
[0.257s] Level 1:colcon.colcon_core.package_identification:_identify(my_package) by extension 'ros'
[0.259s] DEBUG:colcon.colcon_core.package_identification:Package 'my_package' with type 'ros.ament_python' and name 'my_package'
[0.259s] Level 1:colcon.colcon_core.package_identification:_identify(py_pubsub) by extensions ['ignore', 'ignore_ament_install']
[0.259s] Level 1:colcon.colcon_core.package_identification:_identify(py_pubsub) by extension 'ignore'
[0.259s] Level 1:colcon.colcon_core.package_identification:_identify(py_pubsub) by extension 'ignore_ament_install'
[0.259s] Level 1:colcon.colcon_core.package_identification:_identify(py_pubsub) by extensions ['colcon_pkg']
[0.259s] Level 1:colcon.colcon_core.package_identification:_identify(py_pubsub) by extension 'colcon_pkg'
[0.259s] Level 1:colcon.colcon_core.package_identification:_identify(py_pubsub) by extensions ['colcon_meta']
[0.259s] Level 1:colcon.colcon_core.package_identification:_identify(py_pubsub) by extension 'colcon_meta'
[0.259s] Level 1:colcon.colcon_core.package_identification:_identify(py_pubsub) by extensions ['ros']
[0.259s] Level 1:colcon.colcon_core.package_identification:_identify(py_pubsub) by extension 'ros'
[0.259s] DEBUG:colcon.colcon_core.package_identification:Package 'py_pubsub' with type 'ros.ament_python' and name 'py_pubsub'
[0.260s] Level 1:colcon.colcon_core.package_identification:_identify(py_srvcli) by extensions ['ignore', 'ignore_ament_install']
[0.260s] Level 1:colcon.colcon_core.package_identification:_identify(py_srvcli) by extension 'ignore'
[0.260s] Level 1:colcon.colcon_core.package_identification:_identify(py_srvcli) by extension 'ignore_ament_install'
[0.260s] Level 1:colcon.colcon_core.package_identification:_identify(py_srvcli) by extensions ['colcon_pkg']
[0.260s] Level 1:colcon.colcon_core.package_identification:_identify(py_srvcli) by extension 'colcon_pkg'
[0.260s] Level 1:colcon.colcon_core.package_identification:_identify(py_srvcli) by extensions ['colcon_meta']
[0.260s] Level 1:colcon.colcon_core.package_identification:_identify(py_srvcli) by extension 'colcon_meta'
[0.260s] Level 1:colcon.colcon_core.package_identification:_identify(py_srvcli) by extensions ['ros']
[0.260s] Level 1:colcon.colcon_core.package_identification:_identify(py_srvcli) by extension 'ros'
[0.260s] DEBUG:colcon.colcon_core.package_identification:Package 'py_srvcli' with type 'ros.ament_python' and name 'py_srvcli'
[0.260s] Level 1:colcon.colcon_core.package_identification:_identify(ros_tutorials) by extensions ['ignore', 'ignore_ament_install']
[0.260s] Level 1:colcon.colcon_core.package_identification:_identify(ros_tutorials) by extension 'ignore'
[0.260s] Level 1:colcon.colcon_core.package_identification:_identify(ros_tutorials) by extension 'ignore_ament_install'
[0.260s] Level 1:colcon.colcon_core.package_identification:_identify(ros_tutorials) by extensions ['colcon_pkg']
[0.260s] Level 1:colcon.colcon_core.package_identification:_identify(ros_tutorials) by extension 'colcon_pkg'
[0.260s] Level 1:colcon.colcon_core.package_identification:_identify(ros_tutorials) by extensions ['colcon_meta']
[0.260s] Level 1:colcon.colcon_core.package_identification:_identify(ros_tutorials) by extension 'colcon_meta'
[0.261s] Level 1:colcon.colcon_core.package_identification:_identify(ros_tutorials) by extensions ['ros']
[0.261s] Level 1:colcon.colcon_core.package_identification:_identify(ros_tutorials) by extension 'ros'
[0.261s] Level 1:colcon.colcon_core.package_identification:_identify(ros_tutorials) by extensions ['cmake', 'python']
[0.261s] Level 1:colcon.colcon_core.package_identification:_identify(ros_tutorials) by extension 'cmake'
[0.261s] Level 1:colcon.colcon_core.package_identification:_identify(ros_tutorials) by extension 'python'
[0.261s] Level 1:colcon.colcon_core.package_identification:_identify(ros_tutorials) by extensions ['python_setup_py']
[0.261s] Level 1:colcon.colcon_core.package_identification:_identify(ros_tutorials) by extension 'python_setup_py'
[0.261s] Level 1:colcon.colcon_core.package_identification:_identify(ros_tutorials/ros_tutorials) by extensions ['ignore', 'ignore_ament_install']
[0.261s] Level 1:colcon.colcon_core.package_identification:_identify(ros_tutorials/ros_tutorials) by extension 'ignore'
[0.261s] Level 1:colcon.colcon_core.package_identification:_identify(ros_tutorials/ros_tutorials) ignored
[0.261s] Level 1:colcon.colcon_core.package_identification:_identify(ros_tutorials/roscpp_tutorials) by extensions ['ignore', 'ignore_ament_install']
[0.261s] Level 1:colcon.colcon_core.package_identification:_identify(ros_tutorials/roscpp_tutorials) by extension 'ignore'
[0.261s] Level 1:colcon.colcon_core.package_identification:_identify(ros_tutorials/roscpp_tutorials) ignored
[0.261s] Level 1:colcon.colcon_core.package_identification:_identify(ros_tutorials/rospy_tutorials) by extensions ['ignore', 'ignore_ament_install']
[0.261s] Level 1:colcon.colcon_core.package_identification:_identify(ros_tutorials/rospy_tutorials) by extension 'ignore'
[0.261s] Level 1:colcon.colcon_core.package_identification:_identify(ros_tutorials/rospy_tutorials) ignored
[0.261s] Level 1:colcon.colcon_core.package_identification:_identify(ros_tutorials/turtlesim) by extensions ['ignore', 'ignore_ament_install']
[0.261s] Level 1:colcon.colcon_core.package_identification:_identify(ros_tutorials/turtlesim) by extension 'ignore'
[0.261s] Level 1:colcon.colcon_core.package_identification:_identify(ros_tutorials/turtlesim) by extension 'ignore_ament_install'
[0.261s] Level 1:colcon.colcon_core.package_identification:_identify(ros_tutorials/turtlesim) by extensions ['colcon_pkg']
[0.261s] Level 1:colcon.colcon_core.package_identification:_identify(ros_tutorials/turtlesim) by extension 'colcon_pkg'
[0.261s] Level 1:colcon.colcon_core.package_identification:_identify(ros_tutorials/turtlesim) by extensions ['colcon_meta']
[0.261s] Level 1:colcon.colcon_core.package_identification:_identify(ros_tutorials/turtlesim) by extension 'colcon_meta'
[0.261s] Level 1:colcon.colcon_core.package_identification:_identify(ros_tutorials/turtlesim) by extensions ['ros']
[0.261s] Level 1:colcon.colcon_core.package_identification:_identify(ros_tutorials/turtlesim) by extension 'ros'
[0.262s] DEBUG:colcon.colcon_core.package_identification:Package 'ros_tutorials/turtlesim' with type 'ros.ament_cmake' and name 'turtlesim'
[0.262s] Level 1:colcon.colcon_core.package_identification:_identify(tutorial_interfaces) by extensions ['ignore', 'ignore_ament_install']
[0.262s] Level 1:colcon.colcon_core.package_identification:_identify(tutorial_interfaces) by extension 'ignore'
[0.262s] Level 1:colcon.colcon_core.package_identification:_identify(tutorial_interfaces) by extension 'ignore_ament_install'
[0.262s] Level 1:colcon.colcon_core.package_identification:_identify(tutorial_interfaces) by extensions ['colcon_pkg']
[0.262s] Level 1:colcon.colcon_core.package_identification:_identify(tutorial_interfaces) by extension 'colcon_pkg'
[0.262s] Level 1:colcon.colcon_core.package_identification:_identify(tutorial_interfaces) by extensions ['colcon_meta']
[0.262s] Level 1:colcon.colcon_core.package_identification:_identify(tutorial_interfaces) by extension 'colcon_meta'
[0.262s] Level 1:colcon.colcon_core.package_identification:_identify(tutorial_interfaces) by extensions ['ros']
[0.263s] Level 1:colcon.colcon_core.package_identification:_identify(tutorial_interfaces) by extension 'ros'
[0.263s] DEBUG:colcon.colcon_core.package_identification:Package 'tutorial_interfaces' with type 'ros.ament_python' and name 'tutorial_interfaces'
[0.263s] Level 1:colcon.colcon_core.package_identification:_identify(tutorial_interfaces2) by extensions ['ignore', 'ignore_ament_install']
[0.263s] Level 1:colcon.colcon_core.package_identification:_identify(tutorial_interfaces2) by extension 'ignore'
[0.263s] Level 1:colcon.colcon_core.package_identification:_identify(tutorial_interfaces2) by extension 'ignore_ament_install'
[0.263s] Level 1:colcon.colcon_core.package_identification:_identify(tutorial_interfaces2) by extensions ['colcon_pkg']
[0.263s] Level 1:colcon.colcon_core.package_identification:_identify(tutorial_interfaces2) by extension 'colcon_pkg'
[0.263s] Level 1:colcon.colcon_core.package_identification:_identify(tutorial_interfaces2) by extensions ['colcon_meta']
[0.263s] Level 1:colcon.colcon_core.package_identification:_identify(tutorial_interfaces2) by extension 'colcon_meta'
[0.263s] Level 1:colcon.colcon_core.package_identification:_identify(tutorial_interfaces2) by extensions ['ros']
[0.263s] Level 1:colcon.colcon_core.package_identification:_identify(tutorial_interfaces2) by extension 'ros'
[0.263s] DEBUG:colcon.colcon_core.package_identification:Failed to parse potential ROS package manifest in'tutorial_interfaces2': Error(s) in package 'tutorial_interfaces2/package.xml':
The manifest contains invalid XML:
junk after document element: line 20, column 0
[0.264s] Level 1:colcon.colcon_core.package_identification:_identify(tutorial_interfaces2) by extensions ['cmake', 'python']
[0.264s] Level 1:colcon.colcon_core.package_identification:_identify(tutorial_interfaces2) by extension 'cmake'
[0.265s] Level 1:colcon.colcon_core.package_identification:_identify(tutorial_interfaces2) by extension 'python'
[0.265s] DEBUG:colcon.colcon_core.package_identification:Package 'tutorial_interfaces2' with type 'cmake' and name 'tutorial_interfaces2'
[0.265s] Level 1:colcon.colcon_core.package_discovery:discover_packages(recursive) using defaults
[0.265s] Level 1:colcon.colcon_core.package_discovery:discover_packages(ignore) discover
[0.265s] Level 1:colcon.colcon_core.package_discovery:discover_packages(ignore) using defaults
[0.265s] Level 1:colcon.colcon_core.package_discovery:discover_packages(path) discover
[0.265s] Level 1:colcon.colcon_core.package_discovery:discover_packages(path) using defaults
[0.279s] INFO:colcon.colcon_core.package_selection:Skipping not selected package 'my_package' in 'my_package'
[0.279s] INFO:colcon.colcon_core.package_selection:Skipping not selected package 'py_pubsub' in 'py_pubsub'
[0.279s] INFO:colcon.colcon_core.package_selection:Skipping not selected package 'py_srvcli' in 'py_srvcli'
[0.279s] INFO:colcon.colcon_core.package_selection:Skipping not selected package 'turtlesim' in 'ros_tutorials/turtlesim'
[0.279s] INFO:colcon.colcon_core.package_selection:Skipping not selected package 'tutorial_interfaces' in 'tutorial_interfaces'
[0.279s] Level 1:colcon.colcon_core.package_discovery:discover_packages(prefix_path) check parameters
[0.279s] Level 1:colcon.colcon_core.package_discovery:discover_packages(prefix_path) discover
[0.281s] DEBUG:colcon.colcon_installed_package_information.package_discovery:Found 4 installed packages in /home/zj/cx/LearnRos2/ros2_ws/install
[0.283s] DEBUG:colcon.colcon_installed_package_information.package_discovery:Found 280 installed packages in /opt/ros/rolling
[0.284s] Level 1:colcon.colcon_core.package_discovery:discover_packages(prefix_path) using defaults
[0.343s] Level 5:colcon.colcon_core.verb:set package 'tutorial_interfaces2' build argument 'cmake_args' from command line to 'None'
[0.343s] Level 5:colcon.colcon_core.verb:set package 'tutorial_interfaces2' build argument 'cmake_target' from command line to 'None'
[0.343s] Level 5:colcon.colcon_core.verb:set package 'tutorial_interfaces2' build argument 'cmake_target_skip_unavailable' from command line to 'False'
[0.343s] Level 5:colcon.colcon_core.verb:set package 'tutorial_interfaces2' build argument 'cmake_clean_cache' from command line to 'False'
[0.343s] Level 5:colcon.colcon_core.verb:set package 'tutorial_interfaces2' build argument 'cmake_clean_first' from command line to 'False'
[0.343s] Level 5:colcon.colcon_core.verb:set package 'tutorial_interfaces2' build argument 'cmake_force_configure' from command line to 'False'
[0.343s] Level 5:colcon.colcon_core.verb:set package 'tutorial_interfaces2' build argument 'ament_cmake_args' from command line to 'None'
[0.343s] Level 5:colcon.colcon_core.verb:set package 'tutorial_interfaces2' build argument 'catkin_cmake_args' from command line to 'None'
[0.343s] Level 5:colcon.colcon_core.verb:set package 'tutorial_interfaces2' build argument 'catkin_skip_building_tests' from command line to 'False'
[0.343s] DEBUG:colcon.colcon_core.verb:Building package 'tutorial_interfaces2' with the following arguments: {'ament_cmake_args': None, 'build_base': '/home/zj/cx/LearnRos2/ros2_ws/src/build/tutorial_interfaces2', 'catkin_cmake_args': None, 'catkin_skip_building_tests': False, 'cmake_args': None, 'cmake_clean_cache': False, 'cmake_clean_first': False, 'cmake_force_configure': False, 'cmake_target': None, 'cmake_target_skip_unavailable': False, 'install_base': '/home/zj/cx/LearnRos2/ros2_ws/src/install/tutorial_interfaces2', 'merge_install': False, 'path': '/home/zj/cx/LearnRos2/ros2_ws/src/tutorial_interfaces2', 'symlink_install': False, 'test_result_base': None}
[0.344s] INFO:colcon.colcon_core.executor:Executing jobs using 'parallel' executor
[0.346s] DEBUG:colcon.colcon_parallel_executor.executor.parallel:run_until_complete
[0.347s] INFO:colcon.colcon_cmake.task.cmake.build:Building CMake package in '/home/zj/cx/LearnRos2/ros2_ws/src/tutorial_interfaces2'
[0.350s] INFO:colcon.colcon_core.plugin_system:Skipping extension 'colcon_core.shell.bat': Not used on non-Windows systems
[0.350s] INFO:colcon.colcon_core.shell:Skip shell extension 'powershell' for command environment: Not usable outside of PowerShell
[0.350s] DEBUG:colcon.colcon_core.shell:Skip shell extension 'dsv' for command environment
[0.369s] DEBUG:colcon.colcon_core.event_handler.log_command:Invoking command in '/home/zj/cx/LearnRos2/ros2_ws/src/build/tutorial_interfaces2': /usr/bin/cmake /home/zj/cx/LearnRos2/ros2_ws/src/tutorial_interfaces2 -DCMAKE_INSTALL_PREFIX=/home/zj/cx/LearnRos2/ros2_ws/src/install/tutorial_interfaces2
[1.603s] DEBUG:colcon.colcon_core.event_handler.log_command:Invoked command in '/home/zj/cx/LearnRos2/ros2_ws/src/build/tutorial_interfaces2' returned '1': /usr/bin/cmake /home/zj/cx/LearnRos2/ros2_ws/src/tutorial_interfaces2 -DCMAKE_INSTALL_PREFIX=/home/zj/cx/LearnRos2/ros2_ws/src/install/tutorial_interfaces2
[1.613s] DEBUG:colcon.colcon_parallel_executor.executor.parallel:closing loop
[1.614s] DEBUG:colcon.colcon_parallel_executor.executor.parallel:loop closed
[1.614s] DEBUG:colcon.colcon_parallel_executor.executor.parallel:run_until_complete finished with '1'
[1.614s] DEBUG:colcon.colcon_core.event_reactor:joining thread
[1.626s] INFO:colcon.colcon_core.plugin_system:Skipping extension 'colcon_notification.desktop_notification.terminal_notifier': Not used on non-Darwin systems
[1.626s] INFO:colcon.colcon_core.plugin_system:Skipping extension 'colcon_notification.desktop_notification.win32': Not used on non-Windows systems
[1.626s] INFO:colcon.colcon_notification.desktop_notification:Sending desktop notification using 'notify2'
[1.660s] DEBUG:colcon.colcon_core.event_reactor:joined thread
[1.663s] INFO:colcon.colcon_core.shell:Creating prefix script '/home/zj/cx/LearnRos2/ros2_ws/src/install/local_setup.ps1'
[1.665s] INFO:colcon.colcon_core.shell:Creating prefix util module '/home/zj/cx/LearnRos2/ros2_ws/src/install/_local_setup_util_ps1.py'
[1.668s] INFO:colcon.colcon_core.shell:Creating prefix chain script '/home/zj/cx/LearnRos2/ros2_ws/src/install/setup.ps1'
[1.671s] INFO:colcon.colcon_core.shell:Creating prefix script '/home/zj/cx/LearnRos2/ros2_ws/src/install/local_setup.sh'
[1.672s] INFO:colcon.colcon_core.shell:Creating prefix util module '/home/zj/cx/LearnRos2/ros2_ws/src/install/_local_setup_util_sh.py'
[1.673s] INFO:colcon.colcon_core.shell:Creating prefix chain script '/home/zj/cx/LearnRos2/ros2_ws/src/install/setup.sh'
[1.675s] INFO:colcon.colcon_core.shell:Creating prefix script '/home/zj/cx/LearnRos2/ros2_ws/src/install/local_setup.bash'
[1.675s] INFO:colcon.colcon_core.shell:Creating prefix chain script '/home/zj/cx/LearnRos2/ros2_ws/src/install/setup.bash'
[1.677s] INFO:colcon.colcon_core.shell:Creating prefix script '/home/zj/cx/LearnRos2/ros2_ws/src/install/local_setup.zsh'
[1.678s] INFO:colcon.colcon_core.shell:Creating prefix chain script '/home/zj/cx/LearnRos2/ros2_ws/src/install/setup.zsh'
