[1.857s] Invoking command in '/home/zj/cx/learnros2/ros2_ws/src/learning_launch': PYTHONPATH=/home/zj/cx/learnros2/ros2_ws/build/learning_launch/prefix_override:/home/zj/cx/learnros2/ros2_ws/install/learning_launch/lib/python3.8/site-packages:${PYTHONPATH} /usr/bin/python3 setup.py egg_info --egg-base ../../build/learning_launch build --build-base /home/zj/cx/learnros2/ros2_ws/build/learning_launch/build install --record /home/zj/cx/learnros2/ros2_ws/build/learning_launch/install.log --single-version-externally-managed
[1.982s] running egg_info
[1.982s] writing ../../build/learning_launch/learning_launch.egg-info/PKG-INFO
[1.982s] writing dependency_links to ../../build/learning_launch/learning_launch.egg-info/dependency_links.txt
[1.982s] writing entry points to ../../build/learning_launch/learning_launch.egg-info/entry_points.txt
[1.982s] writing requirements to ../../build/learning_launch/learning_launch.egg-info/requires.txt
[1.982s] writing top-level names to ../../build/learning_launch/learning_launch.egg-info/top_level.txt
[2.001s] reading manifest file '../../build/learning_launch/learning_launch.egg-info/SOURCES.txt'
[2.001s] writing manifest file '../../build/learning_launch/learning_launch.egg-info/SOURCES.txt'
[2.001s] running build
[2.001s] running build_py
[2.001s] running install
[2.002s] running install_lib
[2.003s] running install_data
[2.003s] running install_egg_info
[2.004s] removing '/home/zj/cx/learnros2/ros2_ws/install/learning_launch/lib/python3.8/site-packages/learning_launch-0.0.0-py3.8.egg-info' (and everything under it)
[2.004s] Copying ../../build/learning_launch/learning_launch.egg-info to /home/zj/cx/learnros2/ros2_ws/install/learning_launch/lib/python3.8/site-packages/learning_launch-0.0.0-py3.8.egg-info
[2.004s] running install_scripts
[2.020s] writing list of installed files to '/home/zj/cx/learnros2/ros2_ws/build/learning_launch/install.log'
[2.040s] Invoked command in '/home/zj/cx/learnros2/ros2_ws/src/learning_launch' returned '0': PYTHONPATH=/home/zj/cx/learnros2/ros2_ws/build/learning_launch/prefix_override:/home/zj/cx/learnros2/ros2_ws/install/learning_launch/lib/python3.8/site-packages:${PYTHONPATH} /usr/bin/python3 setup.py egg_info --egg-base ../../build/learning_launch build --build-base /home/zj/cx/learnros2/ros2_ws/build/learning_launch/build install --record /home/zj/cx/learnros2/ros2_ws/build/learning_launch/install.log --single-version-externally-managed
